   1              		.syntax unified
   2              		.cpu cortex-m3
   3              		.fpu softvfp
   4              		.eabi_attribute 20, 1
   5              		.eabi_attribute 21, 1
   6              		.eabi_attribute 23, 3
   7              		.eabi_attribute 24, 1
   8              		.eabi_attribute 25, 1
   9              		.eabi_attribute 26, 1
  10              		.eabi_attribute 30, 4
  11              		.eabi_attribute 34, 1
  12              		.eabi_attribute 18, 4
  13              		.thumb
  14              		.syntax unified
  15              		.file	"misc.c"
  16              		.text
  17              	.Ltext0:
  18              		.cfi_sections	.debug_frame
  19              		.align	1
  20              		.global	NVIC_PriorityGroupConfig
  21              		.thumb
  22              		.thumb_func
  24              	NVIC_PriorityGroupConfig:
  25              	.LFB29:
  26              		.file 1 "lib/STM32F10x_StdPeriph_Driver/src/misc.c"
   1:lib/STM32F10x_StdPeriph_Driver/src/misc.c **** /**
   2:lib/STM32F10x_StdPeriph_Driver/src/misc.c ****   ******************************************************************************
   3:lib/STM32F10x_StdPeriph_Driver/src/misc.c ****   * @file    misc.c
   4:lib/STM32F10x_StdPeriph_Driver/src/misc.c ****   * @author  MCD Application Team
   5:lib/STM32F10x_StdPeriph_Driver/src/misc.c ****   * @version V3.5.0
   6:lib/STM32F10x_StdPeriph_Driver/src/misc.c ****   * @date    11-March-2011
   7:lib/STM32F10x_StdPeriph_Driver/src/misc.c ****   * @brief   This file provides all the miscellaneous firmware functions (add-on
   8:lib/STM32F10x_StdPeriph_Driver/src/misc.c ****   *          to CMSIS functions).
   9:lib/STM32F10x_StdPeriph_Driver/src/misc.c ****   ******************************************************************************
  10:lib/STM32F10x_StdPeriph_Driver/src/misc.c ****   * @attention
  11:lib/STM32F10x_StdPeriph_Driver/src/misc.c ****   *
  12:lib/STM32F10x_StdPeriph_Driver/src/misc.c ****   * THE PRESENT FIRMWARE WHICH IS FOR GUIDANCE ONLY AIMS AT PROVIDING CUSTOMERS
  13:lib/STM32F10x_StdPeriph_Driver/src/misc.c ****   * WITH CODING INFORMATION REGARDING THEIR PRODUCTS IN ORDER FOR THEM TO SAVE
  14:lib/STM32F10x_StdPeriph_Driver/src/misc.c ****   * TIME. AS A RESULT, STMICROELECTRONICS SHALL NOT BE HELD LIABLE FOR ANY
  15:lib/STM32F10x_StdPeriph_Driver/src/misc.c ****   * DIRECT, INDIRECT OR CONSEQUENTIAL DAMAGES WITH RESPECT TO ANY CLAIMS ARISING
  16:lib/STM32F10x_StdPeriph_Driver/src/misc.c ****   * FROM THE CONTENT OF SUCH FIRMWARE AND/OR THE USE MADE BY CUSTOMERS OF THE
  17:lib/STM32F10x_StdPeriph_Driver/src/misc.c ****   * CODING INFORMATION CONTAINED HEREIN IN CONNECTION WITH THEIR PRODUCTS.
  18:lib/STM32F10x_StdPeriph_Driver/src/misc.c ****   *
  19:lib/STM32F10x_StdPeriph_Driver/src/misc.c ****   * <h2><center>&copy; COPYRIGHT 2011 STMicroelectronics</center></h2>
  20:lib/STM32F10x_StdPeriph_Driver/src/misc.c ****   ******************************************************************************
  21:lib/STM32F10x_StdPeriph_Driver/src/misc.c ****   */
  22:lib/STM32F10x_StdPeriph_Driver/src/misc.c **** 
  23:lib/STM32F10x_StdPeriph_Driver/src/misc.c **** /* Includes ------------------------------------------------------------------*/
  24:lib/STM32F10x_StdPeriph_Driver/src/misc.c **** #include "misc.h"
  25:lib/STM32F10x_StdPeriph_Driver/src/misc.c **** 
  26:lib/STM32F10x_StdPeriph_Driver/src/misc.c **** /** @addtogroup STM32F10x_StdPeriph_Driver
  27:lib/STM32F10x_StdPeriph_Driver/src/misc.c ****   * @{
  28:lib/STM32F10x_StdPeriph_Driver/src/misc.c ****   */
  29:lib/STM32F10x_StdPeriph_Driver/src/misc.c **** 
  30:lib/STM32F10x_StdPeriph_Driver/src/misc.c **** /** @defgroup MISC 
  31:lib/STM32F10x_StdPeriph_Driver/src/misc.c ****   * @brief MISC driver modules
  32:lib/STM32F10x_StdPeriph_Driver/src/misc.c ****   * @{
  33:lib/STM32F10x_StdPeriph_Driver/src/misc.c ****   */
  34:lib/STM32F10x_StdPeriph_Driver/src/misc.c **** 
  35:lib/STM32F10x_StdPeriph_Driver/src/misc.c **** /** @defgroup MISC_Private_TypesDefinitions
  36:lib/STM32F10x_StdPeriph_Driver/src/misc.c ****   * @{
  37:lib/STM32F10x_StdPeriph_Driver/src/misc.c ****   */
  38:lib/STM32F10x_StdPeriph_Driver/src/misc.c **** 
  39:lib/STM32F10x_StdPeriph_Driver/src/misc.c **** /**
  40:lib/STM32F10x_StdPeriph_Driver/src/misc.c ****   * @}
  41:lib/STM32F10x_StdPeriph_Driver/src/misc.c ****   */ 
  42:lib/STM32F10x_StdPeriph_Driver/src/misc.c **** 
  43:lib/STM32F10x_StdPeriph_Driver/src/misc.c **** /** @defgroup MISC_Private_Defines
  44:lib/STM32F10x_StdPeriph_Driver/src/misc.c ****   * @{
  45:lib/STM32F10x_StdPeriph_Driver/src/misc.c ****   */
  46:lib/STM32F10x_StdPeriph_Driver/src/misc.c **** 
  47:lib/STM32F10x_StdPeriph_Driver/src/misc.c **** #define AIRCR_VECTKEY_MASK    ((uint32_t)0x05FA0000)
  48:lib/STM32F10x_StdPeriph_Driver/src/misc.c **** /**
  49:lib/STM32F10x_StdPeriph_Driver/src/misc.c ****   * @}
  50:lib/STM32F10x_StdPeriph_Driver/src/misc.c ****   */
  51:lib/STM32F10x_StdPeriph_Driver/src/misc.c **** 
  52:lib/STM32F10x_StdPeriph_Driver/src/misc.c **** /** @defgroup MISC_Private_Macros
  53:lib/STM32F10x_StdPeriph_Driver/src/misc.c ****   * @{
  54:lib/STM32F10x_StdPeriph_Driver/src/misc.c ****   */
  55:lib/STM32F10x_StdPeriph_Driver/src/misc.c **** 
  56:lib/STM32F10x_StdPeriph_Driver/src/misc.c **** /**
  57:lib/STM32F10x_StdPeriph_Driver/src/misc.c ****   * @}
  58:lib/STM32F10x_StdPeriph_Driver/src/misc.c ****   */
  59:lib/STM32F10x_StdPeriph_Driver/src/misc.c **** 
  60:lib/STM32F10x_StdPeriph_Driver/src/misc.c **** /** @defgroup MISC_Private_Variables
  61:lib/STM32F10x_StdPeriph_Driver/src/misc.c ****   * @{
  62:lib/STM32F10x_StdPeriph_Driver/src/misc.c ****   */
  63:lib/STM32F10x_StdPeriph_Driver/src/misc.c **** 
  64:lib/STM32F10x_StdPeriph_Driver/src/misc.c **** /**
  65:lib/STM32F10x_StdPeriph_Driver/src/misc.c ****   * @}
  66:lib/STM32F10x_StdPeriph_Driver/src/misc.c ****   */
  67:lib/STM32F10x_StdPeriph_Driver/src/misc.c **** 
  68:lib/STM32F10x_StdPeriph_Driver/src/misc.c **** /** @defgroup MISC_Private_FunctionPrototypes
  69:lib/STM32F10x_StdPeriph_Driver/src/misc.c ****   * @{
  70:lib/STM32F10x_StdPeriph_Driver/src/misc.c ****   */
  71:lib/STM32F10x_StdPeriph_Driver/src/misc.c **** 
  72:lib/STM32F10x_StdPeriph_Driver/src/misc.c **** /**
  73:lib/STM32F10x_StdPeriph_Driver/src/misc.c ****   * @}
  74:lib/STM32F10x_StdPeriph_Driver/src/misc.c ****   */
  75:lib/STM32F10x_StdPeriph_Driver/src/misc.c **** 
  76:lib/STM32F10x_StdPeriph_Driver/src/misc.c **** /** @defgroup MISC_Private_Functions
  77:lib/STM32F10x_StdPeriph_Driver/src/misc.c ****   * @{
  78:lib/STM32F10x_StdPeriph_Driver/src/misc.c ****   */
  79:lib/STM32F10x_StdPeriph_Driver/src/misc.c **** 
  80:lib/STM32F10x_StdPeriph_Driver/src/misc.c **** /**
  81:lib/STM32F10x_StdPeriph_Driver/src/misc.c ****   * @brief  Configures the priority grouping: pre-emption priority and subpriority.
  82:lib/STM32F10x_StdPeriph_Driver/src/misc.c ****   * @param  NVIC_PriorityGroup: specifies the priority grouping bits length. 
  83:lib/STM32F10x_StdPeriph_Driver/src/misc.c ****   *   This parameter can be one of the following values:
  84:lib/STM32F10x_StdPeriph_Driver/src/misc.c ****   *     @arg NVIC_PriorityGroup_0: 0 bits for pre-emption priority
  85:lib/STM32F10x_StdPeriph_Driver/src/misc.c ****   *                                4 bits for subpriority
  86:lib/STM32F10x_StdPeriph_Driver/src/misc.c ****   *     @arg NVIC_PriorityGroup_1: 1 bits for pre-emption priority
  87:lib/STM32F10x_StdPeriph_Driver/src/misc.c ****   *                                3 bits for subpriority
  88:lib/STM32F10x_StdPeriph_Driver/src/misc.c ****   *     @arg NVIC_PriorityGroup_2: 2 bits for pre-emption priority
  89:lib/STM32F10x_StdPeriph_Driver/src/misc.c ****   *                                2 bits for subpriority
  90:lib/STM32F10x_StdPeriph_Driver/src/misc.c ****   *     @arg NVIC_PriorityGroup_3: 3 bits for pre-emption priority
  91:lib/STM32F10x_StdPeriph_Driver/src/misc.c ****   *                                1 bits for subpriority
  92:lib/STM32F10x_StdPeriph_Driver/src/misc.c ****   *     @arg NVIC_PriorityGroup_4: 4 bits for pre-emption priority
  93:lib/STM32F10x_StdPeriph_Driver/src/misc.c ****   *                                0 bits for subpriority
  94:lib/STM32F10x_StdPeriph_Driver/src/misc.c ****   * @retval None
  95:lib/STM32F10x_StdPeriph_Driver/src/misc.c ****   */
  96:lib/STM32F10x_StdPeriph_Driver/src/misc.c **** void NVIC_PriorityGroupConfig(uint32_t NVIC_PriorityGroup)
  97:lib/STM32F10x_StdPeriph_Driver/src/misc.c **** {
  27              		.loc 1 97 0
  28              		.cfi_startproc
  29              		@ args = 0, pretend = 0, frame = 0
  30              		@ frame_needed = 0, uses_anonymous_args = 0
  31              		@ link register save eliminated.
  32              	.LVL0:
  98:lib/STM32F10x_StdPeriph_Driver/src/misc.c ****   /* Check the parameters */
  99:lib/STM32F10x_StdPeriph_Driver/src/misc.c ****   assert_param(IS_NVIC_PRIORITY_GROUP(NVIC_PriorityGroup));
 100:lib/STM32F10x_StdPeriph_Driver/src/misc.c ****   
 101:lib/STM32F10x_StdPeriph_Driver/src/misc.c ****   /* Set the PRIGROUP[10:8] bits according to NVIC_PriorityGroup value */
 102:lib/STM32F10x_StdPeriph_Driver/src/misc.c ****   SCB->AIRCR = AIRCR_VECTKEY_MASK | NVIC_PriorityGroup;
  33              		.loc 1 102 0
  34 0000 40F0BF60 		orr	r0, r0, #100139008
  35              	.LVL1:
  36 0004 024B     		ldr	r3, .L2
  37 0006 40F40030 		orr	r0, r0, #131072
  38 000a D860     		str	r0, [r3, #12]
  39 000c 7047     		bx	lr
  40              	.L3:
  41 000e 00BF     		.align	2
  42              	.L2:
  43 0010 00ED00E0 		.word	-536810240
  44              		.cfi_endproc
  45              	.LFE29:
  47              		.align	1
  48              		.global	NVIC_Init
  49              		.thumb
  50              		.thumb_func
  52              	NVIC_Init:
  53              	.LFB30:
 103:lib/STM32F10x_StdPeriph_Driver/src/misc.c **** }
 104:lib/STM32F10x_StdPeriph_Driver/src/misc.c **** 
 105:lib/STM32F10x_StdPeriph_Driver/src/misc.c **** /**
 106:lib/STM32F10x_StdPeriph_Driver/src/misc.c ****   * @brief  Initializes the NVIC peripheral according to the specified
 107:lib/STM32F10x_StdPeriph_Driver/src/misc.c ****   *         parameters in the NVIC_InitStruct.
 108:lib/STM32F10x_StdPeriph_Driver/src/misc.c ****   * @param  NVIC_InitStruct: pointer to a NVIC_InitTypeDef structure that contains
 109:lib/STM32F10x_StdPeriph_Driver/src/misc.c ****   *         the configuration information for the specified NVIC peripheral.
 110:lib/STM32F10x_StdPeriph_Driver/src/misc.c ****   * @retval None
 111:lib/STM32F10x_StdPeriph_Driver/src/misc.c ****   */
 112:lib/STM32F10x_StdPeriph_Driver/src/misc.c **** void NVIC_Init(NVIC_InitTypeDef* NVIC_InitStruct)
 113:lib/STM32F10x_StdPeriph_Driver/src/misc.c **** {
  54              		.loc 1 113 0
  55              		.cfi_startproc
  56              		@ args = 0, pretend = 0, frame = 0
  57              		@ frame_needed = 0, uses_anonymous_args = 0
  58              	.LVL2:
 114:lib/STM32F10x_StdPeriph_Driver/src/misc.c ****   uint32_t tmppriority = 0x00, tmppre = 0x00, tmpsub = 0x0F;
 115:lib/STM32F10x_StdPeriph_Driver/src/misc.c ****   
 116:lib/STM32F10x_StdPeriph_Driver/src/misc.c ****   /* Check the parameters */
 117:lib/STM32F10x_StdPeriph_Driver/src/misc.c ****   assert_param(IS_FUNCTIONAL_STATE(NVIC_InitStruct->NVIC_IRQChannelCmd));
 118:lib/STM32F10x_StdPeriph_Driver/src/misc.c ****   assert_param(IS_NVIC_PREEMPTION_PRIORITY(NVIC_InitStruct->NVIC_IRQChannelPreemptionPriority));  
 119:lib/STM32F10x_StdPeriph_Driver/src/misc.c ****   assert_param(IS_NVIC_SUB_PRIORITY(NVIC_InitStruct->NVIC_IRQChannelSubPriority));
 120:lib/STM32F10x_StdPeriph_Driver/src/misc.c ****     
 121:lib/STM32F10x_StdPeriph_Driver/src/misc.c ****   if (NVIC_InitStruct->NVIC_IRQChannelCmd != DISABLE)
  59              		.loc 1 121 0
  60 0014 C278     		ldrb	r2, [r0, #3]	@ zero_extendqisi2
 113:lib/STM32F10x_StdPeriph_Driver/src/misc.c ****   uint32_t tmppriority = 0x00, tmppre = 0x00, tmpsub = 0x0F;
  61              		.loc 1 113 0
  62 0016 10B5     		push	{r4, lr}
  63              	.LCFI0:
  64              		.cfi_def_cfa_offset 8
  65              		.cfi_offset 4, -8
  66              		.cfi_offset 14, -4
  67 0018 0378     		ldrb	r3, [r0]	@ zero_extendqisi2
  68              		.loc 1 121 0
  69 001a 0AB3     		cbz	r2, .L5
 122:lib/STM32F10x_StdPeriph_Driver/src/misc.c ****   {
 123:lib/STM32F10x_StdPeriph_Driver/src/misc.c ****     /* Compute the Corresponding IRQ Priority --------------------------------*/    
 124:lib/STM32F10x_StdPeriph_Driver/src/misc.c ****     tmppriority = (0x700 - ((SCB->AIRCR) & (uint32_t)0x700))>> 0x08;
  70              		.loc 1 124 0
  71 001c 164A     		ldr	r2, .L8
 125:lib/STM32F10x_StdPeriph_Driver/src/misc.c ****     tmppre = (0x4 - tmppriority);
 126:lib/STM32F10x_StdPeriph_Driver/src/misc.c ****     tmpsub = tmpsub >> tmppriority;
 127:lib/STM32F10x_StdPeriph_Driver/src/misc.c **** 
 128:lib/STM32F10x_StdPeriph_Driver/src/misc.c ****     tmppriority = (uint32_t)NVIC_InitStruct->NVIC_IRQChannelPreemptionPriority << tmppre;
 129:lib/STM32F10x_StdPeriph_Driver/src/misc.c ****     tmppriority |=  NVIC_InitStruct->NVIC_IRQChannelSubPriority & tmpsub;
 130:lib/STM32F10x_StdPeriph_Driver/src/misc.c ****     tmppriority = tmppriority << 0x04;
 131:lib/STM32F10x_StdPeriph_Driver/src/misc.c ****         
 132:lib/STM32F10x_StdPeriph_Driver/src/misc.c ****     NVIC->IP[NVIC_InitStruct->NVIC_IRQChannel] = tmppriority;
  72              		.loc 1 132 0
  73 001e 03F16043 		add	r3, r3, #-536870912
 124:lib/STM32F10x_StdPeriph_Driver/src/misc.c ****     tmppre = (0x4 - tmppriority);
  74              		.loc 1 124 0
  75 0022 D168     		ldr	r1, [r2, #12]
 128:lib/STM32F10x_StdPeriph_Driver/src/misc.c ****     tmppriority |=  NVIC_InitStruct->NVIC_IRQChannelSubPriority & tmpsub;
  76              		.loc 1 128 0
  77 0024 4278     		ldrb	r2, [r0, #1]	@ zero_extendqisi2
 124:lib/STM32F10x_StdPeriph_Driver/src/misc.c ****     tmppre = (0x4 - tmppriority);
  78              		.loc 1 124 0
  79 0026 C943     		mvns	r1, r1
  80 0028 C1F30221 		ubfx	r1, r1, #8, #3
  81              	.LVL3:
 125:lib/STM32F10x_StdPeriph_Driver/src/misc.c ****     tmppre = (0x4 - tmppriority);
  82              		.loc 1 125 0
  83 002c C1F10404 		rsb	r4, r1, #4
  84              	.LVL4:
 128:lib/STM32F10x_StdPeriph_Driver/src/misc.c ****     tmppriority |=  NVIC_InitStruct->NVIC_IRQChannelSubPriority & tmpsub;
  85              		.loc 1 128 0
  86 0030 02FA04F4 		lsl	r4, r2, r4
  87              	.LVL5:
 129:lib/STM32F10x_StdPeriph_Driver/src/misc.c ****     tmppriority = tmppriority << 0x04;
  88              		.loc 1 129 0
  89 0034 0F22     		movs	r2, #15
  90 0036 CA40     		lsrs	r2, r2, r1
  91              	.LVL6:
  92 0038 8178     		ldrb	r1, [r0, #2]	@ zero_extendqisi2
  93              	.LVL7:
  94              		.loc 1 132 0
  95 003a 03F56143 		add	r3, r3, #57600
 129:lib/STM32F10x_StdPeriph_Driver/src/misc.c ****     tmppriority = tmppriority << 0x04;
  96              		.loc 1 129 0
  97 003e 0A40     		ands	r2, r2, r1
  98              	.LVL8:
  99 0040 2243     		orrs	r2, r2, r4
 100              	.LVL9:
 101              		.loc 1 132 0
 102 0042 1201     		lsls	r2, r2, #4
 103              	.LVL10:
 104 0044 D2B2     		uxtb	r2, r2
 105              	.LVL11:
 106 0046 83F80023 		strb	r2, [r3, #768]
 133:lib/STM32F10x_StdPeriph_Driver/src/misc.c ****     
 134:lib/STM32F10x_StdPeriph_Driver/src/misc.c ****     /* Enable the Selected IRQ Channels --------------------------------------*/
 135:lib/STM32F10x_StdPeriph_Driver/src/misc.c ****     NVIC->ISER[NVIC_InitStruct->NVIC_IRQChannel >> 0x05] =
 107              		.loc 1 135 0
 108 004a 0378     		ldrb	r3, [r0]	@ zero_extendqisi2
 136:lib/STM32F10x_StdPeriph_Driver/src/misc.c ****       (uint32_t)0x01 << (NVIC_InitStruct->NVIC_IRQChannel & (uint8_t)0x1F);
 109              		.loc 1 136 0
 110 004c 0122     		movs	r2, #1
 135:lib/STM32F10x_StdPeriph_Driver/src/misc.c ****       (uint32_t)0x01 << (NVIC_InitStruct->NVIC_IRQChannel & (uint8_t)0x1F);
 111              		.loc 1 135 0
 112 004e 5909     		lsrs	r1, r3, #5
 113              		.loc 1 136 0
 114 0050 03F01F03 		and	r3, r3, #31
 115 0054 02FA03F3 		lsl	r3, r2, r3
 135:lib/STM32F10x_StdPeriph_Driver/src/misc.c ****       (uint32_t)0x01 << (NVIC_InitStruct->NVIC_IRQChannel & (uint8_t)0x1F);
 116              		.loc 1 135 0
 117 0058 084A     		ldr	r2, .L8+4
 118 005a 42F82130 		str	r3, [r2, r1, lsl #2]
 119 005e 10BD     		pop	{r4, pc}
 120              	.LVL12:
 121              	.L5:
 137:lib/STM32F10x_StdPeriph_Driver/src/misc.c ****   }
 138:lib/STM32F10x_StdPeriph_Driver/src/misc.c ****   else
 139:lib/STM32F10x_StdPeriph_Driver/src/misc.c ****   {
 140:lib/STM32F10x_StdPeriph_Driver/src/misc.c ****     /* Disable the Selected IRQ Channels -------------------------------------*/
 141:lib/STM32F10x_StdPeriph_Driver/src/misc.c ****     NVIC->ICER[NVIC_InitStruct->NVIC_IRQChannel >> 0x05] =
 122              		.loc 1 141 0
 123 0060 5A09     		lsrs	r2, r3, #5
 142:lib/STM32F10x_StdPeriph_Driver/src/misc.c ****       (uint32_t)0x01 << (NVIC_InitStruct->NVIC_IRQChannel & (uint8_t)0x1F);
 124              		.loc 1 142 0
 125 0062 0121     		movs	r1, #1
 126 0064 03F01F03 		and	r3, r3, #31
 127 0068 01FA03F3 		lsl	r3, r1, r3
 141:lib/STM32F10x_StdPeriph_Driver/src/misc.c ****       (uint32_t)0x01 << (NVIC_InitStruct->NVIC_IRQChannel & (uint8_t)0x1F);
 128              		.loc 1 141 0
 129 006c 0349     		ldr	r1, .L8+4
 130 006e 2032     		adds	r2, r2, #32
 131 0070 41F82230 		str	r3, [r1, r2, lsl #2]
 132 0074 10BD     		pop	{r4, pc}
 133              	.L9:
 134 0076 00BF     		.align	2
 135              	.L8:
 136 0078 00ED00E0 		.word	-536810240
 137 007c 00E100E0 		.word	-536813312
 138              		.cfi_endproc
 139              	.LFE30:
 141              		.align	1
 142              		.global	NVIC_SetVectorTable
 143              		.thumb
 144              		.thumb_func
 146              	NVIC_SetVectorTable:
 147              	.LFB31:
 143:lib/STM32F10x_StdPeriph_Driver/src/misc.c ****   }
 144:lib/STM32F10x_StdPeriph_Driver/src/misc.c **** }
 145:lib/STM32F10x_StdPeriph_Driver/src/misc.c **** 
 146:lib/STM32F10x_StdPeriph_Driver/src/misc.c **** /**
 147:lib/STM32F10x_StdPeriph_Driver/src/misc.c ****   * @brief  Sets the vector table location and Offset.
 148:lib/STM32F10x_StdPeriph_Driver/src/misc.c ****   * @param  NVIC_VectTab: specifies if the vector table is in RAM or FLASH memory.
 149:lib/STM32F10x_StdPeriph_Driver/src/misc.c ****   *   This parameter can be one of the following values:
 150:lib/STM32F10x_StdPeriph_Driver/src/misc.c ****   *     @arg NVIC_VectTab_RAM
 151:lib/STM32F10x_StdPeriph_Driver/src/misc.c ****   *     @arg NVIC_VectTab_FLASH
 152:lib/STM32F10x_StdPeriph_Driver/src/misc.c ****   * @param  Offset: Vector Table base offset field. This value must be a multiple 
 153:lib/STM32F10x_StdPeriph_Driver/src/misc.c ****   *         of 0x200.
 154:lib/STM32F10x_StdPeriph_Driver/src/misc.c ****   * @retval None
 155:lib/STM32F10x_StdPeriph_Driver/src/misc.c ****   */
 156:lib/STM32F10x_StdPeriph_Driver/src/misc.c **** void NVIC_SetVectorTable(uint32_t NVIC_VectTab, uint32_t Offset)
 157:lib/STM32F10x_StdPeriph_Driver/src/misc.c **** { 
 148              		.loc 1 157 0
 149              		.cfi_startproc
 150              		@ args = 0, pretend = 0, frame = 0
 151              		@ frame_needed = 0, uses_anonymous_args = 0
 152              		@ link register save eliminated.
 153              	.LVL13:
 158:lib/STM32F10x_StdPeriph_Driver/src/misc.c ****   /* Check the parameters */
 159:lib/STM32F10x_StdPeriph_Driver/src/misc.c ****   assert_param(IS_NVIC_VECTTAB(NVIC_VectTab));
 160:lib/STM32F10x_StdPeriph_Driver/src/misc.c ****   assert_param(IS_NVIC_OFFSET(Offset));  
 161:lib/STM32F10x_StdPeriph_Driver/src/misc.c ****    
 162:lib/STM32F10x_StdPeriph_Driver/src/misc.c ****   SCB->VTOR = NVIC_VectTab | (Offset & (uint32_t)0x1FFFFF80);
 154              		.loc 1 162 0
 155 0080 21F06041 		bic	r1, r1, #-536870912
 156              	.LVL14:
 157 0084 21F07F01 		bic	r1, r1, #127
 158 0088 014B     		ldr	r3, .L11
 159 008a 0843     		orrs	r0, r0, r1
 160              	.LVL15:
 161 008c 9860     		str	r0, [r3, #8]
 162 008e 7047     		bx	lr
 163              	.L12:
 164              		.align	2
 165              	.L11:
 166 0090 00ED00E0 		.word	-536810240
 167              		.cfi_endproc
 168              	.LFE31:
 170              		.align	1
 171              		.global	NVIC_SystemLPConfig
 172              		.thumb
 173              		.thumb_func
 175              	NVIC_SystemLPConfig:
 176              	.LFB32:
 163:lib/STM32F10x_StdPeriph_Driver/src/misc.c **** }
 164:lib/STM32F10x_StdPeriph_Driver/src/misc.c **** 
 165:lib/STM32F10x_StdPeriph_Driver/src/misc.c **** /**
 166:lib/STM32F10x_StdPeriph_Driver/src/misc.c ****   * @brief  Selects the condition for the system to enter low power mode.
 167:lib/STM32F10x_StdPeriph_Driver/src/misc.c ****   * @param  LowPowerMode: Specifies the new mode for the system to enter low power mode.
 168:lib/STM32F10x_StdPeriph_Driver/src/misc.c ****   *   This parameter can be one of the following values:
 169:lib/STM32F10x_StdPeriph_Driver/src/misc.c ****   *     @arg NVIC_LP_SEVONPEND
 170:lib/STM32F10x_StdPeriph_Driver/src/misc.c ****   *     @arg NVIC_LP_SLEEPDEEP
 171:lib/STM32F10x_StdPeriph_Driver/src/misc.c ****   *     @arg NVIC_LP_SLEEPONEXIT
 172:lib/STM32F10x_StdPeriph_Driver/src/misc.c ****   * @param  NewState: new state of LP condition. This parameter can be: ENABLE or DISABLE.
 173:lib/STM32F10x_StdPeriph_Driver/src/misc.c ****   * @retval None
 174:lib/STM32F10x_StdPeriph_Driver/src/misc.c ****   */
 175:lib/STM32F10x_StdPeriph_Driver/src/misc.c **** void NVIC_SystemLPConfig(uint8_t LowPowerMode, FunctionalState NewState)
 176:lib/STM32F10x_StdPeriph_Driver/src/misc.c **** {
 177              		.loc 1 176 0
 178              		.cfi_startproc
 179              		@ args = 0, pretend = 0, frame = 0
 180              		@ frame_needed = 0, uses_anonymous_args = 0
 181              		@ link register save eliminated.
 182              	.LVL16:
 183 0094 044B     		ldr	r3, .L17
 177:lib/STM32F10x_StdPeriph_Driver/src/misc.c ****   /* Check the parameters */
 178:lib/STM32F10x_StdPeriph_Driver/src/misc.c ****   assert_param(IS_NVIC_LP(LowPowerMode));
 179:lib/STM32F10x_StdPeriph_Driver/src/misc.c ****   assert_param(IS_FUNCTIONAL_STATE(NewState));  
 180:lib/STM32F10x_StdPeriph_Driver/src/misc.c ****   
 181:lib/STM32F10x_StdPeriph_Driver/src/misc.c ****   if (NewState != DISABLE)
 182:lib/STM32F10x_StdPeriph_Driver/src/misc.c ****   {
 183:lib/STM32F10x_StdPeriph_Driver/src/misc.c ****     SCB->SCR |= LowPowerMode;
 184              		.loc 1 183 0
 185 0096 1A69     		ldr	r2, [r3, #16]
 181:lib/STM32F10x_StdPeriph_Driver/src/misc.c ****   {
 186              		.loc 1 181 0
 187 0098 09B1     		cbz	r1, .L14
 188              		.loc 1 183 0
 189 009a 1043     		orrs	r0, r0, r2
 190              	.LVL17:
 191 009c 01E0     		b	.L16
 192              	.LVL18:
 193              	.L14:
 184:lib/STM32F10x_StdPeriph_Driver/src/misc.c ****   }
 185:lib/STM32F10x_StdPeriph_Driver/src/misc.c ****   else
 186:lib/STM32F10x_StdPeriph_Driver/src/misc.c ****   {
 187:lib/STM32F10x_StdPeriph_Driver/src/misc.c ****     SCB->SCR &= (uint32_t)(~(uint32_t)LowPowerMode);
 194              		.loc 1 187 0
 195 009e 22EA0000 		bic	r0, r2, r0
 196              	.LVL19:
 197              	.L16:
 198 00a2 1861     		str	r0, [r3, #16]
 199 00a4 7047     		bx	lr
 200              	.L18:
 201 00a6 00BF     		.align	2
 202              	.L17:
 203 00a8 00ED00E0 		.word	-536810240
 204              		.cfi_endproc
 205              	.LFE32:
 207              		.align	1
 208              		.global	SysTick_CLKSourceConfig
 209              		.thumb
 210              		.thumb_func
 212              	SysTick_CLKSourceConfig:
 213              	.LFB33:
 188:lib/STM32F10x_StdPeriph_Driver/src/misc.c ****   }
 189:lib/STM32F10x_StdPeriph_Driver/src/misc.c **** }
 190:lib/STM32F10x_StdPeriph_Driver/src/misc.c **** 
 191:lib/STM32F10x_StdPeriph_Driver/src/misc.c **** /**
 192:lib/STM32F10x_StdPeriph_Driver/src/misc.c ****   * @brief  Configures the SysTick clock source.
 193:lib/STM32F10x_StdPeriph_Driver/src/misc.c ****   * @param  SysTick_CLKSource: specifies the SysTick clock source.
 194:lib/STM32F10x_StdPeriph_Driver/src/misc.c ****   *   This parameter can be one of the following values:
 195:lib/STM32F10x_StdPeriph_Driver/src/misc.c ****   *     @arg SysTick_CLKSource_HCLK_Div8: AHB clock divided by 8 selected as SysTick clock source.
 196:lib/STM32F10x_StdPeriph_Driver/src/misc.c ****   *     @arg SysTick_CLKSource_HCLK: AHB clock selected as SysTick clock source.
 197:lib/STM32F10x_StdPeriph_Driver/src/misc.c ****   * @retval None
 198:lib/STM32F10x_StdPeriph_Driver/src/misc.c ****   */
 199:lib/STM32F10x_StdPeriph_Driver/src/misc.c **** void SysTick_CLKSourceConfig(uint32_t SysTick_CLKSource)
 200:lib/STM32F10x_StdPeriph_Driver/src/misc.c **** {
 214              		.loc 1 200 0
 215              		.cfi_startproc
 216              		@ args = 0, pretend = 0, frame = 0
 217              		@ frame_needed = 0, uses_anonymous_args = 0
 218              		@ link register save eliminated.
 219              	.LVL20:
 220 00ac 044B     		ldr	r3, .L23
 201:lib/STM32F10x_StdPeriph_Driver/src/misc.c ****   /* Check the parameters */
 202:lib/STM32F10x_StdPeriph_Driver/src/misc.c ****   assert_param(IS_SYSTICK_CLK_SOURCE(SysTick_CLKSource));
 203:lib/STM32F10x_StdPeriph_Driver/src/misc.c ****   if (SysTick_CLKSource == SysTick_CLKSource_HCLK)
 221              		.loc 1 203 0
 222 00ae 0428     		cmp	r0, #4
 204:lib/STM32F10x_StdPeriph_Driver/src/misc.c ****   {
 205:lib/STM32F10x_StdPeriph_Driver/src/misc.c ****     SysTick->CTRL |= SysTick_CLKSource_HCLK;
 223              		.loc 1 205 0
 224 00b0 1A68     		ldr	r2, [r3]
 225 00b2 0CBF     		ite	eq
 226 00b4 42F00402 		orreq	r2, r2, #4
 206:lib/STM32F10x_StdPeriph_Driver/src/misc.c ****   }
 207:lib/STM32F10x_StdPeriph_Driver/src/misc.c ****   else
 208:lib/STM32F10x_StdPeriph_Driver/src/misc.c ****   {
 209:lib/STM32F10x_StdPeriph_Driver/src/misc.c ****     SysTick->CTRL &= SysTick_CLKSource_HCLK_Div8;
 227              		.loc 1 209 0
 228 00b8 22F00402 		bicne	r2, r2, #4
 229 00bc 1A60     		str	r2, [r3]
 230 00be 7047     		bx	lr
 231              	.L24:
 232              		.align	2
 233              	.L23:
 234 00c0 10E000E0 		.word	-536813552
 235              		.cfi_endproc
 236              	.LFE33:
 238              	.Letext0:
 239              		.file 2 "/opt/gcc-arm-none-eabi-5_2-2015q4/arm-none-eabi/include/machine/_default_types.h"
 240              		.file 3 "/opt/gcc-arm-none-eabi-5_2-2015q4/arm-none-eabi/include/sys/_stdint.h"
 241              		.file 4 "./lib/CMSIS/CM3/CoreSupport/core_cm3.h"
 242              		.file 5 "./lib/CMSIS/CM3/DeviceSupport/ST/STM32F10x/stm32f10x.h"
 243              		.file 6 "./lib/STM32F10x_StdPeriph_Driver/inc/misc.h"
DEFINED SYMBOLS
                            *ABS*:00000000 misc.c
     /tmp/ccdnmk1G.s:19     .text:00000000 $t
     /tmp/ccdnmk1G.s:24     .text:00000000 NVIC_PriorityGroupConfig
     /tmp/ccdnmk1G.s:43     .text:00000010 $d
     /tmp/ccdnmk1G.s:47     .text:00000014 $t
     /tmp/ccdnmk1G.s:52     .text:00000014 NVIC_Init
     /tmp/ccdnmk1G.s:136    .text:00000078 $d
     /tmp/ccdnmk1G.s:141    .text:00000080 $t
     /tmp/ccdnmk1G.s:146    .text:00000080 NVIC_SetVectorTable
     /tmp/ccdnmk1G.s:166    .text:00000090 $d
     /tmp/ccdnmk1G.s:170    .text:00000094 $t
     /tmp/ccdnmk1G.s:175    .text:00000094 NVIC_SystemLPConfig
     /tmp/ccdnmk1G.s:203    .text:000000a8 $d
     /tmp/ccdnmk1G.s:207    .text:000000ac $t
     /tmp/ccdnmk1G.s:212    .text:000000ac SysTick_CLKSourceConfig
     /tmp/ccdnmk1G.s:234    .text:000000c0 $d
                     .debug_frame:00000010 $d

NO UNDEFINED SYMBOLS
