   1              		.syntax unified
   2              		.cpu cortex-m3
   3              		.fpu softvfp
   4              		.eabi_attribute 20, 1
   5              		.eabi_attribute 21, 1
   6              		.eabi_attribute 23, 3
   7              		.eabi_attribute 24, 1
   8              		.eabi_attribute 25, 1
   9              		.eabi_attribute 26, 1
  10              		.eabi_attribute 30, 4
  11              		.eabi_attribute 34, 1
  12              		.eabi_attribute 18, 4
  13              		.thumb
  14              		.syntax unified
  15              		.file	"stm32f10x_wwdg.c"
  16              		.text
  17              	.Ltext0:
  18              		.cfi_sections	.debug_frame
  19              		.align	1
  20              		.global	WWDG_DeInit
  21              		.thumb
  22              		.thumb_func
  24              	WWDG_DeInit:
  25              	.LFB29:
  26              		.file 1 "lib/STM32F10x_StdPeriph_Driver/src/stm32f10x_wwdg.c"
   1:lib/STM32F10x_StdPeriph_Driver/src/stm32f10x_wwdg.c **** /**
   2:lib/STM32F10x_StdPeriph_Driver/src/stm32f10x_wwdg.c ****   ******************************************************************************
   3:lib/STM32F10x_StdPeriph_Driver/src/stm32f10x_wwdg.c ****   * @file    stm32f10x_wwdg.c
   4:lib/STM32F10x_StdPeriph_Driver/src/stm32f10x_wwdg.c ****   * @author  MCD Application Team
   5:lib/STM32F10x_StdPeriph_Driver/src/stm32f10x_wwdg.c ****   * @version V3.5.0
   6:lib/STM32F10x_StdPeriph_Driver/src/stm32f10x_wwdg.c ****   * @date    11-March-2011
   7:lib/STM32F10x_StdPeriph_Driver/src/stm32f10x_wwdg.c ****   * @brief   This file provides all the WWDG firmware functions.
   8:lib/STM32F10x_StdPeriph_Driver/src/stm32f10x_wwdg.c ****   ******************************************************************************
   9:lib/STM32F10x_StdPeriph_Driver/src/stm32f10x_wwdg.c ****   * @attention
  10:lib/STM32F10x_StdPeriph_Driver/src/stm32f10x_wwdg.c ****   *
  11:lib/STM32F10x_StdPeriph_Driver/src/stm32f10x_wwdg.c ****   * THE PRESENT FIRMWARE WHICH IS FOR GUIDANCE ONLY AIMS AT PROVIDING CUSTOMERS
  12:lib/STM32F10x_StdPeriph_Driver/src/stm32f10x_wwdg.c ****   * WITH CODING INFORMATION REGARDING THEIR PRODUCTS IN ORDER FOR THEM TO SAVE
  13:lib/STM32F10x_StdPeriph_Driver/src/stm32f10x_wwdg.c ****   * TIME. AS A RESULT, STMICROELECTRONICS SHALL NOT BE HELD LIABLE FOR ANY
  14:lib/STM32F10x_StdPeriph_Driver/src/stm32f10x_wwdg.c ****   * DIRECT, INDIRECT OR CONSEQUENTIAL DAMAGES WITH RESPECT TO ANY CLAIMS ARISING
  15:lib/STM32F10x_StdPeriph_Driver/src/stm32f10x_wwdg.c ****   * FROM THE CONTENT OF SUCH FIRMWARE AND/OR THE USE MADE BY CUSTOMERS OF THE
  16:lib/STM32F10x_StdPeriph_Driver/src/stm32f10x_wwdg.c ****   * CODING INFORMATION CONTAINED HEREIN IN CONNECTION WITH THEIR PRODUCTS.
  17:lib/STM32F10x_StdPeriph_Driver/src/stm32f10x_wwdg.c ****   *
  18:lib/STM32F10x_StdPeriph_Driver/src/stm32f10x_wwdg.c ****   * <h2><center>&copy; COPYRIGHT 2011 STMicroelectronics</center></h2>
  19:lib/STM32F10x_StdPeriph_Driver/src/stm32f10x_wwdg.c ****   ******************************************************************************
  20:lib/STM32F10x_StdPeriph_Driver/src/stm32f10x_wwdg.c ****   */
  21:lib/STM32F10x_StdPeriph_Driver/src/stm32f10x_wwdg.c **** 
  22:lib/STM32F10x_StdPeriph_Driver/src/stm32f10x_wwdg.c **** /* Includes ------------------------------------------------------------------*/
  23:lib/STM32F10x_StdPeriph_Driver/src/stm32f10x_wwdg.c **** #include "stm32f10x_wwdg.h"
  24:lib/STM32F10x_StdPeriph_Driver/src/stm32f10x_wwdg.c **** #include "stm32f10x_rcc.h"
  25:lib/STM32F10x_StdPeriph_Driver/src/stm32f10x_wwdg.c **** 
  26:lib/STM32F10x_StdPeriph_Driver/src/stm32f10x_wwdg.c **** /** @addtogroup STM32F10x_StdPeriph_Driver
  27:lib/STM32F10x_StdPeriph_Driver/src/stm32f10x_wwdg.c ****   * @{
  28:lib/STM32F10x_StdPeriph_Driver/src/stm32f10x_wwdg.c ****   */
  29:lib/STM32F10x_StdPeriph_Driver/src/stm32f10x_wwdg.c **** 
  30:lib/STM32F10x_StdPeriph_Driver/src/stm32f10x_wwdg.c **** /** @defgroup WWDG 
  31:lib/STM32F10x_StdPeriph_Driver/src/stm32f10x_wwdg.c ****   * @brief WWDG driver modules
  32:lib/STM32F10x_StdPeriph_Driver/src/stm32f10x_wwdg.c ****   * @{
  33:lib/STM32F10x_StdPeriph_Driver/src/stm32f10x_wwdg.c ****   */
  34:lib/STM32F10x_StdPeriph_Driver/src/stm32f10x_wwdg.c **** 
  35:lib/STM32F10x_StdPeriph_Driver/src/stm32f10x_wwdg.c **** /** @defgroup WWDG_Private_TypesDefinitions
  36:lib/STM32F10x_StdPeriph_Driver/src/stm32f10x_wwdg.c ****   * @{
  37:lib/STM32F10x_StdPeriph_Driver/src/stm32f10x_wwdg.c ****   */
  38:lib/STM32F10x_StdPeriph_Driver/src/stm32f10x_wwdg.c **** 
  39:lib/STM32F10x_StdPeriph_Driver/src/stm32f10x_wwdg.c **** /**
  40:lib/STM32F10x_StdPeriph_Driver/src/stm32f10x_wwdg.c ****   * @}
  41:lib/STM32F10x_StdPeriph_Driver/src/stm32f10x_wwdg.c ****   */
  42:lib/STM32F10x_StdPeriph_Driver/src/stm32f10x_wwdg.c **** 
  43:lib/STM32F10x_StdPeriph_Driver/src/stm32f10x_wwdg.c **** /** @defgroup WWDG_Private_Defines
  44:lib/STM32F10x_StdPeriph_Driver/src/stm32f10x_wwdg.c ****   * @{
  45:lib/STM32F10x_StdPeriph_Driver/src/stm32f10x_wwdg.c ****   */
  46:lib/STM32F10x_StdPeriph_Driver/src/stm32f10x_wwdg.c **** 
  47:lib/STM32F10x_StdPeriph_Driver/src/stm32f10x_wwdg.c **** /* ----------- WWDG registers bit address in the alias region ----------- */
  48:lib/STM32F10x_StdPeriph_Driver/src/stm32f10x_wwdg.c **** #define WWDG_OFFSET       (WWDG_BASE - PERIPH_BASE)
  49:lib/STM32F10x_StdPeriph_Driver/src/stm32f10x_wwdg.c **** 
  50:lib/STM32F10x_StdPeriph_Driver/src/stm32f10x_wwdg.c **** /* Alias word address of EWI bit */
  51:lib/STM32F10x_StdPeriph_Driver/src/stm32f10x_wwdg.c **** #define CFR_OFFSET        (WWDG_OFFSET + 0x04)
  52:lib/STM32F10x_StdPeriph_Driver/src/stm32f10x_wwdg.c **** #define EWI_BitNumber     0x09
  53:lib/STM32F10x_StdPeriph_Driver/src/stm32f10x_wwdg.c **** #define CFR_EWI_BB        (PERIPH_BB_BASE + (CFR_OFFSET * 32) + (EWI_BitNumber * 4))
  54:lib/STM32F10x_StdPeriph_Driver/src/stm32f10x_wwdg.c **** 
  55:lib/STM32F10x_StdPeriph_Driver/src/stm32f10x_wwdg.c **** /* --------------------- WWDG registers bit mask ------------------------ */
  56:lib/STM32F10x_StdPeriph_Driver/src/stm32f10x_wwdg.c **** 
  57:lib/STM32F10x_StdPeriph_Driver/src/stm32f10x_wwdg.c **** /* CR register bit mask */
  58:lib/STM32F10x_StdPeriph_Driver/src/stm32f10x_wwdg.c **** #define CR_WDGA_Set       ((uint32_t)0x00000080)
  59:lib/STM32F10x_StdPeriph_Driver/src/stm32f10x_wwdg.c **** 
  60:lib/STM32F10x_StdPeriph_Driver/src/stm32f10x_wwdg.c **** /* CFR register bit mask */
  61:lib/STM32F10x_StdPeriph_Driver/src/stm32f10x_wwdg.c **** #define CFR_WDGTB_Mask    ((uint32_t)0xFFFFFE7F)
  62:lib/STM32F10x_StdPeriph_Driver/src/stm32f10x_wwdg.c **** #define CFR_W_Mask        ((uint32_t)0xFFFFFF80)
  63:lib/STM32F10x_StdPeriph_Driver/src/stm32f10x_wwdg.c **** #define BIT_Mask          ((uint8_t)0x7F)
  64:lib/STM32F10x_StdPeriph_Driver/src/stm32f10x_wwdg.c **** 
  65:lib/STM32F10x_StdPeriph_Driver/src/stm32f10x_wwdg.c **** /**
  66:lib/STM32F10x_StdPeriph_Driver/src/stm32f10x_wwdg.c ****   * @}
  67:lib/STM32F10x_StdPeriph_Driver/src/stm32f10x_wwdg.c ****   */
  68:lib/STM32F10x_StdPeriph_Driver/src/stm32f10x_wwdg.c **** 
  69:lib/STM32F10x_StdPeriph_Driver/src/stm32f10x_wwdg.c **** /** @defgroup WWDG_Private_Macros
  70:lib/STM32F10x_StdPeriph_Driver/src/stm32f10x_wwdg.c ****   * @{
  71:lib/STM32F10x_StdPeriph_Driver/src/stm32f10x_wwdg.c ****   */
  72:lib/STM32F10x_StdPeriph_Driver/src/stm32f10x_wwdg.c **** 
  73:lib/STM32F10x_StdPeriph_Driver/src/stm32f10x_wwdg.c **** /**
  74:lib/STM32F10x_StdPeriph_Driver/src/stm32f10x_wwdg.c ****   * @}
  75:lib/STM32F10x_StdPeriph_Driver/src/stm32f10x_wwdg.c ****   */
  76:lib/STM32F10x_StdPeriph_Driver/src/stm32f10x_wwdg.c **** 
  77:lib/STM32F10x_StdPeriph_Driver/src/stm32f10x_wwdg.c **** /** @defgroup WWDG_Private_Variables
  78:lib/STM32F10x_StdPeriph_Driver/src/stm32f10x_wwdg.c ****   * @{
  79:lib/STM32F10x_StdPeriph_Driver/src/stm32f10x_wwdg.c ****   */
  80:lib/STM32F10x_StdPeriph_Driver/src/stm32f10x_wwdg.c **** 
  81:lib/STM32F10x_StdPeriph_Driver/src/stm32f10x_wwdg.c **** /**
  82:lib/STM32F10x_StdPeriph_Driver/src/stm32f10x_wwdg.c ****   * @}
  83:lib/STM32F10x_StdPeriph_Driver/src/stm32f10x_wwdg.c ****   */
  84:lib/STM32F10x_StdPeriph_Driver/src/stm32f10x_wwdg.c **** 
  85:lib/STM32F10x_StdPeriph_Driver/src/stm32f10x_wwdg.c **** /** @defgroup WWDG_Private_FunctionPrototypes
  86:lib/STM32F10x_StdPeriph_Driver/src/stm32f10x_wwdg.c ****   * @{
  87:lib/STM32F10x_StdPeriph_Driver/src/stm32f10x_wwdg.c ****   */
  88:lib/STM32F10x_StdPeriph_Driver/src/stm32f10x_wwdg.c **** 
  89:lib/STM32F10x_StdPeriph_Driver/src/stm32f10x_wwdg.c **** /**
  90:lib/STM32F10x_StdPeriph_Driver/src/stm32f10x_wwdg.c ****   * @}
  91:lib/STM32F10x_StdPeriph_Driver/src/stm32f10x_wwdg.c ****   */
  92:lib/STM32F10x_StdPeriph_Driver/src/stm32f10x_wwdg.c **** 
  93:lib/STM32F10x_StdPeriph_Driver/src/stm32f10x_wwdg.c **** /** @defgroup WWDG_Private_Functions
  94:lib/STM32F10x_StdPeriph_Driver/src/stm32f10x_wwdg.c ****   * @{
  95:lib/STM32F10x_StdPeriph_Driver/src/stm32f10x_wwdg.c ****   */
  96:lib/STM32F10x_StdPeriph_Driver/src/stm32f10x_wwdg.c **** 
  97:lib/STM32F10x_StdPeriph_Driver/src/stm32f10x_wwdg.c **** /**
  98:lib/STM32F10x_StdPeriph_Driver/src/stm32f10x_wwdg.c ****   * @brief  Deinitializes the WWDG peripheral registers to their default reset values.
  99:lib/STM32F10x_StdPeriph_Driver/src/stm32f10x_wwdg.c ****   * @param  None
 100:lib/STM32F10x_StdPeriph_Driver/src/stm32f10x_wwdg.c ****   * @retval None
 101:lib/STM32F10x_StdPeriph_Driver/src/stm32f10x_wwdg.c ****   */
 102:lib/STM32F10x_StdPeriph_Driver/src/stm32f10x_wwdg.c **** void WWDG_DeInit(void)
 103:lib/STM32F10x_StdPeriph_Driver/src/stm32f10x_wwdg.c **** {
  27              		.loc 1 103 0
  28              		.cfi_startproc
  29              		@ args = 0, pretend = 0, frame = 0
  30              		@ frame_needed = 0, uses_anonymous_args = 0
  31 0000 08B5     		push	{r3, lr}
  32              	.LCFI0:
  33              		.cfi_def_cfa_offset 8
  34              		.cfi_offset 3, -8
  35              		.cfi_offset 14, -4
 104:lib/STM32F10x_StdPeriph_Driver/src/stm32f10x_wwdg.c ****   RCC_APB1PeriphResetCmd(RCC_APB1Periph_WWDG, ENABLE);
  36              		.loc 1 104 0
  37 0002 0121     		movs	r1, #1
  38 0004 4FF40060 		mov	r0, #2048
  39 0008 FFF7FEFF 		bl	RCC_APB1PeriphResetCmd
  40              	.LVL0:
 105:lib/STM32F10x_StdPeriph_Driver/src/stm32f10x_wwdg.c ****   RCC_APB1PeriphResetCmd(RCC_APB1Periph_WWDG, DISABLE);
 106:lib/STM32F10x_StdPeriph_Driver/src/stm32f10x_wwdg.c **** }
  41              		.loc 1 106 0
  42 000c BDE80840 		pop	{r3, lr}
  43              	.LCFI1:
  44              		.cfi_restore 14
  45              		.cfi_restore 3
  46              		.cfi_def_cfa_offset 0
 105:lib/STM32F10x_StdPeriph_Driver/src/stm32f10x_wwdg.c ****   RCC_APB1PeriphResetCmd(RCC_APB1Periph_WWDG, DISABLE);
  47              		.loc 1 105 0
  48 0010 0021     		movs	r1, #0
  49 0012 4FF40060 		mov	r0, #2048
  50 0016 FFF7FEBF 		b	RCC_APB1PeriphResetCmd
  51              	.LVL1:
  52              		.cfi_endproc
  53              	.LFE29:
  55              		.align	1
  56              		.global	WWDG_SetPrescaler
  57              		.thumb
  58              		.thumb_func
  60              	WWDG_SetPrescaler:
  61              	.LFB30:
 107:lib/STM32F10x_StdPeriph_Driver/src/stm32f10x_wwdg.c **** 
 108:lib/STM32F10x_StdPeriph_Driver/src/stm32f10x_wwdg.c **** /**
 109:lib/STM32F10x_StdPeriph_Driver/src/stm32f10x_wwdg.c ****   * @brief  Sets the WWDG Prescaler.
 110:lib/STM32F10x_StdPeriph_Driver/src/stm32f10x_wwdg.c ****   * @param  WWDG_Prescaler: specifies the WWDG Prescaler.
 111:lib/STM32F10x_StdPeriph_Driver/src/stm32f10x_wwdg.c ****   *   This parameter can be one of the following values:
 112:lib/STM32F10x_StdPeriph_Driver/src/stm32f10x_wwdg.c ****   *     @arg WWDG_Prescaler_1: WWDG counter clock = (PCLK1/4096)/1
 113:lib/STM32F10x_StdPeriph_Driver/src/stm32f10x_wwdg.c ****   *     @arg WWDG_Prescaler_2: WWDG counter clock = (PCLK1/4096)/2
 114:lib/STM32F10x_StdPeriph_Driver/src/stm32f10x_wwdg.c ****   *     @arg WWDG_Prescaler_4: WWDG counter clock = (PCLK1/4096)/4
 115:lib/STM32F10x_StdPeriph_Driver/src/stm32f10x_wwdg.c ****   *     @arg WWDG_Prescaler_8: WWDG counter clock = (PCLK1/4096)/8
 116:lib/STM32F10x_StdPeriph_Driver/src/stm32f10x_wwdg.c ****   * @retval None
 117:lib/STM32F10x_StdPeriph_Driver/src/stm32f10x_wwdg.c ****   */
 118:lib/STM32F10x_StdPeriph_Driver/src/stm32f10x_wwdg.c **** void WWDG_SetPrescaler(uint32_t WWDG_Prescaler)
 119:lib/STM32F10x_StdPeriph_Driver/src/stm32f10x_wwdg.c **** {
  62              		.loc 1 119 0
  63              		.cfi_startproc
  64              		@ args = 0, pretend = 0, frame = 0
  65              		@ frame_needed = 0, uses_anonymous_args = 0
  66              		@ link register save eliminated.
  67              	.LVL2:
 120:lib/STM32F10x_StdPeriph_Driver/src/stm32f10x_wwdg.c ****   uint32_t tmpreg = 0;
 121:lib/STM32F10x_StdPeriph_Driver/src/stm32f10x_wwdg.c ****   /* Check the parameters */
 122:lib/STM32F10x_StdPeriph_Driver/src/stm32f10x_wwdg.c ****   assert_param(IS_WWDG_PRESCALER(WWDG_Prescaler));
 123:lib/STM32F10x_StdPeriph_Driver/src/stm32f10x_wwdg.c ****   /* Clear WDGTB[1:0] bits */
 124:lib/STM32F10x_StdPeriph_Driver/src/stm32f10x_wwdg.c ****   tmpreg = WWDG->CFR & CFR_WDGTB_Mask;
  68              		.loc 1 124 0
  69 001a 034A     		ldr	r2, .L3
  70 001c 5368     		ldr	r3, [r2, #4]
  71 001e 23F4C073 		bic	r3, r3, #384
  72              	.LVL3:
 125:lib/STM32F10x_StdPeriph_Driver/src/stm32f10x_wwdg.c ****   /* Set WDGTB[1:0] bits according to WWDG_Prescaler value */
 126:lib/STM32F10x_StdPeriph_Driver/src/stm32f10x_wwdg.c ****   tmpreg |= WWDG_Prescaler;
  73              		.loc 1 126 0
  74 0022 1843     		orrs	r0, r0, r3
  75              	.LVL4:
 127:lib/STM32F10x_StdPeriph_Driver/src/stm32f10x_wwdg.c ****   /* Store the new value */
 128:lib/STM32F10x_StdPeriph_Driver/src/stm32f10x_wwdg.c ****   WWDG->CFR = tmpreg;
  76              		.loc 1 128 0
  77 0024 5060     		str	r0, [r2, #4]
  78 0026 7047     		bx	lr
  79              	.L4:
  80              		.align	2
  81              	.L3:
  82 0028 002C0040 		.word	1073753088
  83              		.cfi_endproc
  84              	.LFE30:
  86              		.align	1
  87              		.global	WWDG_SetWindowValue
  88              		.thumb
  89              		.thumb_func
  91              	WWDG_SetWindowValue:
  92              	.LFB31:
 129:lib/STM32F10x_StdPeriph_Driver/src/stm32f10x_wwdg.c **** }
 130:lib/STM32F10x_StdPeriph_Driver/src/stm32f10x_wwdg.c **** 
 131:lib/STM32F10x_StdPeriph_Driver/src/stm32f10x_wwdg.c **** /**
 132:lib/STM32F10x_StdPeriph_Driver/src/stm32f10x_wwdg.c ****   * @brief  Sets the WWDG window value.
 133:lib/STM32F10x_StdPeriph_Driver/src/stm32f10x_wwdg.c ****   * @param  WindowValue: specifies the window value to be compared to the downcounter.
 134:lib/STM32F10x_StdPeriph_Driver/src/stm32f10x_wwdg.c ****   *   This parameter value must be lower than 0x80.
 135:lib/STM32F10x_StdPeriph_Driver/src/stm32f10x_wwdg.c ****   * @retval None
 136:lib/STM32F10x_StdPeriph_Driver/src/stm32f10x_wwdg.c ****   */
 137:lib/STM32F10x_StdPeriph_Driver/src/stm32f10x_wwdg.c **** void WWDG_SetWindowValue(uint8_t WindowValue)
 138:lib/STM32F10x_StdPeriph_Driver/src/stm32f10x_wwdg.c **** {
  93              		.loc 1 138 0
  94              		.cfi_startproc
  95              		@ args = 0, pretend = 0, frame = 8
  96              		@ frame_needed = 0, uses_anonymous_args = 0
  97              		@ link register save eliminated.
  98              	.LVL5:
  99 002c 82B0     		sub	sp, sp, #8
 100              	.LCFI2:
 101              		.cfi_def_cfa_offset 8
 139:lib/STM32F10x_StdPeriph_Driver/src/stm32f10x_wwdg.c ****   __IO uint32_t tmpreg = 0;
 140:lib/STM32F10x_StdPeriph_Driver/src/stm32f10x_wwdg.c **** 
 141:lib/STM32F10x_StdPeriph_Driver/src/stm32f10x_wwdg.c ****   /* Check the parameters */
 142:lib/STM32F10x_StdPeriph_Driver/src/stm32f10x_wwdg.c ****   assert_param(IS_WWDG_WINDOW_VALUE(WindowValue));
 143:lib/STM32F10x_StdPeriph_Driver/src/stm32f10x_wwdg.c ****   /* Clear W[6:0] bits */
 144:lib/STM32F10x_StdPeriph_Driver/src/stm32f10x_wwdg.c **** 
 145:lib/STM32F10x_StdPeriph_Driver/src/stm32f10x_wwdg.c ****   tmpreg = WWDG->CFR & CFR_W_Mask;
 102              		.loc 1 145 0
 103 002e 084A     		ldr	r2, .L6
 139:lib/STM32F10x_StdPeriph_Driver/src/stm32f10x_wwdg.c ****   __IO uint32_t tmpreg = 0;
 104              		.loc 1 139 0
 105 0030 0023     		movs	r3, #0
 106 0032 0193     		str	r3, [sp, #4]
 107              		.loc 1 145 0
 108 0034 5368     		ldr	r3, [r2, #4]
 146:lib/STM32F10x_StdPeriph_Driver/src/stm32f10x_wwdg.c **** 
 147:lib/STM32F10x_StdPeriph_Driver/src/stm32f10x_wwdg.c ****   /* Set W[6:0] bits according to WindowValue value */
 148:lib/STM32F10x_StdPeriph_Driver/src/stm32f10x_wwdg.c ****   tmpreg |= WindowValue & (uint32_t) BIT_Mask;
 109              		.loc 1 148 0
 110 0036 00F07F00 		and	r0, r0, #127
 111              	.LVL6:
 145:lib/STM32F10x_StdPeriph_Driver/src/stm32f10x_wwdg.c **** 
 112              		.loc 1 145 0
 113 003a 23F07F03 		bic	r3, r3, #127
 114 003e 0193     		str	r3, [sp, #4]
 115              		.loc 1 148 0
 116 0040 019B     		ldr	r3, [sp, #4]
 117 0042 0343     		orrs	r3, r3, r0
 118 0044 0193     		str	r3, [sp, #4]
 149:lib/STM32F10x_StdPeriph_Driver/src/stm32f10x_wwdg.c **** 
 150:lib/STM32F10x_StdPeriph_Driver/src/stm32f10x_wwdg.c ****   /* Store the new value */
 151:lib/STM32F10x_StdPeriph_Driver/src/stm32f10x_wwdg.c ****   WWDG->CFR = tmpreg;
 119              		.loc 1 151 0
 120 0046 019B     		ldr	r3, [sp, #4]
 121 0048 5360     		str	r3, [r2, #4]
 152:lib/STM32F10x_StdPeriph_Driver/src/stm32f10x_wwdg.c **** }
 122              		.loc 1 152 0
 123 004a 02B0     		add	sp, sp, #8
 124              	.LCFI3:
 125              		.cfi_def_cfa_offset 0
 126              		@ sp needed
 127 004c 7047     		bx	lr
 128              	.L7:
 129 004e 00BF     		.align	2
 130              	.L6:
 131 0050 002C0040 		.word	1073753088
 132              		.cfi_endproc
 133              	.LFE31:
 135              		.align	1
 136              		.global	WWDG_EnableIT
 137              		.thumb
 138              		.thumb_func
 140              	WWDG_EnableIT:
 141              	.LFB32:
 153:lib/STM32F10x_StdPeriph_Driver/src/stm32f10x_wwdg.c **** 
 154:lib/STM32F10x_StdPeriph_Driver/src/stm32f10x_wwdg.c **** /**
 155:lib/STM32F10x_StdPeriph_Driver/src/stm32f10x_wwdg.c ****   * @brief  Enables the WWDG Early Wakeup interrupt(EWI).
 156:lib/STM32F10x_StdPeriph_Driver/src/stm32f10x_wwdg.c ****   * @param  None
 157:lib/STM32F10x_StdPeriph_Driver/src/stm32f10x_wwdg.c ****   * @retval None
 158:lib/STM32F10x_StdPeriph_Driver/src/stm32f10x_wwdg.c ****   */
 159:lib/STM32F10x_StdPeriph_Driver/src/stm32f10x_wwdg.c **** void WWDG_EnableIT(void)
 160:lib/STM32F10x_StdPeriph_Driver/src/stm32f10x_wwdg.c **** {
 142              		.loc 1 160 0
 143              		.cfi_startproc
 144              		@ args = 0, pretend = 0, frame = 0
 145              		@ frame_needed = 0, uses_anonymous_args = 0
 146              		@ link register save eliminated.
 161:lib/STM32F10x_StdPeriph_Driver/src/stm32f10x_wwdg.c ****   *(__IO uint32_t *) CFR_EWI_BB = (uint32_t)ENABLE;
 147              		.loc 1 161 0
 148 0054 014B     		ldr	r3, .L9
 149 0056 0122     		movs	r2, #1
 150 0058 1A60     		str	r2, [r3]
 151 005a 7047     		bx	lr
 152              	.L10:
 153              		.align	2
 154              	.L9:
 155 005c A4800542 		.word	1107656868
 156              		.cfi_endproc
 157              	.LFE32:
 159              		.align	1
 160              		.global	WWDG_SetCounter
 161              		.thumb
 162              		.thumb_func
 164              	WWDG_SetCounter:
 165              	.LFB33:
 162:lib/STM32F10x_StdPeriph_Driver/src/stm32f10x_wwdg.c **** }
 163:lib/STM32F10x_StdPeriph_Driver/src/stm32f10x_wwdg.c **** 
 164:lib/STM32F10x_StdPeriph_Driver/src/stm32f10x_wwdg.c **** /**
 165:lib/STM32F10x_StdPeriph_Driver/src/stm32f10x_wwdg.c ****   * @brief  Sets the WWDG counter value.
 166:lib/STM32F10x_StdPeriph_Driver/src/stm32f10x_wwdg.c ****   * @param  Counter: specifies the watchdog counter value.
 167:lib/STM32F10x_StdPeriph_Driver/src/stm32f10x_wwdg.c ****   *   This parameter must be a number between 0x40 and 0x7F.
 168:lib/STM32F10x_StdPeriph_Driver/src/stm32f10x_wwdg.c ****   * @retval None
 169:lib/STM32F10x_StdPeriph_Driver/src/stm32f10x_wwdg.c ****   */
 170:lib/STM32F10x_StdPeriph_Driver/src/stm32f10x_wwdg.c **** void WWDG_SetCounter(uint8_t Counter)
 171:lib/STM32F10x_StdPeriph_Driver/src/stm32f10x_wwdg.c **** {
 166              		.loc 1 171 0
 167              		.cfi_startproc
 168              		@ args = 0, pretend = 0, frame = 0
 169              		@ frame_needed = 0, uses_anonymous_args = 0
 170              		@ link register save eliminated.
 171              	.LVL7:
 172:lib/STM32F10x_StdPeriph_Driver/src/stm32f10x_wwdg.c ****   /* Check the parameters */
 173:lib/STM32F10x_StdPeriph_Driver/src/stm32f10x_wwdg.c ****   assert_param(IS_WWDG_COUNTER(Counter));
 174:lib/STM32F10x_StdPeriph_Driver/src/stm32f10x_wwdg.c ****   /* Write to T[6:0] bits to configure the counter value, no need to do
 175:lib/STM32F10x_StdPeriph_Driver/src/stm32f10x_wwdg.c ****      a read-modify-write; writing a 0 to WDGA bit does nothing */
 176:lib/STM32F10x_StdPeriph_Driver/src/stm32f10x_wwdg.c ****   WWDG->CR = Counter & BIT_Mask;
 172              		.loc 1 176 0
 173 0060 024B     		ldr	r3, .L12
 174 0062 00F07F00 		and	r0, r0, #127
 175              	.LVL8:
 176 0066 1860     		str	r0, [r3]
 177 0068 7047     		bx	lr
 178              	.L13:
 179 006a 00BF     		.align	2
 180              	.L12:
 181 006c 002C0040 		.word	1073753088
 182              		.cfi_endproc
 183              	.LFE33:
 185              		.align	1
 186              		.global	WWDG_Enable
 187              		.thumb
 188              		.thumb_func
 190              	WWDG_Enable:
 191              	.LFB34:
 177:lib/STM32F10x_StdPeriph_Driver/src/stm32f10x_wwdg.c **** }
 178:lib/STM32F10x_StdPeriph_Driver/src/stm32f10x_wwdg.c **** 
 179:lib/STM32F10x_StdPeriph_Driver/src/stm32f10x_wwdg.c **** /**
 180:lib/STM32F10x_StdPeriph_Driver/src/stm32f10x_wwdg.c ****   * @brief  Enables WWDG and load the counter value.                  
 181:lib/STM32F10x_StdPeriph_Driver/src/stm32f10x_wwdg.c ****   * @param  Counter: specifies the watchdog counter value.
 182:lib/STM32F10x_StdPeriph_Driver/src/stm32f10x_wwdg.c ****   *   This parameter must be a number between 0x40 and 0x7F.
 183:lib/STM32F10x_StdPeriph_Driver/src/stm32f10x_wwdg.c ****   * @retval None
 184:lib/STM32F10x_StdPeriph_Driver/src/stm32f10x_wwdg.c ****   */
 185:lib/STM32F10x_StdPeriph_Driver/src/stm32f10x_wwdg.c **** void WWDG_Enable(uint8_t Counter)
 186:lib/STM32F10x_StdPeriph_Driver/src/stm32f10x_wwdg.c **** {
 192              		.loc 1 186 0
 193              		.cfi_startproc
 194              		@ args = 0, pretend = 0, frame = 0
 195              		@ frame_needed = 0, uses_anonymous_args = 0
 196              		@ link register save eliminated.
 197              	.LVL9:
 187:lib/STM32F10x_StdPeriph_Driver/src/stm32f10x_wwdg.c ****   /* Check the parameters */
 188:lib/STM32F10x_StdPeriph_Driver/src/stm32f10x_wwdg.c ****   assert_param(IS_WWDG_COUNTER(Counter));
 189:lib/STM32F10x_StdPeriph_Driver/src/stm32f10x_wwdg.c ****   WWDG->CR = CR_WDGA_Set | Counter;
 198              		.loc 1 189 0
 199 0070 024B     		ldr	r3, .L15
 200 0072 40F08000 		orr	r0, r0, #128
 201              	.LVL10:
 202 0076 1860     		str	r0, [r3]
 203 0078 7047     		bx	lr
 204              	.L16:
 205 007a 00BF     		.align	2
 206              	.L15:
 207 007c 002C0040 		.word	1073753088
 208              		.cfi_endproc
 209              	.LFE34:
 211              		.align	1
 212              		.global	WWDG_GetFlagStatus
 213              		.thumb
 214              		.thumb_func
 216              	WWDG_GetFlagStatus:
 217              	.LFB35:
 190:lib/STM32F10x_StdPeriph_Driver/src/stm32f10x_wwdg.c **** }
 191:lib/STM32F10x_StdPeriph_Driver/src/stm32f10x_wwdg.c **** 
 192:lib/STM32F10x_StdPeriph_Driver/src/stm32f10x_wwdg.c **** /**
 193:lib/STM32F10x_StdPeriph_Driver/src/stm32f10x_wwdg.c ****   * @brief  Checks whether the Early Wakeup interrupt flag is set or not.
 194:lib/STM32F10x_StdPeriph_Driver/src/stm32f10x_wwdg.c ****   * @param  None
 195:lib/STM32F10x_StdPeriph_Driver/src/stm32f10x_wwdg.c ****   * @retval The new state of the Early Wakeup interrupt flag (SET or RESET)
 196:lib/STM32F10x_StdPeriph_Driver/src/stm32f10x_wwdg.c ****   */
 197:lib/STM32F10x_StdPeriph_Driver/src/stm32f10x_wwdg.c **** FlagStatus WWDG_GetFlagStatus(void)
 198:lib/STM32F10x_StdPeriph_Driver/src/stm32f10x_wwdg.c **** {
 218              		.loc 1 198 0
 219              		.cfi_startproc
 220              		@ args = 0, pretend = 0, frame = 0
 221              		@ frame_needed = 0, uses_anonymous_args = 0
 222              		@ link register save eliminated.
 199:lib/STM32F10x_StdPeriph_Driver/src/stm32f10x_wwdg.c ****   return (FlagStatus)(WWDG->SR);
 223              		.loc 1 199 0
 224 0080 014B     		ldr	r3, .L18
 225 0082 9868     		ldr	r0, [r3, #8]
 200:lib/STM32F10x_StdPeriph_Driver/src/stm32f10x_wwdg.c **** }
 226              		.loc 1 200 0
 227 0084 C0B2     		uxtb	r0, r0
 228 0086 7047     		bx	lr
 229              	.L19:
 230              		.align	2
 231              	.L18:
 232 0088 002C0040 		.word	1073753088
 233              		.cfi_endproc
 234              	.LFE35:
 236              		.align	1
 237              		.global	WWDG_ClearFlag
 238              		.thumb
 239              		.thumb_func
 241              	WWDG_ClearFlag:
 242              	.LFB36:
 201:lib/STM32F10x_StdPeriph_Driver/src/stm32f10x_wwdg.c **** 
 202:lib/STM32F10x_StdPeriph_Driver/src/stm32f10x_wwdg.c **** /**
 203:lib/STM32F10x_StdPeriph_Driver/src/stm32f10x_wwdg.c ****   * @brief  Clears Early Wakeup interrupt flag.
 204:lib/STM32F10x_StdPeriph_Driver/src/stm32f10x_wwdg.c ****   * @param  None
 205:lib/STM32F10x_StdPeriph_Driver/src/stm32f10x_wwdg.c ****   * @retval None
 206:lib/STM32F10x_StdPeriph_Driver/src/stm32f10x_wwdg.c ****   */
 207:lib/STM32F10x_StdPeriph_Driver/src/stm32f10x_wwdg.c **** void WWDG_ClearFlag(void)
 208:lib/STM32F10x_StdPeriph_Driver/src/stm32f10x_wwdg.c **** {
 243              		.loc 1 208 0
 244              		.cfi_startproc
 245              		@ args = 0, pretend = 0, frame = 0
 246              		@ frame_needed = 0, uses_anonymous_args = 0
 247              		@ link register save eliminated.
 209:lib/STM32F10x_StdPeriph_Driver/src/stm32f10x_wwdg.c ****   WWDG->SR = (uint32_t)RESET;
 248              		.loc 1 209 0
 249 008c 014B     		ldr	r3, .L21
 250 008e 0022     		movs	r2, #0
 251 0090 9A60     		str	r2, [r3, #8]
 252 0092 7047     		bx	lr
 253              	.L22:
 254              		.align	2
 255              	.L21:
 256 0094 002C0040 		.word	1073753088
 257              		.cfi_endproc
 258              	.LFE36:
 260              	.Letext0:
 261              		.file 2 "/opt/gcc-arm-none-eabi-5_2-2015q4/arm-none-eabi/include/machine/_default_types.h"
 262              		.file 3 "/opt/gcc-arm-none-eabi-5_2-2015q4/arm-none-eabi/include/sys/_stdint.h"
 263              		.file 4 "./lib/CMSIS/CM3/DeviceSupport/ST/STM32F10x/stm32f10x.h"
 264              		.file 5 "./lib/CMSIS/CM3/CoreSupport/core_cm3.h"
 265              		.file 6 "./lib/STM32F10x_StdPeriph_Driver/inc/stm32f10x_rcc.h"
DEFINED SYMBOLS
                            *ABS*:00000000 stm32f10x_wwdg.c
     /tmp/cce04fUZ.s:19     .text:00000000 $t
     /tmp/cce04fUZ.s:24     .text:00000000 WWDG_DeInit
     /tmp/cce04fUZ.s:60     .text:0000001a WWDG_SetPrescaler
     /tmp/cce04fUZ.s:82     .text:00000028 $d
     /tmp/cce04fUZ.s:86     .text:0000002c $t
     /tmp/cce04fUZ.s:91     .text:0000002c WWDG_SetWindowValue
     /tmp/cce04fUZ.s:131    .text:00000050 $d
     /tmp/cce04fUZ.s:135    .text:00000054 $t
     /tmp/cce04fUZ.s:140    .text:00000054 WWDG_EnableIT
     /tmp/cce04fUZ.s:155    .text:0000005c $d
     /tmp/cce04fUZ.s:159    .text:00000060 $t
     /tmp/cce04fUZ.s:164    .text:00000060 WWDG_SetCounter
     /tmp/cce04fUZ.s:181    .text:0000006c $d
     /tmp/cce04fUZ.s:185    .text:00000070 $t
     /tmp/cce04fUZ.s:190    .text:00000070 WWDG_Enable
     /tmp/cce04fUZ.s:207    .text:0000007c $d
     /tmp/cce04fUZ.s:211    .text:00000080 $t
     /tmp/cce04fUZ.s:216    .text:00000080 WWDG_GetFlagStatus
     /tmp/cce04fUZ.s:232    .text:00000088 $d
     /tmp/cce04fUZ.s:236    .text:0000008c $t
     /tmp/cce04fUZ.s:241    .text:0000008c WWDG_ClearFlag
     /tmp/cce04fUZ.s:256    .text:00000094 $d
                     .debug_frame:00000010 $d

UNDEFINED SYMBOLS
RCC_APB1PeriphResetCmd
