   1              		.syntax unified
   2              		.cpu cortex-m3
   3              		.fpu softvfp
   4              		.eabi_attribute 20, 1
   5              		.eabi_attribute 21, 1
   6              		.eabi_attribute 23, 3
   7              		.eabi_attribute 24, 1
   8              		.eabi_attribute 25, 1
   9              		.eabi_attribute 26, 1
  10              		.eabi_attribute 30, 4
  11              		.eabi_attribute 34, 1
  12              		.eabi_attribute 18, 4
  13              		.thumb
  14              		.syntax unified
  15              		.file	"stm32f10x_gpio.c"
  16              		.text
  17              	.Ltext0:
  18              		.cfi_sections	.debug_frame
  19              		.align	1
  20              		.global	GPIO_DeInit
  21              		.thumb
  22              		.thumb_func
  24              	GPIO_DeInit:
  25              	.LFB29:
  26              		.file 1 "lib/STM32F10x_StdPeriph_Driver/src/stm32f10x_gpio.c"
   1:lib/STM32F10x_StdPeriph_Driver/src/stm32f10x_gpio.c **** /**
   2:lib/STM32F10x_StdPeriph_Driver/src/stm32f10x_gpio.c ****   ******************************************************************************
   3:lib/STM32F10x_StdPeriph_Driver/src/stm32f10x_gpio.c ****   * @file    stm32f10x_gpio.c
   4:lib/STM32F10x_StdPeriph_Driver/src/stm32f10x_gpio.c ****   * @author  MCD Application Team
   5:lib/STM32F10x_StdPeriph_Driver/src/stm32f10x_gpio.c ****   * @version V3.5.0
   6:lib/STM32F10x_StdPeriph_Driver/src/stm32f10x_gpio.c ****   * @date    11-March-2011
   7:lib/STM32F10x_StdPeriph_Driver/src/stm32f10x_gpio.c ****   * @brief   This file provides all the GPIO firmware functions.
   8:lib/STM32F10x_StdPeriph_Driver/src/stm32f10x_gpio.c ****   ******************************************************************************
   9:lib/STM32F10x_StdPeriph_Driver/src/stm32f10x_gpio.c ****   * @attention
  10:lib/STM32F10x_StdPeriph_Driver/src/stm32f10x_gpio.c ****   *
  11:lib/STM32F10x_StdPeriph_Driver/src/stm32f10x_gpio.c ****   * THE PRESENT FIRMWARE WHICH IS FOR GUIDANCE ONLY AIMS AT PROVIDING CUSTOMERS
  12:lib/STM32F10x_StdPeriph_Driver/src/stm32f10x_gpio.c ****   * WITH CODING INFORMATION REGARDING THEIR PRODUCTS IN ORDER FOR THEM TO SAVE
  13:lib/STM32F10x_StdPeriph_Driver/src/stm32f10x_gpio.c ****   * TIME. AS A RESULT, STMICROELECTRONICS SHALL NOT BE HELD LIABLE FOR ANY
  14:lib/STM32F10x_StdPeriph_Driver/src/stm32f10x_gpio.c ****   * DIRECT, INDIRECT OR CONSEQUENTIAL DAMAGES WITH RESPECT TO ANY CLAIMS ARISING
  15:lib/STM32F10x_StdPeriph_Driver/src/stm32f10x_gpio.c ****   * FROM THE CONTENT OF SUCH FIRMWARE AND/OR THE USE MADE BY CUSTOMERS OF THE
  16:lib/STM32F10x_StdPeriph_Driver/src/stm32f10x_gpio.c ****   * CODING INFORMATION CONTAINED HEREIN IN CONNECTION WITH THEIR PRODUCTS.
  17:lib/STM32F10x_StdPeriph_Driver/src/stm32f10x_gpio.c ****   *
  18:lib/STM32F10x_StdPeriph_Driver/src/stm32f10x_gpio.c ****   * <h2><center>&copy; COPYRIGHT 2011 STMicroelectronics</center></h2>
  19:lib/STM32F10x_StdPeriph_Driver/src/stm32f10x_gpio.c ****   ******************************************************************************
  20:lib/STM32F10x_StdPeriph_Driver/src/stm32f10x_gpio.c ****   */
  21:lib/STM32F10x_StdPeriph_Driver/src/stm32f10x_gpio.c **** 
  22:lib/STM32F10x_StdPeriph_Driver/src/stm32f10x_gpio.c **** /* Includes ------------------------------------------------------------------*/
  23:lib/STM32F10x_StdPeriph_Driver/src/stm32f10x_gpio.c **** #include "stm32f10x_gpio.h"
  24:lib/STM32F10x_StdPeriph_Driver/src/stm32f10x_gpio.c **** #include "stm32f10x_rcc.h"
  25:lib/STM32F10x_StdPeriph_Driver/src/stm32f10x_gpio.c **** 
  26:lib/STM32F10x_StdPeriph_Driver/src/stm32f10x_gpio.c **** /** @addtogroup STM32F10x_StdPeriph_Driver
  27:lib/STM32F10x_StdPeriph_Driver/src/stm32f10x_gpio.c ****   * @{
  28:lib/STM32F10x_StdPeriph_Driver/src/stm32f10x_gpio.c ****   */
  29:lib/STM32F10x_StdPeriph_Driver/src/stm32f10x_gpio.c **** 
  30:lib/STM32F10x_StdPeriph_Driver/src/stm32f10x_gpio.c **** /** @defgroup GPIO 
  31:lib/STM32F10x_StdPeriph_Driver/src/stm32f10x_gpio.c ****   * @brief GPIO driver modules
  32:lib/STM32F10x_StdPeriph_Driver/src/stm32f10x_gpio.c ****   * @{
  33:lib/STM32F10x_StdPeriph_Driver/src/stm32f10x_gpio.c ****   */ 
  34:lib/STM32F10x_StdPeriph_Driver/src/stm32f10x_gpio.c **** 
  35:lib/STM32F10x_StdPeriph_Driver/src/stm32f10x_gpio.c **** /** @defgroup GPIO_Private_TypesDefinitions
  36:lib/STM32F10x_StdPeriph_Driver/src/stm32f10x_gpio.c ****   * @{
  37:lib/STM32F10x_StdPeriph_Driver/src/stm32f10x_gpio.c ****   */
  38:lib/STM32F10x_StdPeriph_Driver/src/stm32f10x_gpio.c **** 
  39:lib/STM32F10x_StdPeriph_Driver/src/stm32f10x_gpio.c **** /**
  40:lib/STM32F10x_StdPeriph_Driver/src/stm32f10x_gpio.c ****   * @}
  41:lib/STM32F10x_StdPeriph_Driver/src/stm32f10x_gpio.c ****   */
  42:lib/STM32F10x_StdPeriph_Driver/src/stm32f10x_gpio.c **** 
  43:lib/STM32F10x_StdPeriph_Driver/src/stm32f10x_gpio.c **** /** @defgroup GPIO_Private_Defines
  44:lib/STM32F10x_StdPeriph_Driver/src/stm32f10x_gpio.c ****   * @{
  45:lib/STM32F10x_StdPeriph_Driver/src/stm32f10x_gpio.c ****   */
  46:lib/STM32F10x_StdPeriph_Driver/src/stm32f10x_gpio.c **** 
  47:lib/STM32F10x_StdPeriph_Driver/src/stm32f10x_gpio.c **** /* ------------ RCC registers bit address in the alias region ----------------*/
  48:lib/STM32F10x_StdPeriph_Driver/src/stm32f10x_gpio.c **** #define AFIO_OFFSET                 (AFIO_BASE - PERIPH_BASE)
  49:lib/STM32F10x_StdPeriph_Driver/src/stm32f10x_gpio.c **** 
  50:lib/STM32F10x_StdPeriph_Driver/src/stm32f10x_gpio.c **** /* --- EVENTCR Register -----*/
  51:lib/STM32F10x_StdPeriph_Driver/src/stm32f10x_gpio.c **** 
  52:lib/STM32F10x_StdPeriph_Driver/src/stm32f10x_gpio.c **** /* Alias word address of EVOE bit */
  53:lib/STM32F10x_StdPeriph_Driver/src/stm32f10x_gpio.c **** #define EVCR_OFFSET                 (AFIO_OFFSET + 0x00)
  54:lib/STM32F10x_StdPeriph_Driver/src/stm32f10x_gpio.c **** #define EVOE_BitNumber              ((uint8_t)0x07)
  55:lib/STM32F10x_StdPeriph_Driver/src/stm32f10x_gpio.c **** #define EVCR_EVOE_BB                (PERIPH_BB_BASE + (EVCR_OFFSET * 32) + (EVOE_BitNumber * 4))
  56:lib/STM32F10x_StdPeriph_Driver/src/stm32f10x_gpio.c **** 
  57:lib/STM32F10x_StdPeriph_Driver/src/stm32f10x_gpio.c **** 
  58:lib/STM32F10x_StdPeriph_Driver/src/stm32f10x_gpio.c **** /* ---  MAPR Register ---*/ 
  59:lib/STM32F10x_StdPeriph_Driver/src/stm32f10x_gpio.c **** /* Alias word address of MII_RMII_SEL bit */ 
  60:lib/STM32F10x_StdPeriph_Driver/src/stm32f10x_gpio.c **** #define MAPR_OFFSET                 (AFIO_OFFSET + 0x04) 
  61:lib/STM32F10x_StdPeriph_Driver/src/stm32f10x_gpio.c **** #define MII_RMII_SEL_BitNumber      ((u8)0x17) 
  62:lib/STM32F10x_StdPeriph_Driver/src/stm32f10x_gpio.c **** #define MAPR_MII_RMII_SEL_BB        (PERIPH_BB_BASE + (MAPR_OFFSET * 32) + (MII_RMII_SEL_BitNumber 
  63:lib/STM32F10x_StdPeriph_Driver/src/stm32f10x_gpio.c **** 
  64:lib/STM32F10x_StdPeriph_Driver/src/stm32f10x_gpio.c **** 
  65:lib/STM32F10x_StdPeriph_Driver/src/stm32f10x_gpio.c **** #define EVCR_PORTPINCONFIG_MASK     ((uint16_t)0xFF80)
  66:lib/STM32F10x_StdPeriph_Driver/src/stm32f10x_gpio.c **** #define LSB_MASK                    ((uint16_t)0xFFFF)
  67:lib/STM32F10x_StdPeriph_Driver/src/stm32f10x_gpio.c **** #define DBGAFR_POSITION_MASK        ((uint32_t)0x000F0000)
  68:lib/STM32F10x_StdPeriph_Driver/src/stm32f10x_gpio.c **** #define DBGAFR_SWJCFG_MASK          ((uint32_t)0xF0FFFFFF)
  69:lib/STM32F10x_StdPeriph_Driver/src/stm32f10x_gpio.c **** #define DBGAFR_LOCATION_MASK        ((uint32_t)0x00200000)
  70:lib/STM32F10x_StdPeriph_Driver/src/stm32f10x_gpio.c **** #define DBGAFR_NUMBITS_MASK         ((uint32_t)0x00100000)
  71:lib/STM32F10x_StdPeriph_Driver/src/stm32f10x_gpio.c **** /**
  72:lib/STM32F10x_StdPeriph_Driver/src/stm32f10x_gpio.c ****   * @}
  73:lib/STM32F10x_StdPeriph_Driver/src/stm32f10x_gpio.c ****   */
  74:lib/STM32F10x_StdPeriph_Driver/src/stm32f10x_gpio.c **** 
  75:lib/STM32F10x_StdPeriph_Driver/src/stm32f10x_gpio.c **** /** @defgroup GPIO_Private_Macros
  76:lib/STM32F10x_StdPeriph_Driver/src/stm32f10x_gpio.c ****   * @{
  77:lib/STM32F10x_StdPeriph_Driver/src/stm32f10x_gpio.c ****   */
  78:lib/STM32F10x_StdPeriph_Driver/src/stm32f10x_gpio.c **** 
  79:lib/STM32F10x_StdPeriph_Driver/src/stm32f10x_gpio.c **** /**
  80:lib/STM32F10x_StdPeriph_Driver/src/stm32f10x_gpio.c ****   * @}
  81:lib/STM32F10x_StdPeriph_Driver/src/stm32f10x_gpio.c ****   */
  82:lib/STM32F10x_StdPeriph_Driver/src/stm32f10x_gpio.c **** 
  83:lib/STM32F10x_StdPeriph_Driver/src/stm32f10x_gpio.c **** /** @defgroup GPIO_Private_Variables
  84:lib/STM32F10x_StdPeriph_Driver/src/stm32f10x_gpio.c ****   * @{
  85:lib/STM32F10x_StdPeriph_Driver/src/stm32f10x_gpio.c ****   */
  86:lib/STM32F10x_StdPeriph_Driver/src/stm32f10x_gpio.c **** 
  87:lib/STM32F10x_StdPeriph_Driver/src/stm32f10x_gpio.c **** /**
  88:lib/STM32F10x_StdPeriph_Driver/src/stm32f10x_gpio.c ****   * @}
  89:lib/STM32F10x_StdPeriph_Driver/src/stm32f10x_gpio.c ****   */
  90:lib/STM32F10x_StdPeriph_Driver/src/stm32f10x_gpio.c **** 
  91:lib/STM32F10x_StdPeriph_Driver/src/stm32f10x_gpio.c **** /** @defgroup GPIO_Private_FunctionPrototypes
  92:lib/STM32F10x_StdPeriph_Driver/src/stm32f10x_gpio.c ****   * @{
  93:lib/STM32F10x_StdPeriph_Driver/src/stm32f10x_gpio.c ****   */
  94:lib/STM32F10x_StdPeriph_Driver/src/stm32f10x_gpio.c **** 
  95:lib/STM32F10x_StdPeriph_Driver/src/stm32f10x_gpio.c **** /**
  96:lib/STM32F10x_StdPeriph_Driver/src/stm32f10x_gpio.c ****   * @}
  97:lib/STM32F10x_StdPeriph_Driver/src/stm32f10x_gpio.c ****   */
  98:lib/STM32F10x_StdPeriph_Driver/src/stm32f10x_gpio.c **** 
  99:lib/STM32F10x_StdPeriph_Driver/src/stm32f10x_gpio.c **** /** @defgroup GPIO_Private_Functions
 100:lib/STM32F10x_StdPeriph_Driver/src/stm32f10x_gpio.c ****   * @{
 101:lib/STM32F10x_StdPeriph_Driver/src/stm32f10x_gpio.c ****   */
 102:lib/STM32F10x_StdPeriph_Driver/src/stm32f10x_gpio.c **** 
 103:lib/STM32F10x_StdPeriph_Driver/src/stm32f10x_gpio.c **** /**
 104:lib/STM32F10x_StdPeriph_Driver/src/stm32f10x_gpio.c ****   * @brief  Deinitializes the GPIOx peripheral registers to their default reset values.
 105:lib/STM32F10x_StdPeriph_Driver/src/stm32f10x_gpio.c ****   * @param  GPIOx: where x can be (A..G) to select the GPIO peripheral.
 106:lib/STM32F10x_StdPeriph_Driver/src/stm32f10x_gpio.c ****   * @retval None
 107:lib/STM32F10x_StdPeriph_Driver/src/stm32f10x_gpio.c ****   */
 108:lib/STM32F10x_StdPeriph_Driver/src/stm32f10x_gpio.c **** void GPIO_DeInit(GPIO_TypeDef* GPIOx)
 109:lib/STM32F10x_StdPeriph_Driver/src/stm32f10x_gpio.c **** {
  27              		.loc 1 109 0
  28              		.cfi_startproc
  29              		@ args = 0, pretend = 0, frame = 0
  30              		@ frame_needed = 0, uses_anonymous_args = 0
  31              	.LVL0:
  32 0000 08B5     		push	{r3, lr}
  33              	.LCFI0:
  34              		.cfi_def_cfa_offset 8
  35              		.cfi_offset 3, -8
  36              		.cfi_offset 14, -4
 110:lib/STM32F10x_StdPeriph_Driver/src/stm32f10x_gpio.c ****   /* Check the parameters */
 111:lib/STM32F10x_StdPeriph_Driver/src/stm32f10x_gpio.c ****   assert_param(IS_GPIO_ALL_PERIPH(GPIOx));
 112:lib/STM32F10x_StdPeriph_Driver/src/stm32f10x_gpio.c ****   
 113:lib/STM32F10x_StdPeriph_Driver/src/stm32f10x_gpio.c ****   if (GPIOx == GPIOA)
  37              		.loc 1 113 0
  38 0002 264B     		ldr	r3, .L11
  39 0004 9842     		cmp	r0, r3
  40 0006 06D1     		bne	.L2
 114:lib/STM32F10x_StdPeriph_Driver/src/stm32f10x_gpio.c ****   {
 115:lib/STM32F10x_StdPeriph_Driver/src/stm32f10x_gpio.c ****     RCC_APB2PeriphResetCmd(RCC_APB2Periph_GPIOA, ENABLE);
  41              		.loc 1 115 0
  42 0008 0121     		movs	r1, #1
  43 000a 0420     		movs	r0, #4
  44              	.LVL1:
  45 000c FFF7FEFF 		bl	RCC_APB2PeriphResetCmd
  46              	.LVL2:
 116:lib/STM32F10x_StdPeriph_Driver/src/stm32f10x_gpio.c ****     RCC_APB2PeriphResetCmd(RCC_APB2Periph_GPIOA, DISABLE);
  47              		.loc 1 116 0
  48 0010 0021     		movs	r1, #0
  49 0012 0420     		movs	r0, #4
  50 0014 3CE0     		b	.L9
  51              	.LVL3:
  52              	.L2:
 117:lib/STM32F10x_StdPeriph_Driver/src/stm32f10x_gpio.c ****   }
 118:lib/STM32F10x_StdPeriph_Driver/src/stm32f10x_gpio.c ****   else if (GPIOx == GPIOB)
  53              		.loc 1 118 0
  54 0016 224B     		ldr	r3, .L11+4
  55 0018 9842     		cmp	r0, r3
  56 001a 06D1     		bne	.L3
 119:lib/STM32F10x_StdPeriph_Driver/src/stm32f10x_gpio.c ****   {
 120:lib/STM32F10x_StdPeriph_Driver/src/stm32f10x_gpio.c ****     RCC_APB2PeriphResetCmd(RCC_APB2Periph_GPIOB, ENABLE);
  57              		.loc 1 120 0
  58 001c 0121     		movs	r1, #1
  59 001e 0820     		movs	r0, #8
  60              	.LVL4:
  61 0020 FFF7FEFF 		bl	RCC_APB2PeriphResetCmd
  62              	.LVL5:
 121:lib/STM32F10x_StdPeriph_Driver/src/stm32f10x_gpio.c ****     RCC_APB2PeriphResetCmd(RCC_APB2Periph_GPIOB, DISABLE);
  63              		.loc 1 121 0
  64 0024 0021     		movs	r1, #0
  65 0026 0820     		movs	r0, #8
  66 0028 32E0     		b	.L9
  67              	.LVL6:
  68              	.L3:
 122:lib/STM32F10x_StdPeriph_Driver/src/stm32f10x_gpio.c ****   }
 123:lib/STM32F10x_StdPeriph_Driver/src/stm32f10x_gpio.c ****   else if (GPIOx == GPIOC)
  69              		.loc 1 123 0
  70 002a 1E4B     		ldr	r3, .L11+8
  71 002c 9842     		cmp	r0, r3
  72 002e 06D1     		bne	.L4
 124:lib/STM32F10x_StdPeriph_Driver/src/stm32f10x_gpio.c ****   {
 125:lib/STM32F10x_StdPeriph_Driver/src/stm32f10x_gpio.c ****     RCC_APB2PeriphResetCmd(RCC_APB2Periph_GPIOC, ENABLE);
  73              		.loc 1 125 0
  74 0030 0121     		movs	r1, #1
  75 0032 1020     		movs	r0, #16
  76              	.LVL7:
  77 0034 FFF7FEFF 		bl	RCC_APB2PeriphResetCmd
  78              	.LVL8:
 126:lib/STM32F10x_StdPeriph_Driver/src/stm32f10x_gpio.c ****     RCC_APB2PeriphResetCmd(RCC_APB2Periph_GPIOC, DISABLE);
  79              		.loc 1 126 0
  80 0038 0021     		movs	r1, #0
  81 003a 1020     		movs	r0, #16
  82 003c 28E0     		b	.L9
  83              	.LVL9:
  84              	.L4:
 127:lib/STM32F10x_StdPeriph_Driver/src/stm32f10x_gpio.c ****   }
 128:lib/STM32F10x_StdPeriph_Driver/src/stm32f10x_gpio.c ****   else if (GPIOx == GPIOD)
  85              		.loc 1 128 0
  86 003e 1A4B     		ldr	r3, .L11+12
  87 0040 9842     		cmp	r0, r3
  88 0042 06D1     		bne	.L5
 129:lib/STM32F10x_StdPeriph_Driver/src/stm32f10x_gpio.c ****   {
 130:lib/STM32F10x_StdPeriph_Driver/src/stm32f10x_gpio.c ****     RCC_APB2PeriphResetCmd(RCC_APB2Periph_GPIOD, ENABLE);
  89              		.loc 1 130 0
  90 0044 0121     		movs	r1, #1
  91 0046 2020     		movs	r0, #32
  92              	.LVL10:
  93 0048 FFF7FEFF 		bl	RCC_APB2PeriphResetCmd
  94              	.LVL11:
 131:lib/STM32F10x_StdPeriph_Driver/src/stm32f10x_gpio.c ****     RCC_APB2PeriphResetCmd(RCC_APB2Periph_GPIOD, DISABLE);
  95              		.loc 1 131 0
  96 004c 0021     		movs	r1, #0
  97 004e 2020     		movs	r0, #32
  98 0050 1EE0     		b	.L9
  99              	.LVL12:
 100              	.L5:
 132:lib/STM32F10x_StdPeriph_Driver/src/stm32f10x_gpio.c ****   }    
 133:lib/STM32F10x_StdPeriph_Driver/src/stm32f10x_gpio.c ****   else if (GPIOx == GPIOE)
 101              		.loc 1 133 0
 102 0052 164B     		ldr	r3, .L11+16
 103 0054 9842     		cmp	r0, r3
 104 0056 06D1     		bne	.L6
 134:lib/STM32F10x_StdPeriph_Driver/src/stm32f10x_gpio.c ****   {
 135:lib/STM32F10x_StdPeriph_Driver/src/stm32f10x_gpio.c ****     RCC_APB2PeriphResetCmd(RCC_APB2Periph_GPIOE, ENABLE);
 105              		.loc 1 135 0
 106 0058 0121     		movs	r1, #1
 107 005a 4020     		movs	r0, #64
 108              	.LVL13:
 109 005c FFF7FEFF 		bl	RCC_APB2PeriphResetCmd
 110              	.LVL14:
 136:lib/STM32F10x_StdPeriph_Driver/src/stm32f10x_gpio.c ****     RCC_APB2PeriphResetCmd(RCC_APB2Periph_GPIOE, DISABLE);
 111              		.loc 1 136 0
 112 0060 0021     		movs	r1, #0
 113 0062 4020     		movs	r0, #64
 114 0064 14E0     		b	.L9
 115              	.LVL15:
 116              	.L6:
 137:lib/STM32F10x_StdPeriph_Driver/src/stm32f10x_gpio.c ****   } 
 138:lib/STM32F10x_StdPeriph_Driver/src/stm32f10x_gpio.c ****   else if (GPIOx == GPIOF)
 117              		.loc 1 138 0
 118 0066 124B     		ldr	r3, .L11+20
 119 0068 9842     		cmp	r0, r3
 120 006a 06D1     		bne	.L7
 139:lib/STM32F10x_StdPeriph_Driver/src/stm32f10x_gpio.c ****   {
 140:lib/STM32F10x_StdPeriph_Driver/src/stm32f10x_gpio.c ****     RCC_APB2PeriphResetCmd(RCC_APB2Periph_GPIOF, ENABLE);
 121              		.loc 1 140 0
 122 006c 0121     		movs	r1, #1
 123 006e 8020     		movs	r0, #128
 124              	.LVL16:
 125 0070 FFF7FEFF 		bl	RCC_APB2PeriphResetCmd
 126              	.LVL17:
 141:lib/STM32F10x_StdPeriph_Driver/src/stm32f10x_gpio.c ****     RCC_APB2PeriphResetCmd(RCC_APB2Periph_GPIOF, DISABLE);
 127              		.loc 1 141 0
 128 0074 0021     		movs	r1, #0
 129 0076 8020     		movs	r0, #128
 130 0078 0AE0     		b	.L9
 131              	.LVL18:
 132              	.L7:
 142:lib/STM32F10x_StdPeriph_Driver/src/stm32f10x_gpio.c ****   }
 143:lib/STM32F10x_StdPeriph_Driver/src/stm32f10x_gpio.c ****   else
 144:lib/STM32F10x_StdPeriph_Driver/src/stm32f10x_gpio.c ****   {
 145:lib/STM32F10x_StdPeriph_Driver/src/stm32f10x_gpio.c ****     if (GPIOx == GPIOG)
 133              		.loc 1 145 0
 134 007a 0E4B     		ldr	r3, .L11+24
 135 007c 9842     		cmp	r0, r3
 136 007e 0BD1     		bne	.L1
 146:lib/STM32F10x_StdPeriph_Driver/src/stm32f10x_gpio.c ****     {
 147:lib/STM32F10x_StdPeriph_Driver/src/stm32f10x_gpio.c ****       RCC_APB2PeriphResetCmd(RCC_APB2Periph_GPIOG, ENABLE);
 137              		.loc 1 147 0
 138 0080 0121     		movs	r1, #1
 139 0082 4FF48070 		mov	r0, #256
 140              	.LVL19:
 141 0086 FFF7FEFF 		bl	RCC_APB2PeriphResetCmd
 142              	.LVL20:
 148:lib/STM32F10x_StdPeriph_Driver/src/stm32f10x_gpio.c ****       RCC_APB2PeriphResetCmd(RCC_APB2Periph_GPIOG, DISABLE);
 143              		.loc 1 148 0
 144 008a 0021     		movs	r1, #0
 145 008c 4FF48070 		mov	r0, #256
 146              	.L9:
 149:lib/STM32F10x_StdPeriph_Driver/src/stm32f10x_gpio.c ****     }
 150:lib/STM32F10x_StdPeriph_Driver/src/stm32f10x_gpio.c ****   }
 151:lib/STM32F10x_StdPeriph_Driver/src/stm32f10x_gpio.c **** }
 147              		.loc 1 151 0
 148 0090 BDE80840 		pop	{r3, lr}
 149              	.LCFI1:
 150              		.cfi_remember_state
 151              		.cfi_restore 14
 152              		.cfi_restore 3
 153              		.cfi_def_cfa_offset 0
 148:lib/STM32F10x_StdPeriph_Driver/src/stm32f10x_gpio.c ****       RCC_APB2PeriphResetCmd(RCC_APB2Periph_GPIOG, DISABLE);
 154              		.loc 1 148 0
 155 0094 FFF7FEBF 		b	RCC_APB2PeriphResetCmd
 156              	.LVL21:
 157              	.L1:
 158              	.LCFI2:
 159              		.cfi_restore_state
 160 0098 08BD     		pop	{r3, pc}
 161              	.L12:
 162 009a 00BF     		.align	2
 163              	.L11:
 164 009c 00080140 		.word	1073809408
 165 00a0 000C0140 		.word	1073810432
 166 00a4 00100140 		.word	1073811456
 167 00a8 00140140 		.word	1073812480
 168 00ac 00180140 		.word	1073813504
 169 00b0 001C0140 		.word	1073814528
 170 00b4 00200140 		.word	1073815552
 171              		.cfi_endproc
 172              	.LFE29:
 174              		.align	1
 175              		.global	GPIO_AFIODeInit
 176              		.thumb
 177              		.thumb_func
 179              	GPIO_AFIODeInit:
 180              	.LFB30:
 152:lib/STM32F10x_StdPeriph_Driver/src/stm32f10x_gpio.c **** 
 153:lib/STM32F10x_StdPeriph_Driver/src/stm32f10x_gpio.c **** /**
 154:lib/STM32F10x_StdPeriph_Driver/src/stm32f10x_gpio.c ****   * @brief  Deinitializes the Alternate Functions (remap, event control
 155:lib/STM32F10x_StdPeriph_Driver/src/stm32f10x_gpio.c ****   *   and EXTI configuration) registers to their default reset values.
 156:lib/STM32F10x_StdPeriph_Driver/src/stm32f10x_gpio.c ****   * @param  None
 157:lib/STM32F10x_StdPeriph_Driver/src/stm32f10x_gpio.c ****   * @retval None
 158:lib/STM32F10x_StdPeriph_Driver/src/stm32f10x_gpio.c ****   */
 159:lib/STM32F10x_StdPeriph_Driver/src/stm32f10x_gpio.c **** void GPIO_AFIODeInit(void)
 160:lib/STM32F10x_StdPeriph_Driver/src/stm32f10x_gpio.c **** {
 181              		.loc 1 160 0
 182              		.cfi_startproc
 183              		@ args = 0, pretend = 0, frame = 0
 184              		@ frame_needed = 0, uses_anonymous_args = 0
 185 00b8 08B5     		push	{r3, lr}
 186              	.LCFI3:
 187              		.cfi_def_cfa_offset 8
 188              		.cfi_offset 3, -8
 189              		.cfi_offset 14, -4
 161:lib/STM32F10x_StdPeriph_Driver/src/stm32f10x_gpio.c ****   RCC_APB2PeriphResetCmd(RCC_APB2Periph_AFIO, ENABLE);
 190              		.loc 1 161 0
 191 00ba 0121     		movs	r1, #1
 192 00bc 0846     		mov	r0, r1
 193 00be FFF7FEFF 		bl	RCC_APB2PeriphResetCmd
 194              	.LVL22:
 162:lib/STM32F10x_StdPeriph_Driver/src/stm32f10x_gpio.c ****   RCC_APB2PeriphResetCmd(RCC_APB2Periph_AFIO, DISABLE);
 163:lib/STM32F10x_StdPeriph_Driver/src/stm32f10x_gpio.c **** }
 195              		.loc 1 163 0
 196 00c2 BDE80840 		pop	{r3, lr}
 197              	.LCFI4:
 198              		.cfi_restore 14
 199              		.cfi_restore 3
 200              		.cfi_def_cfa_offset 0
 162:lib/STM32F10x_StdPeriph_Driver/src/stm32f10x_gpio.c ****   RCC_APB2PeriphResetCmd(RCC_APB2Periph_AFIO, DISABLE);
 201              		.loc 1 162 0
 202 00c6 0021     		movs	r1, #0
 203 00c8 0120     		movs	r0, #1
 204 00ca FFF7FEBF 		b	RCC_APB2PeriphResetCmd
 205              	.LVL23:
 206              		.cfi_endproc
 207              	.LFE30:
 209              		.align	1
 210              		.global	GPIO_Init
 211              		.thumb
 212              		.thumb_func
 214              	GPIO_Init:
 215              	.LFB31:
 164:lib/STM32F10x_StdPeriph_Driver/src/stm32f10x_gpio.c **** 
 165:lib/STM32F10x_StdPeriph_Driver/src/stm32f10x_gpio.c **** /**
 166:lib/STM32F10x_StdPeriph_Driver/src/stm32f10x_gpio.c ****   * @brief  Initializes the GPIOx peripheral according to the specified
 167:lib/STM32F10x_StdPeriph_Driver/src/stm32f10x_gpio.c ****   *         parameters in the GPIO_InitStruct.
 168:lib/STM32F10x_StdPeriph_Driver/src/stm32f10x_gpio.c ****   * @param  GPIOx: where x can be (A..G) to select the GPIO peripheral.
 169:lib/STM32F10x_StdPeriph_Driver/src/stm32f10x_gpio.c ****   * @param  GPIO_InitStruct: pointer to a GPIO_InitTypeDef structure that
 170:lib/STM32F10x_StdPeriph_Driver/src/stm32f10x_gpio.c ****   *         contains the configuration information for the specified GPIO peripheral.
 171:lib/STM32F10x_StdPeriph_Driver/src/stm32f10x_gpio.c ****   * @retval None
 172:lib/STM32F10x_StdPeriph_Driver/src/stm32f10x_gpio.c ****   */
 173:lib/STM32F10x_StdPeriph_Driver/src/stm32f10x_gpio.c **** void GPIO_Init(GPIO_TypeDef* GPIOx, GPIO_InitTypeDef* GPIO_InitStruct)
 174:lib/STM32F10x_StdPeriph_Driver/src/stm32f10x_gpio.c **** {
 216              		.loc 1 174 0
 217              		.cfi_startproc
 218              		@ args = 0, pretend = 0, frame = 0
 219              		@ frame_needed = 0, uses_anonymous_args = 0
 220              	.LVL24:
 175:lib/STM32F10x_StdPeriph_Driver/src/stm32f10x_gpio.c ****   uint32_t currentmode = 0x00, currentpin = 0x00, pinpos = 0x00, pos = 0x00;
 176:lib/STM32F10x_StdPeriph_Driver/src/stm32f10x_gpio.c ****   uint32_t tmpreg = 0x00, pinmask = 0x00;
 177:lib/STM32F10x_StdPeriph_Driver/src/stm32f10x_gpio.c ****   /* Check the parameters */
 178:lib/STM32F10x_StdPeriph_Driver/src/stm32f10x_gpio.c ****   assert_param(IS_GPIO_ALL_PERIPH(GPIOx));
 179:lib/STM32F10x_StdPeriph_Driver/src/stm32f10x_gpio.c ****   assert_param(IS_GPIO_MODE(GPIO_InitStruct->GPIO_Mode));
 180:lib/STM32F10x_StdPeriph_Driver/src/stm32f10x_gpio.c ****   assert_param(IS_GPIO_PIN(GPIO_InitStruct->GPIO_Pin));  
 181:lib/STM32F10x_StdPeriph_Driver/src/stm32f10x_gpio.c ****   
 182:lib/STM32F10x_StdPeriph_Driver/src/stm32f10x_gpio.c **** /*---------------------------- GPIO Mode Configuration -----------------------*/
 183:lib/STM32F10x_StdPeriph_Driver/src/stm32f10x_gpio.c ****   currentmode = ((uint32_t)GPIO_InitStruct->GPIO_Mode) & ((uint32_t)0x0F);
 221              		.loc 1 183 0
 222 00ce CA78     		ldrb	r2, [r1, #3]	@ zero_extendqisi2
 174:lib/STM32F10x_StdPeriph_Driver/src/stm32f10x_gpio.c ****   uint32_t currentmode = 0x00, currentpin = 0x00, pinpos = 0x00, pos = 0x00;
 223              		.loc 1 174 0
 224 00d0 2DE9F041 		push	{r4, r5, r6, r7, r8, lr}
 225              	.LCFI5:
 226              		.cfi_def_cfa_offset 24
 227              		.cfi_offset 4, -24
 228              		.cfi_offset 5, -20
 229              		.cfi_offset 6, -16
 230              		.cfi_offset 7, -12
 231              		.cfi_offset 8, -8
 232              		.cfi_offset 14, -4
 184:lib/STM32F10x_StdPeriph_Driver/src/stm32f10x_gpio.c ****   if ((((uint32_t)GPIO_InitStruct->GPIO_Mode) & ((uint32_t)0x10)) != 0x00)
 233              		.loc 1 184 0
 234 00d4 D406     		lsls	r4, r2, #27
 185:lib/STM32F10x_StdPeriph_Driver/src/stm32f10x_gpio.c ****   { 
 186:lib/STM32F10x_StdPeriph_Driver/src/stm32f10x_gpio.c ****     /* Check the parameters */
 187:lib/STM32F10x_StdPeriph_Driver/src/stm32f10x_gpio.c ****     assert_param(IS_GPIO_SPEED(GPIO_InitStruct->GPIO_Speed));
 188:lib/STM32F10x_StdPeriph_Driver/src/stm32f10x_gpio.c ****     /* Output mode */
 189:lib/STM32F10x_StdPeriph_Driver/src/stm32f10x_gpio.c ****     currentmode |= (uint32_t)GPIO_InitStruct->GPIO_Speed;
 235              		.loc 1 189 0
 236 00d6 48BF     		it	mi
 237 00d8 8C78     		ldrbmi	r4, [r1, #2]	@ zero_extendqisi2
 190:lib/STM32F10x_StdPeriph_Driver/src/stm32f10x_gpio.c ****   }
 191:lib/STM32F10x_StdPeriph_Driver/src/stm32f10x_gpio.c **** /*---------------------------- GPIO CRL Configuration ------------------------*/
 192:lib/STM32F10x_StdPeriph_Driver/src/stm32f10x_gpio.c ****   /* Configure the eight low port pins */
 193:lib/STM32F10x_StdPeriph_Driver/src/stm32f10x_gpio.c ****   if (((uint32_t)GPIO_InitStruct->GPIO_Pin & ((uint32_t)0x00FF)) != 0x00)
 238              		.loc 1 193 0
 239 00da 0E88     		ldrh	r6, [r1]
 240 00dc 02F00F03 		and	r3, r2, #15
 241              	.LVL25:
 189:lib/STM32F10x_StdPeriph_Driver/src/stm32f10x_gpio.c ****   }
 242              		.loc 1 189 0
 243 00e0 48BF     		it	mi
 244 00e2 2343     		orrmi	r3, r3, r4
 245              	.LVL26:
 246              		.loc 1 193 0
 247 00e4 16F0FF0F 		tst	r6, #255
 248 00e8 1ED0     		beq	.L17
 194:lib/STM32F10x_StdPeriph_Driver/src/stm32f10x_gpio.c ****   {
 195:lib/STM32F10x_StdPeriph_Driver/src/stm32f10x_gpio.c ****     tmpreg = GPIOx->CRL;
 249              		.loc 1 195 0
 250 00ea 0168     		ldr	r1, [r0]
 251              	.LVL27:
 196:lib/STM32F10x_StdPeriph_Driver/src/stm32f10x_gpio.c ****     for (pinpos = 0x00; pinpos < 0x08; pinpos++)
 252              		.loc 1 196 0
 253 00ec 0024     		movs	r4, #0
 197:lib/STM32F10x_StdPeriph_Driver/src/stm32f10x_gpio.c ****     {
 198:lib/STM32F10x_StdPeriph_Driver/src/stm32f10x_gpio.c ****       pos = ((uint32_t)0x01) << pinpos;
 254              		.loc 1 198 0
 255 00ee 4FF0010E 		mov	lr, #1
 199:lib/STM32F10x_StdPeriph_Driver/src/stm32f10x_gpio.c ****       /* Get the port pins position */
 200:lib/STM32F10x_StdPeriph_Driver/src/stm32f10x_gpio.c ****       currentpin = (GPIO_InitStruct->GPIO_Pin) & pos;
 201:lib/STM32F10x_StdPeriph_Driver/src/stm32f10x_gpio.c ****       if (currentpin == pos)
 202:lib/STM32F10x_StdPeriph_Driver/src/stm32f10x_gpio.c ****       {
 203:lib/STM32F10x_StdPeriph_Driver/src/stm32f10x_gpio.c ****         pos = pinpos << 2;
 204:lib/STM32F10x_StdPeriph_Driver/src/stm32f10x_gpio.c ****         /* Clear the corresponding low control register bits */
 205:lib/STM32F10x_StdPeriph_Driver/src/stm32f10x_gpio.c ****         pinmask = ((uint32_t)0x0F) << pos;
 206:lib/STM32F10x_StdPeriph_Driver/src/stm32f10x_gpio.c ****         tmpreg &= ~pinmask;
 256              		.loc 1 206 0
 257 00f2 4FF00F0C 		mov	ip, #15
 258              	.LVL28:
 259              	.L20:
 198:lib/STM32F10x_StdPeriph_Driver/src/stm32f10x_gpio.c ****       /* Get the port pins position */
 260              		.loc 1 198 0
 261 00f6 0EFA04F7 		lsl	r7, lr, r4
 262              	.LVL29:
 201:lib/STM32F10x_StdPeriph_Driver/src/stm32f10x_gpio.c ****       {
 263              		.loc 1 201 0
 264 00fa 37EA0605 		bics	r5, r7, r6
 265 00fe 0FD1     		bne	.L18
 203:lib/STM32F10x_StdPeriph_Driver/src/stm32f10x_gpio.c ****         /* Clear the corresponding low control register bits */
 266              		.loc 1 203 0
 267 0100 A500     		lsls	r5, r4, #2
 268              	.LVL30:
 269              		.loc 1 206 0
 270 0102 0CFA05F8 		lsl	r8, ip, r5
 271 0106 21EA0801 		bic	r1, r1, r8
 272              	.LVL31:
 207:lib/STM32F10x_StdPeriph_Driver/src/stm32f10x_gpio.c ****         /* Write the mode configuration in the corresponding bits */
 208:lib/STM32F10x_StdPeriph_Driver/src/stm32f10x_gpio.c ****         tmpreg |= (currentmode << pos);
 273              		.loc 1 208 0
 274 010a 03FA05F5 		lsl	r5, r3, r5
 275              	.LVL32:
 209:lib/STM32F10x_StdPeriph_Driver/src/stm32f10x_gpio.c ****         /* Reset the corresponding ODR bit */
 210:lib/STM32F10x_StdPeriph_Driver/src/stm32f10x_gpio.c ****         if (GPIO_InitStruct->GPIO_Mode == GPIO_Mode_IPD)
 276              		.loc 1 210 0
 277 010e 282A     		cmp	r2, #40
 208:lib/STM32F10x_StdPeriph_Driver/src/stm32f10x_gpio.c ****         /* Reset the corresponding ODR bit */
 278              		.loc 1 208 0
 279 0110 41EA0501 		orr	r1, r1, r5
 280              	.LVL33:
 281              		.loc 1 210 0
 282 0114 01D1     		bne	.L19
 211:lib/STM32F10x_StdPeriph_Driver/src/stm32f10x_gpio.c ****         {
 212:lib/STM32F10x_StdPeriph_Driver/src/stm32f10x_gpio.c ****           GPIOx->BRR = (((uint32_t)0x01) << pinpos);
 283              		.loc 1 212 0
 284 0116 4761     		str	r7, [r0, #20]
 285 0118 02E0     		b	.L18
 286              	.L19:
 213:lib/STM32F10x_StdPeriph_Driver/src/stm32f10x_gpio.c ****         }
 214:lib/STM32F10x_StdPeriph_Driver/src/stm32f10x_gpio.c ****         else
 215:lib/STM32F10x_StdPeriph_Driver/src/stm32f10x_gpio.c ****         {
 216:lib/STM32F10x_StdPeriph_Driver/src/stm32f10x_gpio.c ****           /* Set the corresponding ODR bit */
 217:lib/STM32F10x_StdPeriph_Driver/src/stm32f10x_gpio.c ****           if (GPIO_InitStruct->GPIO_Mode == GPIO_Mode_IPU)
 287              		.loc 1 217 0
 288 011a 482A     		cmp	r2, #72
 218:lib/STM32F10x_StdPeriph_Driver/src/stm32f10x_gpio.c ****           {
 219:lib/STM32F10x_StdPeriph_Driver/src/stm32f10x_gpio.c ****             GPIOx->BSRR = (((uint32_t)0x01) << pinpos);
 289              		.loc 1 219 0
 290 011c 08BF     		it	eq
 291 011e 0761     		streq	r7, [r0, #16]
 292              	.LVL34:
 293              	.L18:
 196:lib/STM32F10x_StdPeriph_Driver/src/stm32f10x_gpio.c ****     {
 294              		.loc 1 196 0 discriminator 2
 295 0120 0134     		adds	r4, r4, #1
 296              	.LVL35:
 297 0122 082C     		cmp	r4, #8
 298 0124 E7D1     		bne	.L20
 220:lib/STM32F10x_StdPeriph_Driver/src/stm32f10x_gpio.c ****           }
 221:lib/STM32F10x_StdPeriph_Driver/src/stm32f10x_gpio.c ****         }
 222:lib/STM32F10x_StdPeriph_Driver/src/stm32f10x_gpio.c ****       }
 223:lib/STM32F10x_StdPeriph_Driver/src/stm32f10x_gpio.c ****     }
 224:lib/STM32F10x_StdPeriph_Driver/src/stm32f10x_gpio.c ****     GPIOx->CRL = tmpreg;
 299              		.loc 1 224 0
 300 0126 0160     		str	r1, [r0]
 301              	.LVL36:
 302              	.L17:
 225:lib/STM32F10x_StdPeriph_Driver/src/stm32f10x_gpio.c ****   }
 226:lib/STM32F10x_StdPeriph_Driver/src/stm32f10x_gpio.c **** /*---------------------------- GPIO CRH Configuration ------------------------*/
 227:lib/STM32F10x_StdPeriph_Driver/src/stm32f10x_gpio.c ****   /* Configure the eight high port pins */
 228:lib/STM32F10x_StdPeriph_Driver/src/stm32f10x_gpio.c ****   if (GPIO_InitStruct->GPIO_Pin > 0x00FF)
 303              		.loc 1 228 0
 304 0128 FF2E     		cmp	r6, #255
 305 012a 20D9     		bls	.L14
 229:lib/STM32F10x_StdPeriph_Driver/src/stm32f10x_gpio.c ****   {
 230:lib/STM32F10x_StdPeriph_Driver/src/stm32f10x_gpio.c ****     tmpreg = GPIOx->CRH;
 306              		.loc 1 230 0
 307 012c 4168     		ldr	r1, [r0, #4]
 308              	.LVL37:
 231:lib/STM32F10x_StdPeriph_Driver/src/stm32f10x_gpio.c ****     for (pinpos = 0x00; pinpos < 0x08; pinpos++)
 309              		.loc 1 231 0
 310 012e 0024     		movs	r4, #0
 232:lib/STM32F10x_StdPeriph_Driver/src/stm32f10x_gpio.c ****     {
 233:lib/STM32F10x_StdPeriph_Driver/src/stm32f10x_gpio.c ****       pos = (((uint32_t)0x01) << (pinpos + 0x08));
 311              		.loc 1 233 0
 312 0130 4FF0010E 		mov	lr, #1
 234:lib/STM32F10x_StdPeriph_Driver/src/stm32f10x_gpio.c ****       /* Get the port pins position */
 235:lib/STM32F10x_StdPeriph_Driver/src/stm32f10x_gpio.c ****       currentpin = ((GPIO_InitStruct->GPIO_Pin) & pos);
 236:lib/STM32F10x_StdPeriph_Driver/src/stm32f10x_gpio.c ****       if (currentpin == pos)
 237:lib/STM32F10x_StdPeriph_Driver/src/stm32f10x_gpio.c ****       {
 238:lib/STM32F10x_StdPeriph_Driver/src/stm32f10x_gpio.c ****         pos = pinpos << 2;
 239:lib/STM32F10x_StdPeriph_Driver/src/stm32f10x_gpio.c ****         /* Clear the corresponding high control register bits */
 240:lib/STM32F10x_StdPeriph_Driver/src/stm32f10x_gpio.c ****         pinmask = ((uint32_t)0x0F) << pos;
 241:lib/STM32F10x_StdPeriph_Driver/src/stm32f10x_gpio.c ****         tmpreg &= ~pinmask;
 313              		.loc 1 241 0
 314 0134 4FF00F0C 		mov	ip, #15
 315              	.LVL38:
 316              	.L24:
 233:lib/STM32F10x_StdPeriph_Driver/src/stm32f10x_gpio.c ****       /* Get the port pins position */
 317              		.loc 1 233 0
 318 0138 04F10805 		add	r5, r4, #8
 319 013c 0EFA05F5 		lsl	r5, lr, r5
 320              	.LVL39:
 236:lib/STM32F10x_StdPeriph_Driver/src/stm32f10x_gpio.c ****       {
 321              		.loc 1 236 0
 322 0140 35EA0607 		bics	r7, r5, r6
 323 0144 0FD1     		bne	.L22
 238:lib/STM32F10x_StdPeriph_Driver/src/stm32f10x_gpio.c ****         /* Clear the corresponding high control register bits */
 324              		.loc 1 238 0
 325 0146 A700     		lsls	r7, r4, #2
 326              	.LVL40:
 327              		.loc 1 241 0
 328 0148 0CFA07F8 		lsl	r8, ip, r7
 329 014c 21EA0801 		bic	r1, r1, r8
 330              	.LVL41:
 242:lib/STM32F10x_StdPeriph_Driver/src/stm32f10x_gpio.c ****         /* Write the mode configuration in the corresponding bits */
 243:lib/STM32F10x_StdPeriph_Driver/src/stm32f10x_gpio.c ****         tmpreg |= (currentmode << pos);
 331              		.loc 1 243 0
 332 0150 03FA07F7 		lsl	r7, r3, r7
 333              	.LVL42:
 244:lib/STM32F10x_StdPeriph_Driver/src/stm32f10x_gpio.c ****         /* Reset the corresponding ODR bit */
 245:lib/STM32F10x_StdPeriph_Driver/src/stm32f10x_gpio.c ****         if (GPIO_InitStruct->GPIO_Mode == GPIO_Mode_IPD)
 334              		.loc 1 245 0
 335 0154 282A     		cmp	r2, #40
 243:lib/STM32F10x_StdPeriph_Driver/src/stm32f10x_gpio.c ****         /* Reset the corresponding ODR bit */
 336              		.loc 1 243 0
 337 0156 41EA0701 		orr	r1, r1, r7
 338              	.LVL43:
 339              		.loc 1 245 0
 340 015a 01D1     		bne	.L23
 246:lib/STM32F10x_StdPeriph_Driver/src/stm32f10x_gpio.c ****         {
 247:lib/STM32F10x_StdPeriph_Driver/src/stm32f10x_gpio.c ****           GPIOx->BRR = (((uint32_t)0x01) << (pinpos + 0x08));
 341              		.loc 1 247 0
 342 015c 4561     		str	r5, [r0, #20]
 343 015e 02E0     		b	.L22
 344              	.L23:
 248:lib/STM32F10x_StdPeriph_Driver/src/stm32f10x_gpio.c ****         }
 249:lib/STM32F10x_StdPeriph_Driver/src/stm32f10x_gpio.c ****         /* Set the corresponding ODR bit */
 250:lib/STM32F10x_StdPeriph_Driver/src/stm32f10x_gpio.c ****         if (GPIO_InitStruct->GPIO_Mode == GPIO_Mode_IPU)
 345              		.loc 1 250 0
 346 0160 482A     		cmp	r2, #72
 251:lib/STM32F10x_StdPeriph_Driver/src/stm32f10x_gpio.c ****         {
 252:lib/STM32F10x_StdPeriph_Driver/src/stm32f10x_gpio.c ****           GPIOx->BSRR = (((uint32_t)0x01) << (pinpos + 0x08));
 347              		.loc 1 252 0
 348 0162 08BF     		it	eq
 349 0164 0561     		streq	r5, [r0, #16]
 350              	.LVL44:
 351              	.L22:
 231:lib/STM32F10x_StdPeriph_Driver/src/stm32f10x_gpio.c ****     {
 352              		.loc 1 231 0 discriminator 2
 353 0166 0134     		adds	r4, r4, #1
 354              	.LVL45:
 355 0168 082C     		cmp	r4, #8
 356 016a E5D1     		bne	.L24
 253:lib/STM32F10x_StdPeriph_Driver/src/stm32f10x_gpio.c ****         }
 254:lib/STM32F10x_StdPeriph_Driver/src/stm32f10x_gpio.c ****       }
 255:lib/STM32F10x_StdPeriph_Driver/src/stm32f10x_gpio.c ****     }
 256:lib/STM32F10x_StdPeriph_Driver/src/stm32f10x_gpio.c ****     GPIOx->CRH = tmpreg;
 357              		.loc 1 256 0
 358 016c 4160     		str	r1, [r0, #4]
 359              	.LVL46:
 360              	.L14:
 361 016e BDE8F081 		pop	{r4, r5, r6, r7, r8, pc}
 362              		.cfi_endproc
 363              	.LFE31:
 365              		.align	1
 366              		.global	GPIO_StructInit
 367              		.thumb
 368              		.thumb_func
 370              	GPIO_StructInit:
 371              	.LFB32:
 257:lib/STM32F10x_StdPeriph_Driver/src/stm32f10x_gpio.c ****   }
 258:lib/STM32F10x_StdPeriph_Driver/src/stm32f10x_gpio.c **** }
 259:lib/STM32F10x_StdPeriph_Driver/src/stm32f10x_gpio.c **** 
 260:lib/STM32F10x_StdPeriph_Driver/src/stm32f10x_gpio.c **** /**
 261:lib/STM32F10x_StdPeriph_Driver/src/stm32f10x_gpio.c ****   * @brief  Fills each GPIO_InitStruct member with its default value.
 262:lib/STM32F10x_StdPeriph_Driver/src/stm32f10x_gpio.c ****   * @param  GPIO_InitStruct : pointer to a GPIO_InitTypeDef structure which will
 263:lib/STM32F10x_StdPeriph_Driver/src/stm32f10x_gpio.c ****   *         be initialized.
 264:lib/STM32F10x_StdPeriph_Driver/src/stm32f10x_gpio.c ****   * @retval None
 265:lib/STM32F10x_StdPeriph_Driver/src/stm32f10x_gpio.c ****   */
 266:lib/STM32F10x_StdPeriph_Driver/src/stm32f10x_gpio.c **** void GPIO_StructInit(GPIO_InitTypeDef* GPIO_InitStruct)
 267:lib/STM32F10x_StdPeriph_Driver/src/stm32f10x_gpio.c **** {
 372              		.loc 1 267 0
 373              		.cfi_startproc
 374              		@ args = 0, pretend = 0, frame = 0
 375              		@ frame_needed = 0, uses_anonymous_args = 0
 376              		@ link register save eliminated.
 377              	.LVL47:
 268:lib/STM32F10x_StdPeriph_Driver/src/stm32f10x_gpio.c ****   /* Reset GPIO init structure parameters values */
 269:lib/STM32F10x_StdPeriph_Driver/src/stm32f10x_gpio.c ****   GPIO_InitStruct->GPIO_Pin  = GPIO_Pin_All;
 378              		.loc 1 269 0
 379 0172 4FF6FF73 		movw	r3, #65535
 380 0176 0380     		strh	r3, [r0]	@ movhi
 270:lib/STM32F10x_StdPeriph_Driver/src/stm32f10x_gpio.c ****   GPIO_InitStruct->GPIO_Speed = GPIO_Speed_2MHz;
 381              		.loc 1 270 0
 382 0178 0223     		movs	r3, #2
 383 017a 8370     		strb	r3, [r0, #2]
 271:lib/STM32F10x_StdPeriph_Driver/src/stm32f10x_gpio.c ****   GPIO_InitStruct->GPIO_Mode = GPIO_Mode_IN_FLOATING;
 384              		.loc 1 271 0
 385 017c 0423     		movs	r3, #4
 386 017e C370     		strb	r3, [r0, #3]
 387 0180 7047     		bx	lr
 388              		.cfi_endproc
 389              	.LFE32:
 391              		.align	1
 392              		.global	GPIO_ReadInputDataBit
 393              		.thumb
 394              		.thumb_func
 396              	GPIO_ReadInputDataBit:
 397              	.LFB33:
 272:lib/STM32F10x_StdPeriph_Driver/src/stm32f10x_gpio.c **** }
 273:lib/STM32F10x_StdPeriph_Driver/src/stm32f10x_gpio.c **** 
 274:lib/STM32F10x_StdPeriph_Driver/src/stm32f10x_gpio.c **** /**
 275:lib/STM32F10x_StdPeriph_Driver/src/stm32f10x_gpio.c ****   * @brief  Reads the specified input port pin.
 276:lib/STM32F10x_StdPeriph_Driver/src/stm32f10x_gpio.c ****   * @param  GPIOx: where x can be (A..G) to select the GPIO peripheral.
 277:lib/STM32F10x_StdPeriph_Driver/src/stm32f10x_gpio.c ****   * @param  GPIO_Pin:  specifies the port bit to read.
 278:lib/STM32F10x_StdPeriph_Driver/src/stm32f10x_gpio.c ****   *   This parameter can be GPIO_Pin_x where x can be (0..15).
 279:lib/STM32F10x_StdPeriph_Driver/src/stm32f10x_gpio.c ****   * @retval The input port pin value.
 280:lib/STM32F10x_StdPeriph_Driver/src/stm32f10x_gpio.c ****   */
 281:lib/STM32F10x_StdPeriph_Driver/src/stm32f10x_gpio.c **** uint8_t GPIO_ReadInputDataBit(GPIO_TypeDef* GPIOx, uint16_t GPIO_Pin)
 282:lib/STM32F10x_StdPeriph_Driver/src/stm32f10x_gpio.c **** {
 398              		.loc 1 282 0
 399              		.cfi_startproc
 400              		@ args = 0, pretend = 0, frame = 0
 401              		@ frame_needed = 0, uses_anonymous_args = 0
 402              		@ link register save eliminated.
 403              	.LVL48:
 283:lib/STM32F10x_StdPeriph_Driver/src/stm32f10x_gpio.c ****   uint8_t bitstatus = 0x00;
 284:lib/STM32F10x_StdPeriph_Driver/src/stm32f10x_gpio.c ****   
 285:lib/STM32F10x_StdPeriph_Driver/src/stm32f10x_gpio.c ****   /* Check the parameters */
 286:lib/STM32F10x_StdPeriph_Driver/src/stm32f10x_gpio.c ****   assert_param(IS_GPIO_ALL_PERIPH(GPIOx));
 287:lib/STM32F10x_StdPeriph_Driver/src/stm32f10x_gpio.c ****   assert_param(IS_GET_GPIO_PIN(GPIO_Pin)); 
 288:lib/STM32F10x_StdPeriph_Driver/src/stm32f10x_gpio.c ****   
 289:lib/STM32F10x_StdPeriph_Driver/src/stm32f10x_gpio.c ****   if ((GPIOx->IDR & GPIO_Pin) != (uint32_t)Bit_RESET)
 404              		.loc 1 289 0
 405 0182 8368     		ldr	r3, [r0, #8]
 406              	.LVL49:
 290:lib/STM32F10x_StdPeriph_Driver/src/stm32f10x_gpio.c ****   {
 291:lib/STM32F10x_StdPeriph_Driver/src/stm32f10x_gpio.c ****     bitstatus = (uint8_t)Bit_SET;
 292:lib/STM32F10x_StdPeriph_Driver/src/stm32f10x_gpio.c ****   }
 293:lib/STM32F10x_StdPeriph_Driver/src/stm32f10x_gpio.c ****   else
 294:lib/STM32F10x_StdPeriph_Driver/src/stm32f10x_gpio.c ****   {
 295:lib/STM32F10x_StdPeriph_Driver/src/stm32f10x_gpio.c ****     bitstatus = (uint8_t)Bit_RESET;
 296:lib/STM32F10x_StdPeriph_Driver/src/stm32f10x_gpio.c ****   }
 297:lib/STM32F10x_StdPeriph_Driver/src/stm32f10x_gpio.c ****   return bitstatus;
 407              		.loc 1 297 0
 408 0184 1942     		tst	r1, r3
 298:lib/STM32F10x_StdPeriph_Driver/src/stm32f10x_gpio.c **** }
 409              		.loc 1 298 0
 410 0186 14BF     		ite	ne
 411 0188 0120     		movne	r0, #1
 412              	.LVL50:
 413 018a 0020     		moveq	r0, #0
 414 018c 7047     		bx	lr
 415              		.cfi_endproc
 416              	.LFE33:
 418              		.align	1
 419              		.global	GPIO_ReadInputData
 420              		.thumb
 421              		.thumb_func
 423              	GPIO_ReadInputData:
 424              	.LFB34:
 299:lib/STM32F10x_StdPeriph_Driver/src/stm32f10x_gpio.c **** 
 300:lib/STM32F10x_StdPeriph_Driver/src/stm32f10x_gpio.c **** /**
 301:lib/STM32F10x_StdPeriph_Driver/src/stm32f10x_gpio.c ****   * @brief  Reads the specified GPIO input data port.
 302:lib/STM32F10x_StdPeriph_Driver/src/stm32f10x_gpio.c ****   * @param  GPIOx: where x can be (A..G) to select the GPIO peripheral.
 303:lib/STM32F10x_StdPeriph_Driver/src/stm32f10x_gpio.c ****   * @retval GPIO input data port value.
 304:lib/STM32F10x_StdPeriph_Driver/src/stm32f10x_gpio.c ****   */
 305:lib/STM32F10x_StdPeriph_Driver/src/stm32f10x_gpio.c **** uint16_t GPIO_ReadInputData(GPIO_TypeDef* GPIOx)
 306:lib/STM32F10x_StdPeriph_Driver/src/stm32f10x_gpio.c **** {
 425              		.loc 1 306 0
 426              		.cfi_startproc
 427              		@ args = 0, pretend = 0, frame = 0
 428              		@ frame_needed = 0, uses_anonymous_args = 0
 429              		@ link register save eliminated.
 430              	.LVL51:
 307:lib/STM32F10x_StdPeriph_Driver/src/stm32f10x_gpio.c ****   /* Check the parameters */
 308:lib/STM32F10x_StdPeriph_Driver/src/stm32f10x_gpio.c ****   assert_param(IS_GPIO_ALL_PERIPH(GPIOx));
 309:lib/STM32F10x_StdPeriph_Driver/src/stm32f10x_gpio.c ****   
 310:lib/STM32F10x_StdPeriph_Driver/src/stm32f10x_gpio.c ****   return ((uint16_t)GPIOx->IDR);
 431              		.loc 1 310 0
 432 018e 8068     		ldr	r0, [r0, #8]
 433              	.LVL52:
 311:lib/STM32F10x_StdPeriph_Driver/src/stm32f10x_gpio.c **** }
 434              		.loc 1 311 0
 435 0190 80B2     		uxth	r0, r0
 436 0192 7047     		bx	lr
 437              		.cfi_endproc
 438              	.LFE34:
 440              		.align	1
 441              		.global	GPIO_ReadOutputDataBit
 442              		.thumb
 443              		.thumb_func
 445              	GPIO_ReadOutputDataBit:
 446              	.LFB35:
 312:lib/STM32F10x_StdPeriph_Driver/src/stm32f10x_gpio.c **** 
 313:lib/STM32F10x_StdPeriph_Driver/src/stm32f10x_gpio.c **** /**
 314:lib/STM32F10x_StdPeriph_Driver/src/stm32f10x_gpio.c ****   * @brief  Reads the specified output data port bit.
 315:lib/STM32F10x_StdPeriph_Driver/src/stm32f10x_gpio.c ****   * @param  GPIOx: where x can be (A..G) to select the GPIO peripheral.
 316:lib/STM32F10x_StdPeriph_Driver/src/stm32f10x_gpio.c ****   * @param  GPIO_Pin:  specifies the port bit to read.
 317:lib/STM32F10x_StdPeriph_Driver/src/stm32f10x_gpio.c ****   *   This parameter can be GPIO_Pin_x where x can be (0..15).
 318:lib/STM32F10x_StdPeriph_Driver/src/stm32f10x_gpio.c ****   * @retval The output port pin value.
 319:lib/STM32F10x_StdPeriph_Driver/src/stm32f10x_gpio.c ****   */
 320:lib/STM32F10x_StdPeriph_Driver/src/stm32f10x_gpio.c **** uint8_t GPIO_ReadOutputDataBit(GPIO_TypeDef* GPIOx, uint16_t GPIO_Pin)
 321:lib/STM32F10x_StdPeriph_Driver/src/stm32f10x_gpio.c **** {
 447              		.loc 1 321 0
 448              		.cfi_startproc
 449              		@ args = 0, pretend = 0, frame = 0
 450              		@ frame_needed = 0, uses_anonymous_args = 0
 451              		@ link register save eliminated.
 452              	.LVL53:
 322:lib/STM32F10x_StdPeriph_Driver/src/stm32f10x_gpio.c ****   uint8_t bitstatus = 0x00;
 323:lib/STM32F10x_StdPeriph_Driver/src/stm32f10x_gpio.c ****   /* Check the parameters */
 324:lib/STM32F10x_StdPeriph_Driver/src/stm32f10x_gpio.c ****   assert_param(IS_GPIO_ALL_PERIPH(GPIOx));
 325:lib/STM32F10x_StdPeriph_Driver/src/stm32f10x_gpio.c ****   assert_param(IS_GET_GPIO_PIN(GPIO_Pin)); 
 326:lib/STM32F10x_StdPeriph_Driver/src/stm32f10x_gpio.c ****   
 327:lib/STM32F10x_StdPeriph_Driver/src/stm32f10x_gpio.c ****   if ((GPIOx->ODR & GPIO_Pin) != (uint32_t)Bit_RESET)
 453              		.loc 1 327 0
 454 0194 C368     		ldr	r3, [r0, #12]
 455              	.LVL54:
 328:lib/STM32F10x_StdPeriph_Driver/src/stm32f10x_gpio.c ****   {
 329:lib/STM32F10x_StdPeriph_Driver/src/stm32f10x_gpio.c ****     bitstatus = (uint8_t)Bit_SET;
 330:lib/STM32F10x_StdPeriph_Driver/src/stm32f10x_gpio.c ****   }
 331:lib/STM32F10x_StdPeriph_Driver/src/stm32f10x_gpio.c ****   else
 332:lib/STM32F10x_StdPeriph_Driver/src/stm32f10x_gpio.c ****   {
 333:lib/STM32F10x_StdPeriph_Driver/src/stm32f10x_gpio.c ****     bitstatus = (uint8_t)Bit_RESET;
 334:lib/STM32F10x_StdPeriph_Driver/src/stm32f10x_gpio.c ****   }
 335:lib/STM32F10x_StdPeriph_Driver/src/stm32f10x_gpio.c ****   return bitstatus;
 456              		.loc 1 335 0
 457 0196 1942     		tst	r1, r3
 336:lib/STM32F10x_StdPeriph_Driver/src/stm32f10x_gpio.c **** }
 458              		.loc 1 336 0
 459 0198 14BF     		ite	ne
 460 019a 0120     		movne	r0, #1
 461              	.LVL55:
 462 019c 0020     		moveq	r0, #0
 463 019e 7047     		bx	lr
 464              		.cfi_endproc
 465              	.LFE35:
 467              		.align	1
 468              		.global	GPIO_ReadOutputData
 469              		.thumb
 470              		.thumb_func
 472              	GPIO_ReadOutputData:
 473              	.LFB36:
 337:lib/STM32F10x_StdPeriph_Driver/src/stm32f10x_gpio.c **** 
 338:lib/STM32F10x_StdPeriph_Driver/src/stm32f10x_gpio.c **** /**
 339:lib/STM32F10x_StdPeriph_Driver/src/stm32f10x_gpio.c ****   * @brief  Reads the specified GPIO output data port.
 340:lib/STM32F10x_StdPeriph_Driver/src/stm32f10x_gpio.c ****   * @param  GPIOx: where x can be (A..G) to select the GPIO peripheral.
 341:lib/STM32F10x_StdPeriph_Driver/src/stm32f10x_gpio.c ****   * @retval GPIO output data port value.
 342:lib/STM32F10x_StdPeriph_Driver/src/stm32f10x_gpio.c ****   */
 343:lib/STM32F10x_StdPeriph_Driver/src/stm32f10x_gpio.c **** uint16_t GPIO_ReadOutputData(GPIO_TypeDef* GPIOx)
 344:lib/STM32F10x_StdPeriph_Driver/src/stm32f10x_gpio.c **** {
 474              		.loc 1 344 0
 475              		.cfi_startproc
 476              		@ args = 0, pretend = 0, frame = 0
 477              		@ frame_needed = 0, uses_anonymous_args = 0
 478              		@ link register save eliminated.
 479              	.LVL56:
 345:lib/STM32F10x_StdPeriph_Driver/src/stm32f10x_gpio.c ****   /* Check the parameters */
 346:lib/STM32F10x_StdPeriph_Driver/src/stm32f10x_gpio.c ****   assert_param(IS_GPIO_ALL_PERIPH(GPIOx));
 347:lib/STM32F10x_StdPeriph_Driver/src/stm32f10x_gpio.c ****     
 348:lib/STM32F10x_StdPeriph_Driver/src/stm32f10x_gpio.c ****   return ((uint16_t)GPIOx->ODR);
 480              		.loc 1 348 0
 481 01a0 C068     		ldr	r0, [r0, #12]
 482              	.LVL57:
 349:lib/STM32F10x_StdPeriph_Driver/src/stm32f10x_gpio.c **** }
 483              		.loc 1 349 0
 484 01a2 80B2     		uxth	r0, r0
 485 01a4 7047     		bx	lr
 486              		.cfi_endproc
 487              	.LFE36:
 489              		.align	1
 490              		.global	GPIO_SetBits
 491              		.thumb
 492              		.thumb_func
 494              	GPIO_SetBits:
 495              	.LFB37:
 350:lib/STM32F10x_StdPeriph_Driver/src/stm32f10x_gpio.c **** 
 351:lib/STM32F10x_StdPeriph_Driver/src/stm32f10x_gpio.c **** /**
 352:lib/STM32F10x_StdPeriph_Driver/src/stm32f10x_gpio.c ****   * @brief  Sets the selected data port bits.
 353:lib/STM32F10x_StdPeriph_Driver/src/stm32f10x_gpio.c ****   * @param  GPIOx: where x can be (A..G) to select the GPIO peripheral.
 354:lib/STM32F10x_StdPeriph_Driver/src/stm32f10x_gpio.c ****   * @param  GPIO_Pin: specifies the port bits to be written.
 355:lib/STM32F10x_StdPeriph_Driver/src/stm32f10x_gpio.c ****   *   This parameter can be any combination of GPIO_Pin_x where x can be (0..15).
 356:lib/STM32F10x_StdPeriph_Driver/src/stm32f10x_gpio.c ****   * @retval None
 357:lib/STM32F10x_StdPeriph_Driver/src/stm32f10x_gpio.c ****   */
 358:lib/STM32F10x_StdPeriph_Driver/src/stm32f10x_gpio.c **** void GPIO_SetBits(GPIO_TypeDef* GPIOx, uint16_t GPIO_Pin)
 359:lib/STM32F10x_StdPeriph_Driver/src/stm32f10x_gpio.c **** {
 496              		.loc 1 359 0
 497              		.cfi_startproc
 498              		@ args = 0, pretend = 0, frame = 0
 499              		@ frame_needed = 0, uses_anonymous_args = 0
 500              		@ link register save eliminated.
 501              	.LVL58:
 360:lib/STM32F10x_StdPeriph_Driver/src/stm32f10x_gpio.c ****   /* Check the parameters */
 361:lib/STM32F10x_StdPeriph_Driver/src/stm32f10x_gpio.c ****   assert_param(IS_GPIO_ALL_PERIPH(GPIOx));
 362:lib/STM32F10x_StdPeriph_Driver/src/stm32f10x_gpio.c ****   assert_param(IS_GPIO_PIN(GPIO_Pin));
 363:lib/STM32F10x_StdPeriph_Driver/src/stm32f10x_gpio.c ****   
 364:lib/STM32F10x_StdPeriph_Driver/src/stm32f10x_gpio.c ****   GPIOx->BSRR = GPIO_Pin;
 502              		.loc 1 364 0
 503 01a6 0161     		str	r1, [r0, #16]
 504 01a8 7047     		bx	lr
 505              		.cfi_endproc
 506              	.LFE37:
 508              		.align	1
 509              		.global	GPIO_ResetBits
 510              		.thumb
 511              		.thumb_func
 513              	GPIO_ResetBits:
 514              	.LFB38:
 365:lib/STM32F10x_StdPeriph_Driver/src/stm32f10x_gpio.c **** }
 366:lib/STM32F10x_StdPeriph_Driver/src/stm32f10x_gpio.c **** 
 367:lib/STM32F10x_StdPeriph_Driver/src/stm32f10x_gpio.c **** /**
 368:lib/STM32F10x_StdPeriph_Driver/src/stm32f10x_gpio.c ****   * @brief  Clears the selected data port bits.
 369:lib/STM32F10x_StdPeriph_Driver/src/stm32f10x_gpio.c ****   * @param  GPIOx: where x can be (A..G) to select the GPIO peripheral.
 370:lib/STM32F10x_StdPeriph_Driver/src/stm32f10x_gpio.c ****   * @param  GPIO_Pin: specifies the port bits to be written.
 371:lib/STM32F10x_StdPeriph_Driver/src/stm32f10x_gpio.c ****   *   This parameter can be any combination of GPIO_Pin_x where x can be (0..15).
 372:lib/STM32F10x_StdPeriph_Driver/src/stm32f10x_gpio.c ****   * @retval None
 373:lib/STM32F10x_StdPeriph_Driver/src/stm32f10x_gpio.c ****   */
 374:lib/STM32F10x_StdPeriph_Driver/src/stm32f10x_gpio.c **** void GPIO_ResetBits(GPIO_TypeDef* GPIOx, uint16_t GPIO_Pin)
 375:lib/STM32F10x_StdPeriph_Driver/src/stm32f10x_gpio.c **** {
 515              		.loc 1 375 0
 516              		.cfi_startproc
 517              		@ args = 0, pretend = 0, frame = 0
 518              		@ frame_needed = 0, uses_anonymous_args = 0
 519              		@ link register save eliminated.
 520              	.LVL59:
 376:lib/STM32F10x_StdPeriph_Driver/src/stm32f10x_gpio.c ****   /* Check the parameters */
 377:lib/STM32F10x_StdPeriph_Driver/src/stm32f10x_gpio.c ****   assert_param(IS_GPIO_ALL_PERIPH(GPIOx));
 378:lib/STM32F10x_StdPeriph_Driver/src/stm32f10x_gpio.c ****   assert_param(IS_GPIO_PIN(GPIO_Pin));
 379:lib/STM32F10x_StdPeriph_Driver/src/stm32f10x_gpio.c ****   
 380:lib/STM32F10x_StdPeriph_Driver/src/stm32f10x_gpio.c ****   GPIOx->BRR = GPIO_Pin;
 521              		.loc 1 380 0
 522 01aa 4161     		str	r1, [r0, #20]
 523 01ac 7047     		bx	lr
 524              		.cfi_endproc
 525              	.LFE38:
 527              		.align	1
 528              		.global	GPIO_WriteBit
 529              		.thumb
 530              		.thumb_func
 532              	GPIO_WriteBit:
 533              	.LFB39:
 381:lib/STM32F10x_StdPeriph_Driver/src/stm32f10x_gpio.c **** }
 382:lib/STM32F10x_StdPeriph_Driver/src/stm32f10x_gpio.c **** 
 383:lib/STM32F10x_StdPeriph_Driver/src/stm32f10x_gpio.c **** /**
 384:lib/STM32F10x_StdPeriph_Driver/src/stm32f10x_gpio.c ****   * @brief  Sets or clears the selected data port bit.
 385:lib/STM32F10x_StdPeriph_Driver/src/stm32f10x_gpio.c ****   * @param  GPIOx: where x can be (A..G) to select the GPIO peripheral.
 386:lib/STM32F10x_StdPeriph_Driver/src/stm32f10x_gpio.c ****   * @param  GPIO_Pin: specifies the port bit to be written.
 387:lib/STM32F10x_StdPeriph_Driver/src/stm32f10x_gpio.c ****   *   This parameter can be one of GPIO_Pin_x where x can be (0..15).
 388:lib/STM32F10x_StdPeriph_Driver/src/stm32f10x_gpio.c ****   * @param  BitVal: specifies the value to be written to the selected bit.
 389:lib/STM32F10x_StdPeriph_Driver/src/stm32f10x_gpio.c ****   *   This parameter can be one of the BitAction enum values:
 390:lib/STM32F10x_StdPeriph_Driver/src/stm32f10x_gpio.c ****   *     @arg Bit_RESET: to clear the port pin
 391:lib/STM32F10x_StdPeriph_Driver/src/stm32f10x_gpio.c ****   *     @arg Bit_SET: to set the port pin
 392:lib/STM32F10x_StdPeriph_Driver/src/stm32f10x_gpio.c ****   * @retval None
 393:lib/STM32F10x_StdPeriph_Driver/src/stm32f10x_gpio.c ****   */
 394:lib/STM32F10x_StdPeriph_Driver/src/stm32f10x_gpio.c **** void GPIO_WriteBit(GPIO_TypeDef* GPIOx, uint16_t GPIO_Pin, BitAction BitVal)
 395:lib/STM32F10x_StdPeriph_Driver/src/stm32f10x_gpio.c **** {
 534              		.loc 1 395 0
 535              		.cfi_startproc
 536              		@ args = 0, pretend = 0, frame = 0
 537              		@ frame_needed = 0, uses_anonymous_args = 0
 538              		@ link register save eliminated.
 539              	.LVL60:
 396:lib/STM32F10x_StdPeriph_Driver/src/stm32f10x_gpio.c ****   /* Check the parameters */
 397:lib/STM32F10x_StdPeriph_Driver/src/stm32f10x_gpio.c ****   assert_param(IS_GPIO_ALL_PERIPH(GPIOx));
 398:lib/STM32F10x_StdPeriph_Driver/src/stm32f10x_gpio.c ****   assert_param(IS_GET_GPIO_PIN(GPIO_Pin));
 399:lib/STM32F10x_StdPeriph_Driver/src/stm32f10x_gpio.c ****   assert_param(IS_GPIO_BIT_ACTION(BitVal)); 
 400:lib/STM32F10x_StdPeriph_Driver/src/stm32f10x_gpio.c ****   
 401:lib/STM32F10x_StdPeriph_Driver/src/stm32f10x_gpio.c ****   if (BitVal != Bit_RESET)
 540              		.loc 1 401 0
 541 01ae 0AB1     		cbz	r2, .L38
 402:lib/STM32F10x_StdPeriph_Driver/src/stm32f10x_gpio.c ****   {
 403:lib/STM32F10x_StdPeriph_Driver/src/stm32f10x_gpio.c ****     GPIOx->BSRR = GPIO_Pin;
 542              		.loc 1 403 0
 543 01b0 0161     		str	r1, [r0, #16]
 544 01b2 7047     		bx	lr
 545              	.L38:
 404:lib/STM32F10x_StdPeriph_Driver/src/stm32f10x_gpio.c ****   }
 405:lib/STM32F10x_StdPeriph_Driver/src/stm32f10x_gpio.c ****   else
 406:lib/STM32F10x_StdPeriph_Driver/src/stm32f10x_gpio.c ****   {
 407:lib/STM32F10x_StdPeriph_Driver/src/stm32f10x_gpio.c ****     GPIOx->BRR = GPIO_Pin;
 546              		.loc 1 407 0
 547 01b4 4161     		str	r1, [r0, #20]
 548 01b6 7047     		bx	lr
 549              		.cfi_endproc
 550              	.LFE39:
 552              		.align	1
 553              		.global	GPIO_Write
 554              		.thumb
 555              		.thumb_func
 557              	GPIO_Write:
 558              	.LFB40:
 408:lib/STM32F10x_StdPeriph_Driver/src/stm32f10x_gpio.c ****   }
 409:lib/STM32F10x_StdPeriph_Driver/src/stm32f10x_gpio.c **** }
 410:lib/STM32F10x_StdPeriph_Driver/src/stm32f10x_gpio.c **** 
 411:lib/STM32F10x_StdPeriph_Driver/src/stm32f10x_gpio.c **** /**
 412:lib/STM32F10x_StdPeriph_Driver/src/stm32f10x_gpio.c ****   * @brief  Writes data to the specified GPIO data port.
 413:lib/STM32F10x_StdPeriph_Driver/src/stm32f10x_gpio.c ****   * @param  GPIOx: where x can be (A..G) to select the GPIO peripheral.
 414:lib/STM32F10x_StdPeriph_Driver/src/stm32f10x_gpio.c ****   * @param  PortVal: specifies the value to be written to the port output data register.
 415:lib/STM32F10x_StdPeriph_Driver/src/stm32f10x_gpio.c ****   * @retval None
 416:lib/STM32F10x_StdPeriph_Driver/src/stm32f10x_gpio.c ****   */
 417:lib/STM32F10x_StdPeriph_Driver/src/stm32f10x_gpio.c **** void GPIO_Write(GPIO_TypeDef* GPIOx, uint16_t PortVal)
 418:lib/STM32F10x_StdPeriph_Driver/src/stm32f10x_gpio.c **** {
 559              		.loc 1 418 0
 560              		.cfi_startproc
 561              		@ args = 0, pretend = 0, frame = 0
 562              		@ frame_needed = 0, uses_anonymous_args = 0
 563              		@ link register save eliminated.
 564              	.LVL61:
 419:lib/STM32F10x_StdPeriph_Driver/src/stm32f10x_gpio.c ****   /* Check the parameters */
 420:lib/STM32F10x_StdPeriph_Driver/src/stm32f10x_gpio.c ****   assert_param(IS_GPIO_ALL_PERIPH(GPIOx));
 421:lib/STM32F10x_StdPeriph_Driver/src/stm32f10x_gpio.c ****   
 422:lib/STM32F10x_StdPeriph_Driver/src/stm32f10x_gpio.c ****   GPIOx->ODR = PortVal;
 565              		.loc 1 422 0
 566 01b8 C160     		str	r1, [r0, #12]
 567 01ba 7047     		bx	lr
 568              		.cfi_endproc
 569              	.LFE40:
 571              		.align	1
 572              		.global	GPIO_PinLockConfig
 573              		.thumb
 574              		.thumb_func
 576              	GPIO_PinLockConfig:
 577              	.LFB41:
 423:lib/STM32F10x_StdPeriph_Driver/src/stm32f10x_gpio.c **** }
 424:lib/STM32F10x_StdPeriph_Driver/src/stm32f10x_gpio.c **** 
 425:lib/STM32F10x_StdPeriph_Driver/src/stm32f10x_gpio.c **** /**
 426:lib/STM32F10x_StdPeriph_Driver/src/stm32f10x_gpio.c ****   * @brief  Locks GPIO Pins configuration registers.
 427:lib/STM32F10x_StdPeriph_Driver/src/stm32f10x_gpio.c ****   * @param  GPIOx: where x can be (A..G) to select the GPIO peripheral.
 428:lib/STM32F10x_StdPeriph_Driver/src/stm32f10x_gpio.c ****   * @param  GPIO_Pin: specifies the port bit to be written.
 429:lib/STM32F10x_StdPeriph_Driver/src/stm32f10x_gpio.c ****   *   This parameter can be any combination of GPIO_Pin_x where x can be (0..15).
 430:lib/STM32F10x_StdPeriph_Driver/src/stm32f10x_gpio.c ****   * @retval None
 431:lib/STM32F10x_StdPeriph_Driver/src/stm32f10x_gpio.c ****   */
 432:lib/STM32F10x_StdPeriph_Driver/src/stm32f10x_gpio.c **** void GPIO_PinLockConfig(GPIO_TypeDef* GPIOx, uint16_t GPIO_Pin)
 433:lib/STM32F10x_StdPeriph_Driver/src/stm32f10x_gpio.c **** {
 578              		.loc 1 433 0
 579              		.cfi_startproc
 580              		@ args = 0, pretend = 0, frame = 0
 581              		@ frame_needed = 0, uses_anonymous_args = 0
 582              		@ link register save eliminated.
 583              	.LVL62:
 434:lib/STM32F10x_StdPeriph_Driver/src/stm32f10x_gpio.c ****   uint32_t tmp = 0x00010000;
 435:lib/STM32F10x_StdPeriph_Driver/src/stm32f10x_gpio.c ****   
 436:lib/STM32F10x_StdPeriph_Driver/src/stm32f10x_gpio.c ****   /* Check the parameters */
 437:lib/STM32F10x_StdPeriph_Driver/src/stm32f10x_gpio.c ****   assert_param(IS_GPIO_ALL_PERIPH(GPIOx));
 438:lib/STM32F10x_StdPeriph_Driver/src/stm32f10x_gpio.c ****   assert_param(IS_GPIO_PIN(GPIO_Pin));
 439:lib/STM32F10x_StdPeriph_Driver/src/stm32f10x_gpio.c ****   
 440:lib/STM32F10x_StdPeriph_Driver/src/stm32f10x_gpio.c ****   tmp |= GPIO_Pin;
 584              		.loc 1 440 0
 585 01bc 41F48033 		orr	r3, r1, #65536
 586              	.LVL63:
 441:lib/STM32F10x_StdPeriph_Driver/src/stm32f10x_gpio.c ****   /* Set LCKK bit */
 442:lib/STM32F10x_StdPeriph_Driver/src/stm32f10x_gpio.c ****   GPIOx->LCKR = tmp;
 587              		.loc 1 442 0
 588 01c0 8361     		str	r3, [r0, #24]
 443:lib/STM32F10x_StdPeriph_Driver/src/stm32f10x_gpio.c ****   /* Reset LCKK bit */
 444:lib/STM32F10x_StdPeriph_Driver/src/stm32f10x_gpio.c ****   GPIOx->LCKR =  GPIO_Pin;
 589              		.loc 1 444 0
 590 01c2 8161     		str	r1, [r0, #24]
 445:lib/STM32F10x_StdPeriph_Driver/src/stm32f10x_gpio.c ****   /* Set LCKK bit */
 446:lib/STM32F10x_StdPeriph_Driver/src/stm32f10x_gpio.c ****   GPIOx->LCKR = tmp;
 591              		.loc 1 446 0
 592 01c4 8361     		str	r3, [r0, #24]
 447:lib/STM32F10x_StdPeriph_Driver/src/stm32f10x_gpio.c ****   /* Read LCKK bit*/
 448:lib/STM32F10x_StdPeriph_Driver/src/stm32f10x_gpio.c ****   tmp = GPIOx->LCKR;
 593              		.loc 1 448 0
 594 01c6 8369     		ldr	r3, [r0, #24]
 595              	.LVL64:
 449:lib/STM32F10x_StdPeriph_Driver/src/stm32f10x_gpio.c ****   /* Read LCKK bit*/
 450:lib/STM32F10x_StdPeriph_Driver/src/stm32f10x_gpio.c ****   tmp = GPIOx->LCKR;
 596              		.loc 1 450 0
 597 01c8 8369     		ldr	r3, [r0, #24]
 598 01ca 7047     		bx	lr
 599              		.cfi_endproc
 600              	.LFE41:
 602              		.align	1
 603              		.global	GPIO_EventOutputConfig
 604              		.thumb
 605              		.thumb_func
 607              	GPIO_EventOutputConfig:
 608              	.LFB42:
 451:lib/STM32F10x_StdPeriph_Driver/src/stm32f10x_gpio.c **** }
 452:lib/STM32F10x_StdPeriph_Driver/src/stm32f10x_gpio.c **** 
 453:lib/STM32F10x_StdPeriph_Driver/src/stm32f10x_gpio.c **** /**
 454:lib/STM32F10x_StdPeriph_Driver/src/stm32f10x_gpio.c ****   * @brief  Selects the GPIO pin used as Event output.
 455:lib/STM32F10x_StdPeriph_Driver/src/stm32f10x_gpio.c ****   * @param  GPIO_PortSource: selects the GPIO port to be used as source
 456:lib/STM32F10x_StdPeriph_Driver/src/stm32f10x_gpio.c ****   *   for Event output.
 457:lib/STM32F10x_StdPeriph_Driver/src/stm32f10x_gpio.c ****   *   This parameter can be GPIO_PortSourceGPIOx where x can be (A..E).
 458:lib/STM32F10x_StdPeriph_Driver/src/stm32f10x_gpio.c ****   * @param  GPIO_PinSource: specifies the pin for the Event output.
 459:lib/STM32F10x_StdPeriph_Driver/src/stm32f10x_gpio.c ****   *   This parameter can be GPIO_PinSourcex where x can be (0..15).
 460:lib/STM32F10x_StdPeriph_Driver/src/stm32f10x_gpio.c ****   * @retval None
 461:lib/STM32F10x_StdPeriph_Driver/src/stm32f10x_gpio.c ****   */
 462:lib/STM32F10x_StdPeriph_Driver/src/stm32f10x_gpio.c **** void GPIO_EventOutputConfig(uint8_t GPIO_PortSource, uint8_t GPIO_PinSource)
 463:lib/STM32F10x_StdPeriph_Driver/src/stm32f10x_gpio.c **** {
 609              		.loc 1 463 0
 610              		.cfi_startproc
 611              		@ args = 0, pretend = 0, frame = 0
 612              		@ frame_needed = 0, uses_anonymous_args = 0
 613              		@ link register save eliminated.
 614              	.LVL65:
 464:lib/STM32F10x_StdPeriph_Driver/src/stm32f10x_gpio.c ****   uint32_t tmpreg = 0x00;
 465:lib/STM32F10x_StdPeriph_Driver/src/stm32f10x_gpio.c ****   /* Check the parameters */
 466:lib/STM32F10x_StdPeriph_Driver/src/stm32f10x_gpio.c ****   assert_param(IS_GPIO_EVENTOUT_PORT_SOURCE(GPIO_PortSource));
 467:lib/STM32F10x_StdPeriph_Driver/src/stm32f10x_gpio.c ****   assert_param(IS_GPIO_PIN_SOURCE(GPIO_PinSource));
 468:lib/STM32F10x_StdPeriph_Driver/src/stm32f10x_gpio.c ****     
 469:lib/STM32F10x_StdPeriph_Driver/src/stm32f10x_gpio.c ****   tmpreg = AFIO->EVCR;
 615              		.loc 1 469 0
 616 01cc 054A     		ldr	r2, .L43
 617 01ce 1368     		ldr	r3, [r2]
 618              	.LVL66:
 619 01d0 23F07F03 		bic	r3, r3, #127
 620              	.LVL67:
 621 01d4 1B04     		lsls	r3, r3, #16
 622 01d6 1B0C     		lsrs	r3, r3, #16
 623 01d8 1943     		orrs	r1, r1, r3
 624              	.LVL68:
 470:lib/STM32F10x_StdPeriph_Driver/src/stm32f10x_gpio.c ****   /* Clear the PORT[6:4] and PIN[3:0] bits */
 471:lib/STM32F10x_StdPeriph_Driver/src/stm32f10x_gpio.c ****   tmpreg &= EVCR_PORTPINCONFIG_MASK;
 472:lib/STM32F10x_StdPeriph_Driver/src/stm32f10x_gpio.c ****   tmpreg |= (uint32_t)GPIO_PortSource << 0x04;
 473:lib/STM32F10x_StdPeriph_Driver/src/stm32f10x_gpio.c ****   tmpreg |= GPIO_PinSource;
 625              		.loc 1 473 0
 626 01da 41EA0010 		orr	r0, r1, r0, lsl #4
 627              	.LVL69:
 474:lib/STM32F10x_StdPeriph_Driver/src/stm32f10x_gpio.c ****   AFIO->EVCR = tmpreg;
 628              		.loc 1 474 0
 629 01de 1060     		str	r0, [r2]
 630 01e0 7047     		bx	lr
 631              	.L44:
 632 01e2 00BF     		.align	2
 633              	.L43:
 634 01e4 00000140 		.word	1073807360
 635              		.cfi_endproc
 636              	.LFE42:
 638              		.align	1
 639              		.global	GPIO_EventOutputCmd
 640              		.thumb
 641              		.thumb_func
 643              	GPIO_EventOutputCmd:
 644              	.LFB43:
 475:lib/STM32F10x_StdPeriph_Driver/src/stm32f10x_gpio.c **** }
 476:lib/STM32F10x_StdPeriph_Driver/src/stm32f10x_gpio.c **** 
 477:lib/STM32F10x_StdPeriph_Driver/src/stm32f10x_gpio.c **** /**
 478:lib/STM32F10x_StdPeriph_Driver/src/stm32f10x_gpio.c ****   * @brief  Enables or disables the Event Output.
 479:lib/STM32F10x_StdPeriph_Driver/src/stm32f10x_gpio.c ****   * @param  NewState: new state of the Event output.
 480:lib/STM32F10x_StdPeriph_Driver/src/stm32f10x_gpio.c ****   *   This parameter can be: ENABLE or DISABLE.
 481:lib/STM32F10x_StdPeriph_Driver/src/stm32f10x_gpio.c ****   * @retval None
 482:lib/STM32F10x_StdPeriph_Driver/src/stm32f10x_gpio.c ****   */
 483:lib/STM32F10x_StdPeriph_Driver/src/stm32f10x_gpio.c **** void GPIO_EventOutputCmd(FunctionalState NewState)
 484:lib/STM32F10x_StdPeriph_Driver/src/stm32f10x_gpio.c **** {
 645              		.loc 1 484 0
 646              		.cfi_startproc
 647              		@ args = 0, pretend = 0, frame = 0
 648              		@ frame_needed = 0, uses_anonymous_args = 0
 649              		@ link register save eliminated.
 650              	.LVL70:
 485:lib/STM32F10x_StdPeriph_Driver/src/stm32f10x_gpio.c ****   /* Check the parameters */
 486:lib/STM32F10x_StdPeriph_Driver/src/stm32f10x_gpio.c ****   assert_param(IS_FUNCTIONAL_STATE(NewState));
 487:lib/STM32F10x_StdPeriph_Driver/src/stm32f10x_gpio.c ****   
 488:lib/STM32F10x_StdPeriph_Driver/src/stm32f10x_gpio.c ****   *(__IO uint32_t *) EVCR_EVOE_BB = (uint32_t)NewState;
 651              		.loc 1 488 0
 652 01e8 014B     		ldr	r3, .L46
 653 01ea 1860     		str	r0, [r3]
 654 01ec 7047     		bx	lr
 655              	.L47:
 656 01ee 00BF     		.align	2
 657              	.L46:
 658 01f0 1C002042 		.word	1109393436
 659              		.cfi_endproc
 660              	.LFE43:
 662              		.align	1
 663              		.global	GPIO_PinRemapConfig
 664              		.thumb
 665              		.thumb_func
 667              	GPIO_PinRemapConfig:
 668              	.LFB44:
 489:lib/STM32F10x_StdPeriph_Driver/src/stm32f10x_gpio.c **** }
 490:lib/STM32F10x_StdPeriph_Driver/src/stm32f10x_gpio.c **** 
 491:lib/STM32F10x_StdPeriph_Driver/src/stm32f10x_gpio.c **** /**
 492:lib/STM32F10x_StdPeriph_Driver/src/stm32f10x_gpio.c ****   * @brief  Changes the mapping of the specified pin.
 493:lib/STM32F10x_StdPeriph_Driver/src/stm32f10x_gpio.c ****   * @param  GPIO_Remap: selects the pin to remap.
 494:lib/STM32F10x_StdPeriph_Driver/src/stm32f10x_gpio.c ****   *   This parameter can be one of the following values:
 495:lib/STM32F10x_StdPeriph_Driver/src/stm32f10x_gpio.c ****   *     @arg GPIO_Remap_SPI1             : SPI1 Alternate Function mapping
 496:lib/STM32F10x_StdPeriph_Driver/src/stm32f10x_gpio.c ****   *     @arg GPIO_Remap_I2C1             : I2C1 Alternate Function mapping
 497:lib/STM32F10x_StdPeriph_Driver/src/stm32f10x_gpio.c ****   *     @arg GPIO_Remap_USART1           : USART1 Alternate Function mapping
 498:lib/STM32F10x_StdPeriph_Driver/src/stm32f10x_gpio.c ****   *     @arg GPIO_Remap_USART2           : USART2 Alternate Function mapping
 499:lib/STM32F10x_StdPeriph_Driver/src/stm32f10x_gpio.c ****   *     @arg GPIO_PartialRemap_USART3    : USART3 Partial Alternate Function mapping
 500:lib/STM32F10x_StdPeriph_Driver/src/stm32f10x_gpio.c ****   *     @arg GPIO_FullRemap_USART3       : USART3 Full Alternate Function mapping
 501:lib/STM32F10x_StdPeriph_Driver/src/stm32f10x_gpio.c ****   *     @arg GPIO_PartialRemap_TIM1      : TIM1 Partial Alternate Function mapping
 502:lib/STM32F10x_StdPeriph_Driver/src/stm32f10x_gpio.c ****   *     @arg GPIO_FullRemap_TIM1         : TIM1 Full Alternate Function mapping
 503:lib/STM32F10x_StdPeriph_Driver/src/stm32f10x_gpio.c ****   *     @arg GPIO_PartialRemap1_TIM2     : TIM2 Partial1 Alternate Function mapping
 504:lib/STM32F10x_StdPeriph_Driver/src/stm32f10x_gpio.c ****   *     @arg GPIO_PartialRemap2_TIM2     : TIM2 Partial2 Alternate Function mapping
 505:lib/STM32F10x_StdPeriph_Driver/src/stm32f10x_gpio.c ****   *     @arg GPIO_FullRemap_TIM2         : TIM2 Full Alternate Function mapping
 506:lib/STM32F10x_StdPeriph_Driver/src/stm32f10x_gpio.c ****   *     @arg GPIO_PartialRemap_TIM3      : TIM3 Partial Alternate Function mapping
 507:lib/STM32F10x_StdPeriph_Driver/src/stm32f10x_gpio.c ****   *     @arg GPIO_FullRemap_TIM3         : TIM3 Full Alternate Function mapping
 508:lib/STM32F10x_StdPeriph_Driver/src/stm32f10x_gpio.c ****   *     @arg GPIO_Remap_TIM4             : TIM4 Alternate Function mapping
 509:lib/STM32F10x_StdPeriph_Driver/src/stm32f10x_gpio.c ****   *     @arg GPIO_Remap1_CAN1            : CAN1 Alternate Function mapping
 510:lib/STM32F10x_StdPeriph_Driver/src/stm32f10x_gpio.c ****   *     @arg GPIO_Remap2_CAN1            : CAN1 Alternate Function mapping
 511:lib/STM32F10x_StdPeriph_Driver/src/stm32f10x_gpio.c ****   *     @arg GPIO_Remap_PD01             : PD01 Alternate Function mapping
 512:lib/STM32F10x_StdPeriph_Driver/src/stm32f10x_gpio.c ****   *     @arg GPIO_Remap_TIM5CH4_LSI      : LSI connected to TIM5 Channel4 input capture for calibra
 513:lib/STM32F10x_StdPeriph_Driver/src/stm32f10x_gpio.c ****   *     @arg GPIO_Remap_ADC1_ETRGINJ     : ADC1 External Trigger Injected Conversion remapping
 514:lib/STM32F10x_StdPeriph_Driver/src/stm32f10x_gpio.c ****   *     @arg GPIO_Remap_ADC1_ETRGREG     : ADC1 External Trigger Regular Conversion remapping
 515:lib/STM32F10x_StdPeriph_Driver/src/stm32f10x_gpio.c ****   *     @arg GPIO_Remap_ADC2_ETRGINJ     : ADC2 External Trigger Injected Conversion remapping
 516:lib/STM32F10x_StdPeriph_Driver/src/stm32f10x_gpio.c ****   *     @arg GPIO_Remap_ADC2_ETRGREG     : ADC2 External Trigger Regular Conversion remapping
 517:lib/STM32F10x_StdPeriph_Driver/src/stm32f10x_gpio.c ****   *     @arg GPIO_Remap_ETH              : Ethernet remapping (only for Connectivity line devices)
 518:lib/STM32F10x_StdPeriph_Driver/src/stm32f10x_gpio.c ****   *     @arg GPIO_Remap_CAN2             : CAN2 remapping (only for Connectivity line devices)
 519:lib/STM32F10x_StdPeriph_Driver/src/stm32f10x_gpio.c ****   *     @arg GPIO_Remap_SWJ_NoJTRST      : Full SWJ Enabled (JTAG-DP + SW-DP) but without JTRST
 520:lib/STM32F10x_StdPeriph_Driver/src/stm32f10x_gpio.c ****   *     @arg GPIO_Remap_SWJ_JTAGDisable  : JTAG-DP Disabled and SW-DP Enabled
 521:lib/STM32F10x_StdPeriph_Driver/src/stm32f10x_gpio.c ****   *     @arg GPIO_Remap_SWJ_Disable      : Full SWJ Disabled (JTAG-DP + SW-DP)
 522:lib/STM32F10x_StdPeriph_Driver/src/stm32f10x_gpio.c ****   *     @arg GPIO_Remap_SPI3             : SPI3/I2S3 Alternate Function mapping (only for Connectiv
 523:lib/STM32F10x_StdPeriph_Driver/src/stm32f10x_gpio.c ****   *                                        When the SPI3/I2S3 is remapped using this function, the 
 524:lib/STM32F10x_StdPeriph_Driver/src/stm32f10x_gpio.c ****   *                                        to Full SWJ Enabled (JTAG-DP + SW-DP) but without JTRST.
 525:lib/STM32F10x_StdPeriph_Driver/src/stm32f10x_gpio.c ****   *     @arg GPIO_Remap_TIM2ITR1_PTP_SOF : Ethernet PTP output or USB OTG SOF (Start of Frame) conn
 526:lib/STM32F10x_StdPeriph_Driver/src/stm32f10x_gpio.c ****   *                                        to TIM2 Internal Trigger 1 for calibration (only for Con
 527:lib/STM32F10x_StdPeriph_Driver/src/stm32f10x_gpio.c ****   *                                        If the GPIO_Remap_TIM2ITR1_PTP_SOF is enabled the TIM2 I
 528:lib/STM32F10x_StdPeriph_Driver/src/stm32f10x_gpio.c ****   *                                        Ethernet PTP output. When Reset TIM2 ITR1 is connected t
 529:lib/STM32F10x_StdPeriph_Driver/src/stm32f10x_gpio.c ****   *     @arg GPIO_Remap_PTP_PPS          : Ethernet MAC PPS_PTS output on PB05 (only for Connectivi
 530:lib/STM32F10x_StdPeriph_Driver/src/stm32f10x_gpio.c ****   *     @arg GPIO_Remap_TIM15            : TIM15 Alternate Function mapping (only for Value line de
 531:lib/STM32F10x_StdPeriph_Driver/src/stm32f10x_gpio.c ****   *     @arg GPIO_Remap_TIM16            : TIM16 Alternate Function mapping (only for Value line de
 532:lib/STM32F10x_StdPeriph_Driver/src/stm32f10x_gpio.c ****   *     @arg GPIO_Remap_TIM17            : TIM17 Alternate Function mapping (only for Value line de
 533:lib/STM32F10x_StdPeriph_Driver/src/stm32f10x_gpio.c ****   *     @arg GPIO_Remap_CEC              : CEC Alternate Function mapping (only for Value line devi
 534:lib/STM32F10x_StdPeriph_Driver/src/stm32f10x_gpio.c ****   *     @arg GPIO_Remap_TIM1_DMA         : TIM1 DMA requests mapping (only for Value line devices)
 535:lib/STM32F10x_StdPeriph_Driver/src/stm32f10x_gpio.c ****   *     @arg GPIO_Remap_TIM9             : TIM9 Alternate Function mapping (only for XL-density dev
 536:lib/STM32F10x_StdPeriph_Driver/src/stm32f10x_gpio.c ****   *     @arg GPIO_Remap_TIM10            : TIM10 Alternate Function mapping (only for XL-density de
 537:lib/STM32F10x_StdPeriph_Driver/src/stm32f10x_gpio.c ****   *     @arg GPIO_Remap_TIM11            : TIM11 Alternate Function mapping (only for XL-density de
 538:lib/STM32F10x_StdPeriph_Driver/src/stm32f10x_gpio.c ****   *     @arg GPIO_Remap_TIM13            : TIM13 Alternate Function mapping (only for High density 
 539:lib/STM32F10x_StdPeriph_Driver/src/stm32f10x_gpio.c ****   *     @arg GPIO_Remap_TIM14            : TIM14 Alternate Function mapping (only for High density 
 540:lib/STM32F10x_StdPeriph_Driver/src/stm32f10x_gpio.c ****   *     @arg GPIO_Remap_FSMC_NADV        : FSMC_NADV Alternate Function mapping (only for High dens
 541:lib/STM32F10x_StdPeriph_Driver/src/stm32f10x_gpio.c ****   *     @arg GPIO_Remap_TIM67_DAC_DMA    : TIM6/TIM7 and DAC DMA requests remapping (only for High 
 542:lib/STM32F10x_StdPeriph_Driver/src/stm32f10x_gpio.c ****   *     @arg GPIO_Remap_TIM12            : TIM12 Alternate Function mapping (only for High density 
 543:lib/STM32F10x_StdPeriph_Driver/src/stm32f10x_gpio.c ****   *     @arg GPIO_Remap_MISC             : Miscellaneous Remap (DMA2 Channel5 Position and DAC Trig
 544:lib/STM32F10x_StdPeriph_Driver/src/stm32f10x_gpio.c ****   *                                        only for High density Value line devices)     
 545:lib/STM32F10x_StdPeriph_Driver/src/stm32f10x_gpio.c ****   * @param  NewState: new state of the port pin remapping.
 546:lib/STM32F10x_StdPeriph_Driver/src/stm32f10x_gpio.c ****   *   This parameter can be: ENABLE or DISABLE.
 547:lib/STM32F10x_StdPeriph_Driver/src/stm32f10x_gpio.c ****   * @retval None
 548:lib/STM32F10x_StdPeriph_Driver/src/stm32f10x_gpio.c ****   */
 549:lib/STM32F10x_StdPeriph_Driver/src/stm32f10x_gpio.c **** void GPIO_PinRemapConfig(uint32_t GPIO_Remap, FunctionalState NewState)
 550:lib/STM32F10x_StdPeriph_Driver/src/stm32f10x_gpio.c **** {
 669              		.loc 1 550 0
 670              		.cfi_startproc
 671              		@ args = 0, pretend = 0, frame = 0
 672              		@ frame_needed = 0, uses_anonymous_args = 0
 673              	.LVL71:
 551:lib/STM32F10x_StdPeriph_Driver/src/stm32f10x_gpio.c ****   uint32_t tmp = 0x00, tmp1 = 0x00, tmpreg = 0x00, tmpmask = 0x00;
 552:lib/STM32F10x_StdPeriph_Driver/src/stm32f10x_gpio.c **** 
 553:lib/STM32F10x_StdPeriph_Driver/src/stm32f10x_gpio.c ****   /* Check the parameters */
 554:lib/STM32F10x_StdPeriph_Driver/src/stm32f10x_gpio.c ****   assert_param(IS_GPIO_REMAP(GPIO_Remap));
 555:lib/STM32F10x_StdPeriph_Driver/src/stm32f10x_gpio.c ****   assert_param(IS_FUNCTIONAL_STATE(NewState));  
 556:lib/STM32F10x_StdPeriph_Driver/src/stm32f10x_gpio.c ****   
 557:lib/STM32F10x_StdPeriph_Driver/src/stm32f10x_gpio.c ****   if((GPIO_Remap & 0x80000000) == 0x80000000)
 674              		.loc 1 557 0
 675 01f4 0028     		cmp	r0, #0
 676 01f6 164A     		ldr	r2, .L61
 550:lib/STM32F10x_StdPeriph_Driver/src/stm32f10x_gpio.c ****   uint32_t tmp = 0x00, tmp1 = 0x00, tmpreg = 0x00, tmpmask = 0x00;
 677              		.loc 1 550 0
 678 01f8 30B5     		push	{r4, r5, lr}
 679              	.LCFI6:
 680              		.cfi_def_cfa_offset 12
 681              		.cfi_offset 4, -12
 682              		.cfi_offset 5, -8
 683              		.cfi_offset 14, -4
 558:lib/STM32F10x_StdPeriph_Driver/src/stm32f10x_gpio.c ****   {
 559:lib/STM32F10x_StdPeriph_Driver/src/stm32f10x_gpio.c ****     tmpreg = AFIO->MAPR2;
 560:lib/STM32F10x_StdPeriph_Driver/src/stm32f10x_gpio.c ****   }
 561:lib/STM32F10x_StdPeriph_Driver/src/stm32f10x_gpio.c ****   else
 562:lib/STM32F10x_StdPeriph_Driver/src/stm32f10x_gpio.c ****   {
 563:lib/STM32F10x_StdPeriph_Driver/src/stm32f10x_gpio.c ****     tmpreg = AFIO->MAPR;
 564:lib/STM32F10x_StdPeriph_Driver/src/stm32f10x_gpio.c ****   }
 565:lib/STM32F10x_StdPeriph_Driver/src/stm32f10x_gpio.c **** 
 566:lib/STM32F10x_StdPeriph_Driver/src/stm32f10x_gpio.c ****   tmpmask = (GPIO_Remap & DBGAFR_POSITION_MASK) >> 0x10;
 567:lib/STM32F10x_StdPeriph_Driver/src/stm32f10x_gpio.c ****   tmp = GPIO_Remap & LSB_MASK;
 568:lib/STM32F10x_StdPeriph_Driver/src/stm32f10x_gpio.c **** 
 569:lib/STM32F10x_StdPeriph_Driver/src/stm32f10x_gpio.c ****   if ((GPIO_Remap & (DBGAFR_LOCATION_MASK | DBGAFR_NUMBITS_MASK)) == (DBGAFR_LOCATION_MASK | DBGAFR
 684              		.loc 1 569 0
 685 01fa 00F44015 		and	r5, r0, #3145728
 559:lib/STM32F10x_StdPeriph_Driver/src/stm32f10x_gpio.c ****   }
 686              		.loc 1 559 0
 687 01fe B4BF     		ite	lt
 688 0200 D369     		ldrlt	r3, [r2, #28]
 689              	.LVL72:
 563:lib/STM32F10x_StdPeriph_Driver/src/stm32f10x_gpio.c ****   }
 690              		.loc 1 563 0
 691 0202 5368     		ldrge	r3, [r2, #4]
 692              	.LVL73:
 693              		.loc 1 569 0
 694 0204 B5F5401F 		cmp	r5, #3145728
 567:lib/STM32F10x_StdPeriph_Driver/src/stm32f10x_gpio.c **** 
 695              		.loc 1 567 0
 696 0208 84B2     		uxth	r4, r0
 697              	.LVL74:
 698              		.loc 1 569 0
 699 020a 06D1     		bne	.L51
 570:lib/STM32F10x_StdPeriph_Driver/src/stm32f10x_gpio.c ****   {
 571:lib/STM32F10x_StdPeriph_Driver/src/stm32f10x_gpio.c ****     tmpreg &= DBGAFR_SWJCFG_MASK;
 572:lib/STM32F10x_StdPeriph_Driver/src/stm32f10x_gpio.c ****     AFIO->MAPR &= DBGAFR_SWJCFG_MASK;
 700              		.loc 1 572 0
 701 020c 5568     		ldr	r5, [r2, #4]
 571:lib/STM32F10x_StdPeriph_Driver/src/stm32f10x_gpio.c ****     AFIO->MAPR &= DBGAFR_SWJCFG_MASK;
 702              		.loc 1 571 0
 703 020e 23F07063 		bic	r3, r3, #251658240
 704              	.LVL75:
 705              		.loc 1 572 0
 706 0212 25F07065 		bic	r5, r5, #251658240
 707 0216 5560     		str	r5, [r2, #4]
 708 0218 0EE0     		b	.L52
 709              	.L51:
 573:lib/STM32F10x_StdPeriph_Driver/src/stm32f10x_gpio.c ****   }
 574:lib/STM32F10x_StdPeriph_Driver/src/stm32f10x_gpio.c ****   else if ((GPIO_Remap & DBGAFR_NUMBITS_MASK) == DBGAFR_NUMBITS_MASK)
 710              		.loc 1 574 0
 711 021a C202     		lsls	r2, r0, #11
 712              	.LVL76:
 575:lib/STM32F10x_StdPeriph_Driver/src/stm32f10x_gpio.c ****   {
 576:lib/STM32F10x_StdPeriph_Driver/src/stm32f10x_gpio.c ****     tmp1 = ((uint32_t)0x03) << tmpmask;
 577:lib/STM32F10x_StdPeriph_Driver/src/stm32f10x_gpio.c ****     tmpreg &= ~tmp1;
 578:lib/STM32F10x_StdPeriph_Driver/src/stm32f10x_gpio.c ****     tmpreg |= ~DBGAFR_SWJCFG_MASK;
 579:lib/STM32F10x_StdPeriph_Driver/src/stm32f10x_gpio.c ****   }
 580:lib/STM32F10x_StdPeriph_Driver/src/stm32f10x_gpio.c ****   else
 581:lib/STM32F10x_StdPeriph_Driver/src/stm32f10x_gpio.c ****   {
 582:lib/STM32F10x_StdPeriph_Driver/src/stm32f10x_gpio.c ****     tmpreg &= ~(tmp << ((GPIO_Remap >> 0x15)*0x10));
 713              		.loc 1 582 0
 714 021c 55BF     		itete	pl
 715 021e 420D     		lsrpl	r2, r0, #21
 577:lib/STM32F10x_StdPeriph_Driver/src/stm32f10x_gpio.c ****     tmpreg |= ~DBGAFR_SWJCFG_MASK;
 716              		.loc 1 577 0
 717 0220 0322     		movmi	r2, #3
 718              		.loc 1 582 0
 719 0222 1201     		lslpl	r2, r2, #4
 577:lib/STM32F10x_StdPeriph_Driver/src/stm32f10x_gpio.c ****     tmpreg |= ~DBGAFR_SWJCFG_MASK;
 720              		.loc 1 577 0
 721 0224 C0F30345 		ubfxmi	r5, r0, #16, #4
 722 0228 4CBF     		ite	mi
 723 022a AA40     		lslmi	r2, r2, r5
 724              		.loc 1 582 0
 725 022c 04FA02F2 		lslpl	r2, r4, r2
 726 0230 23EA0203 		bic	r3, r3, r2
 727              	.LVL77:
 583:lib/STM32F10x_StdPeriph_Driver/src/stm32f10x_gpio.c ****     tmpreg |= ~DBGAFR_SWJCFG_MASK;
 728              		.loc 1 583 0
 729 0234 43F07063 		orr	r3, r3, #251658240
 730              	.LVL78:
 731              	.L52:
 584:lib/STM32F10x_StdPeriph_Driver/src/stm32f10x_gpio.c ****   }
 585:lib/STM32F10x_StdPeriph_Driver/src/stm32f10x_gpio.c **** 
 586:lib/STM32F10x_StdPeriph_Driver/src/stm32f10x_gpio.c ****   if (NewState != DISABLE)
 732              		.loc 1 586 0
 733 0238 19B1     		cbz	r1, .L54
 587:lib/STM32F10x_StdPeriph_Driver/src/stm32f10x_gpio.c ****   {
 588:lib/STM32F10x_StdPeriph_Driver/src/stm32f10x_gpio.c ****     tmpreg |= (tmp << ((GPIO_Remap >> 0x15)*0x10));
 734              		.loc 1 588 0
 735 023a 420D     		lsrs	r2, r0, #21
 736 023c 1201     		lsls	r2, r2, #4
 737 023e 9440     		lsls	r4, r4, r2
 738              	.LVL79:
 739 0240 2343     		orrs	r3, r3, r4
 740              	.LVL80:
 741              	.L54:
 742 0242 034A     		ldr	r2, .L61
 589:lib/STM32F10x_StdPeriph_Driver/src/stm32f10x_gpio.c ****   }
 590:lib/STM32F10x_StdPeriph_Driver/src/stm32f10x_gpio.c **** 
 591:lib/STM32F10x_StdPeriph_Driver/src/stm32f10x_gpio.c ****   if((GPIO_Remap & 0x80000000) == 0x80000000)
 743              		.loc 1 591 0
 744 0244 0028     		cmp	r0, #0
 592:lib/STM32F10x_StdPeriph_Driver/src/stm32f10x_gpio.c ****   {
 593:lib/STM32F10x_StdPeriph_Driver/src/stm32f10x_gpio.c ****     AFIO->MAPR2 = tmpreg;
 745              		.loc 1 593 0
 746 0246 B4BF     		ite	lt
 747 0248 D361     		strlt	r3, [r2, #28]
 594:lib/STM32F10x_StdPeriph_Driver/src/stm32f10x_gpio.c ****   }
 595:lib/STM32F10x_StdPeriph_Driver/src/stm32f10x_gpio.c ****   else
 596:lib/STM32F10x_StdPeriph_Driver/src/stm32f10x_gpio.c ****   {
 597:lib/STM32F10x_StdPeriph_Driver/src/stm32f10x_gpio.c ****     AFIO->MAPR = tmpreg;
 748              		.loc 1 597 0
 749 024a 5360     		strge	r3, [r2, #4]
 750 024c 30BD     		pop	{r4, r5, pc}
 751              	.L62:
 752 024e 00BF     		.align	2
 753              	.L61:
 754 0250 00000140 		.word	1073807360
 755              		.cfi_endproc
 756              	.LFE44:
 758              		.align	1
 759              		.global	GPIO_EXTILineConfig
 760              		.thumb
 761              		.thumb_func
 763              	GPIO_EXTILineConfig:
 764              	.LFB45:
 598:lib/STM32F10x_StdPeriph_Driver/src/stm32f10x_gpio.c ****   }  
 599:lib/STM32F10x_StdPeriph_Driver/src/stm32f10x_gpio.c **** }
 600:lib/STM32F10x_StdPeriph_Driver/src/stm32f10x_gpio.c **** 
 601:lib/STM32F10x_StdPeriph_Driver/src/stm32f10x_gpio.c **** /**
 602:lib/STM32F10x_StdPeriph_Driver/src/stm32f10x_gpio.c ****   * @brief  Selects the GPIO pin used as EXTI Line.
 603:lib/STM32F10x_StdPeriph_Driver/src/stm32f10x_gpio.c ****   * @param  GPIO_PortSource: selects the GPIO port to be used as source for EXTI lines.
 604:lib/STM32F10x_StdPeriph_Driver/src/stm32f10x_gpio.c ****   *   This parameter can be GPIO_PortSourceGPIOx where x can be (A..G).
 605:lib/STM32F10x_StdPeriph_Driver/src/stm32f10x_gpio.c ****   * @param  GPIO_PinSource: specifies the EXTI line to be configured.
 606:lib/STM32F10x_StdPeriph_Driver/src/stm32f10x_gpio.c ****   *   This parameter can be GPIO_PinSourcex where x can be (0..15).
 607:lib/STM32F10x_StdPeriph_Driver/src/stm32f10x_gpio.c ****   * @retval None
 608:lib/STM32F10x_StdPeriph_Driver/src/stm32f10x_gpio.c ****   */
 609:lib/STM32F10x_StdPeriph_Driver/src/stm32f10x_gpio.c **** void GPIO_EXTILineConfig(uint8_t GPIO_PortSource, uint8_t GPIO_PinSource)
 610:lib/STM32F10x_StdPeriph_Driver/src/stm32f10x_gpio.c **** {
 765              		.loc 1 610 0
 766              		.cfi_startproc
 767              		@ args = 0, pretend = 0, frame = 0
 768              		@ frame_needed = 0, uses_anonymous_args = 0
 769              	.LVL81:
 611:lib/STM32F10x_StdPeriph_Driver/src/stm32f10x_gpio.c ****   uint32_t tmp = 0x00;
 612:lib/STM32F10x_StdPeriph_Driver/src/stm32f10x_gpio.c ****   /* Check the parameters */
 613:lib/STM32F10x_StdPeriph_Driver/src/stm32f10x_gpio.c ****   assert_param(IS_GPIO_EXTI_PORT_SOURCE(GPIO_PortSource));
 614:lib/STM32F10x_StdPeriph_Driver/src/stm32f10x_gpio.c ****   assert_param(IS_GPIO_PIN_SOURCE(GPIO_PinSource));
 615:lib/STM32F10x_StdPeriph_Driver/src/stm32f10x_gpio.c ****   
 616:lib/STM32F10x_StdPeriph_Driver/src/stm32f10x_gpio.c ****   tmp = ((uint32_t)0x0F) << (0x04 * (GPIO_PinSource & (uint8_t)0x03));
 770              		.loc 1 616 0
 771 0254 01F00303 		and	r3, r1, #3
 772 0258 01F0FC01 		and	r1, r1, #252
 773              	.LVL82:
 774 025c 01F18041 		add	r1, r1, #1073741824
 775 0260 01F58031 		add	r1, r1, #65536
 610:lib/STM32F10x_StdPeriph_Driver/src/stm32f10x_gpio.c ****   uint32_t tmp = 0x00;
 776              		.loc 1 610 0
 777 0264 10B5     		push	{r4, lr}
 778              	.LCFI7:
 779              		.cfi_def_cfa_offset 8
 780              		.cfi_offset 4, -8
 781              		.cfi_offset 14, -4
 782              		.loc 1 616 0
 783 0266 9B00     		lsls	r3, r3, #2
 784              	.LVL83:
 617:lib/STM32F10x_StdPeriph_Driver/src/stm32f10x_gpio.c ****   AFIO->EXTICR[GPIO_PinSource >> 0x02] &= ~tmp;
 785              		.loc 1 617 0
 786 0268 8C68     		ldr	r4, [r1, #8]
 787 026a 0F22     		movs	r2, #15
 788 026c 9A40     		lsls	r2, r2, r3
 789              	.LVL84:
 790 026e 24EA0202 		bic	r2, r4, r2
 791              	.LVL85:
 792 0272 8A60     		str	r2, [r1, #8]
 618:lib/STM32F10x_StdPeriph_Driver/src/stm32f10x_gpio.c ****   AFIO->EXTICR[GPIO_PinSource >> 0x02] |= (((uint32_t)GPIO_PortSource) << (0x04 * (GPIO_PinSource &
 793              		.loc 1 618 0
 794 0274 8A68     		ldr	r2, [r1, #8]
 795 0276 9840     		lsls	r0, r0, r3
 796              	.LVL86:
 797 0278 1043     		orrs	r0, r0, r2
 798 027a 8860     		str	r0, [r1, #8]
 799 027c 10BD     		pop	{r4, pc}
 800              		.cfi_endproc
 801              	.LFE45:
 803              		.align	1
 804              		.global	GPIO_ETH_MediaInterfaceConfig
 805              		.thumb
 806              		.thumb_func
 808              	GPIO_ETH_MediaInterfaceConfig:
 809              	.LFB46:
 619:lib/STM32F10x_StdPeriph_Driver/src/stm32f10x_gpio.c **** }
 620:lib/STM32F10x_StdPeriph_Driver/src/stm32f10x_gpio.c **** 
 621:lib/STM32F10x_StdPeriph_Driver/src/stm32f10x_gpio.c **** /**
 622:lib/STM32F10x_StdPeriph_Driver/src/stm32f10x_gpio.c ****   * @brief  Selects the Ethernet media interface.
 623:lib/STM32F10x_StdPeriph_Driver/src/stm32f10x_gpio.c ****   * @note   This function applies only to STM32 Connectivity line devices.  
 624:lib/STM32F10x_StdPeriph_Driver/src/stm32f10x_gpio.c ****   * @param  GPIO_ETH_MediaInterface: specifies the Media Interface mode.
 625:lib/STM32F10x_StdPeriph_Driver/src/stm32f10x_gpio.c ****   *   This parameter can be one of the following values:
 626:lib/STM32F10x_StdPeriph_Driver/src/stm32f10x_gpio.c ****   *     @arg GPIO_ETH_MediaInterface_MII: MII mode
 627:lib/STM32F10x_StdPeriph_Driver/src/stm32f10x_gpio.c ****   *     @arg GPIO_ETH_MediaInterface_RMII: RMII mode    
 628:lib/STM32F10x_StdPeriph_Driver/src/stm32f10x_gpio.c ****   * @retval None
 629:lib/STM32F10x_StdPeriph_Driver/src/stm32f10x_gpio.c ****   */
 630:lib/STM32F10x_StdPeriph_Driver/src/stm32f10x_gpio.c **** void GPIO_ETH_MediaInterfaceConfig(uint32_t GPIO_ETH_MediaInterface) 
 631:lib/STM32F10x_StdPeriph_Driver/src/stm32f10x_gpio.c **** { 
 810              		.loc 1 631 0
 811              		.cfi_startproc
 812              		@ args = 0, pretend = 0, frame = 0
 813              		@ frame_needed = 0, uses_anonymous_args = 0
 814              		@ link register save eliminated.
 815              	.LVL87:
 632:lib/STM32F10x_StdPeriph_Driver/src/stm32f10x_gpio.c ****   assert_param(IS_GPIO_ETH_MEDIA_INTERFACE(GPIO_ETH_MediaInterface)); 
 633:lib/STM32F10x_StdPeriph_Driver/src/stm32f10x_gpio.c **** 
 634:lib/STM32F10x_StdPeriph_Driver/src/stm32f10x_gpio.c ****   /* Configure MII_RMII selection bit */ 
 635:lib/STM32F10x_StdPeriph_Driver/src/stm32f10x_gpio.c ****   *(__IO uint32_t *) MAPR_MII_RMII_SEL_BB = GPIO_ETH_MediaInterface; 
 816              		.loc 1 635 0
 817 027e 014B     		ldr	r3, .L65
 818 0280 1860     		str	r0, [r3]
 819 0282 7047     		bx	lr
 820              	.L66:
 821              		.align	2
 822              	.L65:
 823 0284 DC002042 		.word	1109393628
 824              		.cfi_endproc
 825              	.LFE46:
 827              	.Letext0:
 828              		.file 2 "/opt/gcc-arm-none-eabi-5_2-2015q4/arm-none-eabi/include/machine/_default_types.h"
 829              		.file 3 "/opt/gcc-arm-none-eabi-5_2-2015q4/arm-none-eabi/include/sys/_stdint.h"
 830              		.file 4 "./lib/CMSIS/CM3/DeviceSupport/ST/STM32F10x/stm32f10x.h"
 831              		.file 5 "./lib/STM32F10x_StdPeriph_Driver/inc/stm32f10x_gpio.h"
 832              		.file 6 "./lib/CMSIS/CM3/CoreSupport/core_cm3.h"
 833              		.file 7 "./lib/STM32F10x_StdPeriph_Driver/inc/stm32f10x_rcc.h"
DEFINED SYMBOLS
                            *ABS*:00000000 stm32f10x_gpio.c
     /tmp/ccfO6NL9.s:19     .text:00000000 $t
     /tmp/ccfO6NL9.s:24     .text:00000000 GPIO_DeInit
     /tmp/ccfO6NL9.s:164    .text:0000009c $d
     /tmp/ccfO6NL9.s:174    .text:000000b8 $t
     /tmp/ccfO6NL9.s:179    .text:000000b8 GPIO_AFIODeInit
     /tmp/ccfO6NL9.s:214    .text:000000ce GPIO_Init
     /tmp/ccfO6NL9.s:370    .text:00000172 GPIO_StructInit
     /tmp/ccfO6NL9.s:396    .text:00000182 GPIO_ReadInputDataBit
     /tmp/ccfO6NL9.s:423    .text:0000018e GPIO_ReadInputData
     /tmp/ccfO6NL9.s:445    .text:00000194 GPIO_ReadOutputDataBit
     /tmp/ccfO6NL9.s:472    .text:000001a0 GPIO_ReadOutputData
     /tmp/ccfO6NL9.s:494    .text:000001a6 GPIO_SetBits
     /tmp/ccfO6NL9.s:513    .text:000001aa GPIO_ResetBits
     /tmp/ccfO6NL9.s:532    .text:000001ae GPIO_WriteBit
     /tmp/ccfO6NL9.s:557    .text:000001b8 GPIO_Write
     /tmp/ccfO6NL9.s:576    .text:000001bc GPIO_PinLockConfig
     /tmp/ccfO6NL9.s:607    .text:000001cc GPIO_EventOutputConfig
     /tmp/ccfO6NL9.s:634    .text:000001e4 $d
     /tmp/ccfO6NL9.s:638    .text:000001e8 $t
     /tmp/ccfO6NL9.s:643    .text:000001e8 GPIO_EventOutputCmd
     /tmp/ccfO6NL9.s:658    .text:000001f0 $d
     /tmp/ccfO6NL9.s:662    .text:000001f4 $t
     /tmp/ccfO6NL9.s:667    .text:000001f4 GPIO_PinRemapConfig
     /tmp/ccfO6NL9.s:754    .text:00000250 $d
     /tmp/ccfO6NL9.s:758    .text:00000254 $t
     /tmp/ccfO6NL9.s:763    .text:00000254 GPIO_EXTILineConfig
     /tmp/ccfO6NL9.s:808    .text:0000027e GPIO_ETH_MediaInterfaceConfig
     /tmp/ccfO6NL9.s:823    .text:00000284 $d
                     .debug_frame:00000010 $d

UNDEFINED SYMBOLS
RCC_APB2PeriphResetCmd
