   1              		.syntax unified
   2              		.cpu cortex-m3
   3              		.fpu softvfp
   4              		.eabi_attribute 20, 1
   5              		.eabi_attribute 21, 1
   6              		.eabi_attribute 23, 3
   7              		.eabi_attribute 24, 1
   8              		.eabi_attribute 25, 1
   9              		.eabi_attribute 26, 1
  10              		.eabi_attribute 30, 4
  11              		.eabi_attribute 34, 1
  12              		.eabi_attribute 18, 4
  13              		.thumb
  14              		.syntax unified
  15              		.file	"stm32f10x_dac.c"
  16              		.text
  17              	.Ltext0:
  18              		.cfi_sections	.debug_frame
  19              		.align	1
  20              		.global	DAC_DeInit
  21              		.thumb
  22              		.thumb_func
  24              	DAC_DeInit:
  25              	.LFB29:
  26              		.file 1 "lib/STM32F10x_StdPeriph_Driver/src/stm32f10x_dac.c"
   1:lib/STM32F10x_StdPeriph_Driver/src/stm32f10x_dac.c **** /**
   2:lib/STM32F10x_StdPeriph_Driver/src/stm32f10x_dac.c ****   ******************************************************************************
   3:lib/STM32F10x_StdPeriph_Driver/src/stm32f10x_dac.c ****   * @file    stm32f10x_dac.c
   4:lib/STM32F10x_StdPeriph_Driver/src/stm32f10x_dac.c ****   * @author  MCD Application Team
   5:lib/STM32F10x_StdPeriph_Driver/src/stm32f10x_dac.c ****   * @version V3.5.0
   6:lib/STM32F10x_StdPeriph_Driver/src/stm32f10x_dac.c ****   * @date    11-March-2011
   7:lib/STM32F10x_StdPeriph_Driver/src/stm32f10x_dac.c ****   * @brief   This file provides all the DAC firmware functions.
   8:lib/STM32F10x_StdPeriph_Driver/src/stm32f10x_dac.c ****   ******************************************************************************
   9:lib/STM32F10x_StdPeriph_Driver/src/stm32f10x_dac.c ****   * @attention
  10:lib/STM32F10x_StdPeriph_Driver/src/stm32f10x_dac.c ****   *
  11:lib/STM32F10x_StdPeriph_Driver/src/stm32f10x_dac.c ****   * THE PRESENT FIRMWARE WHICH IS FOR GUIDANCE ONLY AIMS AT PROVIDING CUSTOMERS
  12:lib/STM32F10x_StdPeriph_Driver/src/stm32f10x_dac.c ****   * WITH CODING INFORMATION REGARDING THEIR PRODUCTS IN ORDER FOR THEM TO SAVE
  13:lib/STM32F10x_StdPeriph_Driver/src/stm32f10x_dac.c ****   * TIME. AS A RESULT, STMICROELECTRONICS SHALL NOT BE HELD LIABLE FOR ANY
  14:lib/STM32F10x_StdPeriph_Driver/src/stm32f10x_dac.c ****   * DIRECT, INDIRECT OR CONSEQUENTIAL DAMAGES WITH RESPECT TO ANY CLAIMS ARISING
  15:lib/STM32F10x_StdPeriph_Driver/src/stm32f10x_dac.c ****   * FROM THE CONTENT OF SUCH FIRMWARE AND/OR THE USE MADE BY CUSTOMERS OF THE
  16:lib/STM32F10x_StdPeriph_Driver/src/stm32f10x_dac.c ****   * CODING INFORMATION CONTAINED HEREIN IN CONNECTION WITH THEIR PRODUCTS.
  17:lib/STM32F10x_StdPeriph_Driver/src/stm32f10x_dac.c ****   *
  18:lib/STM32F10x_StdPeriph_Driver/src/stm32f10x_dac.c ****   * <h2><center>&copy; COPYRIGHT 2011 STMicroelectronics</center></h2>
  19:lib/STM32F10x_StdPeriph_Driver/src/stm32f10x_dac.c ****   ******************************************************************************
  20:lib/STM32F10x_StdPeriph_Driver/src/stm32f10x_dac.c ****   */
  21:lib/STM32F10x_StdPeriph_Driver/src/stm32f10x_dac.c **** 
  22:lib/STM32F10x_StdPeriph_Driver/src/stm32f10x_dac.c **** /* Includes ------------------------------------------------------------------*/
  23:lib/STM32F10x_StdPeriph_Driver/src/stm32f10x_dac.c **** #include "stm32f10x_dac.h"
  24:lib/STM32F10x_StdPeriph_Driver/src/stm32f10x_dac.c **** #include "stm32f10x_rcc.h"
  25:lib/STM32F10x_StdPeriph_Driver/src/stm32f10x_dac.c **** 
  26:lib/STM32F10x_StdPeriph_Driver/src/stm32f10x_dac.c **** /** @addtogroup STM32F10x_StdPeriph_Driver
  27:lib/STM32F10x_StdPeriph_Driver/src/stm32f10x_dac.c ****   * @{
  28:lib/STM32F10x_StdPeriph_Driver/src/stm32f10x_dac.c ****   */
  29:lib/STM32F10x_StdPeriph_Driver/src/stm32f10x_dac.c **** 
  30:lib/STM32F10x_StdPeriph_Driver/src/stm32f10x_dac.c **** /** @defgroup DAC 
  31:lib/STM32F10x_StdPeriph_Driver/src/stm32f10x_dac.c ****   * @brief DAC driver modules
  32:lib/STM32F10x_StdPeriph_Driver/src/stm32f10x_dac.c ****   * @{
  33:lib/STM32F10x_StdPeriph_Driver/src/stm32f10x_dac.c ****   */ 
  34:lib/STM32F10x_StdPeriph_Driver/src/stm32f10x_dac.c **** 
  35:lib/STM32F10x_StdPeriph_Driver/src/stm32f10x_dac.c **** /** @defgroup DAC_Private_TypesDefinitions
  36:lib/STM32F10x_StdPeriph_Driver/src/stm32f10x_dac.c ****   * @{
  37:lib/STM32F10x_StdPeriph_Driver/src/stm32f10x_dac.c ****   */
  38:lib/STM32F10x_StdPeriph_Driver/src/stm32f10x_dac.c **** 
  39:lib/STM32F10x_StdPeriph_Driver/src/stm32f10x_dac.c **** /**
  40:lib/STM32F10x_StdPeriph_Driver/src/stm32f10x_dac.c ****   * @}
  41:lib/STM32F10x_StdPeriph_Driver/src/stm32f10x_dac.c ****   */
  42:lib/STM32F10x_StdPeriph_Driver/src/stm32f10x_dac.c **** 
  43:lib/STM32F10x_StdPeriph_Driver/src/stm32f10x_dac.c **** /** @defgroup DAC_Private_Defines
  44:lib/STM32F10x_StdPeriph_Driver/src/stm32f10x_dac.c ****   * @{
  45:lib/STM32F10x_StdPeriph_Driver/src/stm32f10x_dac.c ****   */
  46:lib/STM32F10x_StdPeriph_Driver/src/stm32f10x_dac.c **** 
  47:lib/STM32F10x_StdPeriph_Driver/src/stm32f10x_dac.c **** /* CR register Mask */
  48:lib/STM32F10x_StdPeriph_Driver/src/stm32f10x_dac.c **** #define CR_CLEAR_MASK              ((uint32_t)0x00000FFE)
  49:lib/STM32F10x_StdPeriph_Driver/src/stm32f10x_dac.c **** 
  50:lib/STM32F10x_StdPeriph_Driver/src/stm32f10x_dac.c **** /* DAC Dual Channels SWTRIG masks */
  51:lib/STM32F10x_StdPeriph_Driver/src/stm32f10x_dac.c **** #define DUAL_SWTRIG_SET            ((uint32_t)0x00000003)
  52:lib/STM32F10x_StdPeriph_Driver/src/stm32f10x_dac.c **** #define DUAL_SWTRIG_RESET          ((uint32_t)0xFFFFFFFC)
  53:lib/STM32F10x_StdPeriph_Driver/src/stm32f10x_dac.c **** 
  54:lib/STM32F10x_StdPeriph_Driver/src/stm32f10x_dac.c **** /* DHR registers offsets */
  55:lib/STM32F10x_StdPeriph_Driver/src/stm32f10x_dac.c **** #define DHR12R1_OFFSET             ((uint32_t)0x00000008)
  56:lib/STM32F10x_StdPeriph_Driver/src/stm32f10x_dac.c **** #define DHR12R2_OFFSET             ((uint32_t)0x00000014)
  57:lib/STM32F10x_StdPeriph_Driver/src/stm32f10x_dac.c **** #define DHR12RD_OFFSET             ((uint32_t)0x00000020)
  58:lib/STM32F10x_StdPeriph_Driver/src/stm32f10x_dac.c **** 
  59:lib/STM32F10x_StdPeriph_Driver/src/stm32f10x_dac.c **** /* DOR register offset */
  60:lib/STM32F10x_StdPeriph_Driver/src/stm32f10x_dac.c **** #define DOR_OFFSET                 ((uint32_t)0x0000002C)
  61:lib/STM32F10x_StdPeriph_Driver/src/stm32f10x_dac.c **** /**
  62:lib/STM32F10x_StdPeriph_Driver/src/stm32f10x_dac.c ****   * @}
  63:lib/STM32F10x_StdPeriph_Driver/src/stm32f10x_dac.c ****   */
  64:lib/STM32F10x_StdPeriph_Driver/src/stm32f10x_dac.c **** 
  65:lib/STM32F10x_StdPeriph_Driver/src/stm32f10x_dac.c **** /** @defgroup DAC_Private_Macros
  66:lib/STM32F10x_StdPeriph_Driver/src/stm32f10x_dac.c ****   * @{
  67:lib/STM32F10x_StdPeriph_Driver/src/stm32f10x_dac.c ****   */
  68:lib/STM32F10x_StdPeriph_Driver/src/stm32f10x_dac.c **** 
  69:lib/STM32F10x_StdPeriph_Driver/src/stm32f10x_dac.c **** /**
  70:lib/STM32F10x_StdPeriph_Driver/src/stm32f10x_dac.c ****   * @}
  71:lib/STM32F10x_StdPeriph_Driver/src/stm32f10x_dac.c ****   */
  72:lib/STM32F10x_StdPeriph_Driver/src/stm32f10x_dac.c **** 
  73:lib/STM32F10x_StdPeriph_Driver/src/stm32f10x_dac.c **** /** @defgroup DAC_Private_Variables
  74:lib/STM32F10x_StdPeriph_Driver/src/stm32f10x_dac.c ****   * @{
  75:lib/STM32F10x_StdPeriph_Driver/src/stm32f10x_dac.c ****   */
  76:lib/STM32F10x_StdPeriph_Driver/src/stm32f10x_dac.c **** 
  77:lib/STM32F10x_StdPeriph_Driver/src/stm32f10x_dac.c **** /**
  78:lib/STM32F10x_StdPeriph_Driver/src/stm32f10x_dac.c ****   * @}
  79:lib/STM32F10x_StdPeriph_Driver/src/stm32f10x_dac.c ****   */
  80:lib/STM32F10x_StdPeriph_Driver/src/stm32f10x_dac.c **** 
  81:lib/STM32F10x_StdPeriph_Driver/src/stm32f10x_dac.c **** /** @defgroup DAC_Private_FunctionPrototypes
  82:lib/STM32F10x_StdPeriph_Driver/src/stm32f10x_dac.c ****   * @{
  83:lib/STM32F10x_StdPeriph_Driver/src/stm32f10x_dac.c ****   */
  84:lib/STM32F10x_StdPeriph_Driver/src/stm32f10x_dac.c **** 
  85:lib/STM32F10x_StdPeriph_Driver/src/stm32f10x_dac.c **** /**
  86:lib/STM32F10x_StdPeriph_Driver/src/stm32f10x_dac.c ****   * @}
  87:lib/STM32F10x_StdPeriph_Driver/src/stm32f10x_dac.c ****   */
  88:lib/STM32F10x_StdPeriph_Driver/src/stm32f10x_dac.c **** 
  89:lib/STM32F10x_StdPeriph_Driver/src/stm32f10x_dac.c **** /** @defgroup DAC_Private_Functions
  90:lib/STM32F10x_StdPeriph_Driver/src/stm32f10x_dac.c ****   * @{
  91:lib/STM32F10x_StdPeriph_Driver/src/stm32f10x_dac.c ****   */
  92:lib/STM32F10x_StdPeriph_Driver/src/stm32f10x_dac.c **** 
  93:lib/STM32F10x_StdPeriph_Driver/src/stm32f10x_dac.c **** /**
  94:lib/STM32F10x_StdPeriph_Driver/src/stm32f10x_dac.c ****   * @brief  Deinitializes the DAC peripheral registers to their default reset values.
  95:lib/STM32F10x_StdPeriph_Driver/src/stm32f10x_dac.c ****   * @param  None
  96:lib/STM32F10x_StdPeriph_Driver/src/stm32f10x_dac.c ****   * @retval None
  97:lib/STM32F10x_StdPeriph_Driver/src/stm32f10x_dac.c ****   */
  98:lib/STM32F10x_StdPeriph_Driver/src/stm32f10x_dac.c **** void DAC_DeInit(void)
  99:lib/STM32F10x_StdPeriph_Driver/src/stm32f10x_dac.c **** {
  27              		.loc 1 99 0
  28              		.cfi_startproc
  29              		@ args = 0, pretend = 0, frame = 0
  30              		@ frame_needed = 0, uses_anonymous_args = 0
  31 0000 08B5     		push	{r3, lr}
  32              	.LCFI0:
  33              		.cfi_def_cfa_offset 8
  34              		.cfi_offset 3, -8
  35              		.cfi_offset 14, -4
 100:lib/STM32F10x_StdPeriph_Driver/src/stm32f10x_dac.c ****   /* Enable DAC reset state */
 101:lib/STM32F10x_StdPeriph_Driver/src/stm32f10x_dac.c ****   RCC_APB1PeriphResetCmd(RCC_APB1Periph_DAC, ENABLE);
  36              		.loc 1 101 0
  37 0002 0121     		movs	r1, #1
  38 0004 4FF00050 		mov	r0, #536870912
  39 0008 FFF7FEFF 		bl	RCC_APB1PeriphResetCmd
  40              	.LVL0:
 102:lib/STM32F10x_StdPeriph_Driver/src/stm32f10x_dac.c ****   /* Release DAC from reset state */
 103:lib/STM32F10x_StdPeriph_Driver/src/stm32f10x_dac.c ****   RCC_APB1PeriphResetCmd(RCC_APB1Periph_DAC, DISABLE);
 104:lib/STM32F10x_StdPeriph_Driver/src/stm32f10x_dac.c **** }
  41              		.loc 1 104 0
  42 000c BDE80840 		pop	{r3, lr}
  43              	.LCFI1:
  44              		.cfi_restore 14
  45              		.cfi_restore 3
  46              		.cfi_def_cfa_offset 0
 103:lib/STM32F10x_StdPeriph_Driver/src/stm32f10x_dac.c **** }
  47              		.loc 1 103 0
  48 0010 0021     		movs	r1, #0
  49 0012 4FF00050 		mov	r0, #536870912
  50 0016 FFF7FEBF 		b	RCC_APB1PeriphResetCmd
  51              	.LVL1:
  52              		.cfi_endproc
  53              	.LFE29:
  55              		.align	1
  56              		.global	DAC_Init
  57              		.thumb
  58              		.thumb_func
  60              	DAC_Init:
  61              	.LFB30:
 105:lib/STM32F10x_StdPeriph_Driver/src/stm32f10x_dac.c **** 
 106:lib/STM32F10x_StdPeriph_Driver/src/stm32f10x_dac.c **** /**
 107:lib/STM32F10x_StdPeriph_Driver/src/stm32f10x_dac.c ****   * @brief  Initializes the DAC peripheral according to the specified 
 108:lib/STM32F10x_StdPeriph_Driver/src/stm32f10x_dac.c ****   *         parameters in the DAC_InitStruct.
 109:lib/STM32F10x_StdPeriph_Driver/src/stm32f10x_dac.c ****   * @param  DAC_Channel: the selected DAC channel. 
 110:lib/STM32F10x_StdPeriph_Driver/src/stm32f10x_dac.c ****   *   This parameter can be one of the following values:
 111:lib/STM32F10x_StdPeriph_Driver/src/stm32f10x_dac.c ****   *     @arg DAC_Channel_1: DAC Channel1 selected
 112:lib/STM32F10x_StdPeriph_Driver/src/stm32f10x_dac.c ****   *     @arg DAC_Channel_2: DAC Channel2 selected
 113:lib/STM32F10x_StdPeriph_Driver/src/stm32f10x_dac.c ****   * @param  DAC_InitStruct: pointer to a DAC_InitTypeDef structure that
 114:lib/STM32F10x_StdPeriph_Driver/src/stm32f10x_dac.c ****   *        contains the configuration information for the specified DAC channel.
 115:lib/STM32F10x_StdPeriph_Driver/src/stm32f10x_dac.c ****   * @retval None
 116:lib/STM32F10x_StdPeriph_Driver/src/stm32f10x_dac.c ****   */
 117:lib/STM32F10x_StdPeriph_Driver/src/stm32f10x_dac.c **** void DAC_Init(uint32_t DAC_Channel, DAC_InitTypeDef* DAC_InitStruct)
 118:lib/STM32F10x_StdPeriph_Driver/src/stm32f10x_dac.c **** {
  62              		.loc 1 118 0
  63              		.cfi_startproc
  64              		@ args = 0, pretend = 0, frame = 0
  65              		@ frame_needed = 0, uses_anonymous_args = 0
  66              	.LVL2:
 119:lib/STM32F10x_StdPeriph_Driver/src/stm32f10x_dac.c ****   uint32_t tmpreg1 = 0, tmpreg2 = 0;
 120:lib/STM32F10x_StdPeriph_Driver/src/stm32f10x_dac.c ****   /* Check the DAC parameters */
 121:lib/STM32F10x_StdPeriph_Driver/src/stm32f10x_dac.c ****   assert_param(IS_DAC_TRIGGER(DAC_InitStruct->DAC_Trigger));
 122:lib/STM32F10x_StdPeriph_Driver/src/stm32f10x_dac.c ****   assert_param(IS_DAC_GENERATE_WAVE(DAC_InitStruct->DAC_WaveGeneration));
 123:lib/STM32F10x_StdPeriph_Driver/src/stm32f10x_dac.c ****   assert_param(IS_DAC_LFSR_UNMASK_TRIANGLE_AMPLITUDE(DAC_InitStruct->DAC_LFSRUnmask_TriangleAmplitu
 124:lib/STM32F10x_StdPeriph_Driver/src/stm32f10x_dac.c ****   assert_param(IS_DAC_OUTPUT_BUFFER_STATE(DAC_InitStruct->DAC_OutputBuffer));
 125:lib/STM32F10x_StdPeriph_Driver/src/stm32f10x_dac.c **** /*---------------------------- DAC CR Configuration --------------------------*/
 126:lib/STM32F10x_StdPeriph_Driver/src/stm32f10x_dac.c ****   /* Get the DAC CR value */
 127:lib/STM32F10x_StdPeriph_Driver/src/stm32f10x_dac.c ****   tmpreg1 = DAC->CR;
 128:lib/STM32F10x_StdPeriph_Driver/src/stm32f10x_dac.c ****   /* Clear BOFFx, TENx, TSELx, WAVEx and MAMPx bits */
 129:lib/STM32F10x_StdPeriph_Driver/src/stm32f10x_dac.c ****   tmpreg1 &= ~(CR_CLEAR_MASK << DAC_Channel);
  67              		.loc 1 129 0
  68 001a 40F6FE73 		movw	r3, #4094
 118:lib/STM32F10x_StdPeriph_Driver/src/stm32f10x_dac.c ****   uint32_t tmpreg1 = 0, tmpreg2 = 0;
  69              		.loc 1 118 0
  70 001e 30B5     		push	{r4, r5, lr}
  71              	.LCFI2:
  72              		.cfi_def_cfa_offset 12
  73              		.cfi_offset 4, -12
  74              		.cfi_offset 5, -8
  75              		.cfi_offset 14, -4
 127:lib/STM32F10x_StdPeriph_Driver/src/stm32f10x_dac.c ****   /* Clear BOFFx, TENx, TSELx, WAVEx and MAMPx bits */
  76              		.loc 1 127 0
  77 0020 084D     		ldr	r5, .L3
  78              		.loc 1 129 0
  79 0022 8340     		lsls	r3, r3, r0
 127:lib/STM32F10x_StdPeriph_Driver/src/stm32f10x_dac.c ****   /* Clear BOFFx, TENx, TSELx, WAVEx and MAMPx bits */
  80              		.loc 1 127 0
  81 0024 2A68     		ldr	r2, [r5]
  82              	.LVL3:
  83              		.loc 1 129 0
  84 0026 22EA0303 		bic	r3, r2, r3
  85              	.LVL4:
 130:lib/STM32F10x_StdPeriph_Driver/src/stm32f10x_dac.c ****   /* Configure for the selected DAC channel: buffer output, trigger, wave generation,
 131:lib/STM32F10x_StdPeriph_Driver/src/stm32f10x_dac.c ****      mask/amplitude for wave generation */
 132:lib/STM32F10x_StdPeriph_Driver/src/stm32f10x_dac.c ****   /* Set TSELx and TENx bits according to DAC_Trigger value */
 133:lib/STM32F10x_StdPeriph_Driver/src/stm32f10x_dac.c ****   /* Set WAVEx bits according to DAC_WaveGeneration value */
 134:lib/STM32F10x_StdPeriph_Driver/src/stm32f10x_dac.c ****   /* Set MAMPx bits according to DAC_LFSRUnmask_TriangleAmplitude value */ 
 135:lib/STM32F10x_StdPeriph_Driver/src/stm32f10x_dac.c ****   /* Set BOFFx bit according to DAC_OutputBuffer value */   
 136:lib/STM32F10x_StdPeriph_Driver/src/stm32f10x_dac.c ****   tmpreg2 = (DAC_InitStruct->DAC_Trigger | DAC_InitStruct->DAC_WaveGeneration |
 137:lib/STM32F10x_StdPeriph_Driver/src/stm32f10x_dac.c ****              DAC_InitStruct->DAC_LFSRUnmask_TriangleAmplitude | DAC_InitStruct->DAC_OutputBuffer);
 138:lib/STM32F10x_StdPeriph_Driver/src/stm32f10x_dac.c ****   /* Calculate CR register value depending on DAC_Channel */
 139:lib/STM32F10x_StdPeriph_Driver/src/stm32f10x_dac.c ****   tmpreg1 |= tmpreg2 << DAC_Channel;
  86              		.loc 1 139 0
  87 002a 91E81400 		ldmia	r1, {r2, r4}
  88 002e 1443     		orrs	r4, r4, r2
  89 0030 8A68     		ldr	r2, [r1, #8]
  90 0032 1443     		orrs	r4, r4, r2
  91 0034 CA68     		ldr	r2, [r1, #12]
  92 0036 2243     		orrs	r2, r2, r4
  93 0038 02FA00F0 		lsl	r0, r2, r0
  94              	.LVL5:
  95 003c 1843     		orrs	r0, r0, r3
  96              	.LVL6:
 140:lib/STM32F10x_StdPeriph_Driver/src/stm32f10x_dac.c ****   /* Write to DAC CR */
 141:lib/STM32F10x_StdPeriph_Driver/src/stm32f10x_dac.c ****   DAC->CR = tmpreg1;
  97              		.loc 1 141 0
  98 003e 2860     		str	r0, [r5]
  99              	.LVL7:
 100 0040 30BD     		pop	{r4, r5, pc}
 101              	.L4:
 102 0042 00BF     		.align	2
 103              	.L3:
 104 0044 00740040 		.word	1073771520
 105              		.cfi_endproc
 106              	.LFE30:
 108              		.align	1
 109              		.global	DAC_StructInit
 110              		.thumb
 111              		.thumb_func
 113              	DAC_StructInit:
 114              	.LFB31:
 142:lib/STM32F10x_StdPeriph_Driver/src/stm32f10x_dac.c **** }
 143:lib/STM32F10x_StdPeriph_Driver/src/stm32f10x_dac.c **** 
 144:lib/STM32F10x_StdPeriph_Driver/src/stm32f10x_dac.c **** /**
 145:lib/STM32F10x_StdPeriph_Driver/src/stm32f10x_dac.c ****   * @brief  Fills each DAC_InitStruct member with its default value.
 146:lib/STM32F10x_StdPeriph_Driver/src/stm32f10x_dac.c ****   * @param  DAC_InitStruct : pointer to a DAC_InitTypeDef structure which will
 147:lib/STM32F10x_StdPeriph_Driver/src/stm32f10x_dac.c ****   *         be initialized.
 148:lib/STM32F10x_StdPeriph_Driver/src/stm32f10x_dac.c ****   * @retval None
 149:lib/STM32F10x_StdPeriph_Driver/src/stm32f10x_dac.c ****   */
 150:lib/STM32F10x_StdPeriph_Driver/src/stm32f10x_dac.c **** void DAC_StructInit(DAC_InitTypeDef* DAC_InitStruct)
 151:lib/STM32F10x_StdPeriph_Driver/src/stm32f10x_dac.c **** {
 115              		.loc 1 151 0
 116              		.cfi_startproc
 117              		@ args = 0, pretend = 0, frame = 0
 118              		@ frame_needed = 0, uses_anonymous_args = 0
 119              		@ link register save eliminated.
 120              	.LVL8:
 152:lib/STM32F10x_StdPeriph_Driver/src/stm32f10x_dac.c **** /*--------------- Reset DAC init structure parameters values -----------------*/
 153:lib/STM32F10x_StdPeriph_Driver/src/stm32f10x_dac.c ****   /* Initialize the DAC_Trigger member */
 154:lib/STM32F10x_StdPeriph_Driver/src/stm32f10x_dac.c ****   DAC_InitStruct->DAC_Trigger = DAC_Trigger_None;
 121              		.loc 1 154 0
 122 0048 0023     		movs	r3, #0
 123 004a 0360     		str	r3, [r0]
 155:lib/STM32F10x_StdPeriph_Driver/src/stm32f10x_dac.c ****   /* Initialize the DAC_WaveGeneration member */
 156:lib/STM32F10x_StdPeriph_Driver/src/stm32f10x_dac.c ****   DAC_InitStruct->DAC_WaveGeneration = DAC_WaveGeneration_None;
 124              		.loc 1 156 0
 125 004c 4360     		str	r3, [r0, #4]
 157:lib/STM32F10x_StdPeriph_Driver/src/stm32f10x_dac.c ****   /* Initialize the DAC_LFSRUnmask_TriangleAmplitude member */
 158:lib/STM32F10x_StdPeriph_Driver/src/stm32f10x_dac.c ****   DAC_InitStruct->DAC_LFSRUnmask_TriangleAmplitude = DAC_LFSRUnmask_Bit0;
 126              		.loc 1 158 0
 127 004e 8360     		str	r3, [r0, #8]
 159:lib/STM32F10x_StdPeriph_Driver/src/stm32f10x_dac.c ****   /* Initialize the DAC_OutputBuffer member */
 160:lib/STM32F10x_StdPeriph_Driver/src/stm32f10x_dac.c ****   DAC_InitStruct->DAC_OutputBuffer = DAC_OutputBuffer_Enable;
 128              		.loc 1 160 0
 129 0050 C360     		str	r3, [r0, #12]
 130 0052 7047     		bx	lr
 131              		.cfi_endproc
 132              	.LFE31:
 134              		.align	1
 135              		.global	DAC_Cmd
 136              		.thumb
 137              		.thumb_func
 139              	DAC_Cmd:
 140              	.LFB32:
 161:lib/STM32F10x_StdPeriph_Driver/src/stm32f10x_dac.c **** }
 162:lib/STM32F10x_StdPeriph_Driver/src/stm32f10x_dac.c **** 
 163:lib/STM32F10x_StdPeriph_Driver/src/stm32f10x_dac.c **** /**
 164:lib/STM32F10x_StdPeriph_Driver/src/stm32f10x_dac.c ****   * @brief  Enables or disables the specified DAC channel.
 165:lib/STM32F10x_StdPeriph_Driver/src/stm32f10x_dac.c ****   * @param  DAC_Channel: the selected DAC channel. 
 166:lib/STM32F10x_StdPeriph_Driver/src/stm32f10x_dac.c ****   *   This parameter can be one of the following values:
 167:lib/STM32F10x_StdPeriph_Driver/src/stm32f10x_dac.c ****   *     @arg DAC_Channel_1: DAC Channel1 selected
 168:lib/STM32F10x_StdPeriph_Driver/src/stm32f10x_dac.c ****   *     @arg DAC_Channel_2: DAC Channel2 selected
 169:lib/STM32F10x_StdPeriph_Driver/src/stm32f10x_dac.c ****   * @param  NewState: new state of the DAC channel. 
 170:lib/STM32F10x_StdPeriph_Driver/src/stm32f10x_dac.c ****   *   This parameter can be: ENABLE or DISABLE.
 171:lib/STM32F10x_StdPeriph_Driver/src/stm32f10x_dac.c ****   * @retval None
 172:lib/STM32F10x_StdPeriph_Driver/src/stm32f10x_dac.c ****   */
 173:lib/STM32F10x_StdPeriph_Driver/src/stm32f10x_dac.c **** void DAC_Cmd(uint32_t DAC_Channel, FunctionalState NewState)
 174:lib/STM32F10x_StdPeriph_Driver/src/stm32f10x_dac.c **** {
 141              		.loc 1 174 0
 142              		.cfi_startproc
 143              		@ args = 0, pretend = 0, frame = 0
 144              		@ frame_needed = 0, uses_anonymous_args = 0
 145              		@ link register save eliminated.
 146              	.LVL9:
 147 0054 064A     		ldr	r2, .L11
 148 0056 0123     		movs	r3, #1
 175:lib/STM32F10x_StdPeriph_Driver/src/stm32f10x_dac.c ****   /* Check the parameters */
 176:lib/STM32F10x_StdPeriph_Driver/src/stm32f10x_dac.c ****   assert_param(IS_DAC_CHANNEL(DAC_Channel));
 177:lib/STM32F10x_StdPeriph_Driver/src/stm32f10x_dac.c ****   assert_param(IS_FUNCTIONAL_STATE(NewState));
 178:lib/STM32F10x_StdPeriph_Driver/src/stm32f10x_dac.c ****   if (NewState != DISABLE)
 149              		.loc 1 178 0
 150 0058 19B1     		cbz	r1, .L7
 179:lib/STM32F10x_StdPeriph_Driver/src/stm32f10x_dac.c ****   {
 180:lib/STM32F10x_StdPeriph_Driver/src/stm32f10x_dac.c ****     /* Enable the selected DAC channel */
 181:lib/STM32F10x_StdPeriph_Driver/src/stm32f10x_dac.c ****     DAC->CR |= (DAC_CR_EN1 << DAC_Channel);
 151              		.loc 1 181 0
 152 005a 1168     		ldr	r1, [r2]
 153              	.LVL10:
 154 005c 8340     		lsls	r3, r3, r0
 155 005e 0B43     		orrs	r3, r3, r1
 156 0060 03E0     		b	.L9
 157              	.LVL11:
 158              	.L7:
 182:lib/STM32F10x_StdPeriph_Driver/src/stm32f10x_dac.c ****   }
 183:lib/STM32F10x_StdPeriph_Driver/src/stm32f10x_dac.c ****   else
 184:lib/STM32F10x_StdPeriph_Driver/src/stm32f10x_dac.c ****   {
 185:lib/STM32F10x_StdPeriph_Driver/src/stm32f10x_dac.c ****     /* Disable the selected DAC channel */
 186:lib/STM32F10x_StdPeriph_Driver/src/stm32f10x_dac.c ****     DAC->CR &= ~(DAC_CR_EN1 << DAC_Channel);
 159              		.loc 1 186 0
 160 0062 1168     		ldr	r1, [r2]
 161              	.LVL12:
 162 0064 8340     		lsls	r3, r3, r0
 163 0066 21EA0303 		bic	r3, r1, r3
 164              	.L9:
 165 006a 1360     		str	r3, [r2]
 166 006c 7047     		bx	lr
 167              	.L12:
 168 006e 00BF     		.align	2
 169              	.L11:
 170 0070 00740040 		.word	1073771520
 171              		.cfi_endproc
 172              	.LFE32:
 174              		.align	1
 175              		.global	DAC_DMACmd
 176              		.thumb
 177              		.thumb_func
 179              	DAC_DMACmd:
 180              	.LFB33:
 187:lib/STM32F10x_StdPeriph_Driver/src/stm32f10x_dac.c ****   }
 188:lib/STM32F10x_StdPeriph_Driver/src/stm32f10x_dac.c **** }
 189:lib/STM32F10x_StdPeriph_Driver/src/stm32f10x_dac.c **** #if defined (STM32F10X_LD_VL) || defined (STM32F10X_MD_VL) || defined (STM32F10X_HD_VL)
 190:lib/STM32F10x_StdPeriph_Driver/src/stm32f10x_dac.c **** /**
 191:lib/STM32F10x_StdPeriph_Driver/src/stm32f10x_dac.c ****   * @brief  Enables or disables the specified DAC interrupts.
 192:lib/STM32F10x_StdPeriph_Driver/src/stm32f10x_dac.c ****   * @param  DAC_Channel: the selected DAC channel. 
 193:lib/STM32F10x_StdPeriph_Driver/src/stm32f10x_dac.c ****   *   This parameter can be one of the following values:
 194:lib/STM32F10x_StdPeriph_Driver/src/stm32f10x_dac.c ****   *     @arg DAC_Channel_1: DAC Channel1 selected
 195:lib/STM32F10x_StdPeriph_Driver/src/stm32f10x_dac.c ****   *     @arg DAC_Channel_2: DAC Channel2 selected
 196:lib/STM32F10x_StdPeriph_Driver/src/stm32f10x_dac.c ****   * @param  DAC_IT: specifies the DAC interrupt sources to be enabled or disabled. 
 197:lib/STM32F10x_StdPeriph_Driver/src/stm32f10x_dac.c ****   *   This parameter can be the following values:
 198:lib/STM32F10x_StdPeriph_Driver/src/stm32f10x_dac.c ****   *     @arg DAC_IT_DMAUDR: DMA underrun interrupt mask                      
 199:lib/STM32F10x_StdPeriph_Driver/src/stm32f10x_dac.c ****   * @param  NewState: new state of the specified DAC interrupts.
 200:lib/STM32F10x_StdPeriph_Driver/src/stm32f10x_dac.c ****   *   This parameter can be: ENABLE or DISABLE.
 201:lib/STM32F10x_StdPeriph_Driver/src/stm32f10x_dac.c ****   * @retval None
 202:lib/STM32F10x_StdPeriph_Driver/src/stm32f10x_dac.c ****   */ 
 203:lib/STM32F10x_StdPeriph_Driver/src/stm32f10x_dac.c **** void DAC_ITConfig(uint32_t DAC_Channel, uint32_t DAC_IT, FunctionalState NewState)  
 204:lib/STM32F10x_StdPeriph_Driver/src/stm32f10x_dac.c **** {
 205:lib/STM32F10x_StdPeriph_Driver/src/stm32f10x_dac.c ****   /* Check the parameters */
 206:lib/STM32F10x_StdPeriph_Driver/src/stm32f10x_dac.c ****   assert_param(IS_DAC_CHANNEL(DAC_Channel));
 207:lib/STM32F10x_StdPeriph_Driver/src/stm32f10x_dac.c ****   assert_param(IS_FUNCTIONAL_STATE(NewState));
 208:lib/STM32F10x_StdPeriph_Driver/src/stm32f10x_dac.c ****   assert_param(IS_DAC_IT(DAC_IT)); 
 209:lib/STM32F10x_StdPeriph_Driver/src/stm32f10x_dac.c **** 
 210:lib/STM32F10x_StdPeriph_Driver/src/stm32f10x_dac.c ****   if (NewState != DISABLE)
 211:lib/STM32F10x_StdPeriph_Driver/src/stm32f10x_dac.c ****   {
 212:lib/STM32F10x_StdPeriph_Driver/src/stm32f10x_dac.c ****     /* Enable the selected DAC interrupts */
 213:lib/STM32F10x_StdPeriph_Driver/src/stm32f10x_dac.c ****     DAC->CR |=  (DAC_IT << DAC_Channel);
 214:lib/STM32F10x_StdPeriph_Driver/src/stm32f10x_dac.c ****   }
 215:lib/STM32F10x_StdPeriph_Driver/src/stm32f10x_dac.c ****   else
 216:lib/STM32F10x_StdPeriph_Driver/src/stm32f10x_dac.c ****   {
 217:lib/STM32F10x_StdPeriph_Driver/src/stm32f10x_dac.c ****     /* Disable the selected DAC interrupts */
 218:lib/STM32F10x_StdPeriph_Driver/src/stm32f10x_dac.c ****     DAC->CR &= (~(uint32_t)(DAC_IT << DAC_Channel));
 219:lib/STM32F10x_StdPeriph_Driver/src/stm32f10x_dac.c ****   }
 220:lib/STM32F10x_StdPeriph_Driver/src/stm32f10x_dac.c **** }
 221:lib/STM32F10x_StdPeriph_Driver/src/stm32f10x_dac.c **** #endif
 222:lib/STM32F10x_StdPeriph_Driver/src/stm32f10x_dac.c **** 
 223:lib/STM32F10x_StdPeriph_Driver/src/stm32f10x_dac.c **** /**
 224:lib/STM32F10x_StdPeriph_Driver/src/stm32f10x_dac.c ****   * @brief  Enables or disables the specified DAC channel DMA request.
 225:lib/STM32F10x_StdPeriph_Driver/src/stm32f10x_dac.c ****   * @param  DAC_Channel: the selected DAC channel. 
 226:lib/STM32F10x_StdPeriph_Driver/src/stm32f10x_dac.c ****   *   This parameter can be one of the following values:
 227:lib/STM32F10x_StdPeriph_Driver/src/stm32f10x_dac.c ****   *     @arg DAC_Channel_1: DAC Channel1 selected
 228:lib/STM32F10x_StdPeriph_Driver/src/stm32f10x_dac.c ****   *     @arg DAC_Channel_2: DAC Channel2 selected
 229:lib/STM32F10x_StdPeriph_Driver/src/stm32f10x_dac.c ****   * @param  NewState: new state of the selected DAC channel DMA request.
 230:lib/STM32F10x_StdPeriph_Driver/src/stm32f10x_dac.c ****   *   This parameter can be: ENABLE or DISABLE.
 231:lib/STM32F10x_StdPeriph_Driver/src/stm32f10x_dac.c ****   * @retval None
 232:lib/STM32F10x_StdPeriph_Driver/src/stm32f10x_dac.c ****   */
 233:lib/STM32F10x_StdPeriph_Driver/src/stm32f10x_dac.c **** void DAC_DMACmd(uint32_t DAC_Channel, FunctionalState NewState)
 234:lib/STM32F10x_StdPeriph_Driver/src/stm32f10x_dac.c **** {
 181              		.loc 1 234 0
 182              		.cfi_startproc
 183              		@ args = 0, pretend = 0, frame = 0
 184              		@ frame_needed = 0, uses_anonymous_args = 0
 185              		@ link register save eliminated.
 186              	.LVL13:
 187 0074 064A     		ldr	r2, .L17
 188 0076 4FF48053 		mov	r3, #4096
 235:lib/STM32F10x_StdPeriph_Driver/src/stm32f10x_dac.c ****   /* Check the parameters */
 236:lib/STM32F10x_StdPeriph_Driver/src/stm32f10x_dac.c ****   assert_param(IS_DAC_CHANNEL(DAC_Channel));
 237:lib/STM32F10x_StdPeriph_Driver/src/stm32f10x_dac.c ****   assert_param(IS_FUNCTIONAL_STATE(NewState));
 238:lib/STM32F10x_StdPeriph_Driver/src/stm32f10x_dac.c ****   if (NewState != DISABLE)
 189              		.loc 1 238 0
 190 007a 19B1     		cbz	r1, .L14
 239:lib/STM32F10x_StdPeriph_Driver/src/stm32f10x_dac.c ****   {
 240:lib/STM32F10x_StdPeriph_Driver/src/stm32f10x_dac.c ****     /* Enable the selected DAC channel DMA request */
 241:lib/STM32F10x_StdPeriph_Driver/src/stm32f10x_dac.c ****     DAC->CR |= (DAC_CR_DMAEN1 << DAC_Channel);
 191              		.loc 1 241 0
 192 007c 1168     		ldr	r1, [r2]
 193              	.LVL14:
 194 007e 8340     		lsls	r3, r3, r0
 195 0080 0B43     		orrs	r3, r3, r1
 196 0082 03E0     		b	.L16
 197              	.LVL15:
 198              	.L14:
 242:lib/STM32F10x_StdPeriph_Driver/src/stm32f10x_dac.c ****   }
 243:lib/STM32F10x_StdPeriph_Driver/src/stm32f10x_dac.c ****   else
 244:lib/STM32F10x_StdPeriph_Driver/src/stm32f10x_dac.c ****   {
 245:lib/STM32F10x_StdPeriph_Driver/src/stm32f10x_dac.c ****     /* Disable the selected DAC channel DMA request */
 246:lib/STM32F10x_StdPeriph_Driver/src/stm32f10x_dac.c ****     DAC->CR &= ~(DAC_CR_DMAEN1 << DAC_Channel);
 199              		.loc 1 246 0
 200 0084 1168     		ldr	r1, [r2]
 201              	.LVL16:
 202 0086 8340     		lsls	r3, r3, r0
 203 0088 21EA0303 		bic	r3, r1, r3
 204              	.L16:
 205 008c 1360     		str	r3, [r2]
 206 008e 7047     		bx	lr
 207              	.L18:
 208              		.align	2
 209              	.L17:
 210 0090 00740040 		.word	1073771520
 211              		.cfi_endproc
 212              	.LFE33:
 214              		.align	1
 215              		.global	DAC_SoftwareTriggerCmd
 216              		.thumb
 217              		.thumb_func
 219              	DAC_SoftwareTriggerCmd:
 220              	.LFB34:
 247:lib/STM32F10x_StdPeriph_Driver/src/stm32f10x_dac.c ****   }
 248:lib/STM32F10x_StdPeriph_Driver/src/stm32f10x_dac.c **** }
 249:lib/STM32F10x_StdPeriph_Driver/src/stm32f10x_dac.c **** 
 250:lib/STM32F10x_StdPeriph_Driver/src/stm32f10x_dac.c **** /**
 251:lib/STM32F10x_StdPeriph_Driver/src/stm32f10x_dac.c ****   * @brief  Enables or disables the selected DAC channel software trigger.
 252:lib/STM32F10x_StdPeriph_Driver/src/stm32f10x_dac.c ****   * @param  DAC_Channel: the selected DAC channel. 
 253:lib/STM32F10x_StdPeriph_Driver/src/stm32f10x_dac.c ****   *   This parameter can be one of the following values:
 254:lib/STM32F10x_StdPeriph_Driver/src/stm32f10x_dac.c ****   *     @arg DAC_Channel_1: DAC Channel1 selected
 255:lib/STM32F10x_StdPeriph_Driver/src/stm32f10x_dac.c ****   *     @arg DAC_Channel_2: DAC Channel2 selected
 256:lib/STM32F10x_StdPeriph_Driver/src/stm32f10x_dac.c ****   * @param  NewState: new state of the selected DAC channel software trigger.
 257:lib/STM32F10x_StdPeriph_Driver/src/stm32f10x_dac.c ****   *   This parameter can be: ENABLE or DISABLE.
 258:lib/STM32F10x_StdPeriph_Driver/src/stm32f10x_dac.c ****   * @retval None
 259:lib/STM32F10x_StdPeriph_Driver/src/stm32f10x_dac.c ****   */
 260:lib/STM32F10x_StdPeriph_Driver/src/stm32f10x_dac.c **** void DAC_SoftwareTriggerCmd(uint32_t DAC_Channel, FunctionalState NewState)
 261:lib/STM32F10x_StdPeriph_Driver/src/stm32f10x_dac.c **** {
 221              		.loc 1 261 0
 222              		.cfi_startproc
 223              		@ args = 0, pretend = 0, frame = 0
 224              		@ frame_needed = 0, uses_anonymous_args = 0
 225              		@ link register save eliminated.
 226              	.LVL17:
 227 0094 064A     		ldr	r2, .L23
 228 0096 0009     		lsrs	r0, r0, #4
 229              	.LVL18:
 230 0098 0123     		movs	r3, #1
 262:lib/STM32F10x_StdPeriph_Driver/src/stm32f10x_dac.c ****   /* Check the parameters */
 263:lib/STM32F10x_StdPeriph_Driver/src/stm32f10x_dac.c ****   assert_param(IS_DAC_CHANNEL(DAC_Channel));
 264:lib/STM32F10x_StdPeriph_Driver/src/stm32f10x_dac.c ****   assert_param(IS_FUNCTIONAL_STATE(NewState));
 265:lib/STM32F10x_StdPeriph_Driver/src/stm32f10x_dac.c ****   if (NewState != DISABLE)
 231              		.loc 1 265 0
 232 009a 19B1     		cbz	r1, .L20
 266:lib/STM32F10x_StdPeriph_Driver/src/stm32f10x_dac.c ****   {
 267:lib/STM32F10x_StdPeriph_Driver/src/stm32f10x_dac.c ****     /* Enable software trigger for the selected DAC channel */
 268:lib/STM32F10x_StdPeriph_Driver/src/stm32f10x_dac.c ****     DAC->SWTRIGR |= (uint32_t)DAC_SWTRIGR_SWTRIG1 << (DAC_Channel >> 4);
 233              		.loc 1 268 0
 234 009c 5168     		ldr	r1, [r2, #4]
 235              	.LVL19:
 236 009e 8340     		lsls	r3, r3, r0
 237 00a0 0B43     		orrs	r3, r3, r1
 238 00a2 03E0     		b	.L22
 239              	.LVL20:
 240              	.L20:
 269:lib/STM32F10x_StdPeriph_Driver/src/stm32f10x_dac.c ****   }
 270:lib/STM32F10x_StdPeriph_Driver/src/stm32f10x_dac.c ****   else
 271:lib/STM32F10x_StdPeriph_Driver/src/stm32f10x_dac.c ****   {
 272:lib/STM32F10x_StdPeriph_Driver/src/stm32f10x_dac.c ****     /* Disable software trigger for the selected DAC channel */
 273:lib/STM32F10x_StdPeriph_Driver/src/stm32f10x_dac.c ****     DAC->SWTRIGR &= ~((uint32_t)DAC_SWTRIGR_SWTRIG1 << (DAC_Channel >> 4));
 241              		.loc 1 273 0
 242 00a4 5168     		ldr	r1, [r2, #4]
 243              	.LVL21:
 244 00a6 8340     		lsls	r3, r3, r0
 245 00a8 21EA0303 		bic	r3, r1, r3
 246              	.L22:
 247 00ac 5360     		str	r3, [r2, #4]
 248 00ae 7047     		bx	lr
 249              	.L24:
 250              		.align	2
 251              	.L23:
 252 00b0 00740040 		.word	1073771520
 253              		.cfi_endproc
 254              	.LFE34:
 256              		.align	1
 257              		.global	DAC_DualSoftwareTriggerCmd
 258              		.thumb
 259              		.thumb_func
 261              	DAC_DualSoftwareTriggerCmd:
 262              	.LFB35:
 274:lib/STM32F10x_StdPeriph_Driver/src/stm32f10x_dac.c ****   }
 275:lib/STM32F10x_StdPeriph_Driver/src/stm32f10x_dac.c **** }
 276:lib/STM32F10x_StdPeriph_Driver/src/stm32f10x_dac.c **** 
 277:lib/STM32F10x_StdPeriph_Driver/src/stm32f10x_dac.c **** /**
 278:lib/STM32F10x_StdPeriph_Driver/src/stm32f10x_dac.c ****   * @brief  Enables or disables simultaneously the two DAC channels software
 279:lib/STM32F10x_StdPeriph_Driver/src/stm32f10x_dac.c ****   *   triggers.
 280:lib/STM32F10x_StdPeriph_Driver/src/stm32f10x_dac.c ****   * @param  NewState: new state of the DAC channels software triggers.
 281:lib/STM32F10x_StdPeriph_Driver/src/stm32f10x_dac.c ****   *   This parameter can be: ENABLE or DISABLE.
 282:lib/STM32F10x_StdPeriph_Driver/src/stm32f10x_dac.c ****   * @retval None
 283:lib/STM32F10x_StdPeriph_Driver/src/stm32f10x_dac.c ****   */
 284:lib/STM32F10x_StdPeriph_Driver/src/stm32f10x_dac.c **** void DAC_DualSoftwareTriggerCmd(FunctionalState NewState)
 285:lib/STM32F10x_StdPeriph_Driver/src/stm32f10x_dac.c **** {
 263              		.loc 1 285 0
 264              		.cfi_startproc
 265              		@ args = 0, pretend = 0, frame = 0
 266              		@ frame_needed = 0, uses_anonymous_args = 0
 267              		@ link register save eliminated.
 268              	.LVL22:
 269 00b4 044B     		ldr	r3, .L29
 286:lib/STM32F10x_StdPeriph_Driver/src/stm32f10x_dac.c ****   /* Check the parameters */
 287:lib/STM32F10x_StdPeriph_Driver/src/stm32f10x_dac.c ****   assert_param(IS_FUNCTIONAL_STATE(NewState));
 288:lib/STM32F10x_StdPeriph_Driver/src/stm32f10x_dac.c ****   if (NewState != DISABLE)
 289:lib/STM32F10x_StdPeriph_Driver/src/stm32f10x_dac.c ****   {
 290:lib/STM32F10x_StdPeriph_Driver/src/stm32f10x_dac.c ****     /* Enable software trigger for both DAC channels */
 291:lib/STM32F10x_StdPeriph_Driver/src/stm32f10x_dac.c ****     DAC->SWTRIGR |= DUAL_SWTRIG_SET ;
 270              		.loc 1 291 0
 271 00b6 5A68     		ldr	r2, [r3, #4]
 288:lib/STM32F10x_StdPeriph_Driver/src/stm32f10x_dac.c ****   {
 272              		.loc 1 288 0
 273 00b8 10B1     		cbz	r0, .L26
 274              		.loc 1 291 0
 275 00ba 42F00302 		orr	r2, r2, #3
 276 00be 01E0     		b	.L28
 277              	.L26:
 292:lib/STM32F10x_StdPeriph_Driver/src/stm32f10x_dac.c ****   }
 293:lib/STM32F10x_StdPeriph_Driver/src/stm32f10x_dac.c ****   else
 294:lib/STM32F10x_StdPeriph_Driver/src/stm32f10x_dac.c ****   {
 295:lib/STM32F10x_StdPeriph_Driver/src/stm32f10x_dac.c ****     /* Disable software trigger for both DAC channels */
 296:lib/STM32F10x_StdPeriph_Driver/src/stm32f10x_dac.c ****     DAC->SWTRIGR &= DUAL_SWTRIG_RESET;
 278              		.loc 1 296 0
 279 00c0 22F00302 		bic	r2, r2, #3
 280              	.L28:
 281 00c4 5A60     		str	r2, [r3, #4]
 282 00c6 7047     		bx	lr
 283              	.L30:
 284              		.align	2
 285              	.L29:
 286 00c8 00740040 		.word	1073771520
 287              		.cfi_endproc
 288              	.LFE35:
 290              		.align	1
 291              		.global	DAC_WaveGenerationCmd
 292              		.thumb
 293              		.thumb_func
 295              	DAC_WaveGenerationCmd:
 296              	.LFB36:
 297:lib/STM32F10x_StdPeriph_Driver/src/stm32f10x_dac.c ****   }
 298:lib/STM32F10x_StdPeriph_Driver/src/stm32f10x_dac.c **** }
 299:lib/STM32F10x_StdPeriph_Driver/src/stm32f10x_dac.c **** 
 300:lib/STM32F10x_StdPeriph_Driver/src/stm32f10x_dac.c **** /**
 301:lib/STM32F10x_StdPeriph_Driver/src/stm32f10x_dac.c ****   * @brief  Enables or disables the selected DAC channel wave generation.
 302:lib/STM32F10x_StdPeriph_Driver/src/stm32f10x_dac.c ****   * @param  DAC_Channel: the selected DAC channel. 
 303:lib/STM32F10x_StdPeriph_Driver/src/stm32f10x_dac.c ****   *   This parameter can be one of the following values:
 304:lib/STM32F10x_StdPeriph_Driver/src/stm32f10x_dac.c ****   *     @arg DAC_Channel_1: DAC Channel1 selected
 305:lib/STM32F10x_StdPeriph_Driver/src/stm32f10x_dac.c ****   *     @arg DAC_Channel_2: DAC Channel2 selected
 306:lib/STM32F10x_StdPeriph_Driver/src/stm32f10x_dac.c ****   * @param  DAC_Wave: Specifies the wave type to enable or disable.
 307:lib/STM32F10x_StdPeriph_Driver/src/stm32f10x_dac.c ****   *   This parameter can be one of the following values:
 308:lib/STM32F10x_StdPeriph_Driver/src/stm32f10x_dac.c ****   *     @arg DAC_Wave_Noise: noise wave generation
 309:lib/STM32F10x_StdPeriph_Driver/src/stm32f10x_dac.c ****   *     @arg DAC_Wave_Triangle: triangle wave generation
 310:lib/STM32F10x_StdPeriph_Driver/src/stm32f10x_dac.c ****   * @param  NewState: new state of the selected DAC channel wave generation.
 311:lib/STM32F10x_StdPeriph_Driver/src/stm32f10x_dac.c ****   *   This parameter can be: ENABLE or DISABLE.
 312:lib/STM32F10x_StdPeriph_Driver/src/stm32f10x_dac.c ****   * @retval None
 313:lib/STM32F10x_StdPeriph_Driver/src/stm32f10x_dac.c ****   */
 314:lib/STM32F10x_StdPeriph_Driver/src/stm32f10x_dac.c **** void DAC_WaveGenerationCmd(uint32_t DAC_Channel, uint32_t DAC_Wave, FunctionalState NewState)
 315:lib/STM32F10x_StdPeriph_Driver/src/stm32f10x_dac.c **** {
 297              		.loc 1 315 0
 298              		.cfi_startproc
 299              		@ args = 0, pretend = 0, frame = 0
 300              		@ frame_needed = 0, uses_anonymous_args = 0
 301              		@ link register save eliminated.
 302              	.LVL23:
 303 00cc 054B     		ldr	r3, .L35
 304 00ce 8140     		lsls	r1, r1, r0
 305              	.LVL24:
 316:lib/STM32F10x_StdPeriph_Driver/src/stm32f10x_dac.c ****   /* Check the parameters */
 317:lib/STM32F10x_StdPeriph_Driver/src/stm32f10x_dac.c ****   assert_param(IS_DAC_CHANNEL(DAC_Channel));
 318:lib/STM32F10x_StdPeriph_Driver/src/stm32f10x_dac.c ****   assert_param(IS_DAC_WAVE(DAC_Wave)); 
 319:lib/STM32F10x_StdPeriph_Driver/src/stm32f10x_dac.c ****   assert_param(IS_FUNCTIONAL_STATE(NewState));
 320:lib/STM32F10x_StdPeriph_Driver/src/stm32f10x_dac.c ****   if (NewState != DISABLE)
 306              		.loc 1 320 0
 307 00d0 12B1     		cbz	r2, .L32
 321:lib/STM32F10x_StdPeriph_Driver/src/stm32f10x_dac.c ****   {
 322:lib/STM32F10x_StdPeriph_Driver/src/stm32f10x_dac.c ****     /* Enable the selected wave generation for the selected DAC channel */
 323:lib/STM32F10x_StdPeriph_Driver/src/stm32f10x_dac.c ****     DAC->CR |= DAC_Wave << DAC_Channel;
 308              		.loc 1 323 0
 309 00d2 1A68     		ldr	r2, [r3]
 310              	.LVL25:
 311 00d4 1143     		orrs	r1, r1, r2
 312 00d6 02E0     		b	.L34
 313              	.LVL26:
 314              	.L32:
 324:lib/STM32F10x_StdPeriph_Driver/src/stm32f10x_dac.c ****   }
 325:lib/STM32F10x_StdPeriph_Driver/src/stm32f10x_dac.c ****   else
 326:lib/STM32F10x_StdPeriph_Driver/src/stm32f10x_dac.c ****   {
 327:lib/STM32F10x_StdPeriph_Driver/src/stm32f10x_dac.c ****     /* Disable the selected wave generation for the selected DAC channel */
 328:lib/STM32F10x_StdPeriph_Driver/src/stm32f10x_dac.c ****     DAC->CR &= ~(DAC_Wave << DAC_Channel);
 315              		.loc 1 328 0
 316 00d8 1A68     		ldr	r2, [r3]
 317              	.LVL27:
 318 00da 22EA0101 		bic	r1, r2, r1
 319              	.L34:
 320 00de 1960     		str	r1, [r3]
 321 00e0 7047     		bx	lr
 322              	.L36:
 323 00e2 00BF     		.align	2
 324              	.L35:
 325 00e4 00740040 		.word	1073771520
 326              		.cfi_endproc
 327              	.LFE36:
 329              		.align	1
 330              		.global	DAC_SetChannel1Data
 331              		.thumb
 332              		.thumb_func
 334              	DAC_SetChannel1Data:
 335              	.LFB37:
 329:lib/STM32F10x_StdPeriph_Driver/src/stm32f10x_dac.c ****   }
 330:lib/STM32F10x_StdPeriph_Driver/src/stm32f10x_dac.c **** }
 331:lib/STM32F10x_StdPeriph_Driver/src/stm32f10x_dac.c **** 
 332:lib/STM32F10x_StdPeriph_Driver/src/stm32f10x_dac.c **** /**
 333:lib/STM32F10x_StdPeriph_Driver/src/stm32f10x_dac.c ****   * @brief  Set the specified data holding register value for DAC channel1.
 334:lib/STM32F10x_StdPeriph_Driver/src/stm32f10x_dac.c ****   * @param  DAC_Align: Specifies the data alignment for DAC channel1.
 335:lib/STM32F10x_StdPeriph_Driver/src/stm32f10x_dac.c ****   *   This parameter can be one of the following values:
 336:lib/STM32F10x_StdPeriph_Driver/src/stm32f10x_dac.c ****   *     @arg DAC_Align_8b_R: 8bit right data alignment selected
 337:lib/STM32F10x_StdPeriph_Driver/src/stm32f10x_dac.c ****   *     @arg DAC_Align_12b_L: 12bit left data alignment selected
 338:lib/STM32F10x_StdPeriph_Driver/src/stm32f10x_dac.c ****   *     @arg DAC_Align_12b_R: 12bit right data alignment selected
 339:lib/STM32F10x_StdPeriph_Driver/src/stm32f10x_dac.c ****   * @param  Data : Data to be loaded in the selected data holding register.
 340:lib/STM32F10x_StdPeriph_Driver/src/stm32f10x_dac.c ****   * @retval None
 341:lib/STM32F10x_StdPeriph_Driver/src/stm32f10x_dac.c ****   */
 342:lib/STM32F10x_StdPeriph_Driver/src/stm32f10x_dac.c **** void DAC_SetChannel1Data(uint32_t DAC_Align, uint16_t Data)
 343:lib/STM32F10x_StdPeriph_Driver/src/stm32f10x_dac.c **** {  
 336              		.loc 1 343 0
 337              		.cfi_startproc
 338              		@ args = 0, pretend = 0, frame = 8
 339              		@ frame_needed = 0, uses_anonymous_args = 0
 340              		@ link register save eliminated.
 341              	.LVL28:
 342 00e8 82B0     		sub	sp, sp, #8
 343              	.LCFI3:
 344              		.cfi_def_cfa_offset 8
 344:lib/STM32F10x_StdPeriph_Driver/src/stm32f10x_dac.c ****   __IO uint32_t tmp = 0;
 345              		.loc 1 344 0
 346 00ea 0023     		movs	r3, #0
 347 00ec 0193     		str	r3, [sp, #4]
 345:lib/STM32F10x_StdPeriph_Driver/src/stm32f10x_dac.c ****   
 346:lib/STM32F10x_StdPeriph_Driver/src/stm32f10x_dac.c ****   /* Check the parameters */
 347:lib/STM32F10x_StdPeriph_Driver/src/stm32f10x_dac.c ****   assert_param(IS_DAC_ALIGN(DAC_Align));
 348:lib/STM32F10x_StdPeriph_Driver/src/stm32f10x_dac.c ****   assert_param(IS_DAC_DATA(Data));
 349:lib/STM32F10x_StdPeriph_Driver/src/stm32f10x_dac.c ****   
 350:lib/STM32F10x_StdPeriph_Driver/src/stm32f10x_dac.c ****   tmp = (uint32_t)DAC_BASE; 
 348              		.loc 1 350 0
 349 00ee 054B     		ldr	r3, .L38
 350 00f0 0193     		str	r3, [sp, #4]
 351:lib/STM32F10x_StdPeriph_Driver/src/stm32f10x_dac.c ****   tmp += DHR12R1_OFFSET + DAC_Align;
 351              		.loc 1 351 0
 352 00f2 019B     		ldr	r3, [sp, #4]
 353 00f4 0833     		adds	r3, r3, #8
 354 00f6 1844     		add	r0, r0, r3
 355              	.LVL29:
 356 00f8 0190     		str	r0, [sp, #4]
 352:lib/STM32F10x_StdPeriph_Driver/src/stm32f10x_dac.c **** 
 353:lib/STM32F10x_StdPeriph_Driver/src/stm32f10x_dac.c ****   /* Set the DAC channel1 selected data holding register */
 354:lib/STM32F10x_StdPeriph_Driver/src/stm32f10x_dac.c ****   *(__IO uint32_t *) tmp = Data;
 357              		.loc 1 354 0
 358 00fa 019B     		ldr	r3, [sp, #4]
 359 00fc 1960     		str	r1, [r3]
 355:lib/STM32F10x_StdPeriph_Driver/src/stm32f10x_dac.c **** }
 360              		.loc 1 355 0
 361 00fe 02B0     		add	sp, sp, #8
 362              	.LCFI4:
 363              		.cfi_def_cfa_offset 0
 364              		@ sp needed
 365 0100 7047     		bx	lr
 366              	.L39:
 367 0102 00BF     		.align	2
 368              	.L38:
 369 0104 00740040 		.word	1073771520
 370              		.cfi_endproc
 371              	.LFE37:
 373              		.align	1
 374              		.global	DAC_SetChannel2Data
 375              		.thumb
 376              		.thumb_func
 378              	DAC_SetChannel2Data:
 379              	.LFB38:
 356:lib/STM32F10x_StdPeriph_Driver/src/stm32f10x_dac.c **** 
 357:lib/STM32F10x_StdPeriph_Driver/src/stm32f10x_dac.c **** /**
 358:lib/STM32F10x_StdPeriph_Driver/src/stm32f10x_dac.c ****   * @brief  Set the specified data holding register value for DAC channel2.
 359:lib/STM32F10x_StdPeriph_Driver/src/stm32f10x_dac.c ****   * @param  DAC_Align: Specifies the data alignment for DAC channel2.
 360:lib/STM32F10x_StdPeriph_Driver/src/stm32f10x_dac.c ****   *   This parameter can be one of the following values:
 361:lib/STM32F10x_StdPeriph_Driver/src/stm32f10x_dac.c ****   *     @arg DAC_Align_8b_R: 8bit right data alignment selected
 362:lib/STM32F10x_StdPeriph_Driver/src/stm32f10x_dac.c ****   *     @arg DAC_Align_12b_L: 12bit left data alignment selected
 363:lib/STM32F10x_StdPeriph_Driver/src/stm32f10x_dac.c ****   *     @arg DAC_Align_12b_R: 12bit right data alignment selected
 364:lib/STM32F10x_StdPeriph_Driver/src/stm32f10x_dac.c ****   * @param  Data : Data to be loaded in the selected data holding register.
 365:lib/STM32F10x_StdPeriph_Driver/src/stm32f10x_dac.c ****   * @retval None
 366:lib/STM32F10x_StdPeriph_Driver/src/stm32f10x_dac.c ****   */
 367:lib/STM32F10x_StdPeriph_Driver/src/stm32f10x_dac.c **** void DAC_SetChannel2Data(uint32_t DAC_Align, uint16_t Data)
 368:lib/STM32F10x_StdPeriph_Driver/src/stm32f10x_dac.c **** {
 380              		.loc 1 368 0
 381              		.cfi_startproc
 382              		@ args = 0, pretend = 0, frame = 8
 383              		@ frame_needed = 0, uses_anonymous_args = 0
 384              		@ link register save eliminated.
 385              	.LVL30:
 386 0108 82B0     		sub	sp, sp, #8
 387              	.LCFI5:
 388              		.cfi_def_cfa_offset 8
 369:lib/STM32F10x_StdPeriph_Driver/src/stm32f10x_dac.c ****   __IO uint32_t tmp = 0;
 389              		.loc 1 369 0
 390 010a 0023     		movs	r3, #0
 391 010c 0193     		str	r3, [sp, #4]
 370:lib/STM32F10x_StdPeriph_Driver/src/stm32f10x_dac.c **** 
 371:lib/STM32F10x_StdPeriph_Driver/src/stm32f10x_dac.c ****   /* Check the parameters */
 372:lib/STM32F10x_StdPeriph_Driver/src/stm32f10x_dac.c ****   assert_param(IS_DAC_ALIGN(DAC_Align));
 373:lib/STM32F10x_StdPeriph_Driver/src/stm32f10x_dac.c ****   assert_param(IS_DAC_DATA(Data));
 374:lib/STM32F10x_StdPeriph_Driver/src/stm32f10x_dac.c ****   
 375:lib/STM32F10x_StdPeriph_Driver/src/stm32f10x_dac.c ****   tmp = (uint32_t)DAC_BASE;
 392              		.loc 1 375 0
 393 010e 054B     		ldr	r3, .L41
 394 0110 0193     		str	r3, [sp, #4]
 376:lib/STM32F10x_StdPeriph_Driver/src/stm32f10x_dac.c ****   tmp += DHR12R2_OFFSET + DAC_Align;
 395              		.loc 1 376 0
 396 0112 019B     		ldr	r3, [sp, #4]
 397 0114 1433     		adds	r3, r3, #20
 398 0116 1844     		add	r0, r0, r3
 399              	.LVL31:
 400 0118 0190     		str	r0, [sp, #4]
 377:lib/STM32F10x_StdPeriph_Driver/src/stm32f10x_dac.c **** 
 378:lib/STM32F10x_StdPeriph_Driver/src/stm32f10x_dac.c ****   /* Set the DAC channel2 selected data holding register */
 379:lib/STM32F10x_StdPeriph_Driver/src/stm32f10x_dac.c ****   *(__IO uint32_t *)tmp = Data;
 401              		.loc 1 379 0
 402 011a 019B     		ldr	r3, [sp, #4]
 403 011c 1960     		str	r1, [r3]
 380:lib/STM32F10x_StdPeriph_Driver/src/stm32f10x_dac.c **** }
 404              		.loc 1 380 0
 405 011e 02B0     		add	sp, sp, #8
 406              	.LCFI6:
 407              		.cfi_def_cfa_offset 0
 408              		@ sp needed
 409 0120 7047     		bx	lr
 410              	.L42:
 411 0122 00BF     		.align	2
 412              	.L41:
 413 0124 00740040 		.word	1073771520
 414              		.cfi_endproc
 415              	.LFE38:
 417              		.align	1
 418              		.global	DAC_SetDualChannelData
 419              		.thumb
 420              		.thumb_func
 422              	DAC_SetDualChannelData:
 423              	.LFB39:
 381:lib/STM32F10x_StdPeriph_Driver/src/stm32f10x_dac.c **** 
 382:lib/STM32F10x_StdPeriph_Driver/src/stm32f10x_dac.c **** /**
 383:lib/STM32F10x_StdPeriph_Driver/src/stm32f10x_dac.c ****   * @brief  Set the specified data holding register value for dual channel
 384:lib/STM32F10x_StdPeriph_Driver/src/stm32f10x_dac.c ****   *   DAC.
 385:lib/STM32F10x_StdPeriph_Driver/src/stm32f10x_dac.c ****   * @param  DAC_Align: Specifies the data alignment for dual channel DAC.
 386:lib/STM32F10x_StdPeriph_Driver/src/stm32f10x_dac.c ****   *   This parameter can be one of the following values:
 387:lib/STM32F10x_StdPeriph_Driver/src/stm32f10x_dac.c ****   *     @arg DAC_Align_8b_R: 8bit right data alignment selected
 388:lib/STM32F10x_StdPeriph_Driver/src/stm32f10x_dac.c ****   *     @arg DAC_Align_12b_L: 12bit left data alignment selected
 389:lib/STM32F10x_StdPeriph_Driver/src/stm32f10x_dac.c ****   *     @arg DAC_Align_12b_R: 12bit right data alignment selected
 390:lib/STM32F10x_StdPeriph_Driver/src/stm32f10x_dac.c ****   * @param  Data2: Data for DAC Channel2 to be loaded in the selected data 
 391:lib/STM32F10x_StdPeriph_Driver/src/stm32f10x_dac.c ****   *   holding register.
 392:lib/STM32F10x_StdPeriph_Driver/src/stm32f10x_dac.c ****   * @param  Data1: Data for DAC Channel1 to be loaded in the selected data 
 393:lib/STM32F10x_StdPeriph_Driver/src/stm32f10x_dac.c ****   *   holding register.
 394:lib/STM32F10x_StdPeriph_Driver/src/stm32f10x_dac.c ****   * @retval None
 395:lib/STM32F10x_StdPeriph_Driver/src/stm32f10x_dac.c ****   */
 396:lib/STM32F10x_StdPeriph_Driver/src/stm32f10x_dac.c **** void DAC_SetDualChannelData(uint32_t DAC_Align, uint16_t Data2, uint16_t Data1)
 397:lib/STM32F10x_StdPeriph_Driver/src/stm32f10x_dac.c **** {
 424              		.loc 1 397 0
 425              		.cfi_startproc
 426              		@ args = 0, pretend = 0, frame = 0
 427              		@ frame_needed = 0, uses_anonymous_args = 0
 428              		@ link register save eliminated.
 429              	.LVL32:
 398:lib/STM32F10x_StdPeriph_Driver/src/stm32f10x_dac.c ****   uint32_t data = 0, tmp = 0;
 399:lib/STM32F10x_StdPeriph_Driver/src/stm32f10x_dac.c ****   
 400:lib/STM32F10x_StdPeriph_Driver/src/stm32f10x_dac.c ****   /* Check the parameters */
 401:lib/STM32F10x_StdPeriph_Driver/src/stm32f10x_dac.c ****   assert_param(IS_DAC_ALIGN(DAC_Align));
 402:lib/STM32F10x_StdPeriph_Driver/src/stm32f10x_dac.c ****   assert_param(IS_DAC_DATA(Data1));
 403:lib/STM32F10x_StdPeriph_Driver/src/stm32f10x_dac.c ****   assert_param(IS_DAC_DATA(Data2));
 404:lib/STM32F10x_StdPeriph_Driver/src/stm32f10x_dac.c ****   
 405:lib/STM32F10x_StdPeriph_Driver/src/stm32f10x_dac.c ****   /* Calculate and set dual DAC data holding register value */
 406:lib/STM32F10x_StdPeriph_Driver/src/stm32f10x_dac.c ****   if (DAC_Align == DAC_Align_8b_R)
 430              		.loc 1 406 0
 431 0128 0828     		cmp	r0, #8
 407:lib/STM32F10x_StdPeriph_Driver/src/stm32f10x_dac.c ****   {
 408:lib/STM32F10x_StdPeriph_Driver/src/stm32f10x_dac.c ****     data = ((uint32_t)Data2 << 8) | Data1; 
 409:lib/STM32F10x_StdPeriph_Driver/src/stm32f10x_dac.c ****   }
 410:lib/STM32F10x_StdPeriph_Driver/src/stm32f10x_dac.c ****   else
 411:lib/STM32F10x_StdPeriph_Driver/src/stm32f10x_dac.c ****   {
 412:lib/STM32F10x_StdPeriph_Driver/src/stm32f10x_dac.c ****     data = ((uint32_t)Data2 << 16) | Data1;
 413:lib/STM32F10x_StdPeriph_Driver/src/stm32f10x_dac.c ****   }
 414:lib/STM32F10x_StdPeriph_Driver/src/stm32f10x_dac.c ****   
 415:lib/STM32F10x_StdPeriph_Driver/src/stm32f10x_dac.c ****   tmp = (uint32_t)DAC_BASE;
 416:lib/STM32F10x_StdPeriph_Driver/src/stm32f10x_dac.c ****   tmp += DHR12RD_OFFSET + DAC_Align;
 417:lib/STM32F10x_StdPeriph_Driver/src/stm32f10x_dac.c **** 
 418:lib/STM32F10x_StdPeriph_Driver/src/stm32f10x_dac.c ****   /* Set the dual DAC selected data holding register */
 419:lib/STM32F10x_StdPeriph_Driver/src/stm32f10x_dac.c ****   *(__IO uint32_t *)tmp = data;
 432              		.loc 1 419 0
 433 012a 044B     		ldr	r3, .L46
 408:lib/STM32F10x_StdPeriph_Driver/src/stm32f10x_dac.c ****   }
 434              		.loc 1 408 0
 435 012c 0CBF     		ite	eq
 436 012e 42EA0122 		orreq	r2, r2, r1, lsl #8
 437              	.LVL33:
 412:lib/STM32F10x_StdPeriph_Driver/src/stm32f10x_dac.c ****   }
 438              		.loc 1 412 0
 439 0132 42EA0142 		orrne	r2, r2, r1, lsl #16
 440              	.LVL34:
 441              		.loc 1 419 0
 442 0136 C250     		str	r2, [r0, r3]
 443 0138 7047     		bx	lr
 444              	.L47:
 445 013a 00BF     		.align	2
 446              	.L46:
 447 013c 20740040 		.word	1073771552
 448              		.cfi_endproc
 449              	.LFE39:
 451              		.align	1
 452              		.global	DAC_GetDataOutputValue
 453              		.thumb
 454              		.thumb_func
 456              	DAC_GetDataOutputValue:
 457              	.LFB40:
 420:lib/STM32F10x_StdPeriph_Driver/src/stm32f10x_dac.c **** }
 421:lib/STM32F10x_StdPeriph_Driver/src/stm32f10x_dac.c **** 
 422:lib/STM32F10x_StdPeriph_Driver/src/stm32f10x_dac.c **** /**
 423:lib/STM32F10x_StdPeriph_Driver/src/stm32f10x_dac.c ****   * @brief  Returns the last data output value of the selected DAC channel.
 424:lib/STM32F10x_StdPeriph_Driver/src/stm32f10x_dac.c ****   * @param  DAC_Channel: the selected DAC channel. 
 425:lib/STM32F10x_StdPeriph_Driver/src/stm32f10x_dac.c ****   *   This parameter can be one of the following values:
 426:lib/STM32F10x_StdPeriph_Driver/src/stm32f10x_dac.c ****   *     @arg DAC_Channel_1: DAC Channel1 selected
 427:lib/STM32F10x_StdPeriph_Driver/src/stm32f10x_dac.c ****   *     @arg DAC_Channel_2: DAC Channel2 selected
 428:lib/STM32F10x_StdPeriph_Driver/src/stm32f10x_dac.c ****   * @retval The selected DAC channel data output value.
 429:lib/STM32F10x_StdPeriph_Driver/src/stm32f10x_dac.c ****   */
 430:lib/STM32F10x_StdPeriph_Driver/src/stm32f10x_dac.c **** uint16_t DAC_GetDataOutputValue(uint32_t DAC_Channel)
 431:lib/STM32F10x_StdPeriph_Driver/src/stm32f10x_dac.c **** {
 458              		.loc 1 431 0
 459              		.cfi_startproc
 460              		@ args = 0, pretend = 0, frame = 8
 461              		@ frame_needed = 0, uses_anonymous_args = 0
 462              		@ link register save eliminated.
 463              	.LVL35:
 464 0140 82B0     		sub	sp, sp, #8
 465              	.LCFI7:
 466              		.cfi_def_cfa_offset 8
 432:lib/STM32F10x_StdPeriph_Driver/src/stm32f10x_dac.c ****   __IO uint32_t tmp = 0;
 467              		.loc 1 432 0
 468 0142 0023     		movs	r3, #0
 469 0144 0193     		str	r3, [sp, #4]
 433:lib/STM32F10x_StdPeriph_Driver/src/stm32f10x_dac.c ****   
 434:lib/STM32F10x_StdPeriph_Driver/src/stm32f10x_dac.c ****   /* Check the parameters */
 435:lib/STM32F10x_StdPeriph_Driver/src/stm32f10x_dac.c ****   assert_param(IS_DAC_CHANNEL(DAC_Channel));
 436:lib/STM32F10x_StdPeriph_Driver/src/stm32f10x_dac.c ****   
 437:lib/STM32F10x_StdPeriph_Driver/src/stm32f10x_dac.c ****   tmp = (uint32_t) DAC_BASE ;
 470              		.loc 1 437 0
 471 0146 064B     		ldr	r3, .L49
 472 0148 0193     		str	r3, [sp, #4]
 438:lib/STM32F10x_StdPeriph_Driver/src/stm32f10x_dac.c ****   tmp += DOR_OFFSET + ((uint32_t)DAC_Channel >> 2);
 473              		.loc 1 438 0
 474 014a 019B     		ldr	r3, [sp, #4]
 475 014c 2C33     		adds	r3, r3, #44
 476 014e 03EB9000 		add	r0, r3, r0, lsr #2
 477              	.LVL36:
 478 0152 0190     		str	r0, [sp, #4]
 439:lib/STM32F10x_StdPeriph_Driver/src/stm32f10x_dac.c ****   
 440:lib/STM32F10x_StdPeriph_Driver/src/stm32f10x_dac.c ****   /* Returns the DAC channel data output register value */
 441:lib/STM32F10x_StdPeriph_Driver/src/stm32f10x_dac.c ****   return (uint16_t) (*(__IO uint32_t*) tmp);
 479              		.loc 1 441 0
 480 0154 019B     		ldr	r3, [sp, #4]
 481 0156 1868     		ldr	r0, [r3]
 442:lib/STM32F10x_StdPeriph_Driver/src/stm32f10x_dac.c **** }
 482              		.loc 1 442 0
 483 0158 80B2     		uxth	r0, r0
 484 015a 02B0     		add	sp, sp, #8
 485              	.LCFI8:
 486              		.cfi_def_cfa_offset 0
 487              		@ sp needed
 488 015c 7047     		bx	lr
 489              	.L50:
 490 015e 00BF     		.align	2
 491              	.L49:
 492 0160 00740040 		.word	1073771520
 493              		.cfi_endproc
 494              	.LFE40:
 496              	.Letext0:
 497              		.file 2 "/opt/gcc-arm-none-eabi-5_2-2015q4/arm-none-eabi/include/machine/_default_types.h"
 498              		.file 3 "/opt/gcc-arm-none-eabi-5_2-2015q4/arm-none-eabi/include/sys/_stdint.h"
 499              		.file 4 "./lib/CMSIS/CM3/DeviceSupport/ST/STM32F10x/stm32f10x.h"
 500              		.file 5 "./lib/STM32F10x_StdPeriph_Driver/inc/stm32f10x_dac.h"
 501              		.file 6 "./lib/CMSIS/CM3/CoreSupport/core_cm3.h"
 502              		.file 7 "./lib/STM32F10x_StdPeriph_Driver/inc/stm32f10x_rcc.h"
DEFINED SYMBOLS
                            *ABS*:00000000 stm32f10x_dac.c
     /tmp/cc8J6fO4.s:19     .text:00000000 $t
     /tmp/cc8J6fO4.s:24     .text:00000000 DAC_DeInit
     /tmp/cc8J6fO4.s:60     .text:0000001a DAC_Init
     /tmp/cc8J6fO4.s:104    .text:00000044 $d
     /tmp/cc8J6fO4.s:108    .text:00000048 $t
     /tmp/cc8J6fO4.s:113    .text:00000048 DAC_StructInit
     /tmp/cc8J6fO4.s:139    .text:00000054 DAC_Cmd
     /tmp/cc8J6fO4.s:170    .text:00000070 $d
     /tmp/cc8J6fO4.s:174    .text:00000074 $t
     /tmp/cc8J6fO4.s:179    .text:00000074 DAC_DMACmd
     /tmp/cc8J6fO4.s:210    .text:00000090 $d
     /tmp/cc8J6fO4.s:214    .text:00000094 $t
     /tmp/cc8J6fO4.s:219    .text:00000094 DAC_SoftwareTriggerCmd
     /tmp/cc8J6fO4.s:252    .text:000000b0 $d
     /tmp/cc8J6fO4.s:256    .text:000000b4 $t
     /tmp/cc8J6fO4.s:261    .text:000000b4 DAC_DualSoftwareTriggerCmd
     /tmp/cc8J6fO4.s:286    .text:000000c8 $d
     /tmp/cc8J6fO4.s:290    .text:000000cc $t
     /tmp/cc8J6fO4.s:295    .text:000000cc DAC_WaveGenerationCmd
     /tmp/cc8J6fO4.s:325    .text:000000e4 $d
     /tmp/cc8J6fO4.s:329    .text:000000e8 $t
     /tmp/cc8J6fO4.s:334    .text:000000e8 DAC_SetChannel1Data
     /tmp/cc8J6fO4.s:369    .text:00000104 $d
     /tmp/cc8J6fO4.s:373    .text:00000108 $t
     /tmp/cc8J6fO4.s:378    .text:00000108 DAC_SetChannel2Data
     /tmp/cc8J6fO4.s:413    .text:00000124 $d
     /tmp/cc8J6fO4.s:417    .text:00000128 $t
     /tmp/cc8J6fO4.s:422    .text:00000128 DAC_SetDualChannelData
     /tmp/cc8J6fO4.s:447    .text:0000013c $d
     /tmp/cc8J6fO4.s:451    .text:00000140 $t
     /tmp/cc8J6fO4.s:456    .text:00000140 DAC_GetDataOutputValue
     /tmp/cc8J6fO4.s:492    .text:00000160 $d
                     .debug_frame:00000010 $d

UNDEFINED SYMBOLS
RCC_APB1PeriphResetCmd
