   1              		.syntax unified
   2              		.cpu cortex-m3
   3              		.fpu softvfp
   4              		.eabi_attribute 20, 1
   5              		.eabi_attribute 21, 1
   6              		.eabi_attribute 23, 3
   7              		.eabi_attribute 24, 1
   8              		.eabi_attribute 25, 1
   9              		.eabi_attribute 26, 1
  10              		.eabi_attribute 30, 4
  11              		.eabi_attribute 34, 1
  12              		.eabi_attribute 18, 4
  13              		.thumb
  14              		.syntax unified
  15              		.file	"stm32f10x_cec.c"
  16              		.text
  17              	.Ltext0:
  18              		.cfi_sections	.debug_frame
  19              		.align	1
  20              		.global	CEC_DeInit
  21              		.thumb
  22              		.thumb_func
  24              	CEC_DeInit:
  25              	.LFB29:
  26              		.file 1 "lib/STM32F10x_StdPeriph_Driver/src/stm32f10x_cec.c"
   1:lib/STM32F10x_StdPeriph_Driver/src/stm32f10x_cec.c **** /**
   2:lib/STM32F10x_StdPeriph_Driver/src/stm32f10x_cec.c ****   ******************************************************************************
   3:lib/STM32F10x_StdPeriph_Driver/src/stm32f10x_cec.c ****   * @file    stm32f10x_cec.c
   4:lib/STM32F10x_StdPeriph_Driver/src/stm32f10x_cec.c ****   * @author  MCD Application Team
   5:lib/STM32F10x_StdPeriph_Driver/src/stm32f10x_cec.c ****   * @version V3.5.0
   6:lib/STM32F10x_StdPeriph_Driver/src/stm32f10x_cec.c ****   * @date    11-March-2011
   7:lib/STM32F10x_StdPeriph_Driver/src/stm32f10x_cec.c ****   * @brief   This file provides all the CEC firmware functions.
   8:lib/STM32F10x_StdPeriph_Driver/src/stm32f10x_cec.c ****   ******************************************************************************
   9:lib/STM32F10x_StdPeriph_Driver/src/stm32f10x_cec.c ****   * @attention
  10:lib/STM32F10x_StdPeriph_Driver/src/stm32f10x_cec.c ****   *
  11:lib/STM32F10x_StdPeriph_Driver/src/stm32f10x_cec.c ****   * THE PRESENT FIRMWARE WHICH IS FOR GUIDANCE ONLY AIMS AT PROVIDING CUSTOMERS
  12:lib/STM32F10x_StdPeriph_Driver/src/stm32f10x_cec.c ****   * WITH CODING INFORMATION REGARDING THEIR PRODUCTS IN ORDER FOR THEM TO SAVE
  13:lib/STM32F10x_StdPeriph_Driver/src/stm32f10x_cec.c ****   * TIME. AS A RESULT, STMICROELECTRONICS SHALL NOT BE HELD LIABLE FOR ANY
  14:lib/STM32F10x_StdPeriph_Driver/src/stm32f10x_cec.c ****   * DIRECT, INDIRECT OR CONSEQUENTIAL DAMAGES WITH RESPECT TO ANY CLAIMS ARISING
  15:lib/STM32F10x_StdPeriph_Driver/src/stm32f10x_cec.c ****   * FROM THE CONTENT OF SUCH FIRMWARE AND/OR THE USE MADE BY CUSTOMERS OF THE
  16:lib/STM32F10x_StdPeriph_Driver/src/stm32f10x_cec.c ****   * CODING INFORMATION CONTAINED HEREIN IN CONNECTION WITH THEIR PRODUCTS.
  17:lib/STM32F10x_StdPeriph_Driver/src/stm32f10x_cec.c ****   *
  18:lib/STM32F10x_StdPeriph_Driver/src/stm32f10x_cec.c ****   * <h2><center>&copy; COPYRIGHT 2011 STMicroelectronics</center></h2>
  19:lib/STM32F10x_StdPeriph_Driver/src/stm32f10x_cec.c ****   ******************************************************************************
  20:lib/STM32F10x_StdPeriph_Driver/src/stm32f10x_cec.c ****   */
  21:lib/STM32F10x_StdPeriph_Driver/src/stm32f10x_cec.c **** 
  22:lib/STM32F10x_StdPeriph_Driver/src/stm32f10x_cec.c **** /* Includes ------------------------------------------------------------------*/
  23:lib/STM32F10x_StdPeriph_Driver/src/stm32f10x_cec.c **** #include "stm32f10x_cec.h"
  24:lib/STM32F10x_StdPeriph_Driver/src/stm32f10x_cec.c **** #include "stm32f10x_rcc.h"
  25:lib/STM32F10x_StdPeriph_Driver/src/stm32f10x_cec.c **** 
  26:lib/STM32F10x_StdPeriph_Driver/src/stm32f10x_cec.c **** /** @addtogroup STM32F10x_StdPeriph_Driver
  27:lib/STM32F10x_StdPeriph_Driver/src/stm32f10x_cec.c ****   * @{
  28:lib/STM32F10x_StdPeriph_Driver/src/stm32f10x_cec.c ****   */
  29:lib/STM32F10x_StdPeriph_Driver/src/stm32f10x_cec.c **** 
  30:lib/STM32F10x_StdPeriph_Driver/src/stm32f10x_cec.c **** /** @defgroup CEC 
  31:lib/STM32F10x_StdPeriph_Driver/src/stm32f10x_cec.c ****   * @brief CEC driver modules
  32:lib/STM32F10x_StdPeriph_Driver/src/stm32f10x_cec.c ****   * @{
  33:lib/STM32F10x_StdPeriph_Driver/src/stm32f10x_cec.c ****   */
  34:lib/STM32F10x_StdPeriph_Driver/src/stm32f10x_cec.c **** 
  35:lib/STM32F10x_StdPeriph_Driver/src/stm32f10x_cec.c **** /** @defgroup CEC_Private_TypesDefinitions
  36:lib/STM32F10x_StdPeriph_Driver/src/stm32f10x_cec.c ****   * @{
  37:lib/STM32F10x_StdPeriph_Driver/src/stm32f10x_cec.c ****   */
  38:lib/STM32F10x_StdPeriph_Driver/src/stm32f10x_cec.c **** 
  39:lib/STM32F10x_StdPeriph_Driver/src/stm32f10x_cec.c **** /**
  40:lib/STM32F10x_StdPeriph_Driver/src/stm32f10x_cec.c ****   * @}
  41:lib/STM32F10x_StdPeriph_Driver/src/stm32f10x_cec.c ****   */
  42:lib/STM32F10x_StdPeriph_Driver/src/stm32f10x_cec.c **** 
  43:lib/STM32F10x_StdPeriph_Driver/src/stm32f10x_cec.c **** 
  44:lib/STM32F10x_StdPeriph_Driver/src/stm32f10x_cec.c **** /** @defgroup CEC_Private_Defines
  45:lib/STM32F10x_StdPeriph_Driver/src/stm32f10x_cec.c ****   * @{
  46:lib/STM32F10x_StdPeriph_Driver/src/stm32f10x_cec.c ****   */ 
  47:lib/STM32F10x_StdPeriph_Driver/src/stm32f10x_cec.c **** 
  48:lib/STM32F10x_StdPeriph_Driver/src/stm32f10x_cec.c **** /* ------------ CEC registers bit address in the alias region ----------- */
  49:lib/STM32F10x_StdPeriph_Driver/src/stm32f10x_cec.c **** #define CEC_OFFSET                (CEC_BASE - PERIPH_BASE)
  50:lib/STM32F10x_StdPeriph_Driver/src/stm32f10x_cec.c **** 
  51:lib/STM32F10x_StdPeriph_Driver/src/stm32f10x_cec.c **** /* --- CFGR Register ---*/
  52:lib/STM32F10x_StdPeriph_Driver/src/stm32f10x_cec.c **** 
  53:lib/STM32F10x_StdPeriph_Driver/src/stm32f10x_cec.c **** /* Alias word address of PE bit */
  54:lib/STM32F10x_StdPeriph_Driver/src/stm32f10x_cec.c **** #define CFGR_OFFSET                 (CEC_OFFSET + 0x00)
  55:lib/STM32F10x_StdPeriph_Driver/src/stm32f10x_cec.c **** #define PE_BitNumber                0x00
  56:lib/STM32F10x_StdPeriph_Driver/src/stm32f10x_cec.c **** #define CFGR_PE_BB                  (PERIPH_BB_BASE + (CFGR_OFFSET * 32) + (PE_BitNumber * 4))
  57:lib/STM32F10x_StdPeriph_Driver/src/stm32f10x_cec.c **** 
  58:lib/STM32F10x_StdPeriph_Driver/src/stm32f10x_cec.c **** /* Alias word address of IE bit */
  59:lib/STM32F10x_StdPeriph_Driver/src/stm32f10x_cec.c **** #define IE_BitNumber                0x01
  60:lib/STM32F10x_StdPeriph_Driver/src/stm32f10x_cec.c **** #define CFGR_IE_BB                  (PERIPH_BB_BASE + (CFGR_OFFSET * 32) + (IE_BitNumber * 4))
  61:lib/STM32F10x_StdPeriph_Driver/src/stm32f10x_cec.c **** 
  62:lib/STM32F10x_StdPeriph_Driver/src/stm32f10x_cec.c **** /* --- CSR Register ---*/
  63:lib/STM32F10x_StdPeriph_Driver/src/stm32f10x_cec.c **** 
  64:lib/STM32F10x_StdPeriph_Driver/src/stm32f10x_cec.c **** /* Alias word address of TSOM bit */
  65:lib/STM32F10x_StdPeriph_Driver/src/stm32f10x_cec.c **** #define CSR_OFFSET                  (CEC_OFFSET + 0x10)
  66:lib/STM32F10x_StdPeriph_Driver/src/stm32f10x_cec.c **** #define TSOM_BitNumber              0x00
  67:lib/STM32F10x_StdPeriph_Driver/src/stm32f10x_cec.c **** #define CSR_TSOM_BB                 (PERIPH_BB_BASE + (CSR_OFFSET * 32) + (TSOM_BitNumber * 4))
  68:lib/STM32F10x_StdPeriph_Driver/src/stm32f10x_cec.c **** 
  69:lib/STM32F10x_StdPeriph_Driver/src/stm32f10x_cec.c **** /* Alias word address of TEOM bit */
  70:lib/STM32F10x_StdPeriph_Driver/src/stm32f10x_cec.c **** #define TEOM_BitNumber              0x01
  71:lib/STM32F10x_StdPeriph_Driver/src/stm32f10x_cec.c **** #define CSR_TEOM_BB                 (PERIPH_BB_BASE + (CSR_OFFSET * 32) + (TEOM_BitNumber * 4))
  72:lib/STM32F10x_StdPeriph_Driver/src/stm32f10x_cec.c ****   
  73:lib/STM32F10x_StdPeriph_Driver/src/stm32f10x_cec.c **** #define CFGR_CLEAR_Mask            (uint8_t)(0xF3)        /* CFGR register Mask */
  74:lib/STM32F10x_StdPeriph_Driver/src/stm32f10x_cec.c **** #define FLAG_Mask                  ((uint32_t)0x00FFFFFF) /* CEC FLAG mask */
  75:lib/STM32F10x_StdPeriph_Driver/src/stm32f10x_cec.c ****  
  76:lib/STM32F10x_StdPeriph_Driver/src/stm32f10x_cec.c **** /**
  77:lib/STM32F10x_StdPeriph_Driver/src/stm32f10x_cec.c ****   * @}
  78:lib/STM32F10x_StdPeriph_Driver/src/stm32f10x_cec.c ****   */ 
  79:lib/STM32F10x_StdPeriph_Driver/src/stm32f10x_cec.c **** 
  80:lib/STM32F10x_StdPeriph_Driver/src/stm32f10x_cec.c **** 
  81:lib/STM32F10x_StdPeriph_Driver/src/stm32f10x_cec.c **** /** @defgroup CEC_Private_Macros
  82:lib/STM32F10x_StdPeriph_Driver/src/stm32f10x_cec.c ****   * @{
  83:lib/STM32F10x_StdPeriph_Driver/src/stm32f10x_cec.c ****   */ 
  84:lib/STM32F10x_StdPeriph_Driver/src/stm32f10x_cec.c **** 
  85:lib/STM32F10x_StdPeriph_Driver/src/stm32f10x_cec.c **** /**
  86:lib/STM32F10x_StdPeriph_Driver/src/stm32f10x_cec.c ****   * @}
  87:lib/STM32F10x_StdPeriph_Driver/src/stm32f10x_cec.c ****   */ 
  88:lib/STM32F10x_StdPeriph_Driver/src/stm32f10x_cec.c **** 
  89:lib/STM32F10x_StdPeriph_Driver/src/stm32f10x_cec.c **** 
  90:lib/STM32F10x_StdPeriph_Driver/src/stm32f10x_cec.c **** /** @defgroup CEC_Private_Variables
  91:lib/STM32F10x_StdPeriph_Driver/src/stm32f10x_cec.c ****   * @{
  92:lib/STM32F10x_StdPeriph_Driver/src/stm32f10x_cec.c ****   */ 
  93:lib/STM32F10x_StdPeriph_Driver/src/stm32f10x_cec.c **** 
  94:lib/STM32F10x_StdPeriph_Driver/src/stm32f10x_cec.c **** /**
  95:lib/STM32F10x_StdPeriph_Driver/src/stm32f10x_cec.c ****   * @}
  96:lib/STM32F10x_StdPeriph_Driver/src/stm32f10x_cec.c ****   */ 
  97:lib/STM32F10x_StdPeriph_Driver/src/stm32f10x_cec.c **** 
  98:lib/STM32F10x_StdPeriph_Driver/src/stm32f10x_cec.c **** 
  99:lib/STM32F10x_StdPeriph_Driver/src/stm32f10x_cec.c **** /** @defgroup CEC_Private_FunctionPrototypes
 100:lib/STM32F10x_StdPeriph_Driver/src/stm32f10x_cec.c ****   * @{
 101:lib/STM32F10x_StdPeriph_Driver/src/stm32f10x_cec.c ****   */
 102:lib/STM32F10x_StdPeriph_Driver/src/stm32f10x_cec.c ****  
 103:lib/STM32F10x_StdPeriph_Driver/src/stm32f10x_cec.c **** /**
 104:lib/STM32F10x_StdPeriph_Driver/src/stm32f10x_cec.c ****   * @}
 105:lib/STM32F10x_StdPeriph_Driver/src/stm32f10x_cec.c ****   */ 
 106:lib/STM32F10x_StdPeriph_Driver/src/stm32f10x_cec.c **** 
 107:lib/STM32F10x_StdPeriph_Driver/src/stm32f10x_cec.c **** 
 108:lib/STM32F10x_StdPeriph_Driver/src/stm32f10x_cec.c **** /** @defgroup CEC_Private_Functions
 109:lib/STM32F10x_StdPeriph_Driver/src/stm32f10x_cec.c ****   * @{
 110:lib/STM32F10x_StdPeriph_Driver/src/stm32f10x_cec.c ****   */ 
 111:lib/STM32F10x_StdPeriph_Driver/src/stm32f10x_cec.c **** 
 112:lib/STM32F10x_StdPeriph_Driver/src/stm32f10x_cec.c **** /**
 113:lib/STM32F10x_StdPeriph_Driver/src/stm32f10x_cec.c ****   * @brief  Deinitializes the CEC peripheral registers to their default reset 
 114:lib/STM32F10x_StdPeriph_Driver/src/stm32f10x_cec.c ****   *         values.
 115:lib/STM32F10x_StdPeriph_Driver/src/stm32f10x_cec.c ****   * @param  None
 116:lib/STM32F10x_StdPeriph_Driver/src/stm32f10x_cec.c ****   * @retval None
 117:lib/STM32F10x_StdPeriph_Driver/src/stm32f10x_cec.c ****   */
 118:lib/STM32F10x_StdPeriph_Driver/src/stm32f10x_cec.c **** void CEC_DeInit(void)
 119:lib/STM32F10x_StdPeriph_Driver/src/stm32f10x_cec.c **** {
  27              		.loc 1 119 0
  28              		.cfi_startproc
  29              		@ args = 0, pretend = 0, frame = 0
  30              		@ frame_needed = 0, uses_anonymous_args = 0
  31 0000 08B5     		push	{r3, lr}
  32              	.LCFI0:
  33              		.cfi_def_cfa_offset 8
  34              		.cfi_offset 3, -8
  35              		.cfi_offset 14, -4
 120:lib/STM32F10x_StdPeriph_Driver/src/stm32f10x_cec.c ****   /* Enable CEC reset state */
 121:lib/STM32F10x_StdPeriph_Driver/src/stm32f10x_cec.c ****   RCC_APB1PeriphResetCmd(RCC_APB1Periph_CEC, ENABLE);  
  36              		.loc 1 121 0
  37 0002 0121     		movs	r1, #1
  38 0004 4FF08040 		mov	r0, #1073741824
  39 0008 FFF7FEFF 		bl	RCC_APB1PeriphResetCmd
  40              	.LVL0:
 122:lib/STM32F10x_StdPeriph_Driver/src/stm32f10x_cec.c ****   /* Release CEC from reset state */
 123:lib/STM32F10x_StdPeriph_Driver/src/stm32f10x_cec.c ****   RCC_APB1PeriphResetCmd(RCC_APB1Periph_CEC, DISABLE); 
 124:lib/STM32F10x_StdPeriph_Driver/src/stm32f10x_cec.c **** }
  41              		.loc 1 124 0
  42 000c BDE80840 		pop	{r3, lr}
  43              	.LCFI1:
  44              		.cfi_restore 14
  45              		.cfi_restore 3
  46              		.cfi_def_cfa_offset 0
 123:lib/STM32F10x_StdPeriph_Driver/src/stm32f10x_cec.c **** }
  47              		.loc 1 123 0
  48 0010 0021     		movs	r1, #0
  49 0012 4FF08040 		mov	r0, #1073741824
  50 0016 FFF7FEBF 		b	RCC_APB1PeriphResetCmd
  51              	.LVL1:
  52              		.cfi_endproc
  53              	.LFE29:
  55              		.align	1
  56              		.global	CEC_Init
  57              		.thumb
  58              		.thumb_func
  60              	CEC_Init:
  61              	.LFB30:
 125:lib/STM32F10x_StdPeriph_Driver/src/stm32f10x_cec.c **** 
 126:lib/STM32F10x_StdPeriph_Driver/src/stm32f10x_cec.c **** 
 127:lib/STM32F10x_StdPeriph_Driver/src/stm32f10x_cec.c **** /**
 128:lib/STM32F10x_StdPeriph_Driver/src/stm32f10x_cec.c ****   * @brief  Initializes the CEC peripheral according to the specified 
 129:lib/STM32F10x_StdPeriph_Driver/src/stm32f10x_cec.c ****   *         parameters in the CEC_InitStruct.
 130:lib/STM32F10x_StdPeriph_Driver/src/stm32f10x_cec.c ****   * @param  CEC_InitStruct: pointer to an CEC_InitTypeDef structure that
 131:lib/STM32F10x_StdPeriph_Driver/src/stm32f10x_cec.c ****   *         contains the configuration information for the specified
 132:lib/STM32F10x_StdPeriph_Driver/src/stm32f10x_cec.c ****   *         CEC peripheral.
 133:lib/STM32F10x_StdPeriph_Driver/src/stm32f10x_cec.c ****   * @retval None
 134:lib/STM32F10x_StdPeriph_Driver/src/stm32f10x_cec.c ****   */
 135:lib/STM32F10x_StdPeriph_Driver/src/stm32f10x_cec.c **** void CEC_Init(CEC_InitTypeDef* CEC_InitStruct)
 136:lib/STM32F10x_StdPeriph_Driver/src/stm32f10x_cec.c **** {
  62              		.loc 1 136 0
  63              		.cfi_startproc
  64              		@ args = 0, pretend = 0, frame = 0
  65              		@ frame_needed = 0, uses_anonymous_args = 0
  66              	.LVL2:
  67 001a 10B5     		push	{r4, lr}
  68              	.LCFI2:
  69              		.cfi_def_cfa_offset 8
  70              		.cfi_offset 4, -8
  71              		.cfi_offset 14, -4
 137:lib/STM32F10x_StdPeriph_Driver/src/stm32f10x_cec.c ****   uint16_t tmpreg = 0;
 138:lib/STM32F10x_StdPeriph_Driver/src/stm32f10x_cec.c ****  
 139:lib/STM32F10x_StdPeriph_Driver/src/stm32f10x_cec.c ****   /* Check the parameters */
 140:lib/STM32F10x_StdPeriph_Driver/src/stm32f10x_cec.c ****   assert_param(IS_CEC_BIT_TIMING_ERROR_MODE(CEC_InitStruct->CEC_BitTimingMode)); 
 141:lib/STM32F10x_StdPeriph_Driver/src/stm32f10x_cec.c ****   assert_param(IS_CEC_BIT_PERIOD_ERROR_MODE(CEC_InitStruct->CEC_BitPeriodMode));
 142:lib/STM32F10x_StdPeriph_Driver/src/stm32f10x_cec.c ****      
 143:lib/STM32F10x_StdPeriph_Driver/src/stm32f10x_cec.c ****   /*---------------------------- CEC CFGR Configuration -----------------*/
 144:lib/STM32F10x_StdPeriph_Driver/src/stm32f10x_cec.c ****   /* Get the CEC CFGR value */
 145:lib/STM32F10x_StdPeriph_Driver/src/stm32f10x_cec.c ****   tmpreg = CEC->CFGR;
  72              		.loc 1 145 0
  73 001c 054C     		ldr	r4, .L3
 146:lib/STM32F10x_StdPeriph_Driver/src/stm32f10x_cec.c ****   
 147:lib/STM32F10x_StdPeriph_Driver/src/stm32f10x_cec.c ****   /* Clear BTEM and BPEM bits */
 148:lib/STM32F10x_StdPeriph_Driver/src/stm32f10x_cec.c ****   tmpreg &= CFGR_CLEAR_Mask;
 149:lib/STM32F10x_StdPeriph_Driver/src/stm32f10x_cec.c ****   
 150:lib/STM32F10x_StdPeriph_Driver/src/stm32f10x_cec.c ****   /* Configure CEC: Bit Timing Error and Bit Period Error */
 151:lib/STM32F10x_StdPeriph_Driver/src/stm32f10x_cec.c ****   tmpreg |= (uint16_t)(CEC_InitStruct->CEC_BitTimingMode | CEC_InitStruct->CEC_BitPeriodMode);
 152:lib/STM32F10x_StdPeriph_Driver/src/stm32f10x_cec.c **** 
 153:lib/STM32F10x_StdPeriph_Driver/src/stm32f10x_cec.c ****   /* Write to CEC CFGR  register*/
 154:lib/STM32F10x_StdPeriph_Driver/src/stm32f10x_cec.c ****   CEC->CFGR = tmpreg;
  74              		.loc 1 154 0
  75 001e 4288     		ldrh	r2, [r0, #2]
 145:lib/STM32F10x_StdPeriph_Driver/src/stm32f10x_cec.c ****   
  76              		.loc 1 145 0
  77 0020 2368     		ldr	r3, [r4]
  78              	.LVL3:
 148:lib/STM32F10x_StdPeriph_Driver/src/stm32f10x_cec.c ****   
  79              		.loc 1 148 0
  80 0022 03F0F301 		and	r1, r3, #243
  81              	.LVL4:
  82              		.loc 1 154 0
  83 0026 0388     		ldrh	r3, [r0]
  84 0028 1343     		orrs	r3, r3, r2
  85 002a 0B43     		orrs	r3, r3, r1
  86 002c 9BB2     		uxth	r3, r3
  87 002e 2360     		str	r3, [r4]
  88              	.LVL5:
  89 0030 10BD     		pop	{r4, pc}
  90              	.L4:
  91 0032 00BF     		.align	2
  92              	.L3:
  93 0034 00780040 		.word	1073772544
  94              		.cfi_endproc
  95              	.LFE30:
  97              		.align	1
  98              		.global	CEC_Cmd
  99              		.thumb
 100              		.thumb_func
 102              	CEC_Cmd:
 103              	.LFB31:
 155:lib/STM32F10x_StdPeriph_Driver/src/stm32f10x_cec.c ****   
 156:lib/STM32F10x_StdPeriph_Driver/src/stm32f10x_cec.c **** }
 157:lib/STM32F10x_StdPeriph_Driver/src/stm32f10x_cec.c **** 
 158:lib/STM32F10x_StdPeriph_Driver/src/stm32f10x_cec.c **** /**
 159:lib/STM32F10x_StdPeriph_Driver/src/stm32f10x_cec.c ****   * @brief  Enables or disables the specified CEC peripheral.
 160:lib/STM32F10x_StdPeriph_Driver/src/stm32f10x_cec.c ****   * @param  NewState: new state of the CEC peripheral. 
 161:lib/STM32F10x_StdPeriph_Driver/src/stm32f10x_cec.c ****   *     This parameter can be: ENABLE or DISABLE.
 162:lib/STM32F10x_StdPeriph_Driver/src/stm32f10x_cec.c ****   * @retval None
 163:lib/STM32F10x_StdPeriph_Driver/src/stm32f10x_cec.c ****   */
 164:lib/STM32F10x_StdPeriph_Driver/src/stm32f10x_cec.c **** void CEC_Cmd(FunctionalState NewState)
 165:lib/STM32F10x_StdPeriph_Driver/src/stm32f10x_cec.c **** {
 104              		.loc 1 165 0
 105              		.cfi_startproc
 106              		@ args = 0, pretend = 0, frame = 0
 107              		@ frame_needed = 0, uses_anonymous_args = 0
 108              		@ link register save eliminated.
 109              	.LVL6:
 166:lib/STM32F10x_StdPeriph_Driver/src/stm32f10x_cec.c ****   /* Check the parameters */
 167:lib/STM32F10x_StdPeriph_Driver/src/stm32f10x_cec.c ****   assert_param(IS_FUNCTIONAL_STATE(NewState));
 168:lib/STM32F10x_StdPeriph_Driver/src/stm32f10x_cec.c **** 
 169:lib/STM32F10x_StdPeriph_Driver/src/stm32f10x_cec.c ****   *(__IO uint32_t *) CFGR_PE_BB = (uint32_t)NewState;
 110              		.loc 1 169 0
 111 0038 034B     		ldr	r3, .L10
 112 003a 1860     		str	r0, [r3]
 170:lib/STM32F10x_StdPeriph_Driver/src/stm32f10x_cec.c **** 
 171:lib/STM32F10x_StdPeriph_Driver/src/stm32f10x_cec.c ****   if(NewState == DISABLE)
 113              		.loc 1 171 0
 114 003c 18B9     		cbnz	r0, .L5
 172:lib/STM32F10x_StdPeriph_Driver/src/stm32f10x_cec.c ****   {
 173:lib/STM32F10x_StdPeriph_Driver/src/stm32f10x_cec.c ****     /* Wait until the PE bit is cleared by hardware (Idle Line detected) */
 174:lib/STM32F10x_StdPeriph_Driver/src/stm32f10x_cec.c ****     while((CEC->CFGR & CEC_CFGR_PE) != (uint32_t)RESET)
 115              		.loc 1 174 0
 116 003e 034A     		ldr	r2, .L10+4
 117              	.L7:
 118              		.loc 1 174 0 is_stmt 0 discriminator 1
 119 0040 1368     		ldr	r3, [r2]
 120 0042 DB07     		lsls	r3, r3, #31
 121 0044 FCD4     		bmi	.L7
 122              	.L5:
 123 0046 7047     		bx	lr
 124              	.L11:
 125              		.align	2
 126              	.L10:
 127 0048 00000F42 		.word	1108279296
 128 004c 00780040 		.word	1073772544
 129              		.cfi_endproc
 130              	.LFE31:
 132              		.align	1
 133              		.global	CEC_ITConfig
 134              		.thumb
 135              		.thumb_func
 137              	CEC_ITConfig:
 138              	.LFB32:
 175:lib/STM32F10x_StdPeriph_Driver/src/stm32f10x_cec.c ****     {
 176:lib/STM32F10x_StdPeriph_Driver/src/stm32f10x_cec.c ****     }  
 177:lib/STM32F10x_StdPeriph_Driver/src/stm32f10x_cec.c ****   }  
 178:lib/STM32F10x_StdPeriph_Driver/src/stm32f10x_cec.c **** }
 179:lib/STM32F10x_StdPeriph_Driver/src/stm32f10x_cec.c **** 
 180:lib/STM32F10x_StdPeriph_Driver/src/stm32f10x_cec.c **** /**
 181:lib/STM32F10x_StdPeriph_Driver/src/stm32f10x_cec.c ****   * @brief  Enables or disables the CEC interrupt.
 182:lib/STM32F10x_StdPeriph_Driver/src/stm32f10x_cec.c ****   * @param  NewState: new state of the CEC interrupt.
 183:lib/STM32F10x_StdPeriph_Driver/src/stm32f10x_cec.c ****   *   This parameter can be: ENABLE or DISABLE.
 184:lib/STM32F10x_StdPeriph_Driver/src/stm32f10x_cec.c ****   * @retval None
 185:lib/STM32F10x_StdPeriph_Driver/src/stm32f10x_cec.c ****   */
 186:lib/STM32F10x_StdPeriph_Driver/src/stm32f10x_cec.c **** void CEC_ITConfig(FunctionalState NewState)
 187:lib/STM32F10x_StdPeriph_Driver/src/stm32f10x_cec.c **** {
 139              		.loc 1 187 0 is_stmt 1
 140              		.cfi_startproc
 141              		@ args = 0, pretend = 0, frame = 0
 142              		@ frame_needed = 0, uses_anonymous_args = 0
 143              		@ link register save eliminated.
 144              	.LVL7:
 188:lib/STM32F10x_StdPeriph_Driver/src/stm32f10x_cec.c ****   /* Check the parameters */
 189:lib/STM32F10x_StdPeriph_Driver/src/stm32f10x_cec.c ****   assert_param(IS_FUNCTIONAL_STATE(NewState));
 190:lib/STM32F10x_StdPeriph_Driver/src/stm32f10x_cec.c **** 
 191:lib/STM32F10x_StdPeriph_Driver/src/stm32f10x_cec.c ****   *(__IO uint32_t *) CFGR_IE_BB = (uint32_t)NewState;
 145              		.loc 1 191 0
 146 0050 014B     		ldr	r3, .L13
 147 0052 1860     		str	r0, [r3]
 148 0054 7047     		bx	lr
 149              	.L14:
 150 0056 00BF     		.align	2
 151              	.L13:
 152 0058 04000F42 		.word	1108279300
 153              		.cfi_endproc
 154              	.LFE32:
 156              		.align	1
 157              		.global	CEC_OwnAddressConfig
 158              		.thumb
 159              		.thumb_func
 161              	CEC_OwnAddressConfig:
 162              	.LFB33:
 192:lib/STM32F10x_StdPeriph_Driver/src/stm32f10x_cec.c **** }
 193:lib/STM32F10x_StdPeriph_Driver/src/stm32f10x_cec.c **** 
 194:lib/STM32F10x_StdPeriph_Driver/src/stm32f10x_cec.c **** /**
 195:lib/STM32F10x_StdPeriph_Driver/src/stm32f10x_cec.c ****   * @brief  Defines the Own Address of the CEC device.
 196:lib/STM32F10x_StdPeriph_Driver/src/stm32f10x_cec.c ****   * @param  CEC_OwnAddress: The CEC own address
 197:lib/STM32F10x_StdPeriph_Driver/src/stm32f10x_cec.c ****   * @retval None
 198:lib/STM32F10x_StdPeriph_Driver/src/stm32f10x_cec.c ****   */
 199:lib/STM32F10x_StdPeriph_Driver/src/stm32f10x_cec.c **** void CEC_OwnAddressConfig(uint8_t CEC_OwnAddress)
 200:lib/STM32F10x_StdPeriph_Driver/src/stm32f10x_cec.c **** {
 163              		.loc 1 200 0
 164              		.cfi_startproc
 165              		@ args = 0, pretend = 0, frame = 0
 166              		@ frame_needed = 0, uses_anonymous_args = 0
 167              		@ link register save eliminated.
 168              	.LVL8:
 201:lib/STM32F10x_StdPeriph_Driver/src/stm32f10x_cec.c ****   /* Check the parameters */
 202:lib/STM32F10x_StdPeriph_Driver/src/stm32f10x_cec.c ****   assert_param(IS_CEC_ADDRESS(CEC_OwnAddress));
 203:lib/STM32F10x_StdPeriph_Driver/src/stm32f10x_cec.c **** 
 204:lib/STM32F10x_StdPeriph_Driver/src/stm32f10x_cec.c ****   /* Set the CEC own address */
 205:lib/STM32F10x_StdPeriph_Driver/src/stm32f10x_cec.c ****   CEC->OAR = CEC_OwnAddress;
 169              		.loc 1 205 0
 170 005c 014B     		ldr	r3, .L16
 171 005e 5860     		str	r0, [r3, #4]
 172 0060 7047     		bx	lr
 173              	.L17:
 174 0062 00BF     		.align	2
 175              	.L16:
 176 0064 00780040 		.word	1073772544
 177              		.cfi_endproc
 178              	.LFE33:
 180              		.align	1
 181              		.global	CEC_SetPrescaler
 182              		.thumb
 183              		.thumb_func
 185              	CEC_SetPrescaler:
 186              	.LFB34:
 206:lib/STM32F10x_StdPeriph_Driver/src/stm32f10x_cec.c **** }
 207:lib/STM32F10x_StdPeriph_Driver/src/stm32f10x_cec.c **** 
 208:lib/STM32F10x_StdPeriph_Driver/src/stm32f10x_cec.c **** /**
 209:lib/STM32F10x_StdPeriph_Driver/src/stm32f10x_cec.c ****   * @brief  Sets the CEC prescaler value.
 210:lib/STM32F10x_StdPeriph_Driver/src/stm32f10x_cec.c ****   * @param  CEC_Prescaler: CEC prescaler new value
 211:lib/STM32F10x_StdPeriph_Driver/src/stm32f10x_cec.c ****   * @retval None
 212:lib/STM32F10x_StdPeriph_Driver/src/stm32f10x_cec.c ****   */
 213:lib/STM32F10x_StdPeriph_Driver/src/stm32f10x_cec.c **** void CEC_SetPrescaler(uint16_t CEC_Prescaler)
 214:lib/STM32F10x_StdPeriph_Driver/src/stm32f10x_cec.c **** {
 187              		.loc 1 214 0
 188              		.cfi_startproc
 189              		@ args = 0, pretend = 0, frame = 0
 190              		@ frame_needed = 0, uses_anonymous_args = 0
 191              		@ link register save eliminated.
 192              	.LVL9:
 215:lib/STM32F10x_StdPeriph_Driver/src/stm32f10x_cec.c ****   /* Check the parameters */
 216:lib/STM32F10x_StdPeriph_Driver/src/stm32f10x_cec.c ****   assert_param(IS_CEC_PRESCALER(CEC_Prescaler));
 217:lib/STM32F10x_StdPeriph_Driver/src/stm32f10x_cec.c **** 
 218:lib/STM32F10x_StdPeriph_Driver/src/stm32f10x_cec.c ****   /* Set the  Prescaler value*/
 219:lib/STM32F10x_StdPeriph_Driver/src/stm32f10x_cec.c ****   CEC->PRES = CEC_Prescaler;
 193              		.loc 1 219 0
 194 0068 014B     		ldr	r3, .L19
 195 006a 9860     		str	r0, [r3, #8]
 196 006c 7047     		bx	lr
 197              	.L20:
 198 006e 00BF     		.align	2
 199              	.L19:
 200 0070 00780040 		.word	1073772544
 201              		.cfi_endproc
 202              	.LFE34:
 204              		.align	1
 205              		.global	CEC_SendDataByte
 206              		.thumb
 207              		.thumb_func
 209              	CEC_SendDataByte:
 210              	.LFB35:
 220:lib/STM32F10x_StdPeriph_Driver/src/stm32f10x_cec.c **** }
 221:lib/STM32F10x_StdPeriph_Driver/src/stm32f10x_cec.c **** 
 222:lib/STM32F10x_StdPeriph_Driver/src/stm32f10x_cec.c **** /**
 223:lib/STM32F10x_StdPeriph_Driver/src/stm32f10x_cec.c ****   * @brief  Transmits single data through the CEC peripheral.
 224:lib/STM32F10x_StdPeriph_Driver/src/stm32f10x_cec.c ****   * @param  Data: the data to transmit.
 225:lib/STM32F10x_StdPeriph_Driver/src/stm32f10x_cec.c ****   * @retval None
 226:lib/STM32F10x_StdPeriph_Driver/src/stm32f10x_cec.c ****   */
 227:lib/STM32F10x_StdPeriph_Driver/src/stm32f10x_cec.c **** void CEC_SendDataByte(uint8_t Data)
 228:lib/STM32F10x_StdPeriph_Driver/src/stm32f10x_cec.c **** {  
 211              		.loc 1 228 0
 212              		.cfi_startproc
 213              		@ args = 0, pretend = 0, frame = 0
 214              		@ frame_needed = 0, uses_anonymous_args = 0
 215              		@ link register save eliminated.
 216              	.LVL10:
 229:lib/STM32F10x_StdPeriph_Driver/src/stm32f10x_cec.c ****   /* Transmit Data */
 230:lib/STM32F10x_StdPeriph_Driver/src/stm32f10x_cec.c ****   CEC->TXD = Data ;
 217              		.loc 1 230 0
 218 0074 014B     		ldr	r3, .L22
 219 0076 5861     		str	r0, [r3, #20]
 220 0078 7047     		bx	lr
 221              	.L23:
 222 007a 00BF     		.align	2
 223              	.L22:
 224 007c 00780040 		.word	1073772544
 225              		.cfi_endproc
 226              	.LFE35:
 228              		.align	1
 229              		.global	CEC_ReceiveDataByte
 230              		.thumb
 231              		.thumb_func
 233              	CEC_ReceiveDataByte:
 234              	.LFB36:
 231:lib/STM32F10x_StdPeriph_Driver/src/stm32f10x_cec.c **** }
 232:lib/STM32F10x_StdPeriph_Driver/src/stm32f10x_cec.c **** 
 233:lib/STM32F10x_StdPeriph_Driver/src/stm32f10x_cec.c **** 
 234:lib/STM32F10x_StdPeriph_Driver/src/stm32f10x_cec.c **** /**
 235:lib/STM32F10x_StdPeriph_Driver/src/stm32f10x_cec.c ****   * @brief  Returns the most recent received data by the CEC peripheral.
 236:lib/STM32F10x_StdPeriph_Driver/src/stm32f10x_cec.c ****   * @param  None
 237:lib/STM32F10x_StdPeriph_Driver/src/stm32f10x_cec.c ****   * @retval The received data.
 238:lib/STM32F10x_StdPeriph_Driver/src/stm32f10x_cec.c ****   */
 239:lib/STM32F10x_StdPeriph_Driver/src/stm32f10x_cec.c **** uint8_t CEC_ReceiveDataByte(void)
 240:lib/STM32F10x_StdPeriph_Driver/src/stm32f10x_cec.c **** {
 235              		.loc 1 240 0
 236              		.cfi_startproc
 237              		@ args = 0, pretend = 0, frame = 0
 238              		@ frame_needed = 0, uses_anonymous_args = 0
 239              		@ link register save eliminated.
 241:lib/STM32F10x_StdPeriph_Driver/src/stm32f10x_cec.c ****   /* Receive Data */
 242:lib/STM32F10x_StdPeriph_Driver/src/stm32f10x_cec.c ****   return (uint8_t)(CEC->RXD);
 240              		.loc 1 242 0
 241 0080 014B     		ldr	r3, .L25
 242 0082 9869     		ldr	r0, [r3, #24]
 243:lib/STM32F10x_StdPeriph_Driver/src/stm32f10x_cec.c **** }
 243              		.loc 1 243 0
 244 0084 C0B2     		uxtb	r0, r0
 245 0086 7047     		bx	lr
 246              	.L26:
 247              		.align	2
 248              	.L25:
 249 0088 00780040 		.word	1073772544
 250              		.cfi_endproc
 251              	.LFE36:
 253              		.align	1
 254              		.global	CEC_StartOfMessage
 255              		.thumb
 256              		.thumb_func
 258              	CEC_StartOfMessage:
 259              	.LFB37:
 244:lib/STM32F10x_StdPeriph_Driver/src/stm32f10x_cec.c **** 
 245:lib/STM32F10x_StdPeriph_Driver/src/stm32f10x_cec.c **** /**
 246:lib/STM32F10x_StdPeriph_Driver/src/stm32f10x_cec.c ****   * @brief  Starts a new message.
 247:lib/STM32F10x_StdPeriph_Driver/src/stm32f10x_cec.c ****   * @param  None
 248:lib/STM32F10x_StdPeriph_Driver/src/stm32f10x_cec.c ****   * @retval None
 249:lib/STM32F10x_StdPeriph_Driver/src/stm32f10x_cec.c ****   */
 250:lib/STM32F10x_StdPeriph_Driver/src/stm32f10x_cec.c **** void CEC_StartOfMessage(void)
 251:lib/STM32F10x_StdPeriph_Driver/src/stm32f10x_cec.c **** {  
 260              		.loc 1 251 0
 261              		.cfi_startproc
 262              		@ args = 0, pretend = 0, frame = 0
 263              		@ frame_needed = 0, uses_anonymous_args = 0
 264              		@ link register save eliminated.
 252:lib/STM32F10x_StdPeriph_Driver/src/stm32f10x_cec.c ****   /* Starts of new message */
 253:lib/STM32F10x_StdPeriph_Driver/src/stm32f10x_cec.c ****   *(__IO uint32_t *) CSR_TSOM_BB = (uint32_t)0x1;
 265              		.loc 1 253 0
 266 008c 014B     		ldr	r3, .L28
 267 008e 0122     		movs	r2, #1
 268 0090 1A60     		str	r2, [r3]
 269 0092 7047     		bx	lr
 270              	.L29:
 271              		.align	2
 272              	.L28:
 273 0094 00020F42 		.word	1108279808
 274              		.cfi_endproc
 275              	.LFE37:
 277              		.align	1
 278              		.global	CEC_EndOfMessageCmd
 279              		.thumb
 280              		.thumb_func
 282              	CEC_EndOfMessageCmd:
 283              	.LFB38:
 254:lib/STM32F10x_StdPeriph_Driver/src/stm32f10x_cec.c **** }
 255:lib/STM32F10x_StdPeriph_Driver/src/stm32f10x_cec.c **** 
 256:lib/STM32F10x_StdPeriph_Driver/src/stm32f10x_cec.c **** /**
 257:lib/STM32F10x_StdPeriph_Driver/src/stm32f10x_cec.c ****   * @brief  Transmits message with or without an EOM bit.
 258:lib/STM32F10x_StdPeriph_Driver/src/stm32f10x_cec.c ****   * @param  NewState: new state of the CEC Tx End Of Message. 
 259:lib/STM32F10x_StdPeriph_Driver/src/stm32f10x_cec.c ****   *     This parameter can be: ENABLE or DISABLE.
 260:lib/STM32F10x_StdPeriph_Driver/src/stm32f10x_cec.c ****   * @retval None
 261:lib/STM32F10x_StdPeriph_Driver/src/stm32f10x_cec.c ****   */
 262:lib/STM32F10x_StdPeriph_Driver/src/stm32f10x_cec.c **** void CEC_EndOfMessageCmd(FunctionalState NewState)
 263:lib/STM32F10x_StdPeriph_Driver/src/stm32f10x_cec.c **** {   
 284              		.loc 1 263 0
 285              		.cfi_startproc
 286              		@ args = 0, pretend = 0, frame = 0
 287              		@ frame_needed = 0, uses_anonymous_args = 0
 288              		@ link register save eliminated.
 289              	.LVL11:
 264:lib/STM32F10x_StdPeriph_Driver/src/stm32f10x_cec.c ****   /* Check the parameters */
 265:lib/STM32F10x_StdPeriph_Driver/src/stm32f10x_cec.c ****   assert_param(IS_FUNCTIONAL_STATE(NewState));
 266:lib/STM32F10x_StdPeriph_Driver/src/stm32f10x_cec.c ****   
 267:lib/STM32F10x_StdPeriph_Driver/src/stm32f10x_cec.c ****   /* The data byte will be transmitted with or without an EOM bit*/
 268:lib/STM32F10x_StdPeriph_Driver/src/stm32f10x_cec.c ****   *(__IO uint32_t *) CSR_TEOM_BB = (uint32_t)NewState;
 290              		.loc 1 268 0
 291 0098 014B     		ldr	r3, .L31
 292 009a 1860     		str	r0, [r3]
 293 009c 7047     		bx	lr
 294              	.L32:
 295 009e 00BF     		.align	2
 296              	.L31:
 297 00a0 04020F42 		.word	1108279812
 298              		.cfi_endproc
 299              	.LFE38:
 301              		.align	1
 302              		.global	CEC_GetFlagStatus
 303              		.thumb
 304              		.thumb_func
 306              	CEC_GetFlagStatus:
 307              	.LFB39:
 269:lib/STM32F10x_StdPeriph_Driver/src/stm32f10x_cec.c **** }
 270:lib/STM32F10x_StdPeriph_Driver/src/stm32f10x_cec.c **** 
 271:lib/STM32F10x_StdPeriph_Driver/src/stm32f10x_cec.c **** /**
 272:lib/STM32F10x_StdPeriph_Driver/src/stm32f10x_cec.c ****   * @brief  Gets the CEC flag status
 273:lib/STM32F10x_StdPeriph_Driver/src/stm32f10x_cec.c ****   * @param  CEC_FLAG: specifies the CEC flag to check. 
 274:lib/STM32F10x_StdPeriph_Driver/src/stm32f10x_cec.c ****   *   This parameter can be one of the following values:
 275:lib/STM32F10x_StdPeriph_Driver/src/stm32f10x_cec.c ****   *     @arg CEC_FLAG_BTE: Bit Timing Error
 276:lib/STM32F10x_StdPeriph_Driver/src/stm32f10x_cec.c ****   *     @arg CEC_FLAG_BPE: Bit Period Error
 277:lib/STM32F10x_StdPeriph_Driver/src/stm32f10x_cec.c ****   *     @arg CEC_FLAG_RBTFE: Rx Block Transfer Finished Error
 278:lib/STM32F10x_StdPeriph_Driver/src/stm32f10x_cec.c ****   *     @arg CEC_FLAG_SBE: Start Bit Error
 279:lib/STM32F10x_StdPeriph_Driver/src/stm32f10x_cec.c ****   *     @arg CEC_FLAG_ACKE: Block Acknowledge Error
 280:lib/STM32F10x_StdPeriph_Driver/src/stm32f10x_cec.c ****   *     @arg CEC_FLAG_LINE: Line Error
 281:lib/STM32F10x_StdPeriph_Driver/src/stm32f10x_cec.c ****   *     @arg CEC_FLAG_TBTFE: Tx Block Transfer Finished Error
 282:lib/STM32F10x_StdPeriph_Driver/src/stm32f10x_cec.c ****   *     @arg CEC_FLAG_TEOM: Tx End Of Message 
 283:lib/STM32F10x_StdPeriph_Driver/src/stm32f10x_cec.c ****   *     @arg CEC_FLAG_TERR: Tx Error
 284:lib/STM32F10x_StdPeriph_Driver/src/stm32f10x_cec.c ****   *     @arg CEC_FLAG_TBTRF: Tx Byte Transfer Request or Block Transfer Finished
 285:lib/STM32F10x_StdPeriph_Driver/src/stm32f10x_cec.c ****   *     @arg CEC_FLAG_RSOM: Rx Start Of Message
 286:lib/STM32F10x_StdPeriph_Driver/src/stm32f10x_cec.c ****   *     @arg CEC_FLAG_REOM: Rx End Of Message
 287:lib/STM32F10x_StdPeriph_Driver/src/stm32f10x_cec.c ****   *     @arg CEC_FLAG_RERR: Rx Error
 288:lib/STM32F10x_StdPeriph_Driver/src/stm32f10x_cec.c ****   *     @arg CEC_FLAG_RBTF: Rx Byte/Block Transfer Finished
 289:lib/STM32F10x_StdPeriph_Driver/src/stm32f10x_cec.c ****   * @retval The new state of CEC_FLAG (SET or RESET)
 290:lib/STM32F10x_StdPeriph_Driver/src/stm32f10x_cec.c ****   */
 291:lib/STM32F10x_StdPeriph_Driver/src/stm32f10x_cec.c **** FlagStatus CEC_GetFlagStatus(uint32_t CEC_FLAG) 
 292:lib/STM32F10x_StdPeriph_Driver/src/stm32f10x_cec.c **** {
 308              		.loc 1 292 0
 309              		.cfi_startproc
 310              		@ args = 0, pretend = 0, frame = 0
 311              		@ frame_needed = 0, uses_anonymous_args = 0
 312              		@ link register save eliminated.
 313              	.LVL12:
 293:lib/STM32F10x_StdPeriph_Driver/src/stm32f10x_cec.c ****   FlagStatus bitstatus = RESET;
 294:lib/STM32F10x_StdPeriph_Driver/src/stm32f10x_cec.c ****   uint32_t cecreg = 0, cecbase = 0;
 295:lib/STM32F10x_StdPeriph_Driver/src/stm32f10x_cec.c ****   
 296:lib/STM32F10x_StdPeriph_Driver/src/stm32f10x_cec.c ****   /* Check the parameters */
 297:lib/STM32F10x_StdPeriph_Driver/src/stm32f10x_cec.c ****   assert_param(IS_CEC_GET_FLAG(CEC_FLAG));
 298:lib/STM32F10x_StdPeriph_Driver/src/stm32f10x_cec.c ****  
 299:lib/STM32F10x_StdPeriph_Driver/src/stm32f10x_cec.c ****   /* Get the CEC peripheral base address */
 300:lib/STM32F10x_StdPeriph_Driver/src/stm32f10x_cec.c ****   cecbase = (uint32_t)(CEC_BASE);
 301:lib/STM32F10x_StdPeriph_Driver/src/stm32f10x_cec.c ****   
 302:lib/STM32F10x_StdPeriph_Driver/src/stm32f10x_cec.c ****   /* Read flag register index */
 303:lib/STM32F10x_StdPeriph_Driver/src/stm32f10x_cec.c ****   cecreg = CEC_FLAG >> 28;
 304:lib/STM32F10x_StdPeriph_Driver/src/stm32f10x_cec.c ****   
 305:lib/STM32F10x_StdPeriph_Driver/src/stm32f10x_cec.c ****   /* Get bit[23:0] of the flag */
 306:lib/STM32F10x_StdPeriph_Driver/src/stm32f10x_cec.c ****   CEC_FLAG &= FLAG_Mask;
 307:lib/STM32F10x_StdPeriph_Driver/src/stm32f10x_cec.c ****   
 308:lib/STM32F10x_StdPeriph_Driver/src/stm32f10x_cec.c ****   if(cecreg != 0)
 314              		.loc 1 308 0
 315 00a4 020F     		lsrs	r2, r0, #28
 309:lib/STM32F10x_StdPeriph_Driver/src/stm32f10x_cec.c ****   {
 310:lib/STM32F10x_StdPeriph_Driver/src/stm32f10x_cec.c ****     /* Flag in CEC ESR Register */
 311:lib/STM32F10x_StdPeriph_Driver/src/stm32f10x_cec.c ****     CEC_FLAG = (uint32_t)(CEC_FLAG >> 16);
 312:lib/STM32F10x_StdPeriph_Driver/src/stm32f10x_cec.c ****     
 313:lib/STM32F10x_StdPeriph_Driver/src/stm32f10x_cec.c ****     /* Get the CEC ESR register address */
 314:lib/STM32F10x_StdPeriph_Driver/src/stm32f10x_cec.c ****     cecbase += 0xC;
 316              		.loc 1 314 0
 317 00a6 14BF     		ite	ne
 318 00a8 054A     		ldrne	r2, .L36
 315:lib/STM32F10x_StdPeriph_Driver/src/stm32f10x_cec.c ****   }
 316:lib/STM32F10x_StdPeriph_Driver/src/stm32f10x_cec.c ****   else
 317:lib/STM32F10x_StdPeriph_Driver/src/stm32f10x_cec.c ****   {
 318:lib/STM32F10x_StdPeriph_Driver/src/stm32f10x_cec.c ****     /* Get the CEC CSR register address */
 319:lib/STM32F10x_StdPeriph_Driver/src/stm32f10x_cec.c ****     cecbase += 0x10;
 319              		.loc 1 319 0
 320 00aa 064A     		ldreq	r2, .L36+4
 306:lib/STM32F10x_StdPeriph_Driver/src/stm32f10x_cec.c ****   
 321              		.loc 1 306 0
 322 00ac 20F07F43 		bic	r3, r0, #-16777216
 323              	.LVL13:
 320:lib/STM32F10x_StdPeriph_Driver/src/stm32f10x_cec.c ****   }
 321:lib/STM32F10x_StdPeriph_Driver/src/stm32f10x_cec.c ****   
 322:lib/STM32F10x_StdPeriph_Driver/src/stm32f10x_cec.c ****   if(((*(__IO uint32_t *)cecbase) & CEC_FLAG) != (uint32_t)RESET)
 324              		.loc 1 322 0
 325 00b0 1268     		ldr	r2, [r2]
 311:lib/STM32F10x_StdPeriph_Driver/src/stm32f10x_cec.c ****     
 326              		.loc 1 311 0
 327 00b2 18BF     		it	ne
 328 00b4 1B0C     		lsrne	r3, r3, #16
 329              	.LVL14:
 323:lib/STM32F10x_StdPeriph_Driver/src/stm32f10x_cec.c ****   {
 324:lib/STM32F10x_StdPeriph_Driver/src/stm32f10x_cec.c ****     /* CEC_FLAG is set */
 325:lib/STM32F10x_StdPeriph_Driver/src/stm32f10x_cec.c ****     bitstatus = SET;
 326:lib/STM32F10x_StdPeriph_Driver/src/stm32f10x_cec.c ****   }
 327:lib/STM32F10x_StdPeriph_Driver/src/stm32f10x_cec.c ****   else
 328:lib/STM32F10x_StdPeriph_Driver/src/stm32f10x_cec.c ****   {
 329:lib/STM32F10x_StdPeriph_Driver/src/stm32f10x_cec.c ****     /* CEC_FLAG is reset */
 330:lib/STM32F10x_StdPeriph_Driver/src/stm32f10x_cec.c ****     bitstatus = RESET;
 331:lib/STM32F10x_StdPeriph_Driver/src/stm32f10x_cec.c ****   }
 332:lib/STM32F10x_StdPeriph_Driver/src/stm32f10x_cec.c ****   
 333:lib/STM32F10x_StdPeriph_Driver/src/stm32f10x_cec.c ****   /* Return the CEC_FLAG status */
 334:lib/STM32F10x_StdPeriph_Driver/src/stm32f10x_cec.c ****   return  bitstatus;
 330              		.loc 1 334 0
 331 00b6 1342     		tst	r3, r2
 335:lib/STM32F10x_StdPeriph_Driver/src/stm32f10x_cec.c **** }
 332              		.loc 1 335 0
 333 00b8 14BF     		ite	ne
 334 00ba 0120     		movne	r0, #1
 335              	.LVL15:
 336 00bc 0020     		moveq	r0, #0
 337 00be 7047     		bx	lr
 338              	.L37:
 339              		.align	2
 340              	.L36:
 341 00c0 0C780040 		.word	1073772556
 342 00c4 10780040 		.word	1073772560
 343              		.cfi_endproc
 344              	.LFE39:
 346              		.align	1
 347              		.global	CEC_ClearFlag
 348              		.thumb
 349              		.thumb_func
 351              	CEC_ClearFlag:
 352              	.LFB40:
 336:lib/STM32F10x_StdPeriph_Driver/src/stm32f10x_cec.c **** 
 337:lib/STM32F10x_StdPeriph_Driver/src/stm32f10x_cec.c **** /**
 338:lib/STM32F10x_StdPeriph_Driver/src/stm32f10x_cec.c ****   * @brief  Clears the CEC's pending flags.
 339:lib/STM32F10x_StdPeriph_Driver/src/stm32f10x_cec.c ****   * @param  CEC_FLAG: specifies the flag to clear. 
 340:lib/STM32F10x_StdPeriph_Driver/src/stm32f10x_cec.c ****   *   This parameter can be any combination of the following values:
 341:lib/STM32F10x_StdPeriph_Driver/src/stm32f10x_cec.c ****   *     @arg CEC_FLAG_TERR: Tx Error
 342:lib/STM32F10x_StdPeriph_Driver/src/stm32f10x_cec.c ****   *     @arg CEC_FLAG_TBTRF: Tx Byte Transfer Request or Block Transfer Finished
 343:lib/STM32F10x_StdPeriph_Driver/src/stm32f10x_cec.c ****   *     @arg CEC_FLAG_RSOM: Rx Start Of Message
 344:lib/STM32F10x_StdPeriph_Driver/src/stm32f10x_cec.c ****   *     @arg CEC_FLAG_REOM: Rx End Of Message
 345:lib/STM32F10x_StdPeriph_Driver/src/stm32f10x_cec.c ****   *     @arg CEC_FLAG_RERR: Rx Error
 346:lib/STM32F10x_StdPeriph_Driver/src/stm32f10x_cec.c ****   *     @arg CEC_FLAG_RBTF: Rx Byte/Block Transfer Finished
 347:lib/STM32F10x_StdPeriph_Driver/src/stm32f10x_cec.c ****   * @retval None
 348:lib/STM32F10x_StdPeriph_Driver/src/stm32f10x_cec.c ****   */
 349:lib/STM32F10x_StdPeriph_Driver/src/stm32f10x_cec.c **** void CEC_ClearFlag(uint32_t CEC_FLAG)
 350:lib/STM32F10x_StdPeriph_Driver/src/stm32f10x_cec.c **** { 
 353              		.loc 1 350 0
 354              		.cfi_startproc
 355              		@ args = 0, pretend = 0, frame = 0
 356              		@ frame_needed = 0, uses_anonymous_args = 0
 357              		@ link register save eliminated.
 358              	.LVL16:
 351:lib/STM32F10x_StdPeriph_Driver/src/stm32f10x_cec.c ****   uint32_t tmp = 0x0;
 352:lib/STM32F10x_StdPeriph_Driver/src/stm32f10x_cec.c ****   
 353:lib/STM32F10x_StdPeriph_Driver/src/stm32f10x_cec.c ****   /* Check the parameters */
 354:lib/STM32F10x_StdPeriph_Driver/src/stm32f10x_cec.c ****   assert_param(IS_CEC_CLEAR_FLAG(CEC_FLAG));
 355:lib/STM32F10x_StdPeriph_Driver/src/stm32f10x_cec.c **** 
 356:lib/STM32F10x_StdPeriph_Driver/src/stm32f10x_cec.c ****   tmp = CEC->CSR & 0x2;
 357:lib/STM32F10x_StdPeriph_Driver/src/stm32f10x_cec.c ****        
 358:lib/STM32F10x_StdPeriph_Driver/src/stm32f10x_cec.c ****   /* Clear the selected CEC flags */
 359:lib/STM32F10x_StdPeriph_Driver/src/stm32f10x_cec.c ****   CEC->CSR &= (uint32_t)(((~(uint32_t)CEC_FLAG) & 0xFFFFFFFC) | tmp);
 359              		.loc 1 359 0
 360 00c8 C043     		mvns	r0, r0
 361              	.LVL17:
 356:lib/STM32F10x_StdPeriph_Driver/src/stm32f10x_cec.c ****        
 362              		.loc 1 356 0
 363 00ca 054A     		ldr	r2, .L39
 364              		.loc 1 359 0
 365 00cc 20F00300 		bic	r0, r0, #3
 366              	.LVL18:
 356:lib/STM32F10x_StdPeriph_Driver/src/stm32f10x_cec.c ****        
 367              		.loc 1 356 0
 368 00d0 1369     		ldr	r3, [r2, #16]
 369              	.LVL19:
 370              		.loc 1 359 0
 371 00d2 1169     		ldr	r1, [r2, #16]
 372 00d4 03F00203 		and	r3, r3, #2
 373              	.LVL20:
 374 00d8 0343     		orrs	r3, r3, r0
 375              	.LVL21:
 376 00da 0B40     		ands	r3, r3, r1
 377 00dc 1361     		str	r3, [r2, #16]
 378 00de 7047     		bx	lr
 379              	.L40:
 380              		.align	2
 381              	.L39:
 382 00e0 00780040 		.word	1073772544
 383              		.cfi_endproc
 384              	.LFE40:
 386              		.align	1
 387              		.global	CEC_GetITStatus
 388              		.thumb
 389              		.thumb_func
 391              	CEC_GetITStatus:
 392              	.LFB41:
 360:lib/STM32F10x_StdPeriph_Driver/src/stm32f10x_cec.c **** }
 361:lib/STM32F10x_StdPeriph_Driver/src/stm32f10x_cec.c **** 
 362:lib/STM32F10x_StdPeriph_Driver/src/stm32f10x_cec.c **** /**
 363:lib/STM32F10x_StdPeriph_Driver/src/stm32f10x_cec.c ****   * @brief  Checks whether the specified CEC interrupt has occurred or not.
 364:lib/STM32F10x_StdPeriph_Driver/src/stm32f10x_cec.c ****   * @param  CEC_IT: specifies the CEC interrupt source to check. 
 365:lib/STM32F10x_StdPeriph_Driver/src/stm32f10x_cec.c ****   *   This parameter can be one of the following values:
 366:lib/STM32F10x_StdPeriph_Driver/src/stm32f10x_cec.c ****   *     @arg CEC_IT_TERR: Tx Error
 367:lib/STM32F10x_StdPeriph_Driver/src/stm32f10x_cec.c ****   *     @arg CEC_IT_TBTF: Tx Block Transfer Finished
 368:lib/STM32F10x_StdPeriph_Driver/src/stm32f10x_cec.c ****   *     @arg CEC_IT_RERR: Rx Error
 369:lib/STM32F10x_StdPeriph_Driver/src/stm32f10x_cec.c ****   *     @arg CEC_IT_RBTF: Rx Block Transfer Finished
 370:lib/STM32F10x_StdPeriph_Driver/src/stm32f10x_cec.c ****   * @retval The new state of CEC_IT (SET or RESET).
 371:lib/STM32F10x_StdPeriph_Driver/src/stm32f10x_cec.c ****   */
 372:lib/STM32F10x_StdPeriph_Driver/src/stm32f10x_cec.c **** ITStatus CEC_GetITStatus(uint8_t CEC_IT)
 373:lib/STM32F10x_StdPeriph_Driver/src/stm32f10x_cec.c **** {
 393              		.loc 1 373 0
 394              		.cfi_startproc
 395              		@ args = 0, pretend = 0, frame = 0
 396              		@ frame_needed = 0, uses_anonymous_args = 0
 397              		@ link register save eliminated.
 398              	.LVL22:
 374:lib/STM32F10x_StdPeriph_Driver/src/stm32f10x_cec.c ****   ITStatus bitstatus = RESET;
 375:lib/STM32F10x_StdPeriph_Driver/src/stm32f10x_cec.c ****   uint32_t enablestatus = 0;
 376:lib/STM32F10x_StdPeriph_Driver/src/stm32f10x_cec.c ****   
 377:lib/STM32F10x_StdPeriph_Driver/src/stm32f10x_cec.c ****   /* Check the parameters */
 378:lib/STM32F10x_StdPeriph_Driver/src/stm32f10x_cec.c ****    assert_param(IS_CEC_GET_IT(CEC_IT));
 379:lib/STM32F10x_StdPeriph_Driver/src/stm32f10x_cec.c ****    
 380:lib/STM32F10x_StdPeriph_Driver/src/stm32f10x_cec.c ****   /* Get the CEC IT enable bit status */
 381:lib/STM32F10x_StdPeriph_Driver/src/stm32f10x_cec.c ****   enablestatus = (CEC->CFGR & (uint8_t)CEC_CFGR_IE) ;
 399              		.loc 1 381 0
 400 00e4 034A     		ldr	r2, .L44
 401 00e6 1168     		ldr	r1, [r2]
 402              	.LVL23:
 382:lib/STM32F10x_StdPeriph_Driver/src/stm32f10x_cec.c ****   
 383:lib/STM32F10x_StdPeriph_Driver/src/stm32f10x_cec.c ****   /* Check the status of the specified CEC interrupt */
 384:lib/STM32F10x_StdPeriph_Driver/src/stm32f10x_cec.c ****   if (((CEC->CSR & CEC_IT) != (uint32_t)RESET) && enablestatus)
 403              		.loc 1 384 0
 404 00e8 1369     		ldr	r3, [r2, #16]
 405 00ea 1840     		ands	r0, r0, r3
 406              	.LVL24:
 385:lib/STM32F10x_StdPeriph_Driver/src/stm32f10x_cec.c ****   {
 386:lib/STM32F10x_StdPeriph_Driver/src/stm32f10x_cec.c ****     /* CEC_IT is set */
 387:lib/STM32F10x_StdPeriph_Driver/src/stm32f10x_cec.c ****     bitstatus = SET;
 407              		.loc 1 387 0
 408 00ec 18BF     		it	ne
 409 00ee C1F34000 		ubfxne	r0, r1, #1, #1
 410              	.LVL25:
 388:lib/STM32F10x_StdPeriph_Driver/src/stm32f10x_cec.c ****   }
 389:lib/STM32F10x_StdPeriph_Driver/src/stm32f10x_cec.c ****   else
 390:lib/STM32F10x_StdPeriph_Driver/src/stm32f10x_cec.c ****   {
 391:lib/STM32F10x_StdPeriph_Driver/src/stm32f10x_cec.c ****     /* CEC_IT is reset */
 392:lib/STM32F10x_StdPeriph_Driver/src/stm32f10x_cec.c ****     bitstatus = RESET;
 393:lib/STM32F10x_StdPeriph_Driver/src/stm32f10x_cec.c ****   }
 394:lib/STM32F10x_StdPeriph_Driver/src/stm32f10x_cec.c ****   /* Return the CEC_IT status */
 395:lib/STM32F10x_StdPeriph_Driver/src/stm32f10x_cec.c ****   return  bitstatus;
 396:lib/STM32F10x_StdPeriph_Driver/src/stm32f10x_cec.c **** }
 411              		.loc 1 396 0
 412 00f2 7047     		bx	lr
 413              	.L45:
 414              		.align	2
 415              	.L44:
 416 00f4 00780040 		.word	1073772544
 417              		.cfi_endproc
 418              	.LFE41:
 420              		.align	1
 421              		.global	CEC_ClearITPendingBit
 422              		.thumb
 423              		.thumb_func
 425              	CEC_ClearITPendingBit:
 426              	.LFB42:
 397:lib/STM32F10x_StdPeriph_Driver/src/stm32f10x_cec.c **** 
 398:lib/STM32F10x_StdPeriph_Driver/src/stm32f10x_cec.c **** /**
 399:lib/STM32F10x_StdPeriph_Driver/src/stm32f10x_cec.c ****   * @brief  Clears the CEC's interrupt pending bits.
 400:lib/STM32F10x_StdPeriph_Driver/src/stm32f10x_cec.c ****   * @param  CEC_IT: specifies the CEC interrupt pending bit to clear.
 401:lib/STM32F10x_StdPeriph_Driver/src/stm32f10x_cec.c ****   *   This parameter can be any combination of the following values:
 402:lib/STM32F10x_StdPeriph_Driver/src/stm32f10x_cec.c ****   *     @arg CEC_IT_TERR: Tx Error
 403:lib/STM32F10x_StdPeriph_Driver/src/stm32f10x_cec.c ****   *     @arg CEC_IT_TBTF: Tx Block Transfer Finished
 404:lib/STM32F10x_StdPeriph_Driver/src/stm32f10x_cec.c ****   *     @arg CEC_IT_RERR: Rx Error
 405:lib/STM32F10x_StdPeriph_Driver/src/stm32f10x_cec.c ****   *     @arg CEC_IT_RBTF: Rx Block Transfer Finished
 406:lib/STM32F10x_StdPeriph_Driver/src/stm32f10x_cec.c ****   * @retval None
 407:lib/STM32F10x_StdPeriph_Driver/src/stm32f10x_cec.c ****   */
 408:lib/STM32F10x_StdPeriph_Driver/src/stm32f10x_cec.c **** void CEC_ClearITPendingBit(uint16_t CEC_IT)
 409:lib/STM32F10x_StdPeriph_Driver/src/stm32f10x_cec.c **** {
 427              		.loc 1 409 0
 428              		.cfi_startproc
 429              		@ args = 0, pretend = 0, frame = 0
 430              		@ frame_needed = 0, uses_anonymous_args = 0
 431              		@ link register save eliminated.
 432              	.LVL26:
 410:lib/STM32F10x_StdPeriph_Driver/src/stm32f10x_cec.c ****   uint32_t tmp = 0x0;
 411:lib/STM32F10x_StdPeriph_Driver/src/stm32f10x_cec.c ****   
 412:lib/STM32F10x_StdPeriph_Driver/src/stm32f10x_cec.c ****   /* Check the parameters */
 413:lib/STM32F10x_StdPeriph_Driver/src/stm32f10x_cec.c ****   assert_param(IS_CEC_GET_IT(CEC_IT));
 414:lib/STM32F10x_StdPeriph_Driver/src/stm32f10x_cec.c ****   
 415:lib/STM32F10x_StdPeriph_Driver/src/stm32f10x_cec.c ****   tmp = CEC->CSR & 0x2;
 416:lib/STM32F10x_StdPeriph_Driver/src/stm32f10x_cec.c ****   
 417:lib/STM32F10x_StdPeriph_Driver/src/stm32f10x_cec.c ****   /* Clear the selected CEC interrupt pending bits */
 418:lib/STM32F10x_StdPeriph_Driver/src/stm32f10x_cec.c ****   CEC->CSR &= (uint32_t)(((~(uint32_t)CEC_IT) & 0xFFFFFFFC) | tmp);
 433              		.loc 1 418 0
 434 00f8 C043     		mvns	r0, r0
 435              	.LVL27:
 415:lib/STM32F10x_StdPeriph_Driver/src/stm32f10x_cec.c ****   
 436              		.loc 1 415 0
 437 00fa 054A     		ldr	r2, .L47
 438              		.loc 1 418 0
 439 00fc 20F00300 		bic	r0, r0, #3
 415:lib/STM32F10x_StdPeriph_Driver/src/stm32f10x_cec.c ****   
 440              		.loc 1 415 0
 441 0100 1369     		ldr	r3, [r2, #16]
 442              	.LVL28:
 443              		.loc 1 418 0
 444 0102 1169     		ldr	r1, [r2, #16]
 445 0104 03F00203 		and	r3, r3, #2
 446              	.LVL29:
 447 0108 0343     		orrs	r3, r3, r0
 448              	.LVL30:
 449 010a 0B40     		ands	r3, r3, r1
 450 010c 1361     		str	r3, [r2, #16]
 451 010e 7047     		bx	lr
 452              	.L48:
 453              		.align	2
 454              	.L47:
 455 0110 00780040 		.word	1073772544
 456              		.cfi_endproc
 457              	.LFE42:
 459              	.Letext0:
 460              		.file 2 "/opt/gcc-arm-none-eabi-5_2-2015q4/arm-none-eabi/include/machine/_default_types.h"
 461              		.file 3 "/opt/gcc-arm-none-eabi-5_2-2015q4/arm-none-eabi/include/sys/_stdint.h"
 462              		.file 4 "./lib/CMSIS/CM3/DeviceSupport/ST/STM32F10x/stm32f10x.h"
 463              		.file 5 "./lib/STM32F10x_StdPeriph_Driver/inc/stm32f10x_cec.h"
 464              		.file 6 "./lib/CMSIS/CM3/CoreSupport/core_cm3.h"
 465              		.file 7 "./lib/STM32F10x_StdPeriph_Driver/inc/stm32f10x_rcc.h"
DEFINED SYMBOLS
                            *ABS*:00000000 stm32f10x_cec.c
     /tmp/cckqOyWU.s:19     .text:00000000 $t
     /tmp/cckqOyWU.s:24     .text:00000000 CEC_DeInit
     /tmp/cckqOyWU.s:60     .text:0000001a CEC_Init
     /tmp/cckqOyWU.s:93     .text:00000034 $d
     /tmp/cckqOyWU.s:97     .text:00000038 $t
     /tmp/cckqOyWU.s:102    .text:00000038 CEC_Cmd
     /tmp/cckqOyWU.s:127    .text:00000048 $d
     /tmp/cckqOyWU.s:132    .text:00000050 $t
     /tmp/cckqOyWU.s:137    .text:00000050 CEC_ITConfig
     /tmp/cckqOyWU.s:152    .text:00000058 $d
     /tmp/cckqOyWU.s:156    .text:0000005c $t
     /tmp/cckqOyWU.s:161    .text:0000005c CEC_OwnAddressConfig
     /tmp/cckqOyWU.s:176    .text:00000064 $d
     /tmp/cckqOyWU.s:180    .text:00000068 $t
     /tmp/cckqOyWU.s:185    .text:00000068 CEC_SetPrescaler
     /tmp/cckqOyWU.s:200    .text:00000070 $d
     /tmp/cckqOyWU.s:204    .text:00000074 $t
     /tmp/cckqOyWU.s:209    .text:00000074 CEC_SendDataByte
     /tmp/cckqOyWU.s:224    .text:0000007c $d
     /tmp/cckqOyWU.s:228    .text:00000080 $t
     /tmp/cckqOyWU.s:233    .text:00000080 CEC_ReceiveDataByte
     /tmp/cckqOyWU.s:249    .text:00000088 $d
     /tmp/cckqOyWU.s:253    .text:0000008c $t
     /tmp/cckqOyWU.s:258    .text:0000008c CEC_StartOfMessage
     /tmp/cckqOyWU.s:273    .text:00000094 $d
     /tmp/cckqOyWU.s:277    .text:00000098 $t
     /tmp/cckqOyWU.s:282    .text:00000098 CEC_EndOfMessageCmd
     /tmp/cckqOyWU.s:297    .text:000000a0 $d
     /tmp/cckqOyWU.s:301    .text:000000a4 $t
     /tmp/cckqOyWU.s:306    .text:000000a4 CEC_GetFlagStatus
     /tmp/cckqOyWU.s:341    .text:000000c0 $d
     /tmp/cckqOyWU.s:346    .text:000000c8 $t
     /tmp/cckqOyWU.s:351    .text:000000c8 CEC_ClearFlag
     /tmp/cckqOyWU.s:382    .text:000000e0 $d
     /tmp/cckqOyWU.s:386    .text:000000e4 $t
     /tmp/cckqOyWU.s:391    .text:000000e4 CEC_GetITStatus
     /tmp/cckqOyWU.s:416    .text:000000f4 $d
     /tmp/cckqOyWU.s:420    .text:000000f8 $t
     /tmp/cckqOyWU.s:425    .text:000000f8 CEC_ClearITPendingBit
     /tmp/cckqOyWU.s:455    .text:00000110 $d
                     .debug_frame:00000010 $d

UNDEFINED SYMBOLS
RCC_APB1PeriphResetCmd
