   1              		.syntax unified
   2              		.cpu cortex-m3
   3              		.fpu softvfp
   4              		.eabi_attribute 20, 1
   5              		.eabi_attribute 21, 1
   6              		.eabi_attribute 23, 3
   7              		.eabi_attribute 24, 1
   8              		.eabi_attribute 25, 1
   9              		.eabi_attribute 26, 1
  10              		.eabi_attribute 30, 4
  11              		.eabi_attribute 34, 1
  12              		.eabi_attribute 18, 4
  13              		.thumb
  14              		.syntax unified
  15              		.file	"DCMotor.cpp"
  16              		.text
  17              	.Ltext0:
  18              		.cfi_sections	.debug_frame
  19              		.section	.text._ZN7DCMotor9motorTypeEv,"axG",%progbits,_ZN7DCMotor9motorTypeEv,comdat
  20              		.align	1
  21              		.weak	_ZN7DCMotor9motorTypeEv
  22              		.thumb
  23              		.thumb_func
  25              	_ZN7DCMotor9motorTypeEv:
  26              		.fnstart
  27              	.LFB29:
  28              		.file 1 "./inc/DCMotor.h"
   1:./inc/DCMotor.h **** 
   2:./inc/DCMotor.h **** #ifndef _DCMotor_H
   3:./inc/DCMotor.h **** #define	_DCMotor_H
   4:./inc/DCMotor.h **** 
   5:./inc/DCMotor.h **** #include <stm32f10x.h>
   6:./inc/DCMotor.h **** #include <stdlib.h>
   7:./inc/DCMotor.h **** #include "motor.h"
   8:./inc/DCMotor.h **** #include "encoder.h"
   9:./inc/DCMotor.h **** 
  10:./inc/DCMotor.h **** 
  11:./inc/DCMotor.h **** class DCMotor : public motor
  12:./inc/DCMotor.h **** {
  13:./inc/DCMotor.h **** public:
  14:./inc/DCMotor.h ****     DCMotor(motorSettings *settings);
  15:./inc/DCMotor.h ****     ~DCMotor();
  16:./inc/DCMotor.h **** 
  17:./inc/DCMotor.h ****     virtual void setReference(float setPoint);
  18:./inc/DCMotor.h ****     virtual float getReference();
  19:./inc/DCMotor.h ****     virtual char* motorName();
  20:./inc/DCMotor.h ****     virtual float update(float dt);
  21:./inc/DCMotor.h **** 
  22:./inc/DCMotor.h ****     virtual int motorType() { return MOTOR_TYPE_DC_MOTOR; }
  29              		.loc 1 22 0
  30              		.cfi_startproc
  31              		@ args = 0, pretend = 0, frame = 0
  32              		@ frame_needed = 0, uses_anonymous_args = 0
  33              		@ link register save eliminated.
  34              	.LVL0:
  35              		.loc 1 22 0
  36 0000 0220     		movs	r0, #2
  37              	.LVL1:
  38 0002 7047     		bx	lr
  39              		.cfi_endproc
  40              	.LFE29:
  41              		.cantunwind
  42              		.fnend
  44              		.text
  45              		.align	1
  46              		.global	_ZN7DCMotor12setReferenceEf
  47              		.thumb
  48              		.thumb_func
  50              	_ZN7DCMotor12setReferenceEf:
  51              		.fnstart
  52              	.LFB38:
  53              		.file 2 "src/DCMotor.cpp"
   1:src/DCMotor.cpp **** 
   2:src/DCMotor.cpp **** #include "DCMotor.h"
   3:src/DCMotor.cpp **** #include "motorSettings.h"
   4:src/DCMotor.cpp **** 
   5:src/DCMotor.cpp **** #define PERIOD 14399
   6:src/DCMotor.cpp **** #define PRESCALER 0
   7:src/DCMotor.cpp **** #define CLOCKDIV 0
   8:src/DCMotor.cpp **** 
   9:src/DCMotor.cpp **** 
  10:src/DCMotor.cpp **** DCMotor::DCMotor(motorSettings *settings) : motor(settings)
  11:src/DCMotor.cpp **** {
  12:src/DCMotor.cpp **** 
  13:src/DCMotor.cpp **** }
  14:src/DCMotor.cpp **** 
  15:src/DCMotor.cpp **** DCMotor::~DCMotor()
  16:src/DCMotor.cpp **** {
  17:src/DCMotor.cpp **** }
  18:src/DCMotor.cpp **** 
  19:src/DCMotor.cpp **** bool DCMotor::motorInit()
  20:src/DCMotor.cpp **** {
  21:src/DCMotor.cpp **** 	GPIO_InitTypeDef GPIO_InitStructure;
  22:src/DCMotor.cpp **** 
  23:src/DCMotor.cpp **** 	GPIO_InitStructure.GPIO_Pin = m_settings->m_DCInAPin;
  24:src/DCMotor.cpp **** 	GPIO_InitStructure.GPIO_Mode = GPIO_Mode_Out_PP;
  25:src/DCMotor.cpp **** 	GPIO_InitStructure.GPIO_Speed = GPIO_Speed_50MHz;
  26:src/DCMotor.cpp **** 	GPIO_Init(m_settings->m_DCInAPort, &GPIO_InitStructure);
  27:src/DCMotor.cpp **** 
  28:src/DCMotor.cpp **** 	GPIO_InitStructure.GPIO_Pin = m_settings->m_DCInBPin;
  29:src/DCMotor.cpp **** 	GPIO_InitStructure.GPIO_Mode = GPIO_Mode_Out_PP;
  30:src/DCMotor.cpp **** 	GPIO_InitStructure.GPIO_Speed = GPIO_Speed_50MHz;
  31:src/DCMotor.cpp **** 	GPIO_Init(m_settings->m_DCInBPort, &GPIO_InitStructure);
  32:src/DCMotor.cpp **** 
  33:src/DCMotor.cpp **** 	GPIO_InitStructure.GPIO_Pin = m_settings->m_DCEnAPin;
  34:src/DCMotor.cpp **** 	GPIO_InitStructure.GPIO_Mode = GPIO_Mode_Out_OD;
  35:src/DCMotor.cpp **** 	GPIO_InitStructure.GPIO_Speed = GPIO_Speed_50MHz;
  36:src/DCMotor.cpp **** 	GPIO_Init(m_settings->m_DCEnAPort, &GPIO_InitStructure);
  37:src/DCMotor.cpp **** 
  38:src/DCMotor.cpp **** 	GPIO_InitStructure.GPIO_Pin = m_settings->m_DCEnBPin;
  39:src/DCMotor.cpp **** 	GPIO_InitStructure.GPIO_Mode = GPIO_Mode_Out_OD;
  40:src/DCMotor.cpp **** 	GPIO_InitStructure.GPIO_Speed = GPIO_Speed_50MHz;
  41:src/DCMotor.cpp **** 	GPIO_Init(m_settings->m_DCEnBPort, &GPIO_InitStructure);
  42:src/DCMotor.cpp **** 
  43:src/DCMotor.cpp **** 	GPIO_InitStructure.GPIO_Pin = m_settings->m_DCPWMPin;
  44:src/DCMotor.cpp **** 	GPIO_InitStructure.GPIO_Mode = GPIO_Mode_AF_PP;
  45:src/DCMotor.cpp **** 	GPIO_InitStructure.GPIO_Speed = GPIO_Speed_50MHz;
  46:src/DCMotor.cpp **** 	GPIO_Init(m_settings->m_DCPWMPort, &GPIO_InitStructure);
  47:src/DCMotor.cpp **** 
  48:src/DCMotor.cpp **** 	TIM_TimeBaseInitTypeDef TIM_TimeBaseStructure;
  49:src/DCMotor.cpp **** 	if(m_settings->m_Timer == TIM1)
  50:src/DCMotor.cpp **** 		TIM_TimeBaseStructure.TIM_Period = PERIOD*2;
  51:src/DCMotor.cpp **** 	else
  52:src/DCMotor.cpp **** 		TIM_TimeBaseStructure.TIM_Period = PERIOD;
  53:src/DCMotor.cpp **** 	TIM_TimeBaseStructure.TIM_Prescaler = PRESCALER;
  54:src/DCMotor.cpp **** 	TIM_TimeBaseStructure.TIM_ClockDivision = CLOCKDIV;
  55:src/DCMotor.cpp **** 	TIM_TimeBaseStructure.TIM_CounterMode = TIM_CounterMode_Up;
  56:src/DCMotor.cpp **** 
  57:src/DCMotor.cpp **** 	TIM_TimeBaseInit(m_settings->m_Timer, &TIM_TimeBaseStructure);
  58:src/DCMotor.cpp **** 
  59:src/DCMotor.cpp **** 	TIM_OCInitTypeDef TIM_OCInitStructure;
  60:src/DCMotor.cpp **** 	TIM_OCStructInit(&TIM_OCInitStructure);
  61:src/DCMotor.cpp **** 
  62:src/DCMotor.cpp **** 	TIM_OCInitStructure.TIM_OCMode = TIM_OCMode_PWM1;
  63:src/DCMotor.cpp **** 	TIM_OCInitStructure.TIM_OutputState = TIM_OutputState_Enable;
  64:src/DCMotor.cpp **** 	TIM_OCInitStructure.TIM_Pulse = 0x00;
  65:src/DCMotor.cpp **** 	TIM_OCInitStructure.TIM_OCPolarity = TIM_OCPolarity_High;
  66:src/DCMotor.cpp **** 
  67:src/DCMotor.cpp **** 	switch(m_settings->m_TimerChannel){
  68:src/DCMotor.cpp **** 		case 1:
  69:src/DCMotor.cpp **** 			TIM_OC1Init(m_settings->m_Timer, &TIM_OCInitStructure);
  70:src/DCMotor.cpp **** 			TIM_OC1PreloadConfig(m_settings->m_Timer, TIM_OCPreload_Enable);
  71:src/DCMotor.cpp **** 			break;
  72:src/DCMotor.cpp **** 		case 2:
  73:src/DCMotor.cpp **** 			TIM_OC2Init(m_settings->m_Timer, &TIM_OCInitStructure);
  74:src/DCMotor.cpp **** 			TIM_OC2PreloadConfig(m_settings->m_Timer, TIM_OCPreload_Enable);
  75:src/DCMotor.cpp **** 			break;
  76:src/DCMotor.cpp **** 		case 3:
  77:src/DCMotor.cpp **** 			TIM_OC3Init(m_settings->m_Timer, &TIM_OCInitStructure);
  78:src/DCMotor.cpp **** 			TIM_OC3PreloadConfig(m_settings->m_Timer, TIM_OCPreload_Enable);
  79:src/DCMotor.cpp **** 			break;
  80:src/DCMotor.cpp **** 		case 4:
  81:src/DCMotor.cpp **** 			TIM_OC4Init(m_settings->m_Timer, &TIM_OCInitStructure);
  82:src/DCMotor.cpp **** 			TIM_OC4PreloadConfig(m_settings->m_Timer, TIM_OCPreload_Enable);
  83:src/DCMotor.cpp **** 			break;
  84:src/DCMotor.cpp **** 		default:
  85:src/DCMotor.cpp **** 			return false;
  86:src/DCMotor.cpp **** 	}
  87:src/DCMotor.cpp **** 
  88:src/DCMotor.cpp **** 	TIM_ARRPreloadConfig(m_settings->m_Timer, ENABLE);
  89:src/DCMotor.cpp **** 
  90:src/DCMotor.cpp **** 	TIM_CtrlPWMOutputs(m_settings->m_Timer, ENABLE);
  91:src/DCMotor.cpp **** 
  92:src/DCMotor.cpp **** 	TIM_Cmd(m_settings->m_Timer, ENABLE);
  93:src/DCMotor.cpp **** 
  94:src/DCMotor.cpp **** 	// Initialize encoder
  95:src/DCMotor.cpp **** 	initEncoder(m_settings->encoderAddr);
  96:src/DCMotor.cpp **** 
  97:src/DCMotor.cpp **** 	integral = 0;
  98:src/DCMotor.cpp **** 	error = 0;
  99:src/DCMotor.cpp **** 
 100:src/DCMotor.cpp **** 	wheelRadius = m_settings->wheelRadius;
 101:src/DCMotor.cpp **** 
 102:src/DCMotor.cpp **** 	return true;
 103:src/DCMotor.cpp **** }
 104:src/DCMotor.cpp **** 
 105:src/DCMotor.cpp **** void DCMotor::setReference(float setPoint){
  54              		.loc 2 105 0
  55              		.cfi_startproc
  56              		@ args = 0, pretend = 0, frame = 0
  57              		@ frame_needed = 0, uses_anonymous_args = 0
  58              		@ link register save eliminated.
  59              	.LVL2:
 106:src/DCMotor.cpp **** 	speed = setPoint;
  60              		.loc 2 106 0
  61 0000 8160     		str	r1, [r0, #8]	@ float
  62 0002 7047     		bx	lr
  63              		.cfi_endproc
  64              	.LFE38:
  65              		.cantunwind
  66              		.fnend
  68              		.align	1
  69              		.global	_ZN7DCMotor12getReferenceEv
  70              		.thumb
  71              		.thumb_func
  73              	_ZN7DCMotor12getReferenceEv:
  74              		.fnstart
  75              	.LFB40:
 107:src/DCMotor.cpp **** 
 108:src/DCMotor.cpp **** }
 109:src/DCMotor.cpp **** 
 110:src/DCMotor.cpp **** bool DCMotor::setSpeed(int s){
 111:src/DCMotor.cpp **** 	if(s < -PERIOD)
 112:src/DCMotor.cpp **** 		s = -PERIOD;
 113:src/DCMotor.cpp **** 
 114:src/DCMotor.cpp **** 	if(s > PERIOD)
 115:src/DCMotor.cpp **** 		s = PERIOD;
 116:src/DCMotor.cpp **** 
 117:src/DCMotor.cpp **** 	if(abs(s) > 3000){
 118:src/DCMotor.cpp **** 		GPIO_SetBits(m_settings->m_DCEnAPort, m_settings->m_DCEnAPin);
 119:src/DCMotor.cpp **** 		GPIO_SetBits(m_settings->m_DCEnBPort, m_settings->m_DCEnBPin);
 120:src/DCMotor.cpp **** 
 121:src/DCMotor.cpp **** 		if(s > 0){
 122:src/DCMotor.cpp **** 			GPIO_SetBits(m_settings->m_DCInAPort, m_settings->m_DCInAPin);
 123:src/DCMotor.cpp **** 			GPIO_ResetBits(m_settings->m_DCInBPort, m_settings->m_DCInBPin);
 124:src/DCMotor.cpp **** 		}else if(s < 0){
 125:src/DCMotor.cpp **** 			GPIO_ResetBits(m_settings->m_DCInAPort, m_settings->m_DCInAPin);
 126:src/DCMotor.cpp **** 			GPIO_SetBits(m_settings->m_DCInBPort, m_settings->m_DCInBPin);
 127:src/DCMotor.cpp **** 		}else{
 128:src/DCMotor.cpp **** 			return false;
 129:src/DCMotor.cpp **** 		}
 130:src/DCMotor.cpp **** 	}else{
 131:src/DCMotor.cpp **** 		GPIO_SetBits(m_settings->m_DCEnAPort, m_settings->m_DCEnAPin);
 132:src/DCMotor.cpp **** 		GPIO_SetBits(m_settings->m_DCEnBPort, m_settings->m_DCEnBPin);
 133:src/DCMotor.cpp **** 
 134:src/DCMotor.cpp **** 		// Break to GND
 135:src/DCMotor.cpp **** 		GPIO_ResetBits(m_settings->m_DCInAPort, m_settings->m_DCInAPin);
 136:src/DCMotor.cpp **** 		GPIO_ResetBits(m_settings->m_DCInBPort, m_settings->m_DCInBPin);
 137:src/DCMotor.cpp **** 	}
 138:src/DCMotor.cpp **** 
 139:src/DCMotor.cpp **** 	if(m_settings->m_Timer == TIM1)
 140:src/DCMotor.cpp **** 		s*=2;
 141:src/DCMotor.cpp **** 
 142:src/DCMotor.cpp **** 	switch(m_settings->m_TimerChannel){
 143:src/DCMotor.cpp **** 		case 1:
 144:src/DCMotor.cpp **** 			(m_settings->m_Timer)->CCR1 = (uint32_t)abs(s);
 145:src/DCMotor.cpp **** 			break;
 146:src/DCMotor.cpp **** 		case 2:
 147:src/DCMotor.cpp **** 			(m_settings->m_Timer)->CCR2 = (uint32_t)abs(s);
 148:src/DCMotor.cpp **** 			break;
 149:src/DCMotor.cpp **** 		case 3:
 150:src/DCMotor.cpp **** 			(m_settings->m_Timer)->CCR3 = (uint32_t)abs(s);
 151:src/DCMotor.cpp **** 			break;
 152:src/DCMotor.cpp **** 		case 4:
 153:src/DCMotor.cpp **** 			(m_settings->m_Timer)->CCR4 = (uint32_t)abs(s);
 154:src/DCMotor.cpp **** 			break;
 155:src/DCMotor.cpp **** 		default:
 156:src/DCMotor.cpp **** 			return false;
 157:src/DCMotor.cpp **** 	}
 158:src/DCMotor.cpp **** 
 159:src/DCMotor.cpp **** 	return true;
 160:src/DCMotor.cpp **** }
 161:src/DCMotor.cpp **** 
 162:src/DCMotor.cpp **** float DCMotor::getReference(){
  76              		.loc 2 162 0
  77              		.cfi_startproc
  78              		@ args = 0, pretend = 0, frame = 0
  79              		@ frame_needed = 0, uses_anonymous_args = 0
  80              		@ link register save eliminated.
  81              	.LVL3:
 163:src/DCMotor.cpp **** 	return speed;
 164:src/DCMotor.cpp **** }
  82              		.loc 2 164 0
  83 0004 8068     		ldr	r0, [r0, #8]	@ float
  84              	.LVL4:
  85 0006 7047     		bx	lr
  86              		.cfi_endproc
  87              	.LFE40:
  88              		.cantunwind
  89              		.fnend
  91              		.align	1
  92              		.global	_ZN7DCMotor9motorNameEv
  93              		.thumb
  94              		.thumb_func
  96              	_ZN7DCMotor9motorNameEv:
  97              		.fnstart
  98              	.LFB41:
 165:src/DCMotor.cpp **** 
 166:src/DCMotor.cpp **** char* DCMotor::motorName(){
  99              		.loc 2 166 0
 100              		.cfi_startproc
 101              		@ args = 0, pretend = 0, frame = 0
 102              		@ frame_needed = 0, uses_anonymous_args = 0
 103              		@ link register save eliminated.
 104              	.LVL5:
 167:src/DCMotor.cpp **** 	return m_settings->m_motorName;
 105              		.loc 2 167 0
 106 0008 4368     		ldr	r3, [r0, #4]
 168:src/DCMotor.cpp **** }
 107              		.loc 2 168 0
 108 000a 5868     		ldr	r0, [r3, #4]
 109              	.LVL6:
 110 000c 7047     		bx	lr
 111              		.cfi_endproc
 112              	.LFE41:
 113              		.cantunwind
 114              		.fnend
 116              		.align	1
 117              		.global	_ZN7DCMotorD2Ev
 118              		.thumb
 119              		.thumb_func
 121              	_ZN7DCMotorD2Ev:
 122              		.fnstart
 123              	.LFB34:
  15:src/DCMotor.cpp **** {
 124              		.loc 2 15 0
 125              		.cfi_startproc
 126              		@ args = 0, pretend = 0, frame = 0
 127              		@ frame_needed = 0, uses_anonymous_args = 0
 128              	.LVL7:
 129 000e 10B5     		push	{r4, lr}
 130              		.save {r4, lr}
 131              	.LCFI0:
 132              		.cfi_def_cfa_offset 8
 133              		.cfi_offset 4, -8
 134              		.cfi_offset 14, -4
  15:src/DCMotor.cpp **** {
 135              		.loc 2 15 0
 136 0010 0446     		mov	r4, r0
 137              	.LBB4:
 138 0012 034B     		ldr	r3, .L6
 139 0014 0360     		str	r3, [r0]
 140 0016 FFF7FEFF 		bl	_ZN5motorD2Ev
 141              	.LVL8:
 142              	.LBE4:
  17:src/DCMotor.cpp **** 
 143              		.loc 2 17 0
 144 001a 2046     		mov	r0, r4
 145 001c 10BD     		pop	{r4, pc}
 146              	.LVL9:
 147              	.L7:
 148 001e 00BF     		.align	2
 149              	.L6:
 150 0020 08000000 		.word	.LANCHOR0+8
 151              		.cfi_endproc
 152              	.LFE34:
 153              		.fnend
 155              		.global	_ZN7DCMotorD1Ev
 156              		.thumb_set _ZN7DCMotorD1Ev,_ZN7DCMotorD2Ev
 157              		.align	1
 158              		.global	_ZN7DCMotorD0Ev
 159              		.thumb
 160              		.thumb_func
 162              	_ZN7DCMotorD0Ev:
 163              		.fnstart
 164              	.LFB36:
  15:src/DCMotor.cpp **** {
 165              		.loc 2 15 0
 166              		.cfi_startproc
 167              		@ args = 0, pretend = 0, frame = 0
 168              		@ frame_needed = 0, uses_anonymous_args = 0
 169              	.LVL10:
 170 0024 10B5     		push	{r4, lr}
 171              		.save {r4, lr}
 172              	.LCFI1:
 173              		.cfi_def_cfa_offset 8
 174              		.cfi_offset 4, -8
 175              		.cfi_offset 14, -4
  15:src/DCMotor.cpp **** {
 176              		.loc 2 15 0
 177 0026 0446     		mov	r4, r0
  17:src/DCMotor.cpp **** 
 178              		.loc 2 17 0
 179 0028 FFF7FEFF 		bl	_ZN7DCMotorD1Ev
 180              	.LVL11:
 181 002c 2046     		mov	r0, r4
 182 002e FFF7FEFF 		bl	_ZdlPv
 183              	.LVL12:
 184 0032 2046     		mov	r0, r4
 185 0034 10BD     		pop	{r4, pc}
 186              		.cfi_endproc
 187              	.LFE36:
 188              		.fnend
 190              		.align	1
 191              		.global	_ZN7DCMotor9motorInitEv
 192              		.thumb
 193              		.thumb_func
 195              	_ZN7DCMotor9motorInitEv:
 196              		.fnstart
 197              	.LFB37:
  20:src/DCMotor.cpp **** 	GPIO_InitTypeDef GPIO_InitStructure;
 198              		.loc 2 20 0
 199              		.cfi_startproc
 200              		@ args = 0, pretend = 0, frame = 32
 201              		@ frame_needed = 0, uses_anonymous_args = 0
 202              	.LVL13:
 203 0036 70B5     		push	{r4, r5, r6, lr}
 204              		.save {r4, r5, r6, lr}
 205              	.LCFI2:
 206              		.cfi_def_cfa_offset 16
 207              		.cfi_offset 4, -16
 208              		.cfi_offset 5, -12
 209              		.cfi_offset 6, -8
 210              		.cfi_offset 14, -4
 211 0038 0446     		mov	r4, r0
  23:src/DCMotor.cpp **** 	GPIO_InitStructure.GPIO_Mode = GPIO_Mode_Out_PP;
 212              		.loc 2 23 0
 213 003a 4368     		ldr	r3, [r0, #4]
  20:src/DCMotor.cpp **** 	GPIO_InitTypeDef GPIO_InitStructure;
 214              		.loc 2 20 0
 215              		.pad #32
 216 003c 88B0     		sub	sp, sp, #32
 217              	.LCFI3:
 218              		.cfi_def_cfa_offset 48
  23:src/DCMotor.cpp **** 	GPIO_InitStructure.GPIO_Mode = GPIO_Mode_Out_PP;
 219              		.loc 2 23 0
 220 003e 1A6A     		ldr	r2, [r3, #32]
  25:src/DCMotor.cpp **** 	GPIO_Init(m_settings->m_DCInAPort, &GPIO_InitStructure);
 221              		.loc 2 25 0
 222 0040 0325     		movs	r5, #3
  24:src/DCMotor.cpp **** 	GPIO_InitStructure.GPIO_Speed = GPIO_Speed_50MHz;
 223              		.loc 2 24 0
 224 0042 1026     		movs	r6, #16
  26:src/DCMotor.cpp **** 
 225              		.loc 2 26 0
 226 0044 586A     		ldr	r0, [r3, #36]
 227              	.LVL14:
 228 0046 6946     		mov	r1, sp
  23:src/DCMotor.cpp **** 	GPIO_InitStructure.GPIO_Mode = GPIO_Mode_Out_PP;
 229              		.loc 2 23 0
 230 0048 ADF80020 		strh	r2, [sp]	@ movhi
  24:src/DCMotor.cpp **** 	GPIO_InitStructure.GPIO_Speed = GPIO_Speed_50MHz;
 231              		.loc 2 24 0
 232 004c 8DF80360 		strb	r6, [sp, #3]
  25:src/DCMotor.cpp **** 	GPIO_Init(m_settings->m_DCInAPort, &GPIO_InitStructure);
 233              		.loc 2 25 0
 234 0050 8DF80250 		strb	r5, [sp, #2]
  26:src/DCMotor.cpp **** 
 235              		.loc 2 26 0
 236 0054 FFF7FEFF 		bl	GPIO_Init
 237              	.LVL15:
  28:src/DCMotor.cpp **** 	GPIO_InitStructure.GPIO_Mode = GPIO_Mode_Out_PP;
 238              		.loc 2 28 0
 239 0058 6368     		ldr	r3, [r4, #4]
  31:src/DCMotor.cpp **** 
 240              		.loc 2 31 0
 241 005a 6946     		mov	r1, sp
  28:src/DCMotor.cpp **** 	GPIO_InitStructure.GPIO_Mode = GPIO_Mode_Out_PP;
 242              		.loc 2 28 0
 243 005c 1A6B     		ldr	r2, [r3, #48]
  31:src/DCMotor.cpp **** 
 244              		.loc 2 31 0
 245 005e 586B     		ldr	r0, [r3, #52]
  28:src/DCMotor.cpp **** 	GPIO_InitStructure.GPIO_Mode = GPIO_Mode_Out_PP;
 246              		.loc 2 28 0
 247 0060 ADF80020 		strh	r2, [sp]	@ movhi
  29:src/DCMotor.cpp **** 	GPIO_InitStructure.GPIO_Speed = GPIO_Speed_50MHz;
 248              		.loc 2 29 0
 249 0064 8DF80360 		strb	r6, [sp, #3]
  30:src/DCMotor.cpp **** 	GPIO_Init(m_settings->m_DCInBPort, &GPIO_InitStructure);
 250              		.loc 2 30 0
 251 0068 8DF80250 		strb	r5, [sp, #2]
  31:src/DCMotor.cpp **** 
 252              		.loc 2 31 0
 253 006c FFF7FEFF 		bl	GPIO_Init
 254              	.LVL16:
  33:src/DCMotor.cpp **** 	GPIO_InitStructure.GPIO_Mode = GPIO_Mode_Out_OD;
 255              		.loc 2 33 0
 256 0070 6368     		ldr	r3, [r4, #4]
  34:src/DCMotor.cpp **** 	GPIO_InitStructure.GPIO_Speed = GPIO_Speed_50MHz;
 257              		.loc 2 34 0
 258 0072 1426     		movs	r6, #20
  33:src/DCMotor.cpp **** 	GPIO_InitStructure.GPIO_Mode = GPIO_Mode_Out_OD;
 259              		.loc 2 33 0
 260 0074 9A6A     		ldr	r2, [r3, #40]
  36:src/DCMotor.cpp **** 
 261              		.loc 2 36 0
 262 0076 D86A     		ldr	r0, [r3, #44]
 263 0078 6946     		mov	r1, sp
  33:src/DCMotor.cpp **** 	GPIO_InitStructure.GPIO_Mode = GPIO_Mode_Out_OD;
 264              		.loc 2 33 0
 265 007a ADF80020 		strh	r2, [sp]	@ movhi
  35:src/DCMotor.cpp **** 	GPIO_Init(m_settings->m_DCEnAPort, &GPIO_InitStructure);
 266              		.loc 2 35 0
 267 007e 8DF80250 		strb	r5, [sp, #2]
  34:src/DCMotor.cpp **** 	GPIO_InitStructure.GPIO_Speed = GPIO_Speed_50MHz;
 268              		.loc 2 34 0
 269 0082 8DF80360 		strb	r6, [sp, #3]
  36:src/DCMotor.cpp **** 
 270              		.loc 2 36 0
 271 0086 FFF7FEFF 		bl	GPIO_Init
 272              	.LVL17:
  38:src/DCMotor.cpp **** 	GPIO_InitStructure.GPIO_Mode = GPIO_Mode_Out_OD;
 273              		.loc 2 38 0
 274 008a 6368     		ldr	r3, [r4, #4]
  41:src/DCMotor.cpp **** 
 275              		.loc 2 41 0
 276 008c 6946     		mov	r1, sp
  38:src/DCMotor.cpp **** 	GPIO_InitStructure.GPIO_Mode = GPIO_Mode_Out_OD;
 277              		.loc 2 38 0
 278 008e 9A6B     		ldr	r2, [r3, #56]
  41:src/DCMotor.cpp **** 
 279              		.loc 2 41 0
 280 0090 D86B     		ldr	r0, [r3, #60]
  38:src/DCMotor.cpp **** 	GPIO_InitStructure.GPIO_Mode = GPIO_Mode_Out_OD;
 281              		.loc 2 38 0
 282 0092 ADF80020 		strh	r2, [sp]	@ movhi
  40:src/DCMotor.cpp **** 	GPIO_Init(m_settings->m_DCEnBPort, &GPIO_InitStructure);
 283              		.loc 2 40 0
 284 0096 8DF80250 		strb	r5, [sp, #2]
  39:src/DCMotor.cpp **** 	GPIO_InitStructure.GPIO_Speed = GPIO_Speed_50MHz;
 285              		.loc 2 39 0
 286 009a 8DF80360 		strb	r6, [sp, #3]
  41:src/DCMotor.cpp **** 
 287              		.loc 2 41 0
 288 009e FFF7FEFF 		bl	GPIO_Init
 289              	.LVL18:
  43:src/DCMotor.cpp **** 	GPIO_InitStructure.GPIO_Mode = GPIO_Mode_AF_PP;
 290              		.loc 2 43 0
 291 00a2 6368     		ldr	r3, [r4, #4]
  46:src/DCMotor.cpp **** 
 292              		.loc 2 46 0
 293 00a4 6946     		mov	r1, sp
  43:src/DCMotor.cpp **** 	GPIO_InitStructure.GPIO_Mode = GPIO_Mode_AF_PP;
 294              		.loc 2 43 0
 295 00a6 1A6C     		ldr	r2, [r3, #64]
  46:src/DCMotor.cpp **** 
 296              		.loc 2 46 0
 297 00a8 586C     		ldr	r0, [r3, #68]
  43:src/DCMotor.cpp **** 	GPIO_InitStructure.GPIO_Mode = GPIO_Mode_AF_PP;
 298              		.loc 2 43 0
 299 00aa ADF80020 		strh	r2, [sp]	@ movhi
  44:src/DCMotor.cpp **** 	GPIO_InitStructure.GPIO_Speed = GPIO_Speed_50MHz;
 300              		.loc 2 44 0
 301 00ae 1822     		movs	r2, #24
 302 00b0 8DF80320 		strb	r2, [sp, #3]
  45:src/DCMotor.cpp **** 	GPIO_Init(m_settings->m_DCPWMPort, &GPIO_InitStructure);
 303              		.loc 2 45 0
 304 00b4 8DF80250 		strb	r5, [sp, #2]
  46:src/DCMotor.cpp **** 
 305              		.loc 2 46 0
 306 00b8 FFF7FEFF 		bl	GPIO_Init
 307              	.LVL19:
  49:src/DCMotor.cpp **** 		TIM_TimeBaseStructure.TIM_Period = PERIOD*2;
 308              		.loc 2 49 0
 309 00bc 6368     		ldr	r3, [r4, #4]
  53:src/DCMotor.cpp **** 	TIM_TimeBaseStructure.TIM_ClockDivision = CLOCKDIV;
 310              		.loc 2 53 0
 311 00be 0025     		movs	r5, #0
  49:src/DCMotor.cpp **** 		TIM_TimeBaseStructure.TIM_Period = PERIOD*2;
 312              		.loc 2 49 0
 313 00c0 9868     		ldr	r0, [r3, #8]
 314 00c2 364B     		ldr	r3, .L22
  57:src/DCMotor.cpp **** 
 315              		.loc 2 57 0
 316 00c4 01A9     		add	r1, sp, #4
  49:src/DCMotor.cpp **** 		TIM_TimeBaseStructure.TIM_Period = PERIOD*2;
 317              		.loc 2 49 0
 318 00c6 9842     		cmp	r0, r3
  50:src/DCMotor.cpp **** 	else
 319              		.loc 2 50 0
 320 00c8 0CBF     		ite	eq
 321 00ca 47F27E03 		movweq	r3, #28798
  52:src/DCMotor.cpp **** 	TIM_TimeBaseStructure.TIM_Prescaler = PRESCALER;
 322              		.loc 2 52 0
 323 00ce 43F63F03 		movwne	r3, #14399
  53:src/DCMotor.cpp **** 	TIM_TimeBaseStructure.TIM_ClockDivision = CLOCKDIV;
 324              		.loc 2 53 0
 325 00d2 ADF80450 		strh	r5, [sp, #4]	@ movhi
  52:src/DCMotor.cpp **** 	TIM_TimeBaseStructure.TIM_Prescaler = PRESCALER;
 326              		.loc 2 52 0
 327 00d6 ADF80830 		strh	r3, [sp, #8]	@ movhi
  54:src/DCMotor.cpp **** 	TIM_TimeBaseStructure.TIM_CounterMode = TIM_CounterMode_Up;
 328              		.loc 2 54 0
 329 00da ADF80A50 		strh	r5, [sp, #10]	@ movhi
  55:src/DCMotor.cpp **** 
 330              		.loc 2 55 0
 331 00de ADF80650 		strh	r5, [sp, #6]	@ movhi
  57:src/DCMotor.cpp **** 
 332              		.loc 2 57 0
 333 00e2 FFF7FEFF 		bl	TIM_TimeBaseInit
 334              	.LVL20:
  60:src/DCMotor.cpp **** 
 335              		.loc 2 60 0
 336 00e6 04A8     		add	r0, sp, #16
 337 00e8 FFF7FEFF 		bl	TIM_OCStructInit
 338              	.LVL21:
  62:src/DCMotor.cpp **** 	TIM_OCInitStructure.TIM_OutputState = TIM_OutputState_Enable;
 339              		.loc 2 62 0
 340 00ec 6023     		movs	r3, #96
 341 00ee ADF81030 		strh	r3, [sp, #16]	@ movhi
  63:src/DCMotor.cpp **** 	TIM_OCInitStructure.TIM_Pulse = 0x00;
 342              		.loc 2 63 0
 343 00f2 0123     		movs	r3, #1
 344 00f4 ADF81230 		strh	r3, [sp, #18]	@ movhi
  67:src/DCMotor.cpp **** 		case 1:
 345              		.loc 2 67 0
 346 00f8 6368     		ldr	r3, [r4, #4]
  64:src/DCMotor.cpp **** 	TIM_OCInitStructure.TIM_OCPolarity = TIM_OCPolarity_High;
 347              		.loc 2 64 0
 348 00fa ADF81650 		strh	r5, [sp, #22]	@ movhi
  67:src/DCMotor.cpp **** 		case 1:
 349              		.loc 2 67 0
 350 00fe DA68     		ldr	r2, [r3, #12]
  65:src/DCMotor.cpp **** 
 351              		.loc 2 65 0
 352 0100 ADF81850 		strh	r5, [sp, #24]	@ movhi
  67:src/DCMotor.cpp **** 		case 1:
 353              		.loc 2 67 0
 354 0104 013A     		subs	r2, r2, #1
 355 0106 032A     		cmp	r2, #3
 356 0108 44D8     		bhi	.L19
 357 010a DFE802F0 		tbb	[pc, r2]
 358              	.L14:
 359 010e 02       		.byte	(.L13-.L14)/2
 360 010f 0C       		.byte	(.L15-.L14)/2
 361 0110 16       		.byte	(.L16-.L14)/2
 362 0111 20       		.byte	(.L17-.L14)/2
 363              		.p2align 1
 364              	.L13:
  69:src/DCMotor.cpp **** 			TIM_OC1PreloadConfig(m_settings->m_Timer, TIM_OCPreload_Enable);
 365              		.loc 2 69 0
 366 0112 04A9     		add	r1, sp, #16
 367 0114 9868     		ldr	r0, [r3, #8]
 368 0116 FFF7FEFF 		bl	TIM_OC1Init
 369              	.LVL22:
  70:src/DCMotor.cpp **** 			break;
 370              		.loc 2 70 0
 371 011a 6368     		ldr	r3, [r4, #4]
 372 011c 0821     		movs	r1, #8
 373 011e 9868     		ldr	r0, [r3, #8]
 374 0120 FFF7FEFF 		bl	TIM_OC1PreloadConfig
 375              	.LVL23:
 376 0124 1CE0     		b	.L18
 377              	.L15:
  73:src/DCMotor.cpp **** 			TIM_OC2PreloadConfig(m_settings->m_Timer, TIM_OCPreload_Enable);
 378              		.loc 2 73 0
 379 0126 04A9     		add	r1, sp, #16
 380 0128 9868     		ldr	r0, [r3, #8]
 381 012a FFF7FEFF 		bl	TIM_OC2Init
 382              	.LVL24:
  74:src/DCMotor.cpp **** 			break;
 383              		.loc 2 74 0
 384 012e 6368     		ldr	r3, [r4, #4]
 385 0130 0821     		movs	r1, #8
 386 0132 9868     		ldr	r0, [r3, #8]
 387 0134 FFF7FEFF 		bl	TIM_OC2PreloadConfig
 388              	.LVL25:
 389 0138 12E0     		b	.L18
 390              	.L16:
  77:src/DCMotor.cpp **** 			TIM_OC3PreloadConfig(m_settings->m_Timer, TIM_OCPreload_Enable);
 391              		.loc 2 77 0
 392 013a 04A9     		add	r1, sp, #16
 393 013c 9868     		ldr	r0, [r3, #8]
 394 013e FFF7FEFF 		bl	TIM_OC3Init
 395              	.LVL26:
  78:src/DCMotor.cpp **** 			break;
 396              		.loc 2 78 0
 397 0142 6368     		ldr	r3, [r4, #4]
 398 0144 0821     		movs	r1, #8
 399 0146 9868     		ldr	r0, [r3, #8]
 400 0148 FFF7FEFF 		bl	TIM_OC3PreloadConfig
 401              	.LVL27:
 402 014c 08E0     		b	.L18
 403              	.L17:
  81:src/DCMotor.cpp **** 			TIM_OC4PreloadConfig(m_settings->m_Timer, TIM_OCPreload_Enable);
 404              		.loc 2 81 0
 405 014e 9868     		ldr	r0, [r3, #8]
 406 0150 04A9     		add	r1, sp, #16
 407 0152 FFF7FEFF 		bl	TIM_OC4Init
 408              	.LVL28:
  82:src/DCMotor.cpp **** 			break;
 409              		.loc 2 82 0
 410 0156 6368     		ldr	r3, [r4, #4]
 411 0158 0821     		movs	r1, #8
 412 015a 9868     		ldr	r0, [r3, #8]
 413 015c FFF7FEFF 		bl	TIM_OC4PreloadConfig
 414              	.LVL29:
 415              	.L18:
  88:src/DCMotor.cpp **** 
 416              		.loc 2 88 0
 417 0160 6368     		ldr	r3, [r4, #4]
 418 0162 0121     		movs	r1, #1
 419 0164 9868     		ldr	r0, [r3, #8]
 420 0166 FFF7FEFF 		bl	TIM_ARRPreloadConfig
 421              	.LVL30:
  90:src/DCMotor.cpp **** 
 422              		.loc 2 90 0
 423 016a 6368     		ldr	r3, [r4, #4]
 424 016c 0121     		movs	r1, #1
 425 016e 9868     		ldr	r0, [r3, #8]
 426 0170 FFF7FEFF 		bl	TIM_CtrlPWMOutputs
 427              	.LVL31:
  92:src/DCMotor.cpp **** 
 428              		.loc 2 92 0
 429 0174 6368     		ldr	r3, [r4, #4]
 430 0176 0121     		movs	r1, #1
 431 0178 9868     		ldr	r0, [r3, #8]
 432 017a FFF7FEFF 		bl	TIM_Cmd
 433              	.LVL32:
  95:src/DCMotor.cpp **** 
 434              		.loc 2 95 0
 435 017e 6368     		ldr	r3, [r4, #4]
 436              	.LVL33:
 102:src/DCMotor.cpp **** }
 437              		.loc 2 102 0
 438 0180 0120     		movs	r0, #1
 439              	.LBB5:
 440              	.LBB6:
 169:src/DCMotor.cpp **** 
 170:src/DCMotor.cpp **** void DCMotor::initEncoder(uint16_t addr){
 171:src/DCMotor.cpp **** 	encAddr = addr;
 441              		.loc 2 171 0
 442 0182 B3F84820 		ldrh	r2, [r3, #72]
 443 0186 2273     		strb	r2, [r4, #12]
 444              	.LVL34:
 445              	.LBE6:
 446              	.LBE5:
 100:src/DCMotor.cpp **** 
 447              		.loc 2 100 0
 448 0188 DB6D     		ldr	r3, [r3, #92]	@ float
  97:src/DCMotor.cpp **** 	error = 0;
 449              		.loc 2 97 0
 450 018a 0022     		movs	r2, #0
 451 018c A262     		str	r2, [r4, #40]	@ float
  98:src/DCMotor.cpp **** 
 452              		.loc 2 98 0
 453 018e 6262     		str	r2, [r4, #36]	@ float
 100:src/DCMotor.cpp **** 
 454              		.loc 2 100 0
 455 0190 2361     		str	r3, [r4, #16]	@ float
 102:src/DCMotor.cpp **** }
 456              		.loc 2 102 0
 457 0192 00E0     		b	.L12
 458              	.L19:
  85:src/DCMotor.cpp **** 	}
 459              		.loc 2 85 0
 460 0194 0020     		movs	r0, #0
 461              	.L12:
 103:src/DCMotor.cpp **** 
 462              		.loc 2 103 0
 463 0196 08B0     		add	sp, sp, #32
 464              	.LCFI4:
 465              		.cfi_def_cfa_offset 16
 466              		@ sp needed
 467 0198 70BD     		pop	{r4, r5, r6, pc}
 468              	.LVL35:
 469              	.L23:
 470 019a 00BF     		.align	2
 471              	.L22:
 472 019c 002C0140 		.word	1073818624
 473              		.cfi_endproc
 474              	.LFE37:
 475              		.fnend
 477              		.align	1
 478              		.global	_ZN7DCMotorC2EP13motorSettings
 479              		.thumb
 480              		.thumb_func
 482              	_ZN7DCMotorC2EP13motorSettings:
 483              		.fnstart
 484              	.LFB31:
  10:src/DCMotor.cpp **** {
 485              		.loc 2 10 0
 486              		.cfi_startproc
 487              		@ args = 0, pretend = 0, frame = 0
 488              		@ frame_needed = 0, uses_anonymous_args = 0
 489              	.LVL36:
 490 01a0 10B5     		push	{r4, lr}
 491              		.save {r4, lr}
 492              	.LCFI5:
 493              		.cfi_def_cfa_offset 8
 494              		.cfi_offset 4, -8
 495              		.cfi_offset 14, -4
  10:src/DCMotor.cpp **** {
 496              		.loc 2 10 0
 497 01a2 0446     		mov	r4, r0
 498              	.LBB7:
 499 01a4 FFF7FEFF 		bl	_ZN5motorC2EP13motorSettings
 500              	.LVL37:
 501 01a8 014B     		ldr	r3, .L25
 502              	.LBE7:
  13:src/DCMotor.cpp **** 
 503              		.loc 2 13 0
 504 01aa 2046     		mov	r0, r4
 505              	.LBB8:
  10:src/DCMotor.cpp **** {
 506              		.loc 2 10 0
 507 01ac 2360     		str	r3, [r4]
 508              	.LBE8:
  13:src/DCMotor.cpp **** 
 509              		.loc 2 13 0
 510 01ae 10BD     		pop	{r4, pc}
 511              	.LVL38:
 512              	.L26:
 513              		.align	2
 514              	.L25:
 515 01b0 08000000 		.word	.LANCHOR0+8
 516              		.cfi_endproc
 517              	.LFE31:
 518              		.fnend
 520              		.global	_ZN7DCMotorC1EP13motorSettings
 521              		.thumb_set _ZN7DCMotorC1EP13motorSettings,_ZN7DCMotorC2EP13motorSettings
 522              		.align	1
 523              		.global	_ZN7DCMotor8setSpeedEi
 524              		.thumb
 525              		.thumb_func
 527              	_ZN7DCMotor8setSpeedEi:
 528              		.fnstart
 529              	.LFB39:
 110:src/DCMotor.cpp **** 	if(s < -PERIOD)
 530              		.loc 2 110 0
 531              		.cfi_startproc
 532              		@ args = 0, pretend = 0, frame = 0
 533              		@ frame_needed = 0, uses_anonymous_args = 0
 534              	.LVL39:
 111:src/DCMotor.cpp **** 		s = -PERIOD;
 535              		.loc 2 111 0
 536 01b4 384A     		ldr	r2, .L44
 110:src/DCMotor.cpp **** 	if(s < -PERIOD)
 537              		.loc 2 110 0
 538 01b6 38B5     		push	{r3, r4, r5, lr}
 539              		.save {r3, r4, r5, lr}
 540              	.LCFI6:
 541              		.cfi_def_cfa_offset 16
 542              		.cfi_offset 3, -16
 543              		.cfi_offset 4, -12
 544              		.cfi_offset 5, -8
 545              		.cfi_offset 14, -4
 111:src/DCMotor.cpp **** 		s = -PERIOD;
 546              		.loc 2 111 0
 547 01b8 9142     		cmp	r1, r2
 110:src/DCMotor.cpp **** 	if(s < -PERIOD)
 548              		.loc 2 110 0
 549 01ba 0546     		mov	r5, r0
 550 01bc 4368     		ldr	r3, [r0, #4]
 111:src/DCMotor.cpp **** 		s = -PERIOD;
 551              		.loc 2 111 0
 552 01be 0DDB     		blt	.L39
 553 01c0 43F63F04 		movw	r4, #14399
 554 01c4 8C42     		cmp	r4, r1
 555 01c6 A8BF     		it	ge
 556 01c8 0C46     		movge	r4, r1
 557              	.LVL40:
 117:src/DCMotor.cpp **** 		GPIO_SetBits(m_settings->m_DCEnAPort, m_settings->m_DCEnAPin);
 558              		.loc 2 117 0
 559 01ca 40F6B832 		movw	r2, #3000
 560 01ce 84EAE471 		eor	r1, r4, r4, asr #31
 561 01d2 A1EBE471 		sub	r1, r1, r4, asr #31
 562 01d6 9142     		cmp	r1, r2
 563 01d8 1EDD     		ble	.L29
 564 01da 00E0     		b	.L28
 565              	.LVL41:
 566              	.L39:
 112:src/DCMotor.cpp **** 
 567              		.loc 2 112 0
 568 01dc 1446     		mov	r4, r2
 569              	.LVL42:
 570              	.L28:
 118:src/DCMotor.cpp **** 		GPIO_SetBits(m_settings->m_DCEnBPort, m_settings->m_DCEnBPin);
 571              		.loc 2 118 0
 572 01de 198D     		ldrh	r1, [r3, #40]
 573 01e0 D86A     		ldr	r0, [r3, #44]
 574              	.LVL43:
 575 01e2 FFF7FEFF 		bl	GPIO_SetBits
 576              	.LVL44:
 119:src/DCMotor.cpp **** 
 577              		.loc 2 119 0
 578 01e6 6B68     		ldr	r3, [r5, #4]
 579 01e8 198F     		ldrh	r1, [r3, #56]
 580 01ea D86B     		ldr	r0, [r3, #60]
 581 01ec FFF7FEFF 		bl	GPIO_SetBits
 582              	.LVL45:
 121:src/DCMotor.cpp **** 			GPIO_SetBits(m_settings->m_DCInAPort, m_settings->m_DCInAPin);
 583              		.loc 2 121 0
 584 01f0 002C     		cmp	r4, #0
 585 01f2 05DD     		ble	.L30
 122:src/DCMotor.cpp **** 			GPIO_ResetBits(m_settings->m_DCInBPort, m_settings->m_DCInBPin);
 586              		.loc 2 122 0
 587 01f4 6B68     		ldr	r3, [r5, #4]
 588 01f6 198C     		ldrh	r1, [r3, #32]
 589 01f8 586A     		ldr	r0, [r3, #36]
 590 01fa FFF7FEFF 		bl	GPIO_SetBits
 591              	.LVL46:
 592 01fe 19E0     		b	.L42
 593              	.L30:
 124:src/DCMotor.cpp **** 			GPIO_ResetBits(m_settings->m_DCInAPort, m_settings->m_DCInAPin);
 594              		.loc 2 124 0
 595 0200 46D0     		beq	.L40
 125:src/DCMotor.cpp **** 			GPIO_SetBits(m_settings->m_DCInBPort, m_settings->m_DCInBPin);
 596              		.loc 2 125 0
 597 0202 6B68     		ldr	r3, [r5, #4]
 598 0204 198C     		ldrh	r1, [r3, #32]
 599 0206 586A     		ldr	r0, [r3, #36]
 600 0208 FFF7FEFF 		bl	GPIO_ResetBits
 601              	.LVL47:
 126:src/DCMotor.cpp **** 		}else{
 602              		.loc 2 126 0
 603 020c 6B68     		ldr	r3, [r5, #4]
 604 020e 198E     		ldrh	r1, [r3, #48]
 605 0210 586B     		ldr	r0, [r3, #52]
 606 0212 FFF7FEFF 		bl	GPIO_SetBits
 607              	.LVL48:
 608 0216 12E0     		b	.L31
 609              	.LVL49:
 610              	.L29:
 131:src/DCMotor.cpp **** 		GPIO_SetBits(m_settings->m_DCEnBPort, m_settings->m_DCEnBPin);
 611              		.loc 2 131 0
 612 0218 198D     		ldrh	r1, [r3, #40]
 613 021a D86A     		ldr	r0, [r3, #44]
 614              	.LVL50:
 615 021c FFF7FEFF 		bl	GPIO_SetBits
 616              	.LVL51:
 132:src/DCMotor.cpp **** 
 617              		.loc 2 132 0
 618 0220 6B68     		ldr	r3, [r5, #4]
 619 0222 198F     		ldrh	r1, [r3, #56]
 620 0224 D86B     		ldr	r0, [r3, #60]
 621 0226 FFF7FEFF 		bl	GPIO_SetBits
 622              	.LVL52:
 135:src/DCMotor.cpp **** 		GPIO_ResetBits(m_settings->m_DCInBPort, m_settings->m_DCInBPin);
 623              		.loc 2 135 0
 624 022a 6B68     		ldr	r3, [r5, #4]
 625 022c 198C     		ldrh	r1, [r3, #32]
 626 022e 586A     		ldr	r0, [r3, #36]
 627 0230 FFF7FEFF 		bl	GPIO_ResetBits
 628              	.LVL53:
 629              	.L42:
 136:src/DCMotor.cpp **** 	}
 630              		.loc 2 136 0
 631 0234 6B68     		ldr	r3, [r5, #4]
 632 0236 198E     		ldrh	r1, [r3, #48]
 633 0238 586B     		ldr	r0, [r3, #52]
 634 023a FFF7FEFF 		bl	GPIO_ResetBits
 635              	.LVL54:
 636              	.L31:
 139:src/DCMotor.cpp **** 		s*=2;
 637              		.loc 2 139 0
 638 023e 6A68     		ldr	r2, [r5, #4]
 639 0240 1649     		ldr	r1, .L44+4
 640 0242 9368     		ldr	r3, [r2, #8]
 142:src/DCMotor.cpp **** 		case 1:
 641              		.loc 2 142 0
 642 0244 D268     		ldr	r2, [r2, #12]
 139:src/DCMotor.cpp **** 		s*=2;
 643              		.loc 2 139 0
 644 0246 8B42     		cmp	r3, r1
 142:src/DCMotor.cpp **** 		case 1:
 645              		.loc 2 142 0
 646 0248 02F1FF32 		add	r2, r2, #-1
 140:src/DCMotor.cpp **** 
 647              		.loc 2 140 0
 648 024c 08BF     		it	eq
 649 024e 6400     		lsleq	r4, r4, #1
 650              	.LVL55:
 142:src/DCMotor.cpp **** 		case 1:
 651              		.loc 2 142 0
 652 0250 032A     		cmp	r2, #3
 653 0252 1FD8     		bhi	.L41
 654 0254 DFE802F0 		tbb	[pc, r2]
 655              	.L35:
 656 0258 02       		.byte	(.L34-.L35)/2
 657 0259 08       		.byte	(.L36-.L35)/2
 658 025a 0E       		.byte	(.L37-.L35)/2
 659 025b 14       		.byte	(.L38-.L35)/2
 660              		.p2align 1
 661              	.L34:
 144:src/DCMotor.cpp **** 			break;
 662              		.loc 2 144 0
 663 025c 002C     		cmp	r4, #0
 664 025e B8BF     		it	lt
 665 0260 6442     		rsblt	r4, r4, #0
 666              	.LVL56:
 667 0262 A4B2     		uxth	r4, r4
 668 0264 9C86     		strh	r4, [r3, #52]	@ movhi
 669 0266 11E0     		b	.L43
 670              	.LVL57:
 671              	.L36:
 147:src/DCMotor.cpp **** 			break;
 672              		.loc 2 147 0
 673 0268 002C     		cmp	r4, #0
 674 026a B8BF     		it	lt
 675 026c 6442     		rsblt	r4, r4, #0
 676              	.LVL58:
 677 026e A4B2     		uxth	r4, r4
 678 0270 1C87     		strh	r4, [r3, #56]	@ movhi
 679 0272 0BE0     		b	.L43
 680              	.LVL59:
 681              	.L37:
 150:src/DCMotor.cpp **** 			break;
 682              		.loc 2 150 0
 683 0274 002C     		cmp	r4, #0
 684 0276 B8BF     		it	lt
 685 0278 6442     		rsblt	r4, r4, #0
 686              	.LVL60:
 687 027a A4B2     		uxth	r4, r4
 688 027c 9C87     		strh	r4, [r3, #60]	@ movhi
 689 027e 05E0     		b	.L43
 690              	.LVL61:
 691              	.L38:
 153:src/DCMotor.cpp **** 			break;
 692              		.loc 2 153 0
 693 0280 002C     		cmp	r4, #0
 694 0282 B8BF     		it	lt
 695 0284 6442     		rsblt	r4, r4, #0
 696              	.LVL62:
 697 0286 A4B2     		uxth	r4, r4
 698 0288 A3F84040 		strh	r4, [r3, #64]	@ movhi
 699              	.L43:
 159:src/DCMotor.cpp **** }
 700              		.loc 2 159 0
 701 028c 0120     		movs	r0, #1
 154:src/DCMotor.cpp **** 		default:
 702              		.loc 2 154 0
 703 028e 38BD     		pop	{r3, r4, r5, pc}
 704              	.LVL63:
 705              	.L40:
 128:src/DCMotor.cpp **** 		}
 706              		.loc 2 128 0
 707 0290 2046     		mov	r0, r4
 708 0292 38BD     		pop	{r3, r4, r5, pc}
 709              	.LVL64:
 710              	.L41:
 156:src/DCMotor.cpp **** 	}
 711              		.loc 2 156 0
 712 0294 0020     		movs	r0, #0
 160:src/DCMotor.cpp **** 
 713              		.loc 2 160 0
 714 0296 38BD     		pop	{r3, r4, r5, pc}
 715              	.LVL65:
 716              	.L45:
 717              		.align	2
 718              	.L44:
 719 0298 C1C7FFFF 		.word	-14399
 720 029c 002C0140 		.word	1073818624
 721              		.cfi_endproc
 722              	.LFE39:
 723              		.fnend
 725              		.align	1
 726              		.global	_ZN7DCMotor11initEncoderEt
 727              		.thumb
 728              		.thumb_func
 730              	_ZN7DCMotor11initEncoderEt:
 731              		.fnstart
 732              	.LFB42:
 170:src/DCMotor.cpp **** 	encAddr = addr;
 733              		.loc 2 170 0
 734              		.cfi_startproc
 735              		@ args = 0, pretend = 0, frame = 0
 736              		@ frame_needed = 0, uses_anonymous_args = 0
 737              		@ link register save eliminated.
 738              	.LVL66:
 739              		.loc 2 171 0
 740 02a0 0173     		strb	r1, [r0, #12]
 741 02a2 7047     		bx	lr
 742              		.cfi_endproc
 743              	.LFE42:
 744              		.cantunwind
 745              		.fnend
 747              		.align	1
 748              		.global	_ZN7DCMotor11readEncoderEv
 749              		.thumb
 750              		.thumb_func
 752              	_ZN7DCMotor11readEncoderEv:
 753              		.fnstart
 754              	.LFB43:
 172:src/DCMotor.cpp **** }
 173:src/DCMotor.cpp **** 
 174:src/DCMotor.cpp **** int32_t DCMotor::readEncoder(){
 755              		.loc 2 174 0
 756              		.cfi_startproc
 757              		@ args = 0, pretend = 0, frame = 0
 758              		@ frame_needed = 0, uses_anonymous_args = 0
 759              	.LVL67:
 760 02a4 10B5     		push	{r4, lr}
 761              		.save {r4, lr}
 762              	.LCFI7:
 763              		.cfi_def_cfa_offset 8
 764              		.cfi_offset 4, -8
 765              		.cfi_offset 14, -4
 175:src/DCMotor.cpp **** 	NumberOfByteToReceive = RXBUFFERSIZE;
 766              		.loc 2 175 0
 767 02a6 134B     		ldr	r3, .L50
 768 02a8 0422     		movs	r2, #4
 176:src/DCMotor.cpp ****     Rx_Idx = 0x00;
 769              		.loc 2 176 0
 770 02aa 134C     		ldr	r4, .L50+4
 175:src/DCMotor.cpp **** 	NumberOfByteToReceive = RXBUFFERSIZE;
 771              		.loc 2 175 0
 772 02ac 1A70     		strb	r2, [r3]
 773              		.loc 2 176 0
 774 02ae 0023     		movs	r3, #0
 177:src/DCMotor.cpp **** 
 178:src/DCMotor.cpp ****     slaveAddress = encAddr;
 775              		.loc 2 178 0
 776 02b0 027B     		ldrb	r2, [r0, #12]	@ zero_extendqisi2
 176:src/DCMotor.cpp ****     Rx_Idx = 0x00;
 777              		.loc 2 176 0
 778 02b2 2370     		strb	r3, [r4]
 779              		.loc 2 178 0
 780 02b4 114B     		ldr	r3, .L50+8
 179:src/DCMotor.cpp ****     
 180:src/DCMotor.cpp ****     I2C_ITConfig(I2C1, I2C_IT_EVT , ENABLE);
 781              		.loc 2 180 0
 782 02b6 4FF40071 		mov	r1, #512
 178:src/DCMotor.cpp ****     
 783              		.loc 2 178 0
 784 02ba 1A70     		strb	r2, [r3]
 785              		.loc 2 180 0
 786 02bc 1048     		ldr	r0, .L50+12
 787              	.LVL68:
 788 02be 0122     		movs	r2, #1
 789 02c0 FFF7FEFF 		bl	I2C_ITConfig
 790              	.LVL69:
 181:src/DCMotor.cpp ****     I2C_AcknowledgeConfig(I2C1, ENABLE);
 791              		.loc 2 181 0
 792 02c4 0121     		movs	r1, #1
 793 02c6 0E48     		ldr	r0, .L50+12
 794 02c8 FFF7FEFF 		bl	I2C_AcknowledgeConfig
 795              	.LVL70:
 182:src/DCMotor.cpp ****     I2C_GenerateSTART(I2C1, ENABLE);
 796              		.loc 2 182 0
 797 02cc 0121     		movs	r1, #1
 798 02ce 0C48     		ldr	r0, .L50+12
 799 02d0 FFF7FEFF 		bl	I2C_GenerateSTART
 800              	.LVL71:
 801              	.L48:
 183:src/DCMotor.cpp **** 
 184:src/DCMotor.cpp **** 
 185:src/DCMotor.cpp ****     // TODO: Add timeout here
 186:src/DCMotor.cpp ****     while ((Rx_Idx < RXBUFFERSIZE)); 
 802              		.loc 2 186 0
 803 02d4 2378     		ldrb	r3, [r4]	@ zero_extendqisi2
 804 02d6 032B     		cmp	r3, #3
 805 02d8 FCD9     		bls	.L48
 187:src/DCMotor.cpp **** 
 188:src/DCMotor.cpp ****     return ((int32_t)((RxBuffer[0] << 24)|(RxBuffer[1] << 16)|(RxBuffer[2] << 8) | RxBuffer[3]));
 806              		.loc 2 188 0
 807 02da 0A4A     		ldr	r2, .L50+16
 808 02dc 5378     		ldrb	r3, [r2, #1]	@ zero_extendqisi2
 809 02de 1078     		ldrb	r0, [r2]	@ zero_extendqisi2
 810 02e0 1B04     		lsls	r3, r3, #16
 811 02e2 43EA0063 		orr	r3, r3, r0, lsl #24
 812 02e6 D078     		ldrb	r0, [r2, #3]	@ zero_extendqisi2
 813 02e8 0343     		orrs	r3, r3, r0
 814 02ea 9078     		ldrb	r0, [r2, #2]	@ zero_extendqisi2
 189:src/DCMotor.cpp **** }
 815              		.loc 2 189 0
 816 02ec 43EA0020 		orr	r0, r3, r0, lsl #8
 817 02f0 10BD     		pop	{r4, pc}
 818              	.L51:
 819 02f2 00BF     		.align	2
 820              	.L50:
 821 02f4 00000000 		.word	NumberOfByteToReceive
 822 02f8 00000000 		.word	Rx_Idx
 823 02fc 00000000 		.word	slaveAddress
 824 0300 00540040 		.word	1073763328
 825 0304 00000000 		.word	RxBuffer
 826              		.cfi_endproc
 827              	.LFE43:
 828              		.fnend
 830              		.global	__aeabi_fsub
 831              		.global	__aeabi_fmul
 832              		.global	__aeabi_fadd
 833              		.global	__aeabi_fcmpgt
 834              		.global	__aeabi_fcmplt
 835              		.global	__aeabi_fdiv
 836              		.align	1
 837              		.global	_ZN7DCMotor15updateRegulatorEff
 838              		.thumb
 839              		.thumb_func
 841              	_ZN7DCMotor15updateRegulatorEff:
 842              		.fnstart
 843              	.LFB44:
 190:src/DCMotor.cpp **** 
 191:src/DCMotor.cpp **** float DCMotor::updateRegulator(float enc, float dt){
 844              		.loc 2 191 0
 845              		.cfi_startproc
 846              		@ args = 0, pretend = 0, frame = 0
 847              		@ frame_needed = 0, uses_anonymous_args = 0
 848              	.LVL72:
 849 0308 2DE9F843 		push	{r3, r4, r5, r6, r7, r8, r9, lr}
 850              	.LCFI8:
 851              		.cfi_def_cfa_offset 32
 852              		.cfi_offset 3, -32
 853              		.cfi_offset 4, -28
 854              		.cfi_offset 5, -24
 855              		.cfi_offset 6, -20
 856              		.cfi_offset 7, -16
 857              		.cfi_offset 8, -12
 858              		.cfi_offset 9, -8
 859              		.cfi_offset 14, -4
 860              		.loc 2 191 0
 861 030c 0446     		mov	r4, r0
 862 030e 9046     		mov	r8, r2
 192:src/DCMotor.cpp **** 	float error_new = speed-enc;
 863              		.loc 2 192 0
 864 0310 8068     		ldr	r0, [r0, #8]	@ float
 865              	.LVL73:
 866 0312 FFF7FEFF 		bl	__aeabi_fsub
 867              	.LVL74:
 193:src/DCMotor.cpp **** 	
 194:src/DCMotor.cpp **** 	integral += error_new*dt;
 868              		.loc 2 194 0
 869 0316 4146     		mov	r1, r8
 192:src/DCMotor.cpp **** 	float error_new = speed-enc;
 870              		.loc 2 192 0
 871 0318 0746     		mov	r7, r0
 872              	.LVL75:
 873              		.loc 2 194 0
 874 031a FFF7FEFF 		bl	__aeabi_fmul
 875              	.LVL76:
 876 031e A16A     		ldr	r1, [r4, #40]	@ float
 877 0320 FFF7FEFF 		bl	__aeabi_fadd
 878              	.LVL77:
 195:src/DCMotor.cpp **** 	if (integral > m_settings->integralSaturation){
 879              		.loc 2 195 0
 880 0324 6668     		ldr	r6, [r4, #4]
 194:src/DCMotor.cpp **** 	if (integral > m_settings->integralSaturation){
 881              		.loc 2 194 0
 882 0326 A062     		str	r0, [r4, #40]	@ float
 883              		.loc 2 195 0
 884 0328 B56D     		ldr	r5, [r6, #88]	@ float
 194:src/DCMotor.cpp **** 	if (integral > m_settings->integralSaturation){
 885              		.loc 2 194 0
 886 032a 8146     		mov	r9, r0
 887              		.loc 2 195 0
 888 032c 2946     		mov	r1, r5
 889 032e FFF7FEFF 		bl	__aeabi_fcmpgt
 890              	.LVL78:
 891 0332 30B9     		cbnz	r0, .L60
 196:src/DCMotor.cpp **** 		integral = m_settings->integralSaturation;
 197:src/DCMotor.cpp **** 	}else if (integral < -(m_settings->integralSaturation)){
 892              		.loc 2 197 0
 893 0334 05F10045 		add	r5, r5, #-2147483648
 894 0338 2946     		mov	r1, r5
 895 033a 4846     		mov	r0, r9
 896 033c FFF7FEFF 		bl	__aeabi_fcmplt
 897              	.LVL79:
 898 0340 00B1     		cbz	r0, .L55
 899              	.L60:
 198:src/DCMotor.cpp **** 		integral = -(m_settings->integralSaturation);
 900              		.loc 2 198 0
 901 0342 A562     		str	r5, [r4, #40]	@ float
 902              	.L55:
 199:src/DCMotor.cpp **** 	}
 200:src/DCMotor.cpp **** 	
 201:src/DCMotor.cpp **** 	float derivative = (error_new-error)/dt;
 202:src/DCMotor.cpp **** 	float output = (m_settings->KP*error + m_settings->KI*integral + m_settings->KD*derivative);
 903              		.loc 2 202 0
 904 0344 A16A     		ldr	r1, [r4, #40]	@ float
 905 0346 306D     		ldr	r0, [r6, #80]	@ float
 906 0348 FFF7FEFF 		bl	__aeabi_fmul
 907              	.LVL80:
 201:src/DCMotor.cpp **** 	float output = (m_settings->KP*error + m_settings->KI*integral + m_settings->KD*derivative);
 908              		.loc 2 201 0
 909 034c 656A     		ldr	r5, [r4, #36]	@ float
 910              	.LVL81:
 911              		.loc 2 202 0
 912 034e F16C     		ldr	r1, [r6, #76]	@ float
 913 0350 8146     		mov	r9, r0
 914 0352 2846     		mov	r0, r5
 915 0354 FFF7FEFF 		bl	__aeabi_fmul
 916              	.LVL82:
 917 0358 0146     		mov	r1, r0
 918 035a 4846     		mov	r0, r9
 919 035c FFF7FEFF 		bl	__aeabi_fadd
 920              	.LVL83:
 921 0360 2946     		mov	r1, r5
 922 0362 8146     		mov	r9, r0
 923 0364 3846     		mov	r0, r7
 924 0366 FFF7FEFF 		bl	__aeabi_fsub
 925              	.LVL84:
 926 036a 4146     		mov	r1, r8
 927 036c FFF7FEFF 		bl	__aeabi_fdiv
 928              	.LVL85:
 929 0370 716D     		ldr	r1, [r6, #84]	@ float
 930 0372 FFF7FEFF 		bl	__aeabi_fmul
 931              	.LVL86:
 932 0376 0146     		mov	r1, r0
 933 0378 4846     		mov	r0, r9
 934 037a FFF7FEFF 		bl	__aeabi_fadd
 935              	.LVL87:
 203:src/DCMotor.cpp **** 	error = error_new;
 936              		.loc 2 203 0
 937 037e 6762     		str	r7, [r4, #36]	@ float
 204:src/DCMotor.cpp **** 	return output;
 205:src/DCMotor.cpp **** }
 938              		.loc 2 205 0
 939 0380 BDE8F883 		pop	{r3, r4, r5, r6, r7, r8, r9, pc}
 940              		.cfi_endproc
 941              	.LFE44:
 942              		.cantunwind
 943              		.fnend
 945              		.global	__aeabi_i2d
 946              		.global	__aeabi_dmul
 947              		.global	__aeabi_d2f
 948              		.global	__aeabi_f2iz
 949              		.align	1
 950              		.global	_ZN7DCMotor6updateEf
 951              		.thumb
 952              		.thumb_func
 954              	_ZN7DCMotor6updateEf:
 955              		.fnstart
 956              	.LFB45:
 206:src/DCMotor.cpp **** 
 207:src/DCMotor.cpp **** float DCMotor::update(float dt){
 957              		.loc 2 207 0
 958              		.cfi_startproc
 959              		@ args = 0, pretend = 0, frame = 0
 960              		@ frame_needed = 0, uses_anonymous_args = 0
 961              	.LVL88:
 962 0384 70B5     		push	{r4, r5, r6, lr}
 963              		.save {r4, r5, r6, lr}
 964              	.LCFI9:
 965              		.cfi_def_cfa_offset 16
 966              		.cfi_offset 4, -16
 967              		.cfi_offset 5, -12
 968              		.cfi_offset 6, -8
 969              		.cfi_offset 14, -4
 970              		.loc 2 207 0
 971 0386 0446     		mov	r4, r0
 972 0388 0E46     		mov	r6, r1
 208:src/DCMotor.cpp **** 	// Read encoder
 209:src/DCMotor.cpp **** 	float encSpeed = readEncoder()*0.04793689962;		// rad/s
 973              		.loc 2 209 0
 974 038a FFF7FEFF 		bl	_ZN7DCMotor11readEncoderEv
 975              	.LVL89:
 210:src/DCMotor.cpp **** 	float speed_si = encSpeed * wheelRadius;	// m/s
 976              		.loc 2 210 0
 977 038e FFF7FEFF 		bl	__aeabi_i2d
 978              	.LVL90:
 979 0392 0DA3     		adr	r3, .L62
 980 0394 D3E90023 		ldrd	r2, [r3]
 981 0398 FFF7FEFF 		bl	__aeabi_dmul
 982              	.LVL91:
 983 039c FFF7FEFF 		bl	__aeabi_d2f
 984              	.LVL92:
 985 03a0 2169     		ldr	r1, [r4, #16]	@ float
 986 03a2 FFF7FEFF 		bl	__aeabi_fmul
 987              	.LVL93:
 211:src/DCMotor.cpp **** 	// Update PID regulator
 212:src/DCMotor.cpp **** 	int s = (int) updateRegulator(speed_si, dt);		// m/s
 988              		.loc 2 212 0
 989 03a6 3246     		mov	r2, r6
 990 03a8 0146     		mov	r1, r0
 210:src/DCMotor.cpp **** 	float speed_si = encSpeed * wheelRadius;	// m/s
 991              		.loc 2 210 0
 992 03aa 0546     		mov	r5, r0
 993              	.LVL94:
 994              		.loc 2 212 0
 995 03ac 2046     		mov	r0, r4
 996              	.LVL95:
 997 03ae FFF7FEFF 		bl	_ZN7DCMotor15updateRegulatorEff
 998              	.LVL96:
 213:src/DCMotor.cpp **** 	// Set motor speed to process value
 214:src/DCMotor.cpp **** 	setSpeed(s);		// m/s
 999              		.loc 2 214 0
 1000 03b2 FFF7FEFF 		bl	__aeabi_f2iz
 1001              	.LVL97:
 1002 03b6 0146     		mov	r1, r0
 1003 03b8 2046     		mov	r0, r4
 1004 03ba FFF7FEFF 		bl	_ZN7DCMotor8setSpeedEi
 1005              	.LVL98:
 215:src/DCMotor.cpp **** 	// Return encoder values for publishing to localization
 216:src/DCMotor.cpp **** 	return speed_si;
 217:src/DCMotor.cpp **** }...
 1006              		.loc 2 217 0
 1007 03be 2846     		mov	r0, r5
 1008 03c0 70BD     		pop	{r4, r5, r6, pc}
 1009              	.LVL99:
 1010              	.L63:
 1011 03c2 00BFAFF3 		.align	3
 1011      0080
 1012              	.L62:
 1013 03c8 1C714770 		.word	1883730204
 1014 03cc 2F8BA83F 		.word	1068010287
 1015              		.cfi_endproc
 1016              	.LFE45:
 1017              		.fnend
 1019              		.global	_ZTS7DCMotor
 1020              		.global	_ZTI7DCMotor
 1021              		.global	_ZTV7DCMotor
 1022              		.section	.rodata
 1023              		.align	2
 1024              		.set	.LANCHOR0,. + 0
 1027              	_ZTV7DCMotor:
 1028 0000 00000000 		.word	0
 1029 0004 00000000 		.word	_ZTI7DCMotor
 1030 0008 00000000 		.word	_ZN7DCMotorD1Ev
 1031 000c 00000000 		.word	_ZN7DCMotorD0Ev
 1032 0010 00000000 		.word	_ZN7DCMotor9motorTypeEv
 1033 0014 00000000 		.word	_ZN7DCMotor9motorInitEv
 1034 0018 00000000 		.word	_ZN7DCMotor9motorNameEv
 1035 001c 00000000 		.word	_ZN7DCMotor12setReferenceEf
 1036 0020 00000000 		.word	_ZN7DCMotor12getReferenceEv
 1037 0024 00000000 		.word	_ZN7DCMotor6updateEf
 1040              	_ZTS7DCMotor:
 1041 0028 3744434D 		.ascii	"7DCMotor\000"
 1041      6F746F72 
 1041      00
 1042 0031 000000   		.space	3
 1045              	_ZTI7DCMotor:
 1046 0034 08000000 		.word	_ZTVN10__cxxabiv120__si_class_type_infoE+8
 1047 0038 00000000 		.word	_ZTS7DCMotor
 1048 003c 00000000 		.word	_ZTI5motor
 1049              		.text
 1050              	.Letext0:
 1051              		.file 3 "/opt/gcc-arm-none-eabi-5_2-2015q4/arm-none-eabi/include/machine/_default_types.h"
 1052              		.file 4 "/opt/gcc-arm-none-eabi-5_2-2015q4/arm-none-eabi/include/sys/_stdint.h"
 1053              		.file 5 "./lib/CMSIS/CM3/DeviceSupport/ST/STM32F10x/stm32f10x.h"
 1054              		.file 6 "./lib/STM32F10x_StdPeriph_Driver/inc/stm32f10x_gpio.h"
 1055              		.file 7 "./lib/STM32F10x_StdPeriph_Driver/inc/stm32f10x_tim.h"
 1056              		.file 8 "./inc/motorSettings.h"
 1057              		.file 9 "./lib/CMSIS/CM3/CoreSupport/core_cm3.h"
 1058              		.file 10 "./inc/encoder.h"
 1059              		.file 11 "./lib/STM32F10x_StdPeriph_Driver/inc/stm32f10x_i2c.h"
DEFINED SYMBOLS
                            *ABS*:00000000 DCMotor.cpp
     /tmp/ccRojvvR.s:20     .text._ZN7DCMotor9motorTypeEv:00000000 $t
     /tmp/ccRojvvR.s:25     .text._ZN7DCMotor9motorTypeEv:00000000 _ZN7DCMotor9motorTypeEv
.ARM.exidx.text._ZN7DCMotor9motorTypeEv:00000000 $d
     /tmp/ccRojvvR.s:45     .text:00000000 $t
     /tmp/ccRojvvR.s:50     .text:00000000 _ZN7DCMotor12setReferenceEf
                       .ARM.exidx:00000000 $d
     /tmp/ccRojvvR.s:73     .text:00000004 _ZN7DCMotor12getReferenceEv
     /tmp/ccRojvvR.s:96     .text:00000008 _ZN7DCMotor9motorNameEv
     /tmp/ccRojvvR.s:121    .text:0000000e _ZN7DCMotorD2Ev
     /tmp/ccRojvvR.s:150    .text:00000020 $d
     /tmp/ccRojvvR.s:121    .text:0000000e _ZN7DCMotorD1Ev
     /tmp/ccRojvvR.s:157    .text:00000024 $t
     /tmp/ccRojvvR.s:162    .text:00000024 _ZN7DCMotorD0Ev
     /tmp/ccRojvvR.s:195    .text:00000036 _ZN7DCMotor9motorInitEv
     /tmp/ccRojvvR.s:359    .text:0000010e $d
     /tmp/ccRojvvR.s:363    .text:00000112 $t
     /tmp/ccRojvvR.s:472    .text:0000019c $d
     /tmp/ccRojvvR.s:477    .text:000001a0 $t
     /tmp/ccRojvvR.s:482    .text:000001a0 _ZN7DCMotorC2EP13motorSettings
     /tmp/ccRojvvR.s:515    .text:000001b0 $d
     /tmp/ccRojvvR.s:482    .text:000001a0 _ZN7DCMotorC1EP13motorSettings
     /tmp/ccRojvvR.s:522    .text:000001b4 $t
     /tmp/ccRojvvR.s:527    .text:000001b4 _ZN7DCMotor8setSpeedEi
     /tmp/ccRojvvR.s:656    .text:00000258 $d
     /tmp/ccRojvvR.s:660    .text:0000025c $t
     /tmp/ccRojvvR.s:719    .text:00000298 $d
     /tmp/ccRojvvR.s:725    .text:000002a0 $t
     /tmp/ccRojvvR.s:730    .text:000002a0 _ZN7DCMotor11initEncoderEt
     /tmp/ccRojvvR.s:752    .text:000002a4 _ZN7DCMotor11readEncoderEv
     /tmp/ccRojvvR.s:821    .text:000002f4 $d
     /tmp/ccRojvvR.s:836    .text:00000308 $t
     /tmp/ccRojvvR.s:841    .text:00000308 _ZN7DCMotor15updateRegulatorEff
     /tmp/ccRojvvR.s:954    .text:00000384 _ZN7DCMotor6updateEf
     /tmp/ccRojvvR.s:1013   .text:000003c8 $d
     /tmp/ccRojvvR.s:1040   .rodata:00000028 _ZTS7DCMotor
     /tmp/ccRojvvR.s:1045   .rodata:00000034 _ZTI7DCMotor
     /tmp/ccRojvvR.s:1027   .rodata:00000000 _ZTV7DCMotor
     /tmp/ccRojvvR.s:1023   .rodata:00000000 $d
                     .debug_frame:00000010 $d

UNDEFINED SYMBOLS
_ZN5motorD2Ev
__aeabi_unwind_cpp_pr0
_ZdlPv
GPIO_Init
TIM_TimeBaseInit
TIM_OCStructInit
TIM_OC1Init
TIM_OC1PreloadConfig
TIM_OC2Init
TIM_OC2PreloadConfig
TIM_OC3Init
TIM_OC3PreloadConfig
TIM_OC4Init
TIM_OC4PreloadConfig
TIM_ARRPreloadConfig
TIM_CtrlPWMOutputs
TIM_Cmd
_ZN5motorC2EP13motorSettings
GPIO_SetBits
GPIO_ResetBits
I2C_ITConfig
I2C_AcknowledgeConfig
I2C_GenerateSTART
NumberOfByteToReceive
Rx_Idx
slaveAddress
RxBuffer
__aeabi_fsub
__aeabi_fmul
__aeabi_fadd
__aeabi_fcmpgt
__aeabi_fcmplt
__aeabi_fdiv
__aeabi_i2d
__aeabi_dmul
__aeabi_d2f
__aeabi_f2iz
_ZTVN10__cxxabiv120__si_class_type_infoE
_ZTI5motor
