   1              		.syntax unified
   2              		.cpu cortex-m3
   3              		.fpu softvfp
   4              		.eabi_attribute 20, 1
   5              		.eabi_attribute 21, 1
   6              		.eabi_attribute 23, 3
   7              		.eabi_attribute 24, 1
   8              		.eabi_attribute 25, 1
   9              		.eabi_attribute 26, 1
  10              		.eabi_attribute 30, 4
  11              		.eabi_attribute 34, 1
  12              		.eabi_attribute 18, 4
  13              		.thumb
  14              		.syntax unified
  15              		.file	"motor.cpp"
  16              		.text
  17              	.Ltext0:
  18              		.cfi_sections	.debug_frame
  19              		.align	1
  20              		.global	_ZN5motor11createMotorEP13motorSettings
  21              		.thumb
  22              		.thumb_func
  24              	_ZN5motor11createMotorEP13motorSettings:
  25              		.fnstart
  26              	.LFB31:
  27              		.file 1 "src/motor.cpp"
   1:src/motor.cpp **** 
   2:src/motor.cpp **** #include "motor.h"
   3:src/motor.cpp **** #include "motorSettings.h"
   4:src/motor.cpp **** 
   5:src/motor.cpp **** #include "servo.h"
   6:src/motor.cpp **** #include "DCMotor.h"
   7:src/motor.cpp **** 
   8:src/motor.cpp **** motor *motor::createMotor(motorSettings *settings){
  28              		.loc 1 8 0
  29              		.cfi_startproc
  30              		.cfi_personality 0,__gxx_personality_v0
  31              		.cfi_lsda 0,.LLSDA31
  32              		@ args = 0, pretend = 0, frame = 0
  33              		@ frame_needed = 0, uses_anonymous_args = 0
  34              	.LVL0:
  35 0000 38B5     		push	{r3, r4, r5, lr}
  36              		.save {r3, r4, r5, lr}
  37              	.LCFI0:
  38              		.cfi_def_cfa_offset 16
  39              		.cfi_offset 3, -16
  40              		.cfi_offset 4, -12
  41              		.cfi_offset 5, -8
  42              		.cfi_offset 14, -4
   9:src/motor.cpp ****     switch (settings->m_motorType) {
  43              		.loc 1 9 0
  44 0002 0368     		ldr	r3, [r0]
   8:src/motor.cpp ****     switch (settings->m_motorType) {
  45              		.loc 1 8 0
  46 0004 0546     		mov	r5, r0
  47              		.loc 1 9 0
  48 0006 012B     		cmp	r3, #1
  49 0008 02D0     		beq	.L3
  50 000a 022B     		cmp	r3, #2
  51 000c 0ED0     		beq	.L4
  52 000e 15E0     		b	.L16
  53              	.L3:
  10:src/motor.cpp **** 	    case MOTOR_TYPE_SERVO:
  11:src/motor.cpp **** 	    	settings->m_ServoLimitMax = 6800;
  54              		.loc 1 11 0
  55 0010 41F69023 		movw	r3, #6800
  56 0014 0361     		str	r3, [r0, #16]
  12:src/motor.cpp ****   			settings->m_ServoLimitMin = 2000;
  57              		.loc 1 12 0
  58 0016 4FF4FA63 		mov	r3, #2000
  59 001a 4361     		str	r3, [r0, #20]
  13:src/motor.cpp **** 	        return new servo(settings);
  60              		.loc 1 13 0
  61 001c 0C20     		movs	r0, #12
  62              	.LVL1:
  63              	.LEHB0:
  64 001e FFF7FEFF 		bl	_Znwj
  65              	.LVL2:
  66              	.LEHE0:
  67 0022 2946     		mov	r1, r5
  68 0024 0446     		mov	r4, r0
  69              	.LEHB1:
  70 0026 FFF7FEFF 		bl	_ZN5servoC1EP13motorSettings
  71              	.LVL3:
  72              	.LEHE1:
  73 002a 09E0     		b	.L12
  74              	.LVL4:
  75              	.L4:
  14:src/motor.cpp **** 			
  15:src/motor.cpp **** 	    case MOTOR_TYPE_DC_MOTOR:
  16:src/motor.cpp **** 	        return new DCMotor(settings);
  76              		.loc 1 16 0
  77 002c 3020     		movs	r0, #48
  78              	.LVL5:
  79              	.LEHB2:
  80 002e FFF7FEFF 		bl	_Znwj
  81              	.LVL6:
  82              	.LEHE2:
  83 0032 2946     		mov	r1, r5
  84 0034 0446     		mov	r4, r0
  85              	.LEHB3:
  86 0036 FFF7FEFF 		bl	_ZN7DCMotorC1EP13motorSettings
  87              	.LVL7:
  88              	.LEHE3:
  89 003a 01E0     		b	.L12
  90              	.LVL8:
  91              	.L16:
  17:src/motor.cpp **** 
  18:src/motor.cpp **** 	    default:
  19:src/motor.cpp **** 	        return 0;
  92              		.loc 1 19 0
  93 003c 0020     		movs	r0, #0
  94              	.LVL9:
  95 003e 38BD     		pop	{r3, r4, r5, pc}
  96              	.LVL10:
  97              	.L12:
  13:src/motor.cpp **** 			
  98              		.loc 1 13 0
  99 0040 2046     		mov	r0, r4
 100 0042 38BD     		pop	{r3, r4, r5, pc}
 101              	.LVL11:
 102              	.L9:
 103 0044 FFE7     		b	.L14
 104              	.L10:
 105              	.L14:
  16:src/motor.cpp **** 
 106              		.loc 1 16 0
 107 0046 2046     		mov	r0, r4
 108 0048 FFF7FEFF 		bl	_ZdlPv
 109              	.LVL12:
 110              	.LEHB4:
 111 004c FFF7FEFF 		bl	__cxa_end_cleanup
 112              	.LVL13:
 113              	.LEHE4:
 114              		.cfi_endproc
 115              	.LFE31:
 116              		.global	__gxx_personality_v0
 117              		.personality	__gxx_personality_v0
 118              		.handlerdata
 119              	.LLSDA31:
 120 0008 FF       		.byte	0xff
 121 0009 FF       		.byte	0xff
 122 000a 01       		.byte	0x1
 123 000b 14       		.uleb128 .LLSDACSE31-.LLSDACSB31
 124              	.LLSDACSB31:
 125 000c 1E       		.uleb128 .LEHB0-.LFB31
 126 000d 04       		.uleb128 .LEHE0-.LEHB0
 127 000e 00       		.uleb128 0
 128 000f 00       		.uleb128 0
 129 0010 26       		.uleb128 .LEHB1-.LFB31
 130 0011 04       		.uleb128 .LEHE1-.LEHB1
 131 0012 44       		.uleb128 .L9-.LFB31
 132 0013 00       		.uleb128 0
 133 0014 2E       		.uleb128 .LEHB2-.LFB31
 134 0015 04       		.uleb128 .LEHE2-.LEHB2
 135 0016 00       		.uleb128 0
 136 0017 00       		.uleb128 0
 137 0018 36       		.uleb128 .LEHB3-.LFB31
 138 0019 04       		.uleb128 .LEHE3-.LEHB3
 139 001a 46       		.uleb128 .L10-.LFB31
 140 001b 00       		.uleb128 0
 141 001c 4C       		.uleb128 .LEHB4-.LFB31
 142 001d 04       		.uleb128 .LEHE4-.LEHB4
 143 001e 00       		.uleb128 0
 144 001f 00       		.uleb128 0
 145              	.LLSDACSE31:
 146              		.text
 147              		.fnend
 149              		.align	1
 150              		.global	_ZN5motorC2EP13motorSettings
 151              		.thumb
 152              		.thumb_func
 154              	_ZN5motorC2EP13motorSettings:
 155              		.fnstart
 156              	.LFB33:
  20:src/motor.cpp ****     }
  21:src/motor.cpp **** }
  22:src/motor.cpp **** 
  23:src/motor.cpp **** 
  24:src/motor.cpp **** motor::motor(motorSettings *settings){
 157              		.loc 1 24 0
 158              		.cfi_startproc
 159              		@ args = 0, pretend = 0, frame = 0
 160              		@ frame_needed = 0, uses_anonymous_args = 0
 161              		@ link register save eliminated.
 162              	.LVL14:
 163              	.LBB5:
 164              		.loc 1 24 0
 165 0050 014A     		ldr	r2, .L18
  25:src/motor.cpp ****     m_settings = settings;
 166              		.loc 1 25 0
 167 0052 4160     		str	r1, [r0, #4]
  24:src/motor.cpp ****     m_settings = settings;
 168              		.loc 1 24 0
 169 0054 0260     		str	r2, [r0]
 170              	.LBE5:
  26:src/motor.cpp **** }
 171              		.loc 1 26 0
 172 0056 7047     		bx	lr
 173              	.L19:
 174              		.align	2
 175              	.L18:
 176 0058 08000000 		.word	.LANCHOR0+8
 177              		.cfi_endproc
 178              	.LFE33:
 179              		.cantunwind
 180              		.fnend
 182              		.global	_ZN5motorC1EP13motorSettings
 183              		.thumb_set _ZN5motorC1EP13motorSettings,_ZN5motorC2EP13motorSettings
 184              		.align	1
 185              		.global	_ZN5motorD2Ev
 186              		.thumb
 187              		.thumb_func
 189              	_ZN5motorD2Ev:
 190              		.fnstart
 191              	.LFB36:
  27:src/motor.cpp **** 
  28:src/motor.cpp **** motor::~motor()
 192              		.loc 1 28 0
 193              		.cfi_startproc
 194              		@ args = 0, pretend = 0, frame = 0
 195              		@ frame_needed = 0, uses_anonymous_args = 0
 196              		@ link register save eliminated.
 197              	.LVL15:
  29:src/motor.cpp **** {
  30:src/motor.cpp **** }...
 198              		.loc 1 30 0
 199 005c 7047     		bx	lr
 200              		.cfi_endproc
 201              	.LFE36:
 202              		.cantunwind
 203              		.fnend
 205              		.global	_ZN5motorD1Ev
 206              		.thumb_set _ZN5motorD1Ev,_ZN5motorD2Ev
 207              		.align	1
 208              		.global	_ZN5motorD0Ev
 209              		.thumb
 210              		.thumb_func
 212              	_ZN5motorD0Ev:
 213              		.fnstart
 214              	.LFB38:
  28:src/motor.cpp **** motor::~motor()
 215              		.loc 1 28 0
 216              		.cfi_startproc
 217              		@ args = 0, pretend = 0, frame = 0
 218              		@ frame_needed = 0, uses_anonymous_args = 0
 219              	.LVL16:
 220 005e 10B5     		push	{r4, lr}
 221              	.LCFI1:
 222              		.cfi_def_cfa_offset 8
 223              		.cfi_offset 4, -8
 224              		.cfi_offset 14, -4
  28:src/motor.cpp **** motor::~motor()
 225              		.loc 1 28 0
 226 0060 0446     		mov	r4, r0
 227              		.loc 1 30 0
 228 0062 FFF7FEFF 		bl	_ZdlPv
 229              	.LVL17:
 230 0066 2046     		mov	r0, r4
 231 0068 10BD     		pop	{r4, pc}
 232              		.cfi_endproc
 233              	.LFE38:
 234              		.cantunwind
 235              		.fnend
 237              		.global	_ZTS5motor
 238              		.global	_ZTI5motor
 239              		.global	_ZTV5motor
 240              		.section	.rodata
 241              		.align	2
 242              		.set	.LANCHOR0,. + 0
 245              	_ZTV5motor:
 246 0000 00000000 		.word	0
 247 0004 00000000 		.word	_ZTI5motor
 248 0008 00000000 		.word	0
 249 000c 00000000 		.word	0
 250 0010 00000000 		.word	__cxa_pure_virtual
 251 0014 00000000 		.word	__cxa_pure_virtual
 252 0018 00000000 		.word	__cxa_pure_virtual
 253 001c 00000000 		.word	__cxa_pure_virtual
 254 0020 00000000 		.word	__cxa_pure_virtual
 255 0024 00000000 		.word	__cxa_pure_virtual
 258              	_ZTS5motor:
 259 0028 356D6F74 		.ascii	"5motor\000"
 259      6F7200
 260 002f 00       		.space	1
 263              	_ZTI5motor:
 264 0030 08000000 		.word	_ZTVN10__cxxabiv117__class_type_infoE+8
 265 0034 00000000 		.word	_ZTS5motor
 266              		.text
 267              	.Letext0:
 268              		.file 2 "/opt/gcc-arm-none-eabi-5_2-2015q4/arm-none-eabi/include/machine/_default_types.h"
 269              		.file 3 "/opt/gcc-arm-none-eabi-5_2-2015q4/arm-none-eabi/include/sys/_stdint.h"
 270              		.file 4 "./lib/CMSIS/CM3/DeviceSupport/ST/STM32F10x/stm32f10x.h"
 271              		.file 5 "./inc/motorSettings.h"
 272              		.file 6 "./inc/motor.h"
 273              		.file 7 "./lib/CMSIS/CM3/CoreSupport/core_cm3.h"
DEFINED SYMBOLS
                            *ABS*:00000000 motor.cpp
     /tmp/cc2Ghfgp.s:19     .text:00000000 $t
     /tmp/cc2Ghfgp.s:24     .text:00000000 _ZN5motor11createMotorEP13motorSettings
                       .ARM.extab:00000000 $d
                       .ARM.exidx:00000000 $d
     /tmp/cc2Ghfgp.s:154    .text:00000050 _ZN5motorC2EP13motorSettings
     /tmp/cc2Ghfgp.s:176    .text:00000058 $d
     /tmp/cc2Ghfgp.s:154    .text:00000050 _ZN5motorC1EP13motorSettings
     /tmp/cc2Ghfgp.s:184    .text:0000005c $t
     /tmp/cc2Ghfgp.s:189    .text:0000005c _ZN5motorD2Ev
     /tmp/cc2Ghfgp.s:189    .text:0000005c _ZN5motorD1Ev
     /tmp/cc2Ghfgp.s:212    .text:0000005e _ZN5motorD0Ev
     /tmp/cc2Ghfgp.s:258    .rodata:00000028 _ZTS5motor
     /tmp/cc2Ghfgp.s:263    .rodata:00000030 _ZTI5motor
     /tmp/cc2Ghfgp.s:245    .rodata:00000000 _ZTV5motor
     /tmp/cc2Ghfgp.s:241    .rodata:00000000 $d
                     .debug_frame:00000010 $d

UNDEFINED SYMBOLS
__gxx_personality_v0
_Znwj
_ZN5servoC1EP13motorSettings
_ZN7DCMotorC1EP13motorSettings
_ZdlPv
__cxa_end_cleanup
__cxa_pure_virtual
_ZTVN10__cxxabiv117__class_type_infoE
